2025-07-12 10:14:43,848 - BubblemapsExtractor - INFO - [MainThread] - --- Starting Bubblemaps Extractor (Multi-Threaded) ---
2025-07-12 10:14:43,848 - BubblemapsExtractor - INFO - [MainThread] - Chrome binary found at: C:\Program Files\Google\Chrome\Application\chrome.exe
2025-07-12 10:14:43,855 - BubblemapsExtractor - INFO - [MainThread] - Found new token to process: GzKXvgW3nG8LDTHshDfN7B2Z91gRmrcrQeTMibwbonk
2025-07-12 10:14:43,855 - BubblemapsExtractor - INFO - [MainThread] - Found new token to process: GQCG366AEhYZxMJ83ESbwJXhMDzBzDXRtep82Wa3pump
2025-07-12 10:14:43,855 - BubblemapsExtractor - INFO - [MainThread] - Found new token to process: 8Yx5iycBgiQnwsWYNSVS5GR3PAjFfe1hdYEexAxdbonk
2025-07-12 10:14:43,869 - BubblemapsExtractor - INFO - [MainThread] - Found new token to process: J1QFceBnDhwv6hv1Q2jXnuTBKzYrAGQQAUmhe71hbonk
2025-07-12 10:14:43,869 - BubblemapsExtractor - INFO - [MainThread] - Found new token to process: 9Mr8mbaD3FxbgV5d7eiYBQS8ov1vcEADubYtnh8kbonk
2025-07-12 10:14:43,871 - BubblemapsExtractor - INFO - [MainThread] - Found 5 new tokens to process
2025-07-12 10:14:43,871 - BubblemapsExtractor - INFO - [MainThread] - Submitting 1 new tokens: GzKXvgW3nG8LDTHshDfN7B2Z91gRmrcrQeTMibwbonk
2025-07-12 10:14:43,879 - BubblemapsExtractor - INFO - [BubbleWorker_0] - [Thread-9676] --- Starting processing for token: GzKXvgW3nG8LDTHshDfN7B2Z91gRmrcrQeTMibwbonk ---
2025-07-12 10:14:46,213 - BubblemapsExtractor - INFO - [BubbleWorker_0] - [Thread-9676] Attempt 1/3 for token: GzKXvgW3nG8LDTHshDfN7B2Z91gRmrcrQeTMibwbonk
2025-07-12 10:14:49,379 - BubblemapsExtractor - INFO - [BubbleWorker_0] - [Thread-9676] Page readyState complete for GzKXvgW3nG8LDTHshDfN7B2Z91gRmrcrQeTMibwbonk (Attempt 1).
2025-07-12 10:14:51,441 - BubblemapsExtractor - INFO - [BubbleWorker_0] - [Thread-9676] 'Address List' is visible for GzKXvgW3nG8LDTHshDfN7B2Z91gRmrcrQeTMibwbonk.
2025-07-12 10:15:08,603 - BubblemapsExtractor - WARNING - [BubbleWorker_0] - [Thread-9676] Data not immediately fresh. Attempting in-page refresh.
2025-07-12 10:15:24,394 - BubblemapsExtractor - ERROR - [BubbleWorker_0] - [Thread-9676] In-page refresh failed or data still not fresh: Message: 
Stacktrace:
	GetHandleVerifier [0x0x7ff778d06f75+76917]
	GetHandleVerifier [0x0x7ff778d06fd0+77008]
	(No symbol) [0x0x7ff778ab9dea]
	(No symbol) [0x0x7ff778b10256]
	(No symbol) [0x0x7ff778b1050c]
	(No symbol) [0x0x7ff778b63887]
	(No symbol) [0x0x7ff778b384af]
	(No symbol) [0x0x7ff778b6065c]
	(No symbol) [0x0x7ff778b38243]
	(No symbol) [0x0x7ff778b01431]
	(No symbol) [0x0x7ff778b021c3]
	GetHandleVerifier [0x0x7ff778fdd2ad+3051437]
	GetHandleVerifier [0x0x7ff778fd7903+3028483]
	GetHandleVerifier [0x0x7ff778ff589d+3151261]
	GetHandleVerifier [0x0x7ff778d2183e+185662]
	GetHandleVerifier [0x0x7ff778d296ff+218111]
	GetHandleVerifier [0x0x7ff778d0faf4+112628]
	GetHandleVerifier [0x0x7ff778d0fca9+113065]
	GetHandleVerifier [0x0x7ff778cf6c78+10616]
	BaseThreadInitThunk [0x0x7ff95da0e8d7+23]
	RtlUserThreadStart [0x0x7ff95e77c34c+44]

2025-07-12 10:15:24,405 - BubblemapsExtractor - ERROR - [BubbleWorker_0] - [Thread-9676] CRITICAL: Data not fresh after all checks on attempt 1.
2025-07-12 10:15:24,523 - BubblemapsExtractor - INFO - [BubbleWorker_0] - [Thread-9676] Attempt 2/3 for token: GzKXvgW3nG8LDTHshDfN7B2Z91gRmrcrQeTMibwbonk
2025-07-12 10:15:24,633 - BubblemapsExtractor - INFO - [BubbleWorker_0] - [Thread-9676] Reloading page for attempt 2.
2025-07-12 10:15:53,715 - BubblemapsExtractor - INFO - [BubbleWorker_0] - [Thread-9676] Page readyState complete for GzKXvgW3nG8LDTHshDfN7B2Z91gRmrcrQeTMibwbonk (Attempt 2).
2025-07-12 10:15:59,390 - BubblemapsExtractor - INFO - [BubbleWorker_0] - [Thread-9676] 'Address List' is visible for GzKXvgW3nG8LDTHshDfN7B2Z91gRmrcrQeTMibwbonk.
2025-07-12 10:16:18,580 - BubblemapsExtractor - WARNING - [BubbleWorker_0] - [Thread-9676] Data not immediately fresh. Attempting in-page refresh.
