2025-07-12 10:13:24,138 - BubblemapsExtractor - INFO - [MainThread] - --- Starting Bubblemaps Extractor (Multi-Threaded) ---
2025-07-12 10:13:24,140 - BubblemapsExtractor - INFO - [MainThread] - Chrome binary found at: C:\Program Files\Google\Chrome\Application\chrome.exe
2025-07-12 10:13:24,145 - BubblemapsExtractor - INFO - [MainThread] - Found new token to process: GzKXvgW3nG8LDTHshDfN7B2Z91gRmrcrQeTMibwbonk
2025-07-12 10:13:24,145 - BubblemapsExtractor - INFO - [MainThread] - Found new token to process: GQCG366AEhYZxMJ83ESbwJXhMDzBzDXRtep82Wa3pump
2025-07-12 10:13:24,145 - BubblemapsExtractor - INFO - [MainThread] - Found new token to process: 8Yx5iycBgiQnwsWYNSVS5GR3PAjFfe1hdYEexAxdbonk
2025-07-12 10:13:24,162 - BubblemapsExtractor - INFO - [MainThread] - Found new token to process: J1QFceBnDhwv6hv1Q2jXnuTBKzYrAGQQAUmhe71hbonk
2025-07-12 10:13:24,162 - BubblemapsExtractor - INFO - [MainThread] - Found new token to process: 9Mr8mbaD3FxbgV5d7eiYBQS8ov1vcEADubYtnh8kbonk
2025-07-12 10:13:24,162 - BubblemapsExtractor - INFO - [MainThread] - Found 5 new tokens to process
2025-07-12 10:13:24,162 - BubblemapsExtractor - INFO - [MainThread] - Submitting 1 new tokens: GzKXvgW3nG8LDTHshDfN7B2Z91gRmrcrQeTMibwbonk
2025-07-12 10:13:24,165 - BubblemapsExtractor - INFO - [BubbleWorker_0] - [Thread-9360] --- Starting processing for token: GzKXvgW3nG8LDTHshDfN7B2Z91gRmrcrQeTMibwbonk ---
2025-07-12 10:13:26,551 - BubblemapsExtractor - INFO - [BubbleWorker_0] - [Thread-9360] Attempt 1/3 for token: GzKXvgW3nG8LDTHshDfN7B2Z91gRmrcrQeTMibwbonk
2025-07-12 10:13:29,474 - BubblemapsExtractor - INFO - [BubbleWorker_0] - [Thread-9360] Page readyState complete for GzKXvgW3nG8LDTHshDfN7B2Z91gRmrcrQeTMibwbonk (Attempt 1).
2025-07-12 10:13:31,433 - BubblemapsExtractor - INFO - [BubbleWorker_0] - [Thread-9360] 'Address List' is visible for GzKXvgW3nG8LDTHshDfN7B2Z91gRmrcrQeTMibwbonk.
2025-07-12 10:13:33,579 - BubblemapsExtractor - INFO - [BubbleWorker_0] - [Thread-9360] Data is fresh: 'a few seconds ago'.
2025-07-12 10:13:46,325 - BubblemapsExtractor - WARNING - [BubbleWorker_0] - [BUBBLEMAPS] Magic Nodes button not found or not clickable: Message: 
Stacktrace:
	GetHandleVerifier [0x0x7ff778d06f75+76917]
	GetHandleVerifier [0x0x7ff778d06fd0+77008]
	(No symbol) [0x0x7ff778ab9dea]
	(No symbol) [0x0x7ff778b10256]
	(No symbol) [0x0x7ff778b1050c]
	(No symbol) [0x0x7ff778b63887]
	(No symbol) [0x0x7ff778b384af]
	(No symbol) [0x0x7ff778b6065c]
	(No symbol) [0x0x7ff778b38243]
	(No symbol) [0x0x7ff778b01431]
	(No symbol) [0x0x7ff778b021c3]
	GetHandleVerifier [0x0x7ff778fdd2ad+3051437]
	GetHandleVerifier [0x0x7ff778fd7903+3028483]
	GetHandleVerifier [0x0x7ff778ff589d+3151261]
	GetHandleVerifier [0x0x7ff778d2183e+185662]
	GetHandleVerifier [0x0x7ff778d296ff+218111]
	GetHandleVerifier [0x0x7ff778d0faf4+112628]
	GetHandleVerifier [0x0x7ff778d0fca9+113065]
	GetHandleVerifier [0x0x7ff778cf6c78+10616]
	BaseThreadInitThunk [0x0x7ff95da0e8d7+23]
	RtlUserThreadStart [0x0x7ff95e77c34c+44]

2025-07-12 10:14:13,032 - BubblemapsExtractor - INFO - [BubbleWorker_0] - [9360] Extracted 10 initial holder ranks.
2025-07-12 10:14:13,034 - BubblemapsExtractor - INFO - [BubbleWorker_0] - [Thread-9360] Attempting to click clusters and extract supply data.
2025-07-12 10:14:13,036 - BubblemapsExtractor - INFO - [BubbleWorker_0] - [Thread-9360] Starting cluster click processing for 10 items.
2025-07-12 10:14:13,815 - BubblemapsExtractor - INFO - [BubbleWorker_0] - Screenshot saved as debug_screenshots\cluster_processing_start_20250712_101413.png
2025-07-12 10:14:29,935 - BubblemapsExtractor - INFO - [BubbleWorker_0] - [Thread-9360] Processing Rank #2 - 98Myq1...iwfb
2025-07-12 10:14:29,939 - BubblemapsExtractor - INFO - [BubbleWorker_0] - [Thread-9360] Processing Rank #3 - 7va7z9...kEGR
2025-07-12 10:14:29,949 - BubblemapsExtractor - INFO - [BubbleWorker_0] - [Thread-9360] Processing Rank #4 - At2mGK...k3dU
2025-07-12 10:14:29,964 - BubblemapsExtractor - INFO - [BubbleWorker_0] - [Thread-9360] Processing Rank #5 - HzdgqB...evBY
2025-07-12 10:14:29,971 - BubblemapsExtractor - INFO - [BubbleWorker_0] - [Thread-9360] Processing Rank #6 - AXi5jA...d3bX
2025-07-12 10:14:29,980 - BubblemapsExtractor - INFO - [BubbleWorker_0] - [Thread-9360] Processing Rank #7 - EBcj8x...Tppf
2025-07-12 10:14:29,998 - BubblemapsExtractor - INFO - [BubbleWorker_0] - [Thread-9360] Processing Rank #8 - 9HwfaU...miV3
2025-07-12 10:14:30,000 - BubblemapsExtractor - INFO - [BubbleWorker_0] - [Thread-9360] Processing Rank #9 - BDwwMa...2VCR
2025-07-12 10:14:30,008 - BubblemapsExtractor - INFO - [BubbleWorker_0] - [Thread-9360] Processing Rank #10 - BPoFMC...MvUW
2025-07-12 10:14:30,017 - BubblemapsExtractor - INFO - [BubbleWorker_0] - [Thread-9360] Processing Rank #11 - 4qBvqj...WLzK
2025-07-12 10:14:30,035 - BubblemapsExtractor - INFO - [BubbleWorker_0] - [Thread-9360] Completed processing 10 items. Processed 0 unique clusters.
2025-07-12 10:14:30,049 - BubblemapsExtractor - INFO - [BubbleWorker_0] - [Thread-9360] No visual clusters found. Searching for top individual holder to use as a proxy.
2025-07-12 10:14:30,051 - BubblemapsExtractor - INFO - [BubbleWorker_0] - [Thread-9360] Treating Rank #2 (Individual Supply: 2.67%) as the primary risk cluster.
2025-07-12 10:14:30,076 - BubblemapsExtractor - INFO - [BubbleWorker_0] - [Thread-9360] Cluster processing completed.
2025-07-12 10:14:30,477 - BubblemapsExtractor - INFO - [BubbleWorker_0] - Saved cluster summary for GzKXvgW3nG8LDTHshDfN7B2Z91gRmrcrQeTMibwbonk: Clusters=1, GlobalSupply=2.67%, Status=OPPORTUNITY
2025-07-12 10:14:30,561 - BubblemapsExtractor - INFO - [BubbleWorker_0] - [Thread-9360] Successfully processed and saved data for GzKXvgW3nG8LDTHshDfN7B2Z91gRmrcrQeTMibwbonk on attempt 1.
2025-07-12 10:14:36,715 - BubblemapsExtractor - INFO - [MainThread] - CSV file changed, checking for new tokens.
