2025-07-12 10:05:16,365 - SniperXMain - INFO - --- SniperX V2 Starting ---
2025-07-12 10:05:16,538 - SniperXMain - INFO - Fetching trending tokens from Moralis...
2025-07-12 10:05:16,538 - SniperXMain - ERROR - INFO:SniperXMain:Fetching trending tokens from Moralis...
2025-07-12 10:05:16,541 - SniperXMain - INFO - Trying Moralis API key 1/5
2025-07-12 10:05:16,541 - SniperXMain - ERROR - INFO:SniperXMain:Trying Moralis API key 1/5
2025-07-12 10:05:17,174 - SniperXMain - INFO - [WARN] Key 1 HTTP 401 error: 401 Client Error: Unauthorized for url: https://deep-index.moralis.io/api/v2.2/tokens/trending?chain=solana. Trying next key.
2025-07-12 10:05:17,191 - SniperXMain - INFO - Trying Moralis API key 2/5
2025-07-12 10:05:17,191 - SniperXMain - ERROR - INFO:SniperXMain:Trying Moralis API key 2/5
2025-07-12 10:05:18,093 - SniperXMain - INFO - [INFO] Retrieved 199 trending tokens.
2025-07-12 10:06:24,665 - SniperXMain - INFO - Fetching trending tokens from Moralis...
2025-07-12 10:06:24,685 - SniperXMain - ERROR - INFO:SniperXMain:Fetching trending tokens from Moralis...
2025-07-12 10:06:24,686 - SniperXMain - INFO - Trying Moralis API key 1/5
2025-07-12 10:06:24,686 - SniperXMain - ERROR - INFO:SniperXMain:Trying Moralis API key 1/5
2025-07-12 10:06:25,208 - SniperXMain - INFO - [WARN] Key 1 HTTP 401 error: 401 Client Error: Unauthorized for url: https://deep-index.moralis.io/api/v2.2/tokens/trending?chain=solana. Trying next key.
2025-07-12 10:06:25,208 - SniperXMain - INFO - Trying Moralis API key 2/5
2025-07-12 10:06:25,208 - SniperXMain - ERROR - INFO:SniperXMain:Trying Moralis API key 2/5
2025-07-12 10:06:26,594 - SniperXMain - INFO - [INFO] Retrieved 199 trending tokens.
2025-07-12 10:07:31,783 - SniperXMain - INFO - Fetching trending tokens from Moralis...
2025-07-12 10:07:31,786 - SniperXMain - ERROR - INFO:SniperXMain:Fetching trending tokens from Moralis...
2025-07-12 10:07:31,791 - SniperXMain - INFO - Trying Moralis API key 1/5
2025-07-12 10:07:31,795 - SniperXMain - ERROR - INFO:SniperXMain:Trying Moralis API key 1/5
2025-07-12 10:07:32,095 - SniperXMain - INFO - [WARN] Key 1 HTTP 401 error: 401 Client Error: Unauthorized for url: https://deep-index.moralis.io/api/v2.2/tokens/trending?chain=solana. Trying next key.
2025-07-12 10:07:32,099 - SniperXMain - INFO - Trying Moralis API key 2/5
2025-07-12 10:07:32,099 - SniperXMain - ERROR - INFO:SniperXMain:Trying Moralis API key 2/5
2025-07-12 10:07:33,566 - SniperXMain - INFO - [INFO] Retrieved 199 trending tokens.
2025-07-12 10:08:38,143 - SniperXMain - INFO - Fetching trending tokens from Moralis...
2025-07-12 10:08:38,143 - SniperXMain - ERROR - INFO:SniperXMain:Fetching trending tokens from Moralis...
2025-07-12 10:08:38,143 - SniperXMain - INFO - Trying Moralis API key 1/5
2025-07-12 10:08:38,143 - SniperXMain - ERROR - INFO:SniperXMain:Trying Moralis API key 1/5
2025-07-12 10:08:38,813 - SniperXMain - INFO - [WARN] Key 1 HTTP 401 error: 401 Client Error: Unauthorized for url: https://deep-index.moralis.io/api/v2.2/tokens/trending?chain=solana. Trying next key.
2025-07-12 10:08:38,813 - SniperXMain - INFO - Trying Moralis API key 2/5
2025-07-12 10:08:38,815 - SniperXMain - ERROR - INFO:SniperXMain:Trying Moralis API key 2/5
2025-07-12 10:08:40,237 - SniperXMain - INFO - [INFO] Retrieved 199 trending tokens.
2025-07-12 10:09:42,049 - SniperXMain - ERROR - WARNING:root:Whale trap detected for HzeRxjwkbK9XoBWReMWWdCewoYLVjxyD2txeVJ2Vbonk: Price↑ +7.17% > 1%, Liq↑ +3.55% > 1%, Vol↓ -37.36% < -30%
2025-07-12 10:09:45,063 - SniperXMain - INFO - Fetching trending tokens from Moralis...
2025-07-12 10:09:45,064 - SniperXMain - ERROR - INFO:SniperXMain:Fetching trending tokens from Moralis...
2025-07-12 10:09:45,064 - SniperXMain - INFO - Trying Moralis API key 1/5
2025-07-12 10:09:45,065 - SniperXMain - ERROR - INFO:SniperXMain:Trying Moralis API key 1/5
2025-07-12 10:09:45,658 - SniperXMain - INFO - [WARN] Key 1 HTTP 401 error: 401 Client Error: Unauthorized for url: https://deep-index.moralis.io/api/v2.2/tokens/trending?chain=solana. Trying next key.
2025-07-12 10:09:45,658 - SniperXMain - INFO - Trying Moralis API key 2/5
2025-07-12 10:09:45,658 - SniperXMain - ERROR - INFO:SniperXMain:Trying Moralis API key 2/5
2025-07-12 10:09:46,785 - SniperXMain - INFO - [INFO] Retrieved 199 trending tokens.
2025-07-12 10:10:53,203 - SniperXMain - INFO - Fetching trending tokens from Moralis...
2025-07-12 10:10:53,203 - SniperXMain - ERROR - INFO:SniperXMain:Fetching trending tokens from Moralis...
2025-07-12 10:10:53,203 - SniperXMain - INFO - Trying Moralis API key 1/5
2025-07-12 10:10:53,203 - SniperXMain - ERROR - INFO:SniperXMain:Trying Moralis API key 1/5
2025-07-12 10:10:53,688 - SniperXMain - INFO - [WARN] Key 1 HTTP 401 error: 401 Client Error: Unauthorized for url: https://deep-index.moralis.io/api/v2.2/tokens/trending?chain=solana. Trying next key.
2025-07-12 10:10:53,688 - SniperXMain - INFO - Trying Moralis API key 2/5
2025-07-12 10:10:53,688 - SniperXMain - ERROR - INFO:SniperXMain:Trying Moralis API key 2/5
2025-07-12 10:10:54,711 - SniperXMain - INFO - [INFO] Retrieved 199 trending tokens.
