2025-07-05 21:21:58,424 - asyncio - DEBUG - Using proactor: IocpProactor
2025-07-05 21:21:58,430 - httpx - DEBUG - load_ssl_context verify=True cert=None trust_env=True http2=False
2025-07-05 21:21:58,434 - httpx - DEBUG - load_verify_locations cafile='c:\\Users\\Rachid Aitali\\OneDrive - 4JM Solutions Limited\\Desktop\\SniperX-V3-Best-Version-at-now\\.venv\\lib\\site-packages\\certifi\\cacert.pem'
2025-07-05 21:21:58,447 - httpx - DEBUG - load_ssl_context verify=True cert=None trust_env=True http2=False
2025-07-05 21:21:58,447 - httpx - DEBUG - load_verify_locations cafile='c:\\Users\\Rachid Aitali\\OneDrive - 4JM Solutions Limited\\Desktop\\SniperX-V3-Best-Version-at-now\\.venv\\lib\\site-packages\\certifi\\cacert.pem'
2025-07-05 21:21:58,480 - __main__ - INFO - Telegram Manager Bot started. Send /menu to interact.
2025-07-05 21:21:58,480 - telegram.ext.ExtBot - DEBUG - Entering: send_message
2025-07-05 21:21:58,497 - httpcore.connection - DEBUG - connect_tcp.started host='api.telegram.org' port=443 local_address=None timeout=5.0 socket_options=None
2025-07-05 21:21:58,599 - httpcore.connection - DEBUG - connect_tcp.complete return_value=<httpcore._backends.anyio.AnyIOStream object at 0x000002C9F601F010>
2025-07-05 21:21:58,599 - httpcore.connection - DEBUG - start_tls.started ssl_context=<ssl.SSLContext object at 0x000002C9F5FD83C0> server_hostname='api.telegram.org' timeout=5.0
2025-07-05 21:21:58,661 - httpcore.connection - DEBUG - start_tls.complete return_value=<httpcore._backends.anyio.AnyIOStream object at 0x000002C9F601EC80>
2025-07-05 21:21:58,664 - httpcore.http11 - DEBUG - send_request_headers.started request=<Request [b'POST']>
2025-07-05 21:21:58,667 - httpcore.http11 - DEBUG - send_request_headers.complete
2025-07-05 21:21:58,667 - httpcore.http11 - DEBUG - send_request_body.started request=<Request [b'POST']>
2025-07-05 21:21:58,667 - httpcore.http11 - DEBUG - send_request_body.complete
2025-07-05 21:21:58,667 - httpcore.http11 - DEBUG - receive_response_headers.started request=<Request [b'POST']>
2025-07-05 21:21:58,747 - httpcore.http11 - DEBUG - receive_response_headers.complete return_value=(b'HTTP/1.1', 200, b'OK', [(b'Server', b'nginx/1.18.0'), (b'Date', b'Sat, 05 Jul 2025 20:22:00 GMT'), (b'Content-Type', b'application/json'), (b'Content-Length', b'352'), (b'Connection', b'keep-alive'), (b'Strict-Transport-Security', b'max-age=31536000; includeSubDomains; preload'), (b'Access-Control-Allow-Origin', b'*'), (b'Access-Control-Allow-Methods', b'GET, POST, OPTIONS'), (b'Access-Control-Expose-Headers', b'Content-Length,Content-Type,Date,Server,Connection')])
2025-07-05 21:21:58,751 - httpx - INFO - HTTP Request: POST https://api.telegram.org/bot7707158318:AAE8rWa4Q8Z_3avql6K0HAmXaooZAReoNF0/sendMessage "HTTP/1.1 200 OK"
2025-07-05 21:21:58,754 - httpcore.http11 - DEBUG - receive_response_body.started request=<Request [b'POST']>
2025-07-05 21:21:58,756 - httpcore.http11 - DEBUG - receive_response_body.complete
2025-07-05 21:21:58,756 - httpcore.http11 - DEBUG - response_closed.started
2025-07-05 21:21:58,756 - httpcore.http11 - DEBUG - response_closed.complete
2025-07-05 21:21:58,761 - telegram.ext.ExtBot - DEBUG - Message(channel_chat_created=False, chat=Chat(first_name='Ghost', id=7049055170, last_name='Number1', type=<ChatType.PRIVATE>), date=datetime.datetime(2025, 7, 5, 20, 22, tzinfo=<UTC>), delete_chat_photo=False, entities=(MessageEntity(length=5, offset=36, type=<MessageEntityType.BOT_COMMAND>),), from_user=User(first_name='SPRD', id=7707158318, is_bot=True, username='tizi91Bot'), group_chat_created=False, message_id=12963, supergroup_chat_created=False, text='SniperX Control Bot is online! Send /menu to see options.')
2025-07-05 21:21:58,763 - telegram.ext.ExtBot - DEBUG - Exiting: send_message
2025-07-05 21:21:58,766 - telegram.ext.ExtBot - DEBUG - Entering: get_me
2025-07-05 21:21:58,769 - httpcore.http11 - DEBUG - send_request_headers.started request=<Request [b'POST']>
2025-07-05 21:21:58,769 - httpcore.http11 - DEBUG - send_request_headers.complete
2025-07-05 21:21:58,769 - httpcore.http11 - DEBUG - send_request_body.started request=<Request [b'POST']>
2025-07-05 21:21:58,771 - httpcore.http11 - DEBUG - send_request_body.complete
2025-07-05 21:21:58,771 - httpcore.http11 - DEBUG - receive_response_headers.started request=<Request [b'POST']>
2025-07-05 21:21:58,825 - httpcore.http11 - DEBUG - receive_response_headers.complete return_value=(b'HTTP/1.1', 200, b'OK', [(b'Server', b'nginx/1.18.0'), (b'Date', b'Sat, 05 Jul 2025 20:22:00 GMT'), (b'Content-Type', b'application/json'), (b'Content-Length', b'243'), (b'Connection', b'keep-alive'), (b'Strict-Transport-Security', b'max-age=31536000; includeSubDomains; preload'), (b'Access-Control-Allow-Origin', b'*'), (b'Access-Control-Allow-Methods', b'GET, POST, OPTIONS'), (b'Access-Control-Expose-Headers', b'Content-Length,Content-Type,Date,Server,Connection')])
2025-07-05 21:21:58,829 - httpx - INFO - HTTP Request: POST https://api.telegram.org/bot7707158318:AAE8rWa4Q8Z_3avql6K0HAmXaooZAReoNF0/getMe "HTTP/1.1 200 OK"
2025-07-05 21:21:58,830 - httpcore.http11 - DEBUG - receive_response_body.started request=<Request [b'POST']>
2025-07-05 21:21:58,831 - httpcore.http11 - DEBUG - receive_response_body.complete
2025-07-05 21:21:58,831 - httpcore.http11 - DEBUG - response_closed.started
2025-07-05 21:21:58,831 - httpcore.http11 - DEBUG - response_closed.complete
2025-07-05 21:21:58,831 - telegram.ext.ExtBot - DEBUG - User(api_kwargs={'can_connect_to_business': False, 'has_main_web_app': False}, can_join_groups=True, can_read_all_group_messages=False, first_name='SPRD', id=7707158318, is_bot=True, supports_inline_queries=False, username='tizi91Bot')
2025-07-05 21:21:58,831 - telegram.ext.ExtBot - DEBUG - Exiting: get_me
2025-07-05 21:21:58,831 - telegram.ext.ExtBot - DEBUG - This Bot is already initialized.
2025-07-05 21:21:58,834 - telegram.ext.Updater - DEBUG - Updater started (polling)
2025-07-05 21:21:58,834 - telegram.ext.Updater - DEBUG - Start network loop retry bootstrap del webhook
2025-07-05 21:21:58,834 - telegram.ext.Updater - DEBUG - Deleting webhook
2025-07-05 21:21:58,834 - telegram.ext.ExtBot - DEBUG - Entering: delete_webhook
2025-07-05 21:21:58,835 - httpcore.http11 - DEBUG - send_request_headers.started request=<Request [b'POST']>
2025-07-05 21:21:58,837 - httpcore.http11 - DEBUG - send_request_headers.complete
2025-07-05 21:21:58,837 - httpcore.http11 - DEBUG - send_request_body.started request=<Request [b'POST']>
2025-07-05 21:21:58,837 - httpcore.http11 - DEBUG - send_request_body.complete
2025-07-05 21:21:58,837 - httpcore.http11 - DEBUG - receive_response_headers.started request=<Request [b'POST']>
2025-07-05 21:21:58,891 - httpcore.http11 - DEBUG - receive_response_headers.complete return_value=(b'HTTP/1.1', 200, b'OK', [(b'Server', b'nginx/1.18.0'), (b'Date', b'Sat, 05 Jul 2025 20:22:00 GMT'), (b'Content-Type', b'application/json'), (b'Content-Length', b'68'), (b'Connection', b'keep-alive'), (b'Strict-Transport-Security', b'max-age=31536000; includeSubDomains; preload'), (b'Access-Control-Allow-Origin', b'*'), (b'Access-Control-Allow-Methods', b'GET, POST, OPTIONS'), (b'Access-Control-Expose-Headers', b'Content-Length,Content-Type,Date,Server,Connection')])
2025-07-05 21:21:58,891 - httpx - INFO - HTTP Request: POST https://api.telegram.org/bot7707158318:AAE8rWa4Q8Z_3avql6K0HAmXaooZAReoNF0/deleteWebhook "HTTP/1.1 200 OK"
2025-07-05 21:21:58,894 - httpcore.http11 - DEBUG - receive_response_body.started request=<Request [b'POST']>
2025-07-05 21:21:58,894 - httpcore.http11 - DEBUG - receive_response_body.complete
2025-07-05 21:21:58,894 - httpcore.http11 - DEBUG - response_closed.started
2025-07-05 21:21:58,896 - httpcore.http11 - DEBUG - response_closed.complete
2025-07-05 21:21:58,896 - telegram.ext.ExtBot - DEBUG - True
2025-07-05 21:21:58,896 - telegram.ext.ExtBot - DEBUG - Exiting: delete_webhook
2025-07-05 21:21:58,896 - telegram.ext.Updater - DEBUG - Bootstrap done
2025-07-05 21:21:58,898 - telegram.ext.Updater - DEBUG - Waiting for polling to start
2025-07-05 21:21:58,898 - telegram.ext.Updater - DEBUG - Polling updates from Telegram started
2025-07-05 21:21:58,898 - telegram.ext.Updater - DEBUG - Start network loop retry getting Updates
2025-07-05 21:21:58,898 - telegram.ext.ExtBot - DEBUG - Entering: get_updates
2025-07-05 21:21:58,908 - telegram.ext.Application - INFO - Application started
2025-07-05 21:21:58,909 - httpcore.connection - DEBUG - connect_tcp.started host='api.telegram.org' port=443 local_address=None timeout=5.0 socket_options=None
2025-07-05 21:21:58,964 - httpcore.connection - DEBUG - connect_tcp.complete return_value=<httpcore._backends.anyio.AnyIOStream object at 0x000002C9F60671C0>
2025-07-05 21:21:58,964 - httpcore.connection - DEBUG - start_tls.started ssl_context=<ssl.SSLContext object at 0x000002C9F5FD82C0> server_hostname='api.telegram.org' timeout=5.0
2025-07-05 21:21:59,033 - httpcore.connection - DEBUG - start_tls.complete return_value=<httpcore._backends.anyio.AnyIOStream object at 0x000002C9F6067070>
2025-07-05 21:21:59,034 - httpcore.http11 - DEBUG - send_request_headers.started request=<Request [b'POST']>
2025-07-05 21:21:59,034 - httpcore.http11 - DEBUG - send_request_headers.complete
2025-07-05 21:21:59,036 - httpcore.http11 - DEBUG - send_request_body.started request=<Request [b'POST']>
2025-07-05 21:21:59,036 - httpcore.http11 - DEBUG - send_request_body.complete
2025-07-05 21:21:59,036 - httpcore.http11 - DEBUG - receive_response_headers.started request=<Request [b'POST']>
2025-07-05 21:22:02,189 - httpcore.http11 - DEBUG - receive_response_headers.complete return_value=(b'HTTP/1.1', 200, b'OK', [(b'Server', b'nginx/1.18.0'), (b'Date', b'Sat, 05 Jul 2025 20:22:03 GMT'), (b'Content-Type', b'application/json'), (b'Content-Length', b'357'), (b'Connection', b'keep-alive'), (b'Strict-Transport-Security', b'max-age=31536000; includeSubDomains; preload'), (b'Access-Control-Allow-Origin', b'*'), (b'Access-Control-Allow-Methods', b'GET, POST, OPTIONS'), (b'Access-Control-Expose-Headers', b'Content-Length,Content-Type,Date,Server,Connection')])
2025-07-05 21:22:02,191 - httpx - INFO - HTTP Request: POST https://api.telegram.org/bot7707158318:AAE8rWa4Q8Z_3avql6K0HAmXaooZAReoNF0/getUpdates "HTTP/1.1 200 OK"
2025-07-05 21:22:02,192 - httpcore.http11 - DEBUG - receive_response_body.started request=<Request [b'POST']>
2025-07-05 21:22:02,193 - httpcore.http11 - DEBUG - receive_response_body.complete
2025-07-05 21:22:02,193 - httpcore.http11 - DEBUG - response_closed.started
2025-07-05 21:22:02,194 - httpcore.http11 - DEBUG - response_closed.complete
2025-07-05 21:22:02,195 - telegram.ext.ExtBot - DEBUG - Getting updates: [37530592]
2025-07-05 21:22:02,196 - telegram.ext.ExtBot - DEBUG - (Update(message=Message(channel_chat_created=False, chat=Chat(first_name='Ghost', id=7049055170, last_name='Number1', type=<ChatType.PRIVATE>), date=datetime.datetime(2025, 7, 5, 20, 22, 3, tzinfo=<UTC>), delete_chat_photo=False, entities=(MessageEntity(length=5, offset=0, type=<MessageEntityType.BOT_COMMAND>),), from_user=User(first_name='Ghost', id=7049055170, is_bot=False, language_code='en', last_name='Number1'), group_chat_created=False, message_id=12964, supergroup_chat_created=False, text='/menu'), update_id=37530592),)
2025-07-05 21:22:02,198 - telegram.ext.ExtBot - DEBUG - Exiting: get_updates
2025-07-05 21:22:02,198 - telegram.ext.ExtBot - DEBUG - Entering: get_updates
2025-07-05 21:22:02,200 - telegram.ext.Application - DEBUG - Processing update Update(message=Message(channel_chat_created=False, chat=Chat(first_name='Ghost', id=7049055170, last_name='Number1', type=<ChatType.PRIVATE>), date=datetime.datetime(2025, 7, 5, 20, 22, 3, tzinfo=<UTC>), delete_chat_photo=False, entities=(MessageEntity(length=5, offset=0, type=<MessageEntityType.BOT_COMMAND>),), from_user=User(first_name='Ghost', id=7049055170, is_bot=False, language_code='en', last_name='Number1'), group_chat_created=False, message_id=12964, supergroup_chat_created=False, text='/menu'), update_id=37530592)
2025-07-05 21:22:02,201 - telegram.ext.ExtBot - DEBUG - Entering: send_message
2025-07-05 21:22:02,207 - httpcore.http11 - DEBUG - send_request_headers.started request=<Request [b'POST']>
2025-07-05 21:22:02,208 - httpcore.http11 - DEBUG - send_request_headers.started request=<Request [b'POST']>
2025-07-05 21:22:02,209 - httpcore.http11 - DEBUG - send_request_headers.complete
2025-07-05 21:22:02,209 - httpcore.http11 - DEBUG - send_request_body.started request=<Request [b'POST']>
2025-07-05 21:22:02,211 - httpcore.http11 - DEBUG - send_request_headers.complete
2025-07-05 21:22:02,211 - httpcore.http11 - DEBUG - send_request_body.started request=<Request [b'POST']>
2025-07-05 21:22:02,212 - httpcore.http11 - DEBUG - send_request_body.complete
2025-07-05 21:22:02,213 - httpcore.http11 - DEBUG - receive_response_headers.started request=<Request [b'POST']>
2025-07-05 21:22:02,213 - httpcore.http11 - DEBUG - send_request_body.complete
2025-07-05 21:22:02,214 - httpcore.http11 - DEBUG - receive_response_headers.started request=<Request [b'POST']>
2025-07-05 21:22:02,298 - httpcore.http11 - DEBUG - receive_response_headers.complete return_value=(b'HTTP/1.1', 200, b'OK', [(b'Server', b'nginx/1.18.0'), (b'Date', b'Sat, 05 Jul 2025 20:22:03 GMT'), (b'Content-Type', b'application/json'), (b'Content-Length', b'570'), (b'Connection', b'keep-alive'), (b'Strict-Transport-Security', b'max-age=31536000; includeSubDomains; preload'), (b'Access-Control-Allow-Origin', b'*'), (b'Access-Control-Allow-Methods', b'GET, POST, OPTIONS'), (b'Access-Control-Expose-Headers', b'Content-Length,Content-Type,Date,Server,Connection')])
2025-07-05 21:22:02,299 - httpx - INFO - HTTP Request: POST https://api.telegram.org/bot7707158318:AAE8rWa4Q8Z_3avql6K0HAmXaooZAReoNF0/sendMessage "HTTP/1.1 200 OK"
2025-07-05 21:22:02,316 - httpcore.http11 - DEBUG - receive_response_body.started request=<Request [b'POST']>
2025-07-05 21:22:02,317 - httpcore.http11 - DEBUG - receive_response_body.complete
2025-07-05 21:22:02,317 - httpcore.http11 - DEBUG - response_closed.started
2025-07-05 21:22:02,318 - httpcore.http11 - DEBUG - response_closed.complete
2025-07-05 21:22:02,321 - telegram.ext.ExtBot - DEBUG - Message(channel_chat_created=False, chat=Chat(first_name='Ghost', id=7049055170, last_name='Number1', type=<ChatType.PRIVATE>), date=datetime.datetime(2025, 7, 5, 20, 22, 3, tzinfo=<UTC>), delete_chat_photo=False, from_user=User(first_name='SPRD', id=7707158318, is_bot=True, username='tizi91Bot'), group_chat_created=False, message_id=12965, reply_markup=InlineKeyboardMarkup(inline_keyboard=((InlineKeyboardButton(callback_data='start_sniperx', text='🚀 Start SniperX'),), (InlineKeyboardButton(callback_data='stop_sniperx', text='🛑 Stop SniperX'), InlineKeyboardButton(callback_data='status_sniperx', text='📊 Status')), (InlineKeyboardButton(callback_data='show_balance', text='💰 Balance'),))), supergroup_chat_created=False, text='SniperX Bot Control Panel:')
2025-07-05 21:22:02,323 - telegram.ext.ExtBot - DEBUG - Exiting: send_message
2025-07-05 21:22:03,802 - httpcore.http11 - DEBUG - receive_response_headers.complete return_value=(b'HTTP/1.1', 200, b'OK', [(b'Server', b'nginx/1.18.0'), (b'Date', b'Sat, 05 Jul 2025 20:22:05 GMT'), (b'Content-Type', b'application/json'), (b'Content-Length', b'818'), (b'Connection', b'keep-alive'), (b'Strict-Transport-Security', b'max-age=31536000; includeSubDomains; preload'), (b'Access-Control-Allow-Origin', b'*'), (b'Access-Control-Allow-Methods', b'GET, POST, OPTIONS'), (b'Access-Control-Expose-Headers', b'Content-Length,Content-Type,Date,Server,Connection')])
2025-07-05 21:22:03,803 - httpx - INFO - HTTP Request: POST https://api.telegram.org/bot7707158318:AAE8rWa4Q8Z_3avql6K0HAmXaooZAReoNF0/getUpdates "HTTP/1.1 200 OK"
2025-07-05 21:22:03,805 - httpcore.http11 - DEBUG - receive_response_body.started request=<Request [b'POST']>
2025-07-05 21:22:03,806 - httpcore.http11 - DEBUG - receive_response_body.complete
2025-07-05 21:22:03,807 - httpcore.http11 - DEBUG - response_closed.started
2025-07-05 21:22:03,808 - httpcore.http11 - DEBUG - response_closed.complete
2025-07-05 21:22:03,809 - telegram.ext.ExtBot - DEBUG - Getting updates: [37530593]
2025-07-05 21:22:03,811 - telegram.ext.ExtBot - DEBUG - (Update(callback_query=CallbackQuery(chat_instance='-1307310250263184334', data='start_sniperx', from_user=User(first_name='Ghost', id=7049055170, is_bot=False, language_code='en', last_name='Number1'), id='2605345316342621351', message=Message(channel_chat_created=False, chat=Chat(first_name='Ghost', id=7049055170, last_name='Number1', type=<ChatType.PRIVATE>), date=datetime.datetime(2025, 7, 5, 20, 22, 3, tzinfo=<UTC>), delete_chat_photo=False, from_user=User(first_name='SPRD', id=7707158318, is_bot=True, username='tizi91Bot'), group_chat_created=False, message_id=12965, reply_markup=InlineKeyboardMarkup(inline_keyboard=((InlineKeyboardButton(callback_data='start_sniperx', text='🚀 Start SniperX'),), (InlineKeyboardButton(callback_data='stop_sniperx', text='🛑 Stop SniperX'), InlineKeyboardButton(callback_data='status_sniperx', text='📊 Status')), (InlineKeyboardButton(callback_data='show_balance', text='💰 Balance'),))), supergroup_chat_created=False, text='SniperX Bot Control Panel:')), update_id=37530593),)
2025-07-05 21:22:03,814 - telegram.ext.ExtBot - DEBUG - Exiting: get_updates
2025-07-05 21:22:03,814 - telegram.ext.ExtBot - DEBUG - Entering: get_updates
2025-07-05 21:22:03,816 - telegram.ext.Application - DEBUG - Processing update Update(callback_query=CallbackQuery(chat_instance='-1307310250263184334', data='start_sniperx', from_user=User(first_name='Ghost', id=7049055170, is_bot=False, language_code='en', last_name='Number1'), id='2605345316342621351', message=Message(channel_chat_created=False, chat=Chat(first_name='Ghost', id=7049055170, last_name='Number1', type=<ChatType.PRIVATE>), date=datetime.datetime(2025, 7, 5, 20, 22, 3, tzinfo=<UTC>), delete_chat_photo=False, from_user=User(first_name='SPRD', id=7707158318, is_bot=True, username='tizi91Bot'), group_chat_created=False, message_id=12965, reply_markup=InlineKeyboardMarkup(inline_keyboard=((InlineKeyboardButton(callback_data='start_sniperx', text='🚀 Start SniperX'),), (InlineKeyboardButton(callback_data='stop_sniperx', text='🛑 Stop SniperX'), InlineKeyboardButton(callback_data='status_sniperx', text='📊 Status')), (InlineKeyboardButton(callback_data='show_balance', text='💰 Balance'),))), supergroup_chat_created=False, text='SniperX Bot Control Panel:')), update_id=37530593)
2025-07-05 21:22:03,819 - __main__ - INFO - Button callback received: Update(callback_query=CallbackQuery(chat_instance='-1307310250263184334', data='start_sniperx', from_user=User(first_name='Ghost', id=7049055170, is_bot=False, language_code='en', last_name='Number1'), id='2605345316342621351', message=Message(channel_chat_created=False, chat=Chat(first_name='Ghost', id=7049055170, last_name='Number1', type=<ChatType.PRIVATE>), date=datetime.datetime(2025, 7, 5, 20, 22, 3, tzinfo=<UTC>), delete_chat_photo=False, from_user=User(first_name='SPRD', id=7707158318, is_bot=True, username='tizi91Bot'), group_chat_created=False, message_id=12965, reply_markup=InlineKeyboardMarkup(inline_keyboard=((InlineKeyboardButton(callback_data='start_sniperx', text='🚀 Start SniperX'),), (InlineKeyboardButton(callback_data='stop_sniperx', text='🛑 Stop SniperX'), InlineKeyboardButton(callback_data='status_sniperx', text='📊 Status')), (InlineKeyboardButton(callback_data='show_balance', text='💰 Balance'),))), supergroup_chat_created=False, text='SniperX Bot Control Panel:')), update_id=37530593)
2025-07-05 21:22:03,820 - telegram.ext.ExtBot - DEBUG - Entering: answer_callback_query
2025-07-05 21:22:03,830 - httpcore.http11 - DEBUG - send_request_headers.started request=<Request [b'POST']>
2025-07-05 21:22:03,831 - httpcore.http11 - DEBUG - send_request_headers.started request=<Request [b'POST']>
2025-07-05 21:22:03,833 - httpcore.http11 - DEBUG - send_request_headers.complete
2025-07-05 21:22:03,833 - httpcore.http11 - DEBUG - send_request_body.started request=<Request [b'POST']>
2025-07-05 21:22:03,834 - httpcore.http11 - DEBUG - send_request_headers.complete
2025-07-05 21:22:03,835 - httpcore.http11 - DEBUG - send_request_body.started request=<Request [b'POST']>
2025-07-05 21:22:03,848 - httpcore.http11 - DEBUG - send_request_body.complete
2025-07-05 21:22:03,848 - httpcore.http11 - DEBUG - receive_response_headers.started request=<Request [b'POST']>
2025-07-05 21:22:03,850 - httpcore.http11 - DEBUG - send_request_body.complete
2025-07-05 21:22:03,850 - httpcore.http11 - DEBUG - receive_response_headers.started request=<Request [b'POST']>
2025-07-05 21:22:03,917 - httpcore.http11 - DEBUG - receive_response_headers.complete return_value=(b'HTTP/1.1', 200, b'OK', [(b'Server', b'nginx/1.18.0'), (b'Date', b'Sat, 05 Jul 2025 20:22:05 GMT'), (b'Content-Type', b'application/json'), (b'Content-Length', b'25'), (b'Connection', b'keep-alive'), (b'Strict-Transport-Security', b'max-age=31536000; includeSubDomains; preload'), (b'Access-Control-Allow-Origin', b'*'), (b'Access-Control-Allow-Methods', b'GET, POST, OPTIONS'), (b'Access-Control-Expose-Headers', b'Content-Length,Content-Type,Date,Server,Connection')])
2025-07-05 21:22:03,918 - httpx - INFO - HTTP Request: POST https://api.telegram.org/bot7707158318:AAE8rWa4Q8Z_3avql6K0HAmXaooZAReoNF0/answerCallbackQuery "HTTP/1.1 200 OK"
2025-07-05 21:22:03,921 - httpcore.http11 - DEBUG - receive_response_body.started request=<Request [b'POST']>
2025-07-05 21:22:03,922 - httpcore.http11 - DEBUG - receive_response_body.complete
2025-07-05 21:22:03,923 - httpcore.http11 - DEBUG - response_closed.started
2025-07-05 21:22:03,924 - httpcore.http11 - DEBUG - response_closed.complete
2025-07-05 21:22:03,925 - telegram.ext.ExtBot - DEBUG - True
2025-07-05 21:22:03,926 - telegram.ext.ExtBot - DEBUG - Exiting: answer_callback_query
2025-07-05 21:22:03,926 - __main__ - INFO - Processing action: start_sniperx
2025-07-05 21:22:03,932 - telegram.ext.ExtBot - DEBUG - Entering: send_message
2025-07-05 21:22:03,935 - httpcore.http11 - DEBUG - send_request_headers.started request=<Request [b'POST']>
2025-07-05 21:22:03,936 - httpcore.http11 - DEBUG - send_request_headers.complete
2025-07-05 21:22:03,937 - httpcore.http11 - DEBUG - send_request_body.started request=<Request [b'POST']>
2025-07-05 21:22:03,938 - httpcore.http11 - DEBUG - send_request_body.complete
2025-07-05 21:22:03,940 - httpcore.http11 - DEBUG - receive_response_headers.started request=<Request [b'POST']>
2025-07-05 21:22:04,017 - httpcore.http11 - DEBUG - receive_response_headers.complete return_value=(b'HTTP/1.1', 200, b'OK', [(b'Server', b'nginx/1.18.0'), (b'Date', b'Sat, 05 Jul 2025 20:22:05 GMT'), (b'Content-Type', b'application/json'), (b'Content-Length', b'262'), (b'Connection', b'keep-alive'), (b'Strict-Transport-Security', b'max-age=31536000; includeSubDomains; preload'), (b'Access-Control-Allow-Origin', b'*'), (b'Access-Control-Allow-Methods', b'GET, POST, OPTIONS'), (b'Access-Control-Expose-Headers', b'Content-Length,Content-Type,Date,Server,Connection')])
2025-07-05 21:22:04,017 - httpx - INFO - HTTP Request: POST https://api.telegram.org/bot7707158318:AAE8rWa4Q8Z_3avql6K0HAmXaooZAReoNF0/sendMessage "HTTP/1.1 200 OK"
2025-07-05 21:22:04,018 - httpcore.http11 - DEBUG - receive_response_body.started request=<Request [b'POST']>
2025-07-05 21:22:04,020 - httpcore.http11 - DEBUG - receive_response_body.complete
2025-07-05 21:22:04,021 - httpcore.http11 - DEBUG - response_closed.started
2025-07-05 21:22:04,022 - httpcore.http11 - DEBUG - response_closed.complete
2025-07-05 21:22:04,024 - telegram.ext.ExtBot - DEBUG - Message(channel_chat_created=False, chat=Chat(first_name='Ghost', id=7049055170, last_name='Number1', type=<ChatType.PRIVATE>), date=datetime.datetime(2025, 7, 5, 20, 22, 5, tzinfo=<UTC>), delete_chat_photo=False, from_user=User(first_name='SPRD', id=7707158318, is_bot=True, username='tizi91Bot'), group_chat_created=False, message_id=12966, supergroup_chat_created=False, text='Starting wallet manager...')
2025-07-05 21:22:04,026 - telegram.ext.ExtBot - DEBUG - Exiting: send_message
2025-07-05 21:22:06,148 - telegram.ext.ExtBot - DEBUG - Entering: send_message
2025-07-05 21:22:06,151 - httpcore.http11 - DEBUG - send_request_headers.started request=<Request [b'POST']>
2025-07-05 21:22:06,154 - httpcore.http11 - DEBUG - send_request_headers.complete
2025-07-05 21:22:06,155 - httpcore.http11 - DEBUG - send_request_body.started request=<Request [b'POST']>
2025-07-05 21:22:06,156 - httpcore.http11 - DEBUG - send_request_body.complete
2025-07-05 21:22:06,157 - httpcore.http11 - DEBUG - receive_response_headers.started request=<Request [b'POST']>
2025-07-05 21:22:06,288 - httpcore.http11 - DEBUG - receive_response_headers.complete return_value=(b'HTTP/1.1', 200, b'OK', [(b'Server', b'nginx/1.18.0'), (b'Date', b'Sat, 05 Jul 2025 20:22:07 GMT'), (b'Content-Type', b'application/json'), (b'Content-Length', b'323'), (b'Connection', b'keep-alive'), (b'Strict-Transport-Security', b'max-age=31536000; includeSubDomains; preload'), (b'Access-Control-Allow-Origin', b'*'), (b'Access-Control-Allow-Methods', b'GET, POST, OPTIONS'), (b'Access-Control-Expose-Headers', b'Content-Length,Content-Type,Date,Server,Connection')])
2025-07-05 21:22:06,289 - httpx - INFO - HTTP Request: POST https://api.telegram.org/bot7707158318:AAE8rWa4Q8Z_3avql6K0HAmXaooZAReoNF0/sendMessage "HTTP/1.1 200 OK"
2025-07-05 21:22:06,291 - httpcore.http11 - DEBUG - receive_response_body.started request=<Request [b'POST']>
2025-07-05 21:22:06,291 - httpcore.http11 - DEBUG - receive_response_body.complete
2025-07-05 21:22:06,292 - httpcore.http11 - DEBUG - response_closed.started
2025-07-05 21:22:06,293 - httpcore.http11 - DEBUG - response_closed.complete
2025-07-05 21:22:06,295 - telegram.ext.ExtBot - DEBUG - Message(channel_chat_created=False, chat=Chat(first_name='Ghost', id=7049055170, last_name='Number1', type=<ChatType.PRIVATE>), date=datetime.datetime(2025, 7, 5, 20, 22, 7, tzinfo=<UTC>), delete_chat_photo=False, entities=(MessageEntity(length=5, offset=8, type=<MessageEntityType.URL>),), from_user=User(first_name='SPRD', id=7707158318, is_bot=True, username='tizi91Bot'), group_chat_created=False, message_id=12967, supergroup_chat_created=False, text='SniperX V2.py started with PID 32268.')
2025-07-05 21:22:06,295 - telegram.ext.ExtBot - DEBUG - Exiting: send_message
2025-07-05 21:22:06,297 - __main__ - INFO - SniperX V2.py started with PID 32268 by user tizi91Bot
2025-07-05 21:22:06,298 - telegram.ext.ExtBot - DEBUG - Entering: edit_message_text
2025-07-05 21:22:06,303 - httpcore.http11 - DEBUG - send_request_headers.started request=<Request [b'POST']>
2025-07-05 21:22:06,306 - httpcore.http11 - DEBUG - send_request_headers.complete
2025-07-05 21:22:06,308 - httpcore.http11 - DEBUG - send_request_body.started request=<Request [b'POST']>
2025-07-05 21:22:06,310 - httpcore.http11 - DEBUG - send_request_body.complete
2025-07-05 21:22:06,310 - httpcore.http11 - DEBUG - receive_response_headers.started request=<Request [b'POST']>
2025-07-05 21:22:06,467 - httpcore.http11 - DEBUG - receive_response_headers.complete return_value=(b'HTTP/1.1', 400, b'Bad Request', [(b'Server', b'nginx/1.18.0'), (b'Date', b'Sat, 05 Jul 2025 20:22:07 GMT'), (b'Content-Type', b'application/json'), (b'Content-Length', b'204'), (b'Connection', b'keep-alive'), (b'Strict-Transport-Security', b'max-age=31536000; includeSubDomains; preload'), (b'Access-Control-Allow-Origin', b'*'), (b'Access-Control-Expose-Headers', b'Content-Length,Content-Type,Date,Server,Connection')])
2025-07-05 21:22:06,469 - httpx - INFO - HTTP Request: POST https://api.telegram.org/bot7707158318:AAE8rWa4Q8Z_3avql6K0HAmXaooZAReoNF0/editMessageText "HTTP/1.1 400 Bad Request"
2025-07-05 21:22:06,470 - httpcore.http11 - DEBUG - receive_response_body.started request=<Request [b'POST']>
2025-07-05 21:22:06,471 - httpcore.http11 - DEBUG - receive_response_body.complete
2025-07-05 21:22:06,471 - httpcore.http11 - DEBUG - response_closed.started
2025-07-05 21:22:06,472 - httpcore.http11 - DEBUG - response_closed.complete
2025-07-05 21:22:06,473 - __main__ - ERROR - Error showing menu: Message is not modified: specified new message content and reply markup are exactly the same as a current content and reply markup of the message
2025-07-05 21:22:06,473 - telegram.ext.ExtBot - DEBUG - Entering: send_message
2025-07-05 21:22:06,477 - httpcore.http11 - DEBUG - send_request_headers.started request=<Request [b'POST']>
2025-07-05 21:22:06,480 - httpcore.http11 - DEBUG - send_request_headers.complete
2025-07-05 21:22:06,480 - httpcore.http11 - DEBUG - send_request_body.started request=<Request [b'POST']>
2025-07-05 21:22:06,481 - httpcore.http11 - DEBUG - send_request_body.complete
2025-07-05 21:22:06,482 - httpcore.http11 - DEBUG - receive_response_headers.started request=<Request [b'POST']>
2025-07-05 21:22:06,577 - httpcore.http11 - DEBUG - receive_response_headers.complete return_value=(b'HTTP/1.1', 200, b'OK', [(b'Server', b'nginx/1.18.0'), (b'Date', b'Sat, 05 Jul 2025 20:22:07 GMT'), (b'Content-Type', b'application/json'), (b'Content-Length', b'570'), (b'Connection', b'keep-alive'), (b'Strict-Transport-Security', b'max-age=31536000; includeSubDomains; preload'), (b'Access-Control-Allow-Origin', b'*'), (b'Access-Control-Allow-Methods', b'GET, POST, OPTIONS'), (b'Access-Control-Expose-Headers', b'Content-Length,Content-Type,Date,Server,Connection')])
2025-07-05 21:22:06,578 - httpx - INFO - HTTP Request: POST https://api.telegram.org/bot7707158318:AAE8rWa4Q8Z_3avql6K0HAmXaooZAReoNF0/sendMessage "HTTP/1.1 200 OK"
2025-07-05 21:22:06,579 - httpcore.http11 - DEBUG - receive_response_body.started request=<Request [b'POST']>
2025-07-05 21:22:06,580 - httpcore.http11 - DEBUG - receive_response_body.complete
2025-07-05 21:22:06,580 - httpcore.http11 - DEBUG - response_closed.started
2025-07-05 21:22:06,581 - httpcore.http11 - DEBUG - response_closed.complete
2025-07-05 21:22:06,585 - telegram.ext.ExtBot - DEBUG - Message(channel_chat_created=False, chat=Chat(first_name='Ghost', id=7049055170, last_name='Number1', type=<ChatType.PRIVATE>), date=datetime.datetime(2025, 7, 5, 20, 22, 7, tzinfo=<UTC>), delete_chat_photo=False, from_user=User(first_name='SPRD', id=7707158318, is_bot=True, username='tizi91Bot'), group_chat_created=False, message_id=12968, reply_markup=InlineKeyboardMarkup(inline_keyboard=((InlineKeyboardButton(callback_data='start_sniperx', text='🚀 Start SniperX'),), (InlineKeyboardButton(callback_data='stop_sniperx', text='🛑 Stop SniperX'), InlineKeyboardButton(callback_data='status_sniperx', text='📊 Status')), (InlineKeyboardButton(callback_data='show_balance', text='💰 Balance'),))), supergroup_chat_created=False, text='SniperX Bot Control Panel:')
2025-07-05 21:22:06,587 - telegram.ext.ExtBot - DEBUG - Exiting: send_message
2025-07-05 21:22:13,939 - httpcore.http11 - DEBUG - receive_response_headers.complete return_value=(b'HTTP/1.1', 200, b'OK', [(b'Server', b'nginx/1.18.0'), (b'Date', b'Sat, 05 Jul 2025 20:22:15 GMT'), (b'Content-Type', b'application/json'), (b'Content-Length', b'23'), (b'Connection', b'keep-alive'), (b'Strict-Transport-Security', b'max-age=31536000; includeSubDomains; preload'), (b'Access-Control-Allow-Origin', b'*'), (b'Access-Control-Allow-Methods', b'GET, POST, OPTIONS'), (b'Access-Control-Expose-Headers', b'Content-Length,Content-Type,Date,Server,Connection')])
2025-07-05 21:22:13,941 - httpx - INFO - HTTP Request: POST https://api.telegram.org/bot7707158318:AAE8rWa4Q8Z_3avql6K0HAmXaooZAReoNF0/getUpdates "HTTP/1.1 200 OK"
2025-07-05 21:22:13,942 - httpcore.http11 - DEBUG - receive_response_body.started request=<Request [b'POST']>
2025-07-05 21:22:13,942 - httpcore.http11 - DEBUG - receive_response_body.complete
2025-07-05 21:22:13,943 - httpcore.http11 - DEBUG - response_closed.started
2025-07-05 21:22:13,943 - httpcore.http11 - DEBUG - response_closed.complete
2025-07-05 21:22:13,944 - telegram.ext.ExtBot - DEBUG - No new updates found.
2025-07-05 21:22:13,944 - telegram.ext.ExtBot - DEBUG - ()
2025-07-05 21:22:13,945 - telegram.ext.ExtBot - DEBUG - Exiting: get_updates
2025-07-05 21:22:13,945 - telegram.ext.ExtBot - DEBUG - Entering: get_updates
2025-07-05 21:22:13,948 - httpcore.http11 - DEBUG - send_request_headers.started request=<Request [b'POST']>
2025-07-05 21:22:13,949 - httpcore.http11 - DEBUG - send_request_headers.complete
2025-07-05 21:22:13,951 - httpcore.http11 - DEBUG - send_request_body.started request=<Request [b'POST']>
2025-07-05 21:22:13,951 - httpcore.http11 - DEBUG - send_request_body.complete
2025-07-05 21:22:13,951 - httpcore.http11 - DEBUG - receive_response_headers.started request=<Request [b'POST']>
