2025-07-10 17:13:04,156 - asyncio - DEBUG - Using proactor: IocpProactor
2025-07-10 17:13:04,159 - httpx - DEBUG - load_ssl_context verify=True cert=None trust_env=True http2=False
2025-07-10 17:13:04,161 - httpx - DEBUG - load_verify_locations cafile='c:\\Users\\Rachid Aitali\\OneDrive - 4JM Solutions Limited\\Desktop\\SniperX-V3-Best-Version-at-now\\.venv\\lib\\site-packages\\certifi\\cacert.pem'
2025-07-10 17:13:04,169 - httpx - DEBUG - load_ssl_context verify=True cert=None trust_env=True http2=False
2025-07-10 17:13:04,169 - httpx - DEBUG - load_verify_locations cafile='c:\\Users\\Rachid Aitali\\OneDrive - 4JM Solutions Limited\\Desktop\\SniperX-V3-Best-Version-at-now\\.venv\\lib\\site-packages\\certifi\\cacert.pem'
2025-07-10 17:13:04,183 - __main__ - INFO - Telegram Manager Bot started. Send /menu to interact.
2025-07-10 17:13:04,183 - telegram.ext.ExtBot - DEBUG - Entering: send_message
2025-07-10 17:13:04,190 - httpcore.connection - DEBUG - connect_tcp.started host='api.telegram.org' port=443 local_address=None timeout=5.0 socket_options=None
2025-07-10 17:13:04,307 - httpcore.connection - DEBUG - connect_tcp.complete return_value=<httpcore._backends.anyio.AnyIOStream object at 0x00000220FF242D40>
2025-07-10 17:13:04,307 - httpcore.connection - DEBUG - start_tls.started ssl_context=<ssl.SSLContext object at 0x00000220FF1F84C0> server_hostname='api.telegram.org' timeout=5.0
2025-07-10 17:13:04,400 - httpcore.connection - DEBUG - start_tls.complete return_value=<httpcore._backends.anyio.AnyIOStream object at 0x00000220FF242C80>
2025-07-10 17:13:04,400 - httpcore.http11 - DEBUG - send_request_headers.started request=<Request [b'POST']>
2025-07-10 17:13:04,403 - httpcore.http11 - DEBUG - send_request_headers.complete
2025-07-10 17:13:04,403 - httpcore.http11 - DEBUG - send_request_body.started request=<Request [b'POST']>
2025-07-10 17:13:04,403 - httpcore.http11 - DEBUG - send_request_body.complete
2025-07-10 17:13:04,403 - httpcore.http11 - DEBUG - receive_response_headers.started request=<Request [b'POST']>
2025-07-10 17:13:04,516 - httpcore.http11 - DEBUG - receive_response_headers.complete return_value=(b'HTTP/1.1', 200, b'OK', [(b'Server', b'nginx/1.18.0'), (b'Date', b'Thu, 10 Jul 2025 16:13:05 GMT'), (b'Content-Type', b'application/json'), (b'Content-Length', b'352'), (b'Connection', b'keep-alive'), (b'Strict-Transport-Security', b'max-age=31536000; includeSubDomains; preload'), (b'Access-Control-Allow-Origin', b'*'), (b'Access-Control-Allow-Methods', b'GET, POST, OPTIONS'), (b'Access-Control-Expose-Headers', b'Content-Length,Content-Type,Date,Server,Connection')])
2025-07-10 17:13:04,519 - httpx - INFO - HTTP Request: POST https://api.telegram.org/bot7707158318:AAE8rWa4Q8Z_3avql6K0HAmXaooZAReoNF0/sendMessage "HTTP/1.1 200 OK"
2025-07-10 17:13:04,519 - httpcore.http11 - DEBUG - receive_response_body.started request=<Request [b'POST']>
2025-07-10 17:13:04,519 - httpcore.http11 - DEBUG - receive_response_body.complete
2025-07-10 17:13:04,519 - httpcore.http11 - DEBUG - response_closed.started
2025-07-10 17:13:04,519 - httpcore.http11 - DEBUG - response_closed.complete
2025-07-10 17:13:04,525 - telegram.ext.ExtBot - DEBUG - Message(channel_chat_created=False, chat=Chat(first_name='Ghost', id=7049055170, last_name='Number1', type=<ChatType.PRIVATE>), date=datetime.datetime(2025, 7, 10, 16, 13, 5, tzinfo=<UTC>), delete_chat_photo=False, entities=(MessageEntity(length=5, offset=36, type=<MessageEntityType.BOT_COMMAND>),), from_user=User(first_name='SPRD', id=7707158318, is_bot=True, username='tizi91Bot'), group_chat_created=False, message_id=13497, supergroup_chat_created=False, text='SniperX Control Bot is online! Send /menu to see options.')
2025-07-10 17:13:04,525 - telegram.ext.ExtBot - DEBUG - Exiting: send_message
2025-07-10 17:13:04,528 - telegram.ext.ExtBot - DEBUG - Entering: get_me
2025-07-10 17:13:04,528 - httpcore.http11 - DEBUG - send_request_headers.started request=<Request [b'POST']>
2025-07-10 17:13:04,528 - httpcore.http11 - DEBUG - send_request_headers.complete
2025-07-10 17:13:04,528 - httpcore.http11 - DEBUG - send_request_body.started request=<Request [b'POST']>
2025-07-10 17:13:04,530 - httpcore.http11 - DEBUG - send_request_body.complete
2025-07-10 17:13:04,530 - httpcore.http11 - DEBUG - receive_response_headers.started request=<Request [b'POST']>
2025-07-10 17:13:04,606 - httpcore.http11 - DEBUG - receive_response_headers.complete return_value=(b'HTTP/1.1', 200, b'OK', [(b'Server', b'nginx/1.18.0'), (b'Date', b'Thu, 10 Jul 2025 16:13:05 GMT'), (b'Content-Type', b'application/json'), (b'Content-Length', b'243'), (b'Connection', b'keep-alive'), (b'Strict-Transport-Security', b'max-age=31536000; includeSubDomains; preload'), (b'Access-Control-Allow-Origin', b'*'), (b'Access-Control-Allow-Methods', b'GET, POST, OPTIONS'), (b'Access-Control-Expose-Headers', b'Content-Length,Content-Type,Date,Server,Connection')])
2025-07-10 17:13:04,606 - httpx - INFO - HTTP Request: POST https://api.telegram.org/bot7707158318:AAE8rWa4Q8Z_3avql6K0HAmXaooZAReoNF0/getMe "HTTP/1.1 200 OK"
2025-07-10 17:13:04,608 - httpcore.http11 - DEBUG - receive_response_body.started request=<Request [b'POST']>
2025-07-10 17:13:04,608 - httpcore.http11 - DEBUG - receive_response_body.complete
2025-07-10 17:13:04,608 - httpcore.http11 - DEBUG - response_closed.started
2025-07-10 17:13:04,609 - httpcore.http11 - DEBUG - response_closed.complete
2025-07-10 17:13:04,609 - telegram.ext.ExtBot - DEBUG - User(api_kwargs={'can_connect_to_business': False, 'has_main_web_app': False}, can_join_groups=True, can_read_all_group_messages=False, first_name='SPRD', id=7707158318, is_bot=True, supports_inline_queries=False, username='tizi91Bot')
2025-07-10 17:13:04,609 - telegram.ext.ExtBot - DEBUG - Exiting: get_me
2025-07-10 17:13:04,609 - telegram.ext.ExtBot - DEBUG - This Bot is already initialized.
2025-07-10 17:13:04,609 - telegram.ext.Updater - DEBUG - Updater started (polling)
2025-07-10 17:13:04,609 - telegram.ext.Updater - DEBUG - Start network loop retry bootstrap del webhook
2025-07-10 17:13:04,609 - telegram.ext.Updater - DEBUG - Deleting webhook
2025-07-10 17:13:04,609 - telegram.ext.ExtBot - DEBUG - Entering: delete_webhook
2025-07-10 17:13:04,609 - httpcore.http11 - DEBUG - send_request_headers.started request=<Request [b'POST']>
2025-07-10 17:13:04,609 - httpcore.http11 - DEBUG - send_request_headers.complete
2025-07-10 17:13:04,609 - httpcore.http11 - DEBUG - send_request_body.started request=<Request [b'POST']>
2025-07-10 17:13:04,609 - httpcore.http11 - DEBUG - send_request_body.complete
2025-07-10 17:13:04,609 - httpcore.http11 - DEBUG - receive_response_headers.started request=<Request [b'POST']>
2025-07-10 17:13:04,724 - httpcore.http11 - DEBUG - receive_response_headers.complete return_value=(b'HTTP/1.1', 200, b'OK', [(b'Server', b'nginx/1.18.0'), (b'Date', b'Thu, 10 Jul 2025 16:13:05 GMT'), (b'Content-Type', b'application/json'), (b'Content-Length', b'68'), (b'Connection', b'keep-alive'), (b'Strict-Transport-Security', b'max-age=31536000; includeSubDomains; preload'), (b'Access-Control-Allow-Origin', b'*'), (b'Access-Control-Allow-Methods', b'GET, POST, OPTIONS'), (b'Access-Control-Expose-Headers', b'Content-Length,Content-Type,Date,Server,Connection')])
2025-07-10 17:13:04,725 - httpx - INFO - HTTP Request: POST https://api.telegram.org/bot7707158318:AAE8rWa4Q8Z_3avql6K0HAmXaooZAReoNF0/deleteWebhook "HTTP/1.1 200 OK"
2025-07-10 17:13:04,725 - httpcore.http11 - DEBUG - receive_response_body.started request=<Request [b'POST']>
2025-07-10 17:13:04,725 - httpcore.http11 - DEBUG - receive_response_body.complete
2025-07-10 17:13:04,725 - httpcore.http11 - DEBUG - response_closed.started
2025-07-10 17:13:04,725 - httpcore.http11 - DEBUG - response_closed.complete
2025-07-10 17:13:04,725 - telegram.ext.ExtBot - DEBUG - True
2025-07-10 17:13:04,725 - telegram.ext.ExtBot - DEBUG - Exiting: delete_webhook
2025-07-10 17:13:04,725 - telegram.ext.Updater - DEBUG - Bootstrap done
2025-07-10 17:13:04,725 - telegram.ext.Updater - DEBUG - Waiting for polling to start
2025-07-10 17:13:04,725 - telegram.ext.Updater - DEBUG - Polling updates from Telegram started
2025-07-10 17:13:04,725 - telegram.ext.Updater - DEBUG - Start network loop retry getting Updates
2025-07-10 17:13:04,725 - telegram.ext.ExtBot - DEBUG - Entering: get_updates
2025-07-10 17:13:04,727 - telegram.ext.Application - INFO - Application started
2025-07-10 17:13:04,727 - httpcore.connection - DEBUG - connect_tcp.started host='api.telegram.org' port=443 local_address=None timeout=5.0 socket_options=None
2025-07-10 17:13:04,800 - httpcore.connection - DEBUG - connect_tcp.complete return_value=<httpcore._backends.anyio.AnyIOStream object at 0x00000220FF28B190>
2025-07-10 17:13:04,800 - httpcore.connection - DEBUG - start_tls.started ssl_context=<ssl.SSLContext object at 0x00000220FF1F83C0> server_hostname='api.telegram.org' timeout=5.0
2025-07-10 17:13:04,892 - httpcore.connection - DEBUG - start_tls.complete return_value=<httpcore._backends.anyio.AnyIOStream object at 0x00000220FF28B040>
2025-07-10 17:13:04,892 - httpcore.http11 - DEBUG - send_request_headers.started request=<Request [b'POST']>
2025-07-10 17:13:04,892 - httpcore.http11 - DEBUG - send_request_headers.complete
2025-07-10 17:13:04,892 - httpcore.http11 - DEBUG - send_request_body.started request=<Request [b'POST']>
2025-07-10 17:13:04,892 - httpcore.http11 - DEBUG - send_request_body.complete
2025-07-10 17:13:04,892 - httpcore.http11 - DEBUG - receive_response_headers.started request=<Request [b'POST']>
2025-07-10 17:13:08,280 - httpcore.http11 - DEBUG - receive_response_headers.complete return_value=(b'HTTP/1.1', 200, b'OK', [(b'Server', b'nginx/1.18.0'), (b'Date', b'Thu, 10 Jul 2025 16:13:08 GMT'), (b'Content-Type', b'application/json'), (b'Content-Length', b'357'), (b'Connection', b'keep-alive'), (b'Strict-Transport-Security', b'max-age=31536000; includeSubDomains; preload'), (b'Access-Control-Allow-Origin', b'*'), (b'Access-Control-Allow-Methods', b'GET, POST, OPTIONS'), (b'Access-Control-Expose-Headers', b'Content-Length,Content-Type,Date,Server,Connection')])
2025-07-10 17:13:08,282 - httpx - INFO - HTTP Request: POST https://api.telegram.org/bot7707158318:AAE8rWa4Q8Z_3avql6K0HAmXaooZAReoNF0/getUpdates "HTTP/1.1 200 OK"
2025-07-10 17:13:08,283 - httpcore.http11 - DEBUG - receive_response_body.started request=<Request [b'POST']>
2025-07-10 17:13:08,284 - httpcore.http11 - DEBUG - receive_response_body.complete
2025-07-10 17:13:08,284 - httpcore.http11 - DEBUG - response_closed.started
2025-07-10 17:13:08,284 - httpcore.http11 - DEBUG - response_closed.complete
2025-07-10 17:13:08,284 - telegram.ext.ExtBot - DEBUG - Getting updates: [37530825]
2025-07-10 17:13:08,284 - telegram.ext.ExtBot - DEBUG - (Update(message=Message(channel_chat_created=False, chat=Chat(first_name='Ghost', id=7049055170, last_name='Number1', type=<ChatType.PRIVATE>), date=datetime.datetime(2025, 7, 10, 16, 13, 8, tzinfo=<UTC>), delete_chat_photo=False, entities=(MessageEntity(length=5, offset=0, type=<MessageEntityType.BOT_COMMAND>),), from_user=User(first_name='Ghost', id=7049055170, is_bot=False, language_code='en', last_name='Number1'), group_chat_created=False, message_id=13498, supergroup_chat_created=False, text='/menu'), update_id=37530825),)
2025-07-10 17:13:08,286 - telegram.ext.ExtBot - DEBUG - Exiting: get_updates
2025-07-10 17:13:08,286 - telegram.ext.ExtBot - DEBUG - Entering: get_updates
2025-07-10 17:13:08,286 - telegram.ext.Application - DEBUG - Processing update Update(message=Message(channel_chat_created=False, chat=Chat(first_name='Ghost', id=7049055170, last_name='Number1', type=<ChatType.PRIVATE>), date=datetime.datetime(2025, 7, 10, 16, 13, 8, tzinfo=<UTC>), delete_chat_photo=False, entities=(MessageEntity(length=5, offset=0, type=<MessageEntityType.BOT_COMMAND>),), from_user=User(first_name='Ghost', id=7049055170, is_bot=False, language_code='en', last_name='Number1'), group_chat_created=False, message_id=13498, supergroup_chat_created=False, text='/menu'), update_id=37530825)
2025-07-10 17:13:08,286 - telegram.ext.ExtBot - DEBUG - Entering: send_message
2025-07-10 17:13:08,288 - httpcore.http11 - DEBUG - send_request_headers.started request=<Request [b'POST']>
2025-07-10 17:13:08,288 - httpcore.http11 - DEBUG - send_request_headers.started request=<Request [b'POST']>
2025-07-10 17:13:08,288 - httpcore.http11 - DEBUG - send_request_headers.complete
2025-07-10 17:13:08,288 - httpcore.http11 - DEBUG - send_request_body.started request=<Request [b'POST']>
2025-07-10 17:13:08,290 - httpcore.http11 - DEBUG - send_request_headers.complete
2025-07-10 17:13:08,290 - httpcore.http11 - DEBUG - send_request_body.started request=<Request [b'POST']>
2025-07-10 17:13:08,290 - httpcore.http11 - DEBUG - send_request_body.complete
2025-07-10 17:13:08,290 - httpcore.http11 - DEBUG - receive_response_headers.started request=<Request [b'POST']>
2025-07-10 17:13:08,290 - httpcore.http11 - DEBUG - send_request_body.complete
2025-07-10 17:13:08,291 - httpcore.http11 - DEBUG - receive_response_headers.started request=<Request [b'POST']>
2025-07-10 17:13:08,516 - httpcore.http11 - DEBUG - receive_response_headers.complete return_value=(b'HTTP/1.1', 200, b'OK', [(b'Server', b'nginx/1.18.0'), (b'Date', b'Thu, 10 Jul 2025 16:13:09 GMT'), (b'Content-Type', b'application/json'), (b'Content-Length', b'570'), (b'Connection', b'keep-alive'), (b'Strict-Transport-Security', b'max-age=31536000; includeSubDomains; preload'), (b'Access-Control-Allow-Origin', b'*'), (b'Access-Control-Allow-Methods', b'GET, POST, OPTIONS'), (b'Access-Control-Expose-Headers', b'Content-Length,Content-Type,Date,Server,Connection')])
2025-07-10 17:13:08,517 - httpx - INFO - HTTP Request: POST https://api.telegram.org/bot7707158318:AAE8rWa4Q8Z_3avql6K0HAmXaooZAReoNF0/sendMessage "HTTP/1.1 200 OK"
2025-07-10 17:13:08,518 - httpcore.http11 - DEBUG - receive_response_body.started request=<Request [b'POST']>
2025-07-10 17:13:08,518 - httpcore.http11 - DEBUG - receive_response_body.complete
2025-07-10 17:13:08,518 - httpcore.http11 - DEBUG - response_closed.started
2025-07-10 17:13:08,520 - httpcore.http11 - DEBUG - response_closed.complete
2025-07-10 17:13:08,521 - telegram.ext.ExtBot - DEBUG - Message(channel_chat_created=False, chat=Chat(first_name='Ghost', id=7049055170, last_name='Number1', type=<ChatType.PRIVATE>), date=datetime.datetime(2025, 7, 10, 16, 13, 9, tzinfo=<UTC>), delete_chat_photo=False, from_user=User(first_name='SPRD', id=7707158318, is_bot=True, username='tizi91Bot'), group_chat_created=False, message_id=13499, reply_markup=InlineKeyboardMarkup(inline_keyboard=((InlineKeyboardButton(callback_data='start_sniperx', text='🚀 Start SniperX'),), (InlineKeyboardButton(callback_data='stop_sniperx', text='🛑 Stop SniperX'), InlineKeyboardButton(callback_data='status_sniperx', text='📊 Status')), (InlineKeyboardButton(callback_data='show_balance', text='💰 Balance'),))), supergroup_chat_created=False, text='SniperX Bot Control Panel:')
2025-07-10 17:13:08,523 - telegram.ext.ExtBot - DEBUG - Exiting: send_message
2025-07-10 17:13:10,952 - httpcore.http11 - DEBUG - receive_response_headers.complete return_value=(b'HTTP/1.1', 200, b'OK', [(b'Server', b'nginx/1.18.0'), (b'Date', b'Thu, 10 Jul 2025 16:13:11 GMT'), (b'Content-Type', b'application/json'), (b'Content-Length', b'818'), (b'Connection', b'keep-alive'), (b'Strict-Transport-Security', b'max-age=31536000; includeSubDomains; preload'), (b'Access-Control-Allow-Origin', b'*'), (b'Access-Control-Allow-Methods', b'GET, POST, OPTIONS'), (b'Access-Control-Expose-Headers', b'Content-Length,Content-Type,Date,Server,Connection')])
2025-07-10 17:13:10,953 - httpx - INFO - HTTP Request: POST https://api.telegram.org/bot7707158318:AAE8rWa4Q8Z_3avql6K0HAmXaooZAReoNF0/getUpdates "HTTP/1.1 200 OK"
2025-07-10 17:13:10,953 - httpcore.http11 - DEBUG - receive_response_body.started request=<Request [b'POST']>
2025-07-10 17:13:10,953 - httpcore.http11 - DEBUG - receive_response_body.complete
2025-07-10 17:13:10,953 - httpcore.http11 - DEBUG - response_closed.started
2025-07-10 17:13:10,954 - httpcore.http11 - DEBUG - response_closed.complete
2025-07-10 17:13:10,954 - telegram.ext.ExtBot - DEBUG - Getting updates: [37530826]
2025-07-10 17:13:10,954 - telegram.ext.ExtBot - DEBUG - (Update(callback_query=CallbackQuery(chat_instance='-1307310250263184334', data='start_sniperx', from_user=User(first_name='Ghost', id=7049055170, is_bot=False, language_code='en', last_name='Number1'), id='2605345314372991781', message=Message(channel_chat_created=False, chat=Chat(first_name='Ghost', id=7049055170, last_name='Number1', type=<ChatType.PRIVATE>), date=datetime.datetime(2025, 7, 10, 16, 13, 9, tzinfo=<UTC>), delete_chat_photo=False, from_user=User(first_name='SPRD', id=7707158318, is_bot=True, username='tizi91Bot'), group_chat_created=False, message_id=13499, reply_markup=InlineKeyboardMarkup(inline_keyboard=((InlineKeyboardButton(callback_data='start_sniperx', text='🚀 Start SniperX'),), (InlineKeyboardButton(callback_data='stop_sniperx', text='🛑 Stop SniperX'), InlineKeyboardButton(callback_data='status_sniperx', text='📊 Status')), (InlineKeyboardButton(callback_data='show_balance', text='💰 Balance'),))), supergroup_chat_created=False, text='SniperX Bot Control Panel:')), update_id=37530826),)
2025-07-10 17:13:10,956 - telegram.ext.ExtBot - DEBUG - Exiting: get_updates
2025-07-10 17:13:10,956 - telegram.ext.ExtBot - DEBUG - Entering: get_updates
2025-07-10 17:13:10,957 - telegram.ext.Application - DEBUG - Processing update Update(callback_query=CallbackQuery(chat_instance='-1307310250263184334', data='start_sniperx', from_user=User(first_name='Ghost', id=7049055170, is_bot=False, language_code='en', last_name='Number1'), id='2605345314372991781', message=Message(channel_chat_created=False, chat=Chat(first_name='Ghost', id=7049055170, last_name='Number1', type=<ChatType.PRIVATE>), date=datetime.datetime(2025, 7, 10, 16, 13, 9, tzinfo=<UTC>), delete_chat_photo=False, from_user=User(first_name='SPRD', id=7707158318, is_bot=True, username='tizi91Bot'), group_chat_created=False, message_id=13499, reply_markup=InlineKeyboardMarkup(inline_keyboard=((InlineKeyboardButton(callback_data='start_sniperx', text='🚀 Start SniperX'),), (InlineKeyboardButton(callback_data='stop_sniperx', text='🛑 Stop SniperX'), InlineKeyboardButton(callback_data='status_sniperx', text='📊 Status')), (InlineKeyboardButton(callback_data='show_balance', text='💰 Balance'),))), supergroup_chat_created=False, text='SniperX Bot Control Panel:')), update_id=37530826)
2025-07-10 17:13:10,958 - __main__ - INFO - Button callback received: Update(callback_query=CallbackQuery(chat_instance='-1307310250263184334', data='start_sniperx', from_user=User(first_name='Ghost', id=7049055170, is_bot=False, language_code='en', last_name='Number1'), id='2605345314372991781', message=Message(channel_chat_created=False, chat=Chat(first_name='Ghost', id=7049055170, last_name='Number1', type=<ChatType.PRIVATE>), date=datetime.datetime(2025, 7, 10, 16, 13, 9, tzinfo=<UTC>), delete_chat_photo=False, from_user=User(first_name='SPRD', id=7707158318, is_bot=True, username='tizi91Bot'), group_chat_created=False, message_id=13499, reply_markup=InlineKeyboardMarkup(inline_keyboard=((InlineKeyboardButton(callback_data='start_sniperx', text='🚀 Start SniperX'),), (InlineKeyboardButton(callback_data='stop_sniperx', text='🛑 Stop SniperX'), InlineKeyboardButton(callback_data='status_sniperx', text='📊 Status')), (InlineKeyboardButton(callback_data='show_balance', text='💰 Balance'),))), supergroup_chat_created=False, text='SniperX Bot Control Panel:')), update_id=37530826)
2025-07-10 17:13:10,958 - telegram.ext.ExtBot - DEBUG - Entering: answer_callback_query
2025-07-10 17:13:10,961 - httpcore.http11 - DEBUG - send_request_headers.started request=<Request [b'POST']>
2025-07-10 17:13:10,962 - httpcore.http11 - DEBUG - send_request_headers.started request=<Request [b'POST']>
2025-07-10 17:13:10,962 - httpcore.http11 - DEBUG - send_request_headers.complete
2025-07-10 17:13:10,962 - httpcore.http11 - DEBUG - send_request_body.started request=<Request [b'POST']>
2025-07-10 17:13:10,963 - httpcore.http11 - DEBUG - send_request_headers.complete
2025-07-10 17:13:10,963 - httpcore.http11 - DEBUG - send_request_body.started request=<Request [b'POST']>
2025-07-10 17:13:10,963 - httpcore.http11 - DEBUG - send_request_body.complete
2025-07-10 17:13:10,963 - httpcore.http11 - DEBUG - receive_response_headers.started request=<Request [b'POST']>
2025-07-10 17:13:10,964 - httpcore.http11 - DEBUG - send_request_body.complete
2025-07-10 17:13:10,964 - httpcore.http11 - DEBUG - receive_response_headers.started request=<Request [b'POST']>
2025-07-10 17:13:11,042 - httpcore.http11 - DEBUG - receive_response_headers.complete return_value=(b'HTTP/1.1', 200, b'OK', [(b'Server', b'nginx/1.18.0'), (b'Date', b'Thu, 10 Jul 2025 16:13:11 GMT'), (b'Content-Type', b'application/json'), (b'Content-Length', b'25'), (b'Connection', b'keep-alive'), (b'Strict-Transport-Security', b'max-age=31536000; includeSubDomains; preload'), (b'Access-Control-Allow-Origin', b'*'), (b'Access-Control-Allow-Methods', b'GET, POST, OPTIONS'), (b'Access-Control-Expose-Headers', b'Content-Length,Content-Type,Date,Server,Connection')])
2025-07-10 17:13:11,042 - httpx - INFO - HTTP Request: POST https://api.telegram.org/bot7707158318:AAE8rWa4Q8Z_3avql6K0HAmXaooZAReoNF0/answerCallbackQuery "HTTP/1.1 200 OK"
2025-07-10 17:13:11,043 - httpcore.http11 - DEBUG - receive_response_body.started request=<Request [b'POST']>
2025-07-10 17:13:11,043 - httpcore.http11 - DEBUG - receive_response_body.complete
2025-07-10 17:13:11,043 - httpcore.http11 - DEBUG - response_closed.started
2025-07-10 17:13:11,043 - httpcore.http11 - DEBUG - response_closed.complete
2025-07-10 17:13:11,044 - telegram.ext.ExtBot - DEBUG - True
2025-07-10 17:13:11,044 - telegram.ext.ExtBot - DEBUG - Exiting: answer_callback_query
2025-07-10 17:13:11,044 - __main__ - INFO - Processing action: start_sniperx
2025-07-10 17:13:11,046 - telegram.ext.ExtBot - DEBUG - Entering: send_message
2025-07-10 17:13:11,050 - httpcore.http11 - DEBUG - send_request_headers.started request=<Request [b'POST']>
2025-07-10 17:13:11,050 - httpcore.http11 - DEBUG - send_request_headers.complete
2025-07-10 17:13:11,050 - httpcore.http11 - DEBUG - send_request_body.started request=<Request [b'POST']>
2025-07-10 17:13:11,050 - httpcore.http11 - DEBUG - send_request_body.complete
2025-07-10 17:13:11,051 - httpcore.http11 - DEBUG - receive_response_headers.started request=<Request [b'POST']>
2025-07-10 17:13:11,138 - httpcore.http11 - DEBUG - receive_response_headers.complete return_value=(b'HTTP/1.1', 200, b'OK', [(b'Server', b'nginx/1.18.0'), (b'Date', b'Thu, 10 Jul 2025 16:13:11 GMT'), (b'Content-Type', b'application/json'), (b'Content-Length', b'262'), (b'Connection', b'keep-alive'), (b'Strict-Transport-Security', b'max-age=31536000; includeSubDomains; preload'), (b'Access-Control-Allow-Origin', b'*'), (b'Access-Control-Allow-Methods', b'GET, POST, OPTIONS'), (b'Access-Control-Expose-Headers', b'Content-Length,Content-Type,Date,Server,Connection')])
2025-07-10 17:13:11,139 - httpx - INFO - HTTP Request: POST https://api.telegram.org/bot7707158318:AAE8rWa4Q8Z_3avql6K0HAmXaooZAReoNF0/sendMessage "HTTP/1.1 200 OK"
2025-07-10 17:13:11,139 - httpcore.http11 - DEBUG - receive_response_body.started request=<Request [b'POST']>
2025-07-10 17:13:11,140 - httpcore.http11 - DEBUG - receive_response_body.complete
2025-07-10 17:13:11,140 - httpcore.http11 - DEBUG - response_closed.started
2025-07-10 17:13:11,140 - httpcore.http11 - DEBUG - response_closed.complete
2025-07-10 17:13:11,141 - telegram.ext.ExtBot - DEBUG - Message(channel_chat_created=False, chat=Chat(first_name='Ghost', id=7049055170, last_name='Number1', type=<ChatType.PRIVATE>), date=datetime.datetime(2025, 7, 10, 16, 13, 11, tzinfo=<UTC>), delete_chat_photo=False, from_user=User(first_name='SPRD', id=7707158318, is_bot=True, username='tizi91Bot'), group_chat_created=False, message_id=13500, supergroup_chat_created=False, text='Starting wallet manager...')
2025-07-10 17:13:11,141 - telegram.ext.ExtBot - DEBUG - Exiting: send_message
2025-07-10 17:13:13,207 - telegram.ext.ExtBot - DEBUG - Entering: send_message
2025-07-10 17:13:13,209 - httpcore.http11 - DEBUG - send_request_headers.started request=<Request [b'POST']>
2025-07-10 17:13:13,209 - httpcore.http11 - DEBUG - send_request_headers.complete
2025-07-10 17:13:13,209 - httpcore.http11 - DEBUG - send_request_body.started request=<Request [b'POST']>
2025-07-10 17:13:13,210 - httpcore.http11 - DEBUG - send_request_body.complete
2025-07-10 17:13:13,210 - httpcore.http11 - DEBUG - receive_response_headers.started request=<Request [b'POST']>
2025-07-10 17:13:13,319 - httpcore.http11 - DEBUG - receive_response_headers.complete return_value=(b'HTTP/1.1', 200, b'OK', [(b'Server', b'nginx/1.18.0'), (b'Date', b'Thu, 10 Jul 2025 16:13:13 GMT'), (b'Content-Type', b'application/json'), (b'Content-Length', b'323'), (b'Connection', b'keep-alive'), (b'Strict-Transport-Security', b'max-age=31536000; includeSubDomains; preload'), (b'Access-Control-Allow-Origin', b'*'), (b'Access-Control-Allow-Methods', b'GET, POST, OPTIONS'), (b'Access-Control-Expose-Headers', b'Content-Length,Content-Type,Date,Server,Connection')])
2025-07-10 17:13:13,320 - httpx - INFO - HTTP Request: POST https://api.telegram.org/bot7707158318:AAE8rWa4Q8Z_3avql6K0HAmXaooZAReoNF0/sendMessage "HTTP/1.1 200 OK"
2025-07-10 17:13:13,321 - httpcore.http11 - DEBUG - receive_response_body.started request=<Request [b'POST']>
2025-07-10 17:13:13,321 - httpcore.http11 - DEBUG - receive_response_body.complete
2025-07-10 17:13:13,322 - httpcore.http11 - DEBUG - response_closed.started
2025-07-10 17:13:13,322 - httpcore.http11 - DEBUG - response_closed.complete
2025-07-10 17:13:13,324 - telegram.ext.ExtBot - DEBUG - Message(channel_chat_created=False, chat=Chat(first_name='Ghost', id=7049055170, last_name='Number1', type=<ChatType.PRIVATE>), date=datetime.datetime(2025, 7, 10, 16, 13, 13, tzinfo=<UTC>), delete_chat_photo=False, entities=(MessageEntity(length=5, offset=8, type=<MessageEntityType.URL>),), from_user=User(first_name='SPRD', id=7707158318, is_bot=True, username='tizi91Bot'), group_chat_created=False, message_id=13501, supergroup_chat_created=False, text='SniperX V2.py started with PID 19176.')
2025-07-10 17:13:13,324 - telegram.ext.ExtBot - DEBUG - Exiting: send_message
2025-07-10 17:13:13,325 - __main__ - INFO - SniperX V2.py started with PID 19176 by user tizi91Bot
2025-07-10 17:13:13,326 - telegram.ext.ExtBot - DEBUG - Entering: edit_message_text
2025-07-10 17:13:13,328 - httpcore.http11 - DEBUG - send_request_headers.started request=<Request [b'POST']>
2025-07-10 17:13:13,329 - httpcore.http11 - DEBUG - send_request_headers.complete
2025-07-10 17:13:13,330 - httpcore.http11 - DEBUG - send_request_body.started request=<Request [b'POST']>
2025-07-10 17:13:13,332 - httpcore.http11 - DEBUG - send_request_body.complete
2025-07-10 17:13:13,332 - httpcore.http11 - DEBUG - receive_response_headers.started request=<Request [b'POST']>
2025-07-10 17:13:13,442 - httpcore.http11 - DEBUG - receive_response_headers.complete return_value=(b'HTTP/1.1', 400, b'Bad Request', [(b'Server', b'nginx/1.18.0'), (b'Date', b'Thu, 10 Jul 2025 16:13:14 GMT'), (b'Content-Type', b'application/json'), (b'Content-Length', b'204'), (b'Connection', b'keep-alive'), (b'Strict-Transport-Security', b'max-age=31536000; includeSubDomains; preload'), (b'Access-Control-Allow-Origin', b'*'), (b'Access-Control-Expose-Headers', b'Content-Length,Content-Type,Date,Server,Connection')])
2025-07-10 17:13:13,442 - httpx - INFO - HTTP Request: POST https://api.telegram.org/bot7707158318:AAE8rWa4Q8Z_3avql6K0HAmXaooZAReoNF0/editMessageText "HTTP/1.1 400 Bad Request"
2025-07-10 17:13:13,443 - httpcore.http11 - DEBUG - receive_response_body.started request=<Request [b'POST']>
2025-07-10 17:13:13,443 - httpcore.http11 - DEBUG - receive_response_body.complete
2025-07-10 17:13:13,443 - httpcore.http11 - DEBUG - response_closed.started
2025-07-10 17:13:13,444 - httpcore.http11 - DEBUG - response_closed.complete
2025-07-10 17:13:13,444 - __main__ - ERROR - Error showing menu: Message is not modified: specified new message content and reply markup are exactly the same as a current content and reply markup of the message
2025-07-10 17:13:13,444 - telegram.ext.ExtBot - DEBUG - Entering: send_message
2025-07-10 17:13:13,447 - httpcore.http11 - DEBUG - send_request_headers.started request=<Request [b'POST']>
2025-07-10 17:13:13,448 - httpcore.http11 - DEBUG - send_request_headers.complete
2025-07-10 17:13:13,448 - httpcore.http11 - DEBUG - send_request_body.started request=<Request [b'POST']>
2025-07-10 17:13:13,450 - httpcore.http11 - DEBUG - send_request_body.complete
2025-07-10 17:13:13,450 - httpcore.http11 - DEBUG - receive_response_headers.started request=<Request [b'POST']>
2025-07-10 17:13:13,617 - httpcore.http11 - DEBUG - receive_response_headers.complete return_value=(b'HTTP/1.1', 200, b'OK', [(b'Server', b'nginx/1.18.0'), (b'Date', b'Thu, 10 Jul 2025 16:13:14 GMT'), (b'Content-Type', b'application/json'), (b'Content-Length', b'570'), (b'Connection', b'keep-alive'), (b'Strict-Transport-Security', b'max-age=31536000; includeSubDomains; preload'), (b'Access-Control-Allow-Origin', b'*'), (b'Access-Control-Allow-Methods', b'GET, POST, OPTIONS'), (b'Access-Control-Expose-Headers', b'Content-Length,Content-Type,Date,Server,Connection')])
2025-07-10 17:13:13,618 - httpx - INFO - HTTP Request: POST https://api.telegram.org/bot7707158318:AAE8rWa4Q8Z_3avql6K0HAmXaooZAReoNF0/sendMessage "HTTP/1.1 200 OK"
2025-07-10 17:13:13,618 - httpcore.http11 - DEBUG - receive_response_body.started request=<Request [b'POST']>
2025-07-10 17:13:13,618 - httpcore.http11 - DEBUG - receive_response_body.complete
2025-07-10 17:13:13,618 - httpcore.http11 - DEBUG - response_closed.started
2025-07-10 17:13:13,619 - httpcore.http11 - DEBUG - response_closed.complete
2025-07-10 17:13:13,619 - telegram.ext.ExtBot - DEBUG - Message(channel_chat_created=False, chat=Chat(first_name='Ghost', id=7049055170, last_name='Number1', type=<ChatType.PRIVATE>), date=datetime.datetime(2025, 7, 10, 16, 13, 14, tzinfo=<UTC>), delete_chat_photo=False, from_user=User(first_name='SPRD', id=7707158318, is_bot=True, username='tizi91Bot'), group_chat_created=False, message_id=13502, reply_markup=InlineKeyboardMarkup(inline_keyboard=((InlineKeyboardButton(callback_data='start_sniperx', text='🚀 Start SniperX'),), (InlineKeyboardButton(callback_data='stop_sniperx', text='🛑 Stop SniperX'), InlineKeyboardButton(callback_data='status_sniperx', text='📊 Status')), (InlineKeyboardButton(callback_data='show_balance', text='💰 Balance'),))), supergroup_chat_created=False, text='SniperX Bot Control Panel:')
2025-07-10 17:13:13,620 - telegram.ext.ExtBot - DEBUG - Exiting: send_message
2025-07-10 17:13:21,045 - httpcore.http11 - DEBUG - receive_response_headers.complete return_value=(b'HTTP/1.1', 200, b'OK', [(b'Server', b'nginx/1.18.0'), (b'Date', b'Thu, 10 Jul 2025 16:13:21 GMT'), (b'Content-Type', b'application/json'), (b'Content-Length', b'23'), (b'Connection', b'keep-alive'), (b'Strict-Transport-Security', b'max-age=31536000; includeSubDomains; preload'), (b'Access-Control-Allow-Origin', b'*'), (b'Access-Control-Allow-Methods', b'GET, POST, OPTIONS'), (b'Access-Control-Expose-Headers', b'Content-Length,Content-Type,Date,Server,Connection')])
2025-07-10 17:13:21,046 - httpx - INFO - HTTP Request: POST https://api.telegram.org/bot7707158318:AAE8rWa4Q8Z_3avql6K0HAmXaooZAReoNF0/getUpdates "HTTP/1.1 200 OK"
2025-07-10 17:13:21,047 - httpcore.http11 - DEBUG - receive_response_body.started request=<Request [b'POST']>
2025-07-10 17:13:21,047 - httpcore.http11 - DEBUG - receive_response_body.complete
2025-07-10 17:13:21,048 - httpcore.http11 - DEBUG - response_closed.started
2025-07-10 17:13:21,048 - httpcore.http11 - DEBUG - response_closed.complete
2025-07-10 17:13:21,048 - telegram.ext.ExtBot - DEBUG - No new updates found.
2025-07-10 17:13:21,049 - telegram.ext.ExtBot - DEBUG - ()
2025-07-10 17:13:21,049 - telegram.ext.ExtBot - DEBUG - Exiting: get_updates
2025-07-10 17:13:21,049 - telegram.ext.ExtBot - DEBUG - Entering: get_updates
2025-07-10 17:13:21,049 - httpcore.http11 - DEBUG - send_request_headers.started request=<Request [b'POST']>
2025-07-10 17:13:21,049 - httpcore.http11 - DEBUG - send_request_headers.complete
2025-07-10 17:13:21,050 - httpcore.http11 - DEBUG - send_request_body.started request=<Request [b'POST']>
2025-07-10 17:13:21,050 - httpcore.http11 - DEBUG - send_request_body.complete
2025-07-10 17:13:21,050 - httpcore.http11 - DEBUG - receive_response_headers.started request=<Request [b'POST']>
2025-07-10 17:13:31,141 - httpcore.http11 - DEBUG - receive_response_headers.complete return_value=(b'HTTP/1.1', 200, b'OK', [(b'Server', b'nginx/1.18.0'), (b'Date', b'Thu, 10 Jul 2025 16:13:31 GMT'), (b'Content-Type', b'application/json'), (b'Content-Length', b'23'), (b'Connection', b'keep-alive'), (b'Strict-Transport-Security', b'max-age=31536000; includeSubDomains; preload'), (b'Access-Control-Allow-Origin', b'*'), (b'Access-Control-Allow-Methods', b'GET, POST, OPTIONS'), (b'Access-Control-Expose-Headers', b'Content-Length,Content-Type,Date,Server,Connection')])
2025-07-10 17:13:31,141 - httpx - INFO - HTTP Request: POST https://api.telegram.org/bot7707158318:AAE8rWa4Q8Z_3avql6K0HAmXaooZAReoNF0/getUpdates "HTTP/1.1 200 OK"
2025-07-10 17:13:31,142 - httpcore.http11 - DEBUG - receive_response_body.started request=<Request [b'POST']>
2025-07-10 17:13:31,142 - httpcore.http11 - DEBUG - receive_response_body.complete
2025-07-10 17:13:31,143 - httpcore.http11 - DEBUG - response_closed.started
2025-07-10 17:13:31,143 - httpcore.http11 - DEBUG - response_closed.complete
2025-07-10 17:13:31,143 - telegram.ext.ExtBot - DEBUG - No new updates found.
2025-07-10 17:13:31,143 - telegram.ext.ExtBot - DEBUG - ()
2025-07-10 17:13:31,143 - telegram.ext.ExtBot - DEBUG - Exiting: get_updates
2025-07-10 17:13:31,144 - telegram.ext.ExtBot - DEBUG - Entering: get_updates
2025-07-10 17:13:31,145 - httpcore.http11 - DEBUG - send_request_headers.started request=<Request [b'POST']>
2025-07-10 17:13:31,145 - httpcore.http11 - DEBUG - send_request_headers.complete
2025-07-10 17:13:31,145 - httpcore.http11 - DEBUG - send_request_body.started request=<Request [b'POST']>
2025-07-10 17:13:31,146 - httpcore.http11 - DEBUG - send_request_body.complete
2025-07-10 17:13:31,146 - httpcore.http11 - DEBUG - receive_response_headers.started request=<Request [b'POST']>
2025-07-10 17:13:41,232 - httpcore.http11 - DEBUG - receive_response_headers.complete return_value=(b'HTTP/1.1', 200, b'OK', [(b'Server', b'nginx/1.18.0'), (b'Date', b'Thu, 10 Jul 2025 16:13:41 GMT'), (b'Content-Type', b'application/json'), (b'Content-Length', b'23'), (b'Connection', b'keep-alive'), (b'Strict-Transport-Security', b'max-age=31536000; includeSubDomains; preload'), (b'Access-Control-Allow-Origin', b'*'), (b'Access-Control-Allow-Methods', b'GET, POST, OPTIONS'), (b'Access-Control-Expose-Headers', b'Content-Length,Content-Type,Date,Server,Connection')])
2025-07-10 17:13:41,233 - httpx - INFO - HTTP Request: POST https://api.telegram.org/bot7707158318:AAE8rWa4Q8Z_3avql6K0HAmXaooZAReoNF0/getUpdates "HTTP/1.1 200 OK"
2025-07-10 17:13:41,233 - httpcore.http11 - DEBUG - receive_response_body.started request=<Request [b'POST']>
2025-07-10 17:13:41,233 - httpcore.http11 - DEBUG - receive_response_body.complete
2025-07-10 17:13:41,233 - httpcore.http11 - DEBUG - response_closed.started
2025-07-10 17:13:41,233 - httpcore.http11 - DEBUG - response_closed.complete
2025-07-10 17:13:41,236 - telegram.ext.ExtBot - DEBUG - No new updates found.
2025-07-10 17:13:41,236 - telegram.ext.ExtBot - DEBUG - ()
2025-07-10 17:13:41,236 - telegram.ext.ExtBot - DEBUG - Exiting: get_updates
2025-07-10 17:13:41,236 - telegram.ext.ExtBot - DEBUG - Entering: get_updates
2025-07-10 17:13:41,238 - httpcore.http11 - DEBUG - send_request_headers.started request=<Request [b'POST']>
2025-07-10 17:13:41,239 - httpcore.http11 - DEBUG - send_request_headers.complete
2025-07-10 17:13:41,240 - httpcore.http11 - DEBUG - send_request_body.started request=<Request [b'POST']>
2025-07-10 17:13:41,240 - httpcore.http11 - DEBUG - send_request_body.complete
2025-07-10 17:13:41,240 - httpcore.http11 - DEBUG - receive_response_headers.started request=<Request [b'POST']>
2025-07-10 17:13:51,869 - httpcore.http11 - DEBUG - receive_response_headers.complete return_value=(b'HTTP/1.1', 200, b'OK', [(b'Server', b'nginx/1.18.0'), (b'Date', b'Thu, 10 Jul 2025 16:13:52 GMT'), (b'Content-Type', b'application/json'), (b'Content-Length', b'23'), (b'Connection', b'keep-alive'), (b'Strict-Transport-Security', b'max-age=31536000; includeSubDomains; preload'), (b'Access-Control-Allow-Origin', b'*'), (b'Access-Control-Allow-Methods', b'GET, POST, OPTIONS'), (b'Access-Control-Expose-Headers', b'Content-Length,Content-Type,Date,Server,Connection')])
2025-07-10 17:13:51,869 - httpx - INFO - HTTP Request: POST https://api.telegram.org/bot7707158318:AAE8rWa4Q8Z_3avql6K0HAmXaooZAReoNF0/getUpdates "HTTP/1.1 200 OK"
2025-07-10 17:13:51,875 - httpcore.http11 - DEBUG - receive_response_body.started request=<Request [b'POST']>
2025-07-10 17:13:51,875 - httpcore.http11 - DEBUG - receive_response_body.complete
2025-07-10 17:13:51,875 - httpcore.http11 - DEBUG - response_closed.started
2025-07-10 17:13:51,875 - httpcore.http11 - DEBUG - response_closed.complete
2025-07-10 17:13:51,876 - telegram.ext.ExtBot - DEBUG - No new updates found.
2025-07-10 17:13:51,876 - telegram.ext.ExtBot - DEBUG - ()
2025-07-10 17:13:51,876 - telegram.ext.ExtBot - DEBUG - Exiting: get_updates
2025-07-10 17:13:51,876 - telegram.ext.ExtBot - DEBUG - Entering: get_updates
2025-07-10 17:13:51,877 - httpcore.http11 - DEBUG - send_request_headers.started request=<Request [b'POST']>
2025-07-10 17:13:51,877 - httpcore.http11 - DEBUG - send_request_headers.complete
2025-07-10 17:13:51,879 - httpcore.http11 - DEBUG - send_request_body.started request=<Request [b'POST']>
2025-07-10 17:13:51,879 - httpcore.http11 - DEBUG - send_request_body.complete
2025-07-10 17:13:51,879 - httpcore.http11 - DEBUG - receive_response_headers.started request=<Request [b'POST']>
2025-07-10 17:14:02,024 - httpcore.http11 - DEBUG - receive_response_headers.complete return_value=(b'HTTP/1.1', 200, b'OK', [(b'Server', b'nginx/1.18.0'), (b'Date', b'Thu, 10 Jul 2025 16:14:02 GMT'), (b'Content-Type', b'application/json'), (b'Content-Length', b'23'), (b'Connection', b'keep-alive'), (b'Strict-Transport-Security', b'max-age=31536000; includeSubDomains; preload'), (b'Access-Control-Allow-Origin', b'*'), (b'Access-Control-Allow-Methods', b'GET, POST, OPTIONS'), (b'Access-Control-Expose-Headers', b'Content-Length,Content-Type,Date,Server,Connection')])
2025-07-10 17:14:02,024 - httpx - INFO - HTTP Request: POST https://api.telegram.org/bot7707158318:AAE8rWa4Q8Z_3avql6K0HAmXaooZAReoNF0/getUpdates "HTTP/1.1 200 OK"
2025-07-10 17:14:02,024 - httpcore.http11 - DEBUG - receive_response_body.started request=<Request [b'POST']>
2025-07-10 17:14:02,024 - httpcore.http11 - DEBUG - receive_response_body.complete
2025-07-10 17:14:02,024 - httpcore.http11 - DEBUG - response_closed.started
2025-07-10 17:14:02,024 - httpcore.http11 - DEBUG - response_closed.complete
2025-07-10 17:14:02,024 - telegram.ext.ExtBot - DEBUG - No new updates found.
2025-07-10 17:14:02,024 - telegram.ext.ExtBot - DEBUG - ()
2025-07-10 17:14:02,029 - telegram.ext.ExtBot - DEBUG - Exiting: get_updates
2025-07-10 17:14:02,029 - telegram.ext.ExtBot - DEBUG - Entering: get_updates
2025-07-10 17:14:02,029 - httpcore.http11 - DEBUG - send_request_headers.started request=<Request [b'POST']>
2025-07-10 17:14:02,032 - httpcore.http11 - DEBUG - send_request_headers.complete
2025-07-10 17:14:02,032 - httpcore.http11 - DEBUG - send_request_body.started request=<Request [b'POST']>
2025-07-10 17:14:02,032 - httpcore.http11 - DEBUG - send_request_body.complete
2025-07-10 17:14:02,032 - httpcore.http11 - DEBUG - receive_response_headers.started request=<Request [b'POST']>
2025-07-10 17:14:12,388 - httpcore.http11 - DEBUG - receive_response_headers.complete return_value=(b'HTTP/1.1', 200, b'OK', [(b'Server', b'nginx/1.18.0'), (b'Date', b'Thu, 10 Jul 2025 16:14:13 GMT'), (b'Content-Type', b'application/json'), (b'Content-Length', b'23'), (b'Connection', b'keep-alive'), (b'Strict-Transport-Security', b'max-age=31536000; includeSubDomains; preload'), (b'Access-Control-Allow-Origin', b'*'), (b'Access-Control-Allow-Methods', b'GET, POST, OPTIONS'), (b'Access-Control-Expose-Headers', b'Content-Length,Content-Type,Date,Server,Connection')])
2025-07-10 17:14:12,389 - httpx - INFO - HTTP Request: POST https://api.telegram.org/bot7707158318:AAE8rWa4Q8Z_3avql6K0HAmXaooZAReoNF0/getUpdates "HTTP/1.1 200 OK"
2025-07-10 17:14:12,390 - httpcore.http11 - DEBUG - receive_response_body.started request=<Request [b'POST']>
2025-07-10 17:14:12,390 - httpcore.http11 - DEBUG - receive_response_body.complete
2025-07-10 17:14:12,390 - httpcore.http11 - DEBUG - response_closed.started
2025-07-10 17:14:12,390 - httpcore.http11 - DEBUG - response_closed.complete
2025-07-10 17:14:12,392 - telegram.ext.ExtBot - DEBUG - No new updates found.
2025-07-10 17:14:12,392 - telegram.ext.ExtBot - DEBUG - ()
2025-07-10 17:14:12,392 - telegram.ext.ExtBot - DEBUG - Exiting: get_updates
2025-07-10 17:14:12,392 - telegram.ext.ExtBot - DEBUG - Entering: get_updates
2025-07-10 17:14:12,394 - httpcore.http11 - DEBUG - send_request_headers.started request=<Request [b'POST']>
2025-07-10 17:14:12,394 - httpcore.http11 - DEBUG - send_request_headers.complete
2025-07-10 17:14:12,394 - httpcore.http11 - DEBUG - send_request_body.started request=<Request [b'POST']>
2025-07-10 17:14:12,396 - httpcore.http11 - DEBUG - send_request_body.complete
2025-07-10 17:14:12,396 - httpcore.http11 - DEBUG - receive_response_headers.started request=<Request [b'POST']>
2025-07-10 17:14:24,409 - httpcore.http11 - DEBUG - receive_response_headers.failed exception=ReadTimeout(TimeoutError())
2025-07-10 17:14:24,409 - httpcore.http11 - DEBUG - response_closed.started
2025-07-10 17:14:24,414 - httpcore.http11 - DEBUG - response_closed.complete
2025-07-10 17:14:24,416 - telegram.ext.Updater - DEBUG - Timed out getting Updates: Timed out
2025-07-10 17:14:24,416 - telegram.ext.ExtBot - DEBUG - Entering: get_updates
2025-07-10 17:14:24,416 - httpcore.connection - DEBUG - connect_tcp.started host='api.telegram.org' port=443 local_address=None timeout=5.0 socket_options=None
2025-07-10 17:14:27,614 - httpcore.connection - DEBUG - connect_tcp.complete return_value=<httpcore._backends.anyio.AnyIOStream object at 0x00000220FF28B130>
2025-07-10 17:14:27,614 - httpcore.connection - DEBUG - start_tls.started ssl_context=<ssl.SSLContext object at 0x00000220FF1F83C0> server_hostname='api.telegram.org' timeout=5.0
2025-07-10 17:14:28,150 - httpcore.connection - DEBUG - start_tls.complete return_value=<httpcore._backends.anyio.AnyIOStream object at 0x00000220FF31C550>
2025-07-10 17:14:28,151 - httpcore.http11 - DEBUG - send_request_headers.started request=<Request [b'POST']>
2025-07-10 17:14:28,154 - httpcore.http11 - DEBUG - send_request_headers.complete
2025-07-10 17:14:28,154 - httpcore.http11 - DEBUG - send_request_body.started request=<Request [b'POST']>
2025-07-10 17:14:28,155 - httpcore.http11 - DEBUG - send_request_body.complete
2025-07-10 17:14:28,156 - httpcore.http11 - DEBUG - receive_response_headers.started request=<Request [b'POST']>
2025-07-10 17:14:38,228 - httpcore.http11 - DEBUG - receive_response_headers.complete return_value=(b'HTTP/1.1', 200, b'OK', [(b'Server', b'nginx/1.18.0'), (b'Date', b'Thu, 10 Jul 2025 16:14:38 GMT'), (b'Content-Type', b'application/json'), (b'Content-Length', b'23'), (b'Connection', b'keep-alive'), (b'Strict-Transport-Security', b'max-age=31536000; includeSubDomains; preload'), (b'Access-Control-Allow-Origin', b'*'), (b'Access-Control-Allow-Methods', b'GET, POST, OPTIONS'), (b'Access-Control-Expose-Headers', b'Content-Length,Content-Type,Date,Server,Connection')])
2025-07-10 17:14:38,228 - httpx - INFO - HTTP Request: POST https://api.telegram.org/bot7707158318:AAE8rWa4Q8Z_3avql6K0HAmXaooZAReoNF0/getUpdates "HTTP/1.1 200 OK"
2025-07-10 17:14:38,233 - httpcore.http11 - DEBUG - receive_response_body.started request=<Request [b'POST']>
2025-07-10 17:14:38,234 - httpcore.http11 - DEBUG - receive_response_body.complete
2025-07-10 17:14:38,234 - httpcore.http11 - DEBUG - response_closed.started
2025-07-10 17:14:38,234 - httpcore.http11 - DEBUG - response_closed.complete
2025-07-10 17:14:38,237 - telegram.ext.ExtBot - DEBUG - No new updates found.
2025-07-10 17:14:38,237 - telegram.ext.ExtBot - DEBUG - ()
2025-07-10 17:14:38,237 - telegram.ext.ExtBot - DEBUG - Exiting: get_updates
2025-07-10 17:14:38,237 - telegram.ext.ExtBot - DEBUG - Entering: get_updates
2025-07-10 17:14:38,242 - httpcore.http11 - DEBUG - send_request_headers.started request=<Request [b'POST']>
2025-07-10 17:14:38,245 - httpcore.http11 - DEBUG - send_request_headers.complete
2025-07-10 17:14:38,245 - httpcore.http11 - DEBUG - send_request_body.started request=<Request [b'POST']>
2025-07-10 17:14:38,248 - httpcore.http11 - DEBUG - send_request_body.complete
2025-07-10 17:14:38,248 - httpcore.http11 - DEBUG - receive_response_headers.started request=<Request [b'POST']>
2025-07-10 17:14:48,345 - httpcore.http11 - DEBUG - receive_response_headers.complete return_value=(b'HTTP/1.1', 200, b'OK', [(b'Server', b'nginx/1.18.0'), (b'Date', b'Thu, 10 Jul 2025 16:14:49 GMT'), (b'Content-Type', b'application/json'), (b'Content-Length', b'23'), (b'Connection', b'keep-alive'), (b'Strict-Transport-Security', b'max-age=31536000; includeSubDomains; preload'), (b'Access-Control-Allow-Origin', b'*'), (b'Access-Control-Allow-Methods', b'GET, POST, OPTIONS'), (b'Access-Control-Expose-Headers', b'Content-Length,Content-Type,Date,Server,Connection')])
2025-07-10 17:14:48,348 - httpx - INFO - HTTP Request: POST https://api.telegram.org/bot7707158318:AAE8rWa4Q8Z_3avql6K0HAmXaooZAReoNF0/getUpdates "HTTP/1.1 200 OK"
2025-07-10 17:14:48,350 - httpcore.http11 - DEBUG - receive_response_body.started request=<Request [b'POST']>
2025-07-10 17:14:48,350 - httpcore.http11 - DEBUG - receive_response_body.complete
2025-07-10 17:14:48,350 - httpcore.http11 - DEBUG - response_closed.started
2025-07-10 17:14:48,350 - httpcore.http11 - DEBUG - response_closed.complete
2025-07-10 17:14:48,353 - telegram.ext.ExtBot - DEBUG - No new updates found.
2025-07-10 17:14:48,353 - telegram.ext.ExtBot - DEBUG - ()
2025-07-10 17:14:48,353 - telegram.ext.ExtBot - DEBUG - Exiting: get_updates
2025-07-10 17:14:48,353 - telegram.ext.ExtBot - DEBUG - Entering: get_updates
2025-07-10 17:14:48,360 - httpcore.http11 - DEBUG - send_request_headers.started request=<Request [b'POST']>
2025-07-10 17:14:48,364 - httpcore.http11 - DEBUG - send_request_headers.complete
2025-07-10 17:14:48,364 - httpcore.http11 - DEBUG - send_request_body.started request=<Request [b'POST']>
2025-07-10 17:14:48,366 - httpcore.http11 - DEBUG - send_request_body.complete
2025-07-10 17:14:48,369 - httpcore.http11 - DEBUG - receive_response_headers.started request=<Request [b'POST']>
2025-07-10 17:14:58,678 - httpcore.http11 - DEBUG - receive_response_headers.complete return_value=(b'HTTP/1.1', 200, b'OK', [(b'Server', b'nginx/1.18.0'), (b'Date', b'Thu, 10 Jul 2025 16:14:59 GMT'), (b'Content-Type', b'application/json'), (b'Content-Length', b'23'), (b'Connection', b'keep-alive'), (b'Strict-Transport-Security', b'max-age=31536000; includeSubDomains; preload'), (b'Access-Control-Allow-Origin', b'*'), (b'Access-Control-Allow-Methods', b'GET, POST, OPTIONS'), (b'Access-Control-Expose-Headers', b'Content-Length,Content-Type,Date,Server,Connection')])
2025-07-10 17:14:58,681 - httpx - INFO - HTTP Request: POST https://api.telegram.org/bot7707158318:AAE8rWa4Q8Z_3avql6K0HAmXaooZAReoNF0/getUpdates "HTTP/1.1 200 OK"
2025-07-10 17:14:58,683 - httpcore.http11 - DEBUG - receive_response_body.started request=<Request [b'POST']>
2025-07-10 17:14:58,684 - httpcore.http11 - DEBUG - receive_response_body.complete
2025-07-10 17:14:58,684 - httpcore.http11 - DEBUG - response_closed.started
2025-07-10 17:14:58,686 - httpcore.http11 - DEBUG - response_closed.complete
2025-07-10 17:14:58,688 - telegram.ext.ExtBot - DEBUG - No new updates found.
2025-07-10 17:14:58,690 - telegram.ext.ExtBot - DEBUG - ()
2025-07-10 17:14:58,690 - telegram.ext.ExtBot - DEBUG - Exiting: get_updates
2025-07-10 17:14:58,690 - telegram.ext.ExtBot - DEBUG - Entering: get_updates
2025-07-10 17:14:58,697 - httpcore.http11 - DEBUG - send_request_headers.started request=<Request [b'POST']>
2025-07-10 17:14:58,701 - httpcore.http11 - DEBUG - send_request_headers.complete
2025-07-10 17:14:58,703 - httpcore.http11 - DEBUG - send_request_body.started request=<Request [b'POST']>
2025-07-10 17:14:58,706 - httpcore.http11 - DEBUG - send_request_body.complete
2025-07-10 17:14:58,706 - httpcore.http11 - DEBUG - receive_response_headers.started request=<Request [b'POST']>
2025-07-10 17:15:08,960 - httpcore.http11 - DEBUG - receive_response_headers.complete return_value=(b'HTTP/1.1', 200, b'OK', [(b'Server', b'nginx/1.18.0'), (b'Date', b'Thu, 10 Jul 2025 16:15:09 GMT'), (b'Content-Type', b'application/json'), (b'Content-Length', b'23'), (b'Connection', b'keep-alive'), (b'Strict-Transport-Security', b'max-age=31536000; includeSubDomains; preload'), (b'Access-Control-Allow-Origin', b'*'), (b'Access-Control-Allow-Methods', b'GET, POST, OPTIONS'), (b'Access-Control-Expose-Headers', b'Content-Length,Content-Type,Date,Server,Connection')])
2025-07-10 17:15:08,960 - httpx - INFO - HTTP Request: POST https://api.telegram.org/bot7707158318:AAE8rWa4Q8Z_3avql6K0HAmXaooZAReoNF0/getUpdates "HTTP/1.1 200 OK"
2025-07-10 17:15:08,964 - httpcore.http11 - DEBUG - receive_response_body.started request=<Request [b'POST']>
2025-07-10 17:15:08,966 - httpcore.http11 - DEBUG - receive_response_body.complete
2025-07-10 17:15:08,966 - httpcore.http11 - DEBUG - response_closed.started
2025-07-10 17:15:08,966 - httpcore.http11 - DEBUG - response_closed.complete
2025-07-10 17:15:08,969 - telegram.ext.ExtBot - DEBUG - No new updates found.
2025-07-10 17:15:08,969 - telegram.ext.ExtBot - DEBUG - ()
2025-07-10 17:15:08,969 - telegram.ext.ExtBot - DEBUG - Exiting: get_updates
2025-07-10 17:15:08,969 - telegram.ext.ExtBot - DEBUG - Entering: get_updates
2025-07-10 17:15:08,969 - httpcore.http11 - DEBUG - send_request_headers.started request=<Request [b'POST']>
2025-07-10 17:15:08,974 - httpcore.http11 - DEBUG - send_request_headers.complete
2025-07-10 17:15:08,974 - httpcore.http11 - DEBUG - send_request_body.started request=<Request [b'POST']>
2025-07-10 17:15:08,974 - httpcore.http11 - DEBUG - send_request_body.complete
2025-07-10 17:15:08,977 - httpcore.http11 - DEBUG - receive_response_headers.started request=<Request [b'POST']>
2025-07-10 17:15:19,049 - httpcore.http11 - DEBUG - receive_response_headers.complete return_value=(b'HTTP/1.1', 200, b'OK', [(b'Server', b'nginx/1.18.0'), (b'Date', b'Thu, 10 Jul 2025 16:15:19 GMT'), (b'Content-Type', b'application/json'), (b'Content-Length', b'23'), (b'Connection', b'keep-alive'), (b'Strict-Transport-Security', b'max-age=31536000; includeSubDomains; preload'), (b'Access-Control-Allow-Origin', b'*'), (b'Access-Control-Allow-Methods', b'GET, POST, OPTIONS'), (b'Access-Control-Expose-Headers', b'Content-Length,Content-Type,Date,Server,Connection')])
2025-07-10 17:15:19,053 - httpx - INFO - HTTP Request: POST https://api.telegram.org/bot7707158318:AAE8rWa4Q8Z_3avql6K0HAmXaooZAReoNF0/getUpdates "HTTP/1.1 200 OK"
2025-07-10 17:15:19,053 - httpcore.http11 - DEBUG - receive_response_body.started request=<Request [b'POST']>
2025-07-10 17:15:19,056 - httpcore.http11 - DEBUG - receive_response_body.complete
2025-07-10 17:15:19,056 - httpcore.http11 - DEBUG - response_closed.started
2025-07-10 17:15:19,058 - httpcore.http11 - DEBUG - response_closed.complete
2025-07-10 17:15:19,060 - telegram.ext.ExtBot - DEBUG - No new updates found.
2025-07-10 17:15:19,060 - telegram.ext.ExtBot - DEBUG - ()
2025-07-10 17:15:19,060 - telegram.ext.ExtBot - DEBUG - Exiting: get_updates
2025-07-10 17:15:19,062 - telegram.ext.ExtBot - DEBUG - Entering: get_updates
2025-07-10 17:15:19,069 - httpcore.http11 - DEBUG - send_request_headers.started request=<Request [b'POST']>
2025-07-10 17:15:19,069 - httpcore.http11 - DEBUG - send_request_headers.complete
2025-07-10 17:15:19,069 - httpcore.http11 - DEBUG - send_request_body.started request=<Request [b'POST']>
2025-07-10 17:15:19,077 - httpcore.http11 - DEBUG - send_request_body.complete
2025-07-10 17:15:19,077 - httpcore.http11 - DEBUG - receive_response_headers.started request=<Request [b'POST']>
2025-07-10 17:15:29,166 - httpcore.http11 - DEBUG - receive_response_headers.complete return_value=(b'HTTP/1.1', 200, b'OK', [(b'Server', b'nginx/1.18.0'), (b'Date', b'Thu, 10 Jul 2025 16:15:29 GMT'), (b'Content-Type', b'application/json'), (b'Content-Length', b'23'), (b'Connection', b'keep-alive'), (b'Strict-Transport-Security', b'max-age=31536000; includeSubDomains; preload'), (b'Access-Control-Allow-Origin', b'*'), (b'Access-Control-Allow-Methods', b'GET, POST, OPTIONS'), (b'Access-Control-Expose-Headers', b'Content-Length,Content-Type,Date,Server,Connection')])
2025-07-10 17:15:29,167 - httpx - INFO - HTTP Request: POST https://api.telegram.org/bot7707158318:AAE8rWa4Q8Z_3avql6K0HAmXaooZAReoNF0/getUpdates "HTTP/1.1 200 OK"
2025-07-10 17:15:29,167 - httpcore.http11 - DEBUG - receive_response_body.started request=<Request [b'POST']>
2025-07-10 17:15:29,167 - httpcore.http11 - DEBUG - receive_response_body.complete
2025-07-10 17:15:29,167 - httpcore.http11 - DEBUG - response_closed.started
2025-07-10 17:15:29,167 - httpcore.http11 - DEBUG - response_closed.complete
2025-07-10 17:15:29,167 - telegram.ext.ExtBot - DEBUG - No new updates found.
2025-07-10 17:15:29,167 - telegram.ext.ExtBot - DEBUG - ()
2025-07-10 17:15:29,167 - telegram.ext.ExtBot - DEBUG - Exiting: get_updates
2025-07-10 17:15:29,168 - telegram.ext.ExtBot - DEBUG - Entering: get_updates
2025-07-10 17:15:29,171 - httpcore.http11 - DEBUG - send_request_headers.started request=<Request [b'POST']>
2025-07-10 17:15:29,172 - httpcore.http11 - DEBUG - send_request_headers.complete
2025-07-10 17:15:29,172 - httpcore.http11 - DEBUG - send_request_body.started request=<Request [b'POST']>
2025-07-10 17:15:29,172 - httpcore.http11 - DEBUG - send_request_body.complete
2025-07-10 17:15:29,172 - httpcore.http11 - DEBUG - receive_response_headers.started request=<Request [b'POST']>
2025-07-10 17:15:39,313 - httpcore.http11 - DEBUG - receive_response_headers.complete return_value=(b'HTTP/1.1', 200, b'OK', [(b'Server', b'nginx/1.18.0'), (b'Date', b'Thu, 10 Jul 2025 16:15:39 GMT'), (b'Content-Type', b'application/json'), (b'Content-Length', b'23'), (b'Connection', b'keep-alive'), (b'Strict-Transport-Security', b'max-age=31536000; includeSubDomains; preload'), (b'Access-Control-Allow-Origin', b'*'), (b'Access-Control-Allow-Methods', b'GET, POST, OPTIONS'), (b'Access-Control-Expose-Headers', b'Content-Length,Content-Type,Date,Server,Connection')])
2025-07-10 17:15:39,314 - httpx - INFO - HTTP Request: POST https://api.telegram.org/bot7707158318:AAE8rWa4Q8Z_3avql6K0HAmXaooZAReoNF0/getUpdates "HTTP/1.1 200 OK"
2025-07-10 17:15:39,314 - httpcore.http11 - DEBUG - receive_response_body.started request=<Request [b'POST']>
2025-07-10 17:15:39,316 - httpcore.http11 - DEBUG - receive_response_body.complete
2025-07-10 17:15:39,316 - httpcore.http11 - DEBUG - response_closed.started
2025-07-10 17:15:39,317 - httpcore.http11 - DEBUG - response_closed.complete
2025-07-10 17:15:39,318 - telegram.ext.ExtBot - DEBUG - No new updates found.
2025-07-10 17:15:39,318 - telegram.ext.ExtBot - DEBUG - ()
2025-07-10 17:15:39,318 - telegram.ext.ExtBot - DEBUG - Exiting: get_updates
2025-07-10 17:15:39,318 - telegram.ext.ExtBot - DEBUG - Entering: get_updates
2025-07-10 17:15:39,319 - httpcore.http11 - DEBUG - send_request_headers.started request=<Request [b'POST']>
2025-07-10 17:15:39,321 - httpcore.http11 - DEBUG - send_request_headers.complete
2025-07-10 17:15:39,321 - httpcore.http11 - DEBUG - send_request_body.started request=<Request [b'POST']>
2025-07-10 17:15:39,321 - httpcore.http11 - DEBUG - send_request_body.complete
2025-07-10 17:15:39,321 - httpcore.http11 - DEBUG - receive_response_headers.started request=<Request [b'POST']>
2025-07-10 17:15:49,398 - httpcore.http11 - DEBUG - receive_response_headers.complete return_value=(b'HTTP/1.1', 200, b'OK', [(b'Server', b'nginx/1.18.0'), (b'Date', b'Thu, 10 Jul 2025 16:15:50 GMT'), (b'Content-Type', b'application/json'), (b'Content-Length', b'23'), (b'Connection', b'keep-alive'), (b'Strict-Transport-Security', b'max-age=31536000; includeSubDomains; preload'), (b'Access-Control-Allow-Origin', b'*'), (b'Access-Control-Allow-Methods', b'GET, POST, OPTIONS'), (b'Access-Control-Expose-Headers', b'Content-Length,Content-Type,Date,Server,Connection')])
2025-07-10 17:15:49,403 - httpx - INFO - HTTP Request: POST https://api.telegram.org/bot7707158318:AAE8rWa4Q8Z_3avql6K0HAmXaooZAReoNF0/getUpdates "HTTP/1.1 200 OK"
2025-07-10 17:15:49,406 - httpcore.http11 - DEBUG - receive_response_body.started request=<Request [b'POST']>
2025-07-10 17:15:49,406 - httpcore.http11 - DEBUG - receive_response_body.complete
2025-07-10 17:15:49,406 - httpcore.http11 - DEBUG - response_closed.started
2025-07-10 17:15:49,410 - httpcore.http11 - DEBUG - response_closed.complete
2025-07-10 17:15:49,412 - telegram.ext.ExtBot - DEBUG - No new updates found.
2025-07-10 17:15:49,412 - telegram.ext.ExtBot - DEBUG - ()
2025-07-10 17:15:49,414 - telegram.ext.ExtBot - DEBUG - Exiting: get_updates
2025-07-10 17:15:49,414 - telegram.ext.ExtBot - DEBUG - Entering: get_updates
2025-07-10 17:15:49,419 - httpcore.http11 - DEBUG - send_request_headers.started request=<Request [b'POST']>
2025-07-10 17:15:49,425 - httpcore.http11 - DEBUG - send_request_headers.complete
2025-07-10 17:15:49,425 - httpcore.http11 - DEBUG - send_request_body.started request=<Request [b'POST']>
2025-07-10 17:15:49,428 - httpcore.http11 - DEBUG - send_request_body.complete
2025-07-10 17:15:49,428 - httpcore.http11 - DEBUG - receive_response_headers.started request=<Request [b'POST']>
2025-07-10 17:15:59,546 - httpcore.http11 - DEBUG - receive_response_headers.complete return_value=(b'HTTP/1.1', 200, b'OK', [(b'Server', b'nginx/1.18.0'), (b'Date', b'Thu, 10 Jul 2025 16:16:00 GMT'), (b'Content-Type', b'application/json'), (b'Content-Length', b'23'), (b'Connection', b'keep-alive'), (b'Strict-Transport-Security', b'max-age=31536000; includeSubDomains; preload'), (b'Access-Control-Allow-Origin', b'*'), (b'Access-Control-Allow-Methods', b'GET, POST, OPTIONS'), (b'Access-Control-Expose-Headers', b'Content-Length,Content-Type,Date,Server,Connection')])
2025-07-10 17:15:59,547 - httpx - INFO - HTTP Request: POST https://api.telegram.org/bot7707158318:AAE8rWa4Q8Z_3avql6K0HAmXaooZAReoNF0/getUpdates "HTTP/1.1 200 OK"
2025-07-10 17:15:59,547 - httpcore.http11 - DEBUG - receive_response_body.started request=<Request [b'POST']>
2025-07-10 17:15:59,548 - httpcore.http11 - DEBUG - receive_response_body.complete
2025-07-10 17:15:59,548 - httpcore.http11 - DEBUG - response_closed.started
2025-07-10 17:15:59,548 - httpcore.http11 - DEBUG - response_closed.complete
2025-07-10 17:15:59,548 - telegram.ext.ExtBot - DEBUG - No new updates found.
2025-07-10 17:15:59,548 - telegram.ext.ExtBot - DEBUG - ()
2025-07-10 17:15:59,548 - telegram.ext.ExtBot - DEBUG - Exiting: get_updates
2025-07-10 17:15:59,548 - telegram.ext.ExtBot - DEBUG - Entering: get_updates
2025-07-10 17:15:59,550 - httpcore.http11 - DEBUG - send_request_headers.started request=<Request [b'POST']>
2025-07-10 17:15:59,551 - httpcore.http11 - DEBUG - send_request_headers.complete
2025-07-10 17:15:59,551 - httpcore.http11 - DEBUG - send_request_body.started request=<Request [b'POST']>
2025-07-10 17:15:59,552 - httpcore.http11 - DEBUG - send_request_body.complete
2025-07-10 17:15:59,552 - httpcore.http11 - DEBUG - receive_response_headers.started request=<Request [b'POST']>
2025-07-10 17:16:09,633 - httpcore.http11 - DEBUG - receive_response_headers.complete return_value=(b'HTTP/1.1', 200, b'OK', [(b'Server', b'nginx/1.18.0'), (b'Date', b'Thu, 10 Jul 2025 16:16:10 GMT'), (b'Content-Type', b'application/json'), (b'Content-Length', b'23'), (b'Connection', b'keep-alive'), (b'Strict-Transport-Security', b'max-age=31536000; includeSubDomains; preload'), (b'Access-Control-Allow-Origin', b'*'), (b'Access-Control-Allow-Methods', b'GET, POST, OPTIONS'), (b'Access-Control-Expose-Headers', b'Content-Length,Content-Type,Date,Server,Connection')])
2025-07-10 17:16:09,635 - httpx - INFO - HTTP Request: POST https://api.telegram.org/bot7707158318:AAE8rWa4Q8Z_3avql6K0HAmXaooZAReoNF0/getUpdates "HTTP/1.1 200 OK"
2025-07-10 17:16:09,636 - httpcore.http11 - DEBUG - receive_response_body.started request=<Request [b'POST']>
2025-07-10 17:16:09,637 - httpcore.http11 - DEBUG - receive_response_body.complete
2025-07-10 17:16:09,637 - httpcore.http11 - DEBUG - response_closed.started
2025-07-10 17:16:09,637 - httpcore.http11 - DEBUG - response_closed.complete
2025-07-10 17:16:09,638 - telegram.ext.ExtBot - DEBUG - No new updates found.
2025-07-10 17:16:09,638 - telegram.ext.ExtBot - DEBUG - ()
2025-07-10 17:16:09,638 - telegram.ext.ExtBot - DEBUG - Exiting: get_updates
2025-07-10 17:16:09,638 - telegram.ext.ExtBot - DEBUG - Entering: get_updates
2025-07-10 17:16:09,642 - httpcore.http11 - DEBUG - send_request_headers.started request=<Request [b'POST']>
2025-07-10 17:16:09,644 - httpcore.http11 - DEBUG - send_request_headers.complete
2025-07-10 17:16:09,645 - httpcore.http11 - DEBUG - send_request_body.started request=<Request [b'POST']>
2025-07-10 17:16:09,646 - httpcore.http11 - DEBUG - send_request_body.complete
2025-07-10 17:16:09,647 - httpcore.http11 - DEBUG - receive_response_headers.started request=<Request [b'POST']>
2025-07-10 17:16:20,032 - httpcore.http11 - DEBUG - receive_response_headers.complete return_value=(b'HTTP/1.1', 200, b'OK', [(b'Server', b'nginx/1.18.0'), (b'Date', b'Thu, 10 Jul 2025 16:16:20 GMT'), (b'Content-Type', b'application/json'), (b'Content-Length', b'23'), (b'Connection', b'keep-alive'), (b'Strict-Transport-Security', b'max-age=31536000; includeSubDomains; preload'), (b'Access-Control-Allow-Origin', b'*'), (b'Access-Control-Allow-Methods', b'GET, POST, OPTIONS'), (b'Access-Control-Expose-Headers', b'Content-Length,Content-Type,Date,Server,Connection')])
2025-07-10 17:16:20,034 - httpx - INFO - HTTP Request: POST https://api.telegram.org/bot7707158318:AAE8rWa4Q8Z_3avql6K0HAmXaooZAReoNF0/getUpdates "HTTP/1.1 200 OK"
2025-07-10 17:16:20,035 - httpcore.http11 - DEBUG - receive_response_body.started request=<Request [b'POST']>
2025-07-10 17:16:20,035 - httpcore.http11 - DEBUG - receive_response_body.complete
2025-07-10 17:16:20,035 - httpcore.http11 - DEBUG - response_closed.started
2025-07-10 17:16:20,035 - httpcore.http11 - DEBUG - response_closed.complete
2025-07-10 17:16:20,036 - telegram.ext.ExtBot - DEBUG - No new updates found.
2025-07-10 17:16:20,036 - telegram.ext.ExtBot - DEBUG - ()
2025-07-10 17:16:20,036 - telegram.ext.ExtBot - DEBUG - Exiting: get_updates
2025-07-10 17:16:20,036 - telegram.ext.ExtBot - DEBUG - Entering: get_updates
2025-07-10 17:16:20,037 - httpcore.http11 - DEBUG - send_request_headers.started request=<Request [b'POST']>
2025-07-10 17:16:20,038 - httpcore.http11 - DEBUG - send_request_headers.complete
2025-07-10 17:16:20,040 - httpcore.http11 - DEBUG - send_request_body.started request=<Request [b'POST']>
2025-07-10 17:16:20,040 - httpcore.http11 - DEBUG - send_request_body.complete
2025-07-10 17:16:20,040 - httpcore.http11 - DEBUG - receive_response_headers.started request=<Request [b'POST']>
2025-07-10 17:16:30,240 - httpcore.http11 - DEBUG - receive_response_headers.complete return_value=(b'HTTP/1.1', 200, b'OK', [(b'Server', b'nginx/1.18.0'), (b'Date', b'Thu, 10 Jul 2025 16:16:30 GMT'), (b'Content-Type', b'application/json'), (b'Content-Length', b'23'), (b'Connection', b'keep-alive'), (b'Strict-Transport-Security', b'max-age=31536000; includeSubDomains; preload'), (b'Access-Control-Allow-Origin', b'*'), (b'Access-Control-Allow-Methods', b'GET, POST, OPTIONS'), (b'Access-Control-Expose-Headers', b'Content-Length,Content-Type,Date,Server,Connection')])
2025-07-10 17:16:30,240 - httpx - INFO - HTTP Request: POST https://api.telegram.org/bot7707158318:AAE8rWa4Q8Z_3avql6K0HAmXaooZAReoNF0/getUpdates "HTTP/1.1 200 OK"
2025-07-10 17:16:30,240 - httpcore.http11 - DEBUG - receive_response_body.started request=<Request [b'POST']>
2025-07-10 17:16:30,240 - httpcore.http11 - DEBUG - receive_response_body.complete
2025-07-10 17:16:30,240 - httpcore.http11 - DEBUG - response_closed.started
2025-07-10 17:16:30,243 - httpcore.http11 - DEBUG - response_closed.complete
2025-07-10 17:16:30,243 - telegram.ext.ExtBot - DEBUG - No new updates found.
2025-07-10 17:16:30,243 - telegram.ext.ExtBot - DEBUG - ()
2025-07-10 17:16:30,243 - telegram.ext.ExtBot - DEBUG - Exiting: get_updates
2025-07-10 17:16:30,243 - telegram.ext.ExtBot - DEBUG - Entering: get_updates
2025-07-10 17:16:30,247 - httpcore.http11 - DEBUG - send_request_headers.started request=<Request [b'POST']>
2025-07-10 17:16:30,247 - httpcore.http11 - DEBUG - send_request_headers.complete
2025-07-10 17:16:30,247 - httpcore.http11 - DEBUG - send_request_body.started request=<Request [b'POST']>
2025-07-10 17:16:30,250 - httpcore.http11 - DEBUG - send_request_body.complete
2025-07-10 17:16:30,250 - httpcore.http11 - DEBUG - receive_response_headers.started request=<Request [b'POST']>
2025-07-10 17:16:40,325 - httpcore.http11 - DEBUG - receive_response_headers.complete return_value=(b'HTTP/1.1', 200, b'OK', [(b'Server', b'nginx/1.18.0'), (b'Date', b'Thu, 10 Jul 2025 16:16:40 GMT'), (b'Content-Type', b'application/json'), (b'Content-Length', b'23'), (b'Connection', b'keep-alive'), (b'Strict-Transport-Security', b'max-age=31536000; includeSubDomains; preload'), (b'Access-Control-Allow-Origin', b'*'), (b'Access-Control-Allow-Methods', b'GET, POST, OPTIONS'), (b'Access-Control-Expose-Headers', b'Content-Length,Content-Type,Date,Server,Connection')])
2025-07-10 17:16:40,325 - httpx - INFO - HTTP Request: POST https://api.telegram.org/bot7707158318:AAE8rWa4Q8Z_3avql6K0HAmXaooZAReoNF0/getUpdates "HTTP/1.1 200 OK"
2025-07-10 17:16:40,327 - httpcore.http11 - DEBUG - receive_response_body.started request=<Request [b'POST']>
2025-07-10 17:16:40,327 - httpcore.http11 - DEBUG - receive_response_body.complete
2025-07-10 17:16:40,328 - httpcore.http11 - DEBUG - response_closed.started
2025-07-10 17:16:40,328 - httpcore.http11 - DEBUG - response_closed.complete
2025-07-10 17:16:40,328 - telegram.ext.ExtBot - DEBUG - No new updates found.
2025-07-10 17:16:40,328 - telegram.ext.ExtBot - DEBUG - ()
2025-07-10 17:16:40,328 - telegram.ext.ExtBot - DEBUG - Exiting: get_updates
2025-07-10 17:16:40,328 - telegram.ext.ExtBot - DEBUG - Entering: get_updates
2025-07-10 17:16:40,332 - httpcore.http11 - DEBUG - send_request_headers.started request=<Request [b'POST']>
2025-07-10 17:16:40,333 - httpcore.http11 - DEBUG - send_request_headers.complete
2025-07-10 17:16:40,333 - httpcore.http11 - DEBUG - send_request_body.started request=<Request [b'POST']>
2025-07-10 17:16:40,333 - httpcore.http11 - DEBUG - send_request_body.complete
2025-07-10 17:16:40,334 - httpcore.http11 - DEBUG - receive_response_headers.started request=<Request [b'POST']>
2025-07-10 17:16:50,414 - httpcore.http11 - DEBUG - receive_response_headers.complete return_value=(b'HTTP/1.1', 200, b'OK', [(b'Server', b'nginx/1.18.0'), (b'Date', b'Thu, 10 Jul 2025 16:16:51 GMT'), (b'Content-Type', b'application/json'), (b'Content-Length', b'23'), (b'Connection', b'keep-alive'), (b'Strict-Transport-Security', b'max-age=31536000; includeSubDomains; preload'), (b'Access-Control-Allow-Origin', b'*'), (b'Access-Control-Allow-Methods', b'GET, POST, OPTIONS'), (b'Access-Control-Expose-Headers', b'Content-Length,Content-Type,Date,Server,Connection')])
2025-07-10 17:16:50,414 - httpx - INFO - HTTP Request: POST https://api.telegram.org/bot7707158318:AAE8rWa4Q8Z_3avql6K0HAmXaooZAReoNF0/getUpdates "HTTP/1.1 200 OK"
2025-07-10 17:16:50,414 - httpcore.http11 - DEBUG - receive_response_body.started request=<Request [b'POST']>
2025-07-10 17:16:50,414 - httpcore.http11 - DEBUG - receive_response_body.complete
2025-07-10 17:16:50,416 - httpcore.http11 - DEBUG - response_closed.started
2025-07-10 17:16:50,416 - httpcore.http11 - DEBUG - response_closed.complete
2025-07-10 17:16:50,417 - telegram.ext.ExtBot - DEBUG - No new updates found.
2025-07-10 17:16:50,417 - telegram.ext.ExtBot - DEBUG - ()
2025-07-10 17:16:50,419 - telegram.ext.ExtBot - DEBUG - Exiting: get_updates
2025-07-10 17:16:50,419 - telegram.ext.ExtBot - DEBUG - Entering: get_updates
2025-07-10 17:16:50,422 - httpcore.http11 - DEBUG - send_request_headers.started request=<Request [b'POST']>
2025-07-10 17:16:50,424 - httpcore.http11 - DEBUG - send_request_headers.complete
2025-07-10 17:16:50,424 - httpcore.http11 - DEBUG - send_request_body.started request=<Request [b'POST']>
2025-07-10 17:16:50,425 - httpcore.http11 - DEBUG - send_request_body.complete
2025-07-10 17:16:50,425 - httpcore.http11 - DEBUG - receive_response_headers.started request=<Request [b'POST']>
2025-07-10 17:17:00,516 - httpcore.http11 - DEBUG - receive_response_headers.complete return_value=(b'HTTP/1.1', 200, b'OK', [(b'Server', b'nginx/1.18.0'), (b'Date', b'Thu, 10 Jul 2025 16:17:01 GMT'), (b'Content-Type', b'application/json'), (b'Content-Length', b'23'), (b'Connection', b'keep-alive'), (b'Strict-Transport-Security', b'max-age=31536000; includeSubDomains; preload'), (b'Access-Control-Allow-Origin', b'*'), (b'Access-Control-Allow-Methods', b'GET, POST, OPTIONS'), (b'Access-Control-Expose-Headers', b'Content-Length,Content-Type,Date,Server,Connection')])
2025-07-10 17:17:00,516 - httpx - INFO - HTTP Request: POST https://api.telegram.org/bot7707158318:AAE8rWa4Q8Z_3avql6K0HAmXaooZAReoNF0/getUpdates "HTTP/1.1 200 OK"
2025-07-10 17:17:00,516 - httpcore.http11 - DEBUG - receive_response_body.started request=<Request [b'POST']>
2025-07-10 17:17:00,517 - httpcore.http11 - DEBUG - receive_response_body.complete
2025-07-10 17:17:00,517 - httpcore.http11 - DEBUG - response_closed.started
2025-07-10 17:17:00,517 - httpcore.http11 - DEBUG - response_closed.complete
2025-07-10 17:17:00,517 - telegram.ext.ExtBot - DEBUG - No new updates found.
2025-07-10 17:17:00,517 - telegram.ext.ExtBot - DEBUG - ()
2025-07-10 17:17:00,517 - telegram.ext.ExtBot - DEBUG - Exiting: get_updates
2025-07-10 17:17:00,517 - telegram.ext.ExtBot - DEBUG - Entering: get_updates
2025-07-10 17:17:00,519 - httpcore.http11 - DEBUG - send_request_headers.started request=<Request [b'POST']>
2025-07-10 17:17:00,520 - httpcore.http11 - DEBUG - send_request_headers.complete
2025-07-10 17:17:00,520 - httpcore.http11 - DEBUG - send_request_body.started request=<Request [b'POST']>
2025-07-10 17:17:00,520 - httpcore.http11 - DEBUG - send_request_body.complete
2025-07-10 17:17:00,520 - httpcore.http11 - DEBUG - receive_response_headers.started request=<Request [b'POST']>
2025-07-10 17:17:10,593 - httpcore.http11 - DEBUG - receive_response_headers.complete return_value=(b'HTTP/1.1', 200, b'OK', [(b'Server', b'nginx/1.18.0'), (b'Date', b'Thu, 10 Jul 2025 16:17:11 GMT'), (b'Content-Type', b'application/json'), (b'Content-Length', b'23'), (b'Connection', b'keep-alive'), (b'Strict-Transport-Security', b'max-age=31536000; includeSubDomains; preload'), (b'Access-Control-Allow-Origin', b'*'), (b'Access-Control-Allow-Methods', b'GET, POST, OPTIONS'), (b'Access-Control-Expose-Headers', b'Content-Length,Content-Type,Date,Server,Connection')])
2025-07-10 17:17:10,594 - httpx - INFO - HTTP Request: POST https://api.telegram.org/bot7707158318:AAE8rWa4Q8Z_3avql6K0HAmXaooZAReoNF0/getUpdates "HTTP/1.1 200 OK"
2025-07-10 17:17:10,595 - httpcore.http11 - DEBUG - receive_response_body.started request=<Request [b'POST']>
2025-07-10 17:17:10,595 - httpcore.http11 - DEBUG - receive_response_body.complete
2025-07-10 17:17:10,596 - httpcore.http11 - DEBUG - response_closed.started
2025-07-10 17:17:10,596 - httpcore.http11 - DEBUG - response_closed.complete
2025-07-10 17:17:10,596 - telegram.ext.ExtBot - DEBUG - No new updates found.
2025-07-10 17:17:10,596 - telegram.ext.ExtBot - DEBUG - ()
2025-07-10 17:17:10,596 - telegram.ext.ExtBot - DEBUG - Exiting: get_updates
2025-07-10 17:17:10,596 - telegram.ext.ExtBot - DEBUG - Entering: get_updates
2025-07-10 17:17:10,599 - httpcore.http11 - DEBUG - send_request_headers.started request=<Request [b'POST']>
2025-07-10 17:17:10,599 - httpcore.http11 - DEBUG - send_request_headers.complete
2025-07-10 17:17:10,599 - httpcore.http11 - DEBUG - send_request_body.started request=<Request [b'POST']>
2025-07-10 17:17:10,600 - httpcore.http11 - DEBUG - send_request_body.complete
2025-07-10 17:17:10,600 - httpcore.http11 - DEBUG - receive_response_headers.started request=<Request [b'POST']>
2025-07-10 17:17:21,109 - httpcore.http11 - DEBUG - receive_response_headers.complete return_value=(b'HTTP/1.1', 200, b'OK', [(b'Server', b'nginx/1.18.0'), (b'Date', b'Thu, 10 Jul 2025 16:17:21 GMT'), (b'Content-Type', b'application/json'), (b'Content-Length', b'23'), (b'Connection', b'keep-alive'), (b'Strict-Transport-Security', b'max-age=31536000; includeSubDomains; preload'), (b'Access-Control-Allow-Origin', b'*'), (b'Access-Control-Allow-Methods', b'GET, POST, OPTIONS'), (b'Access-Control-Expose-Headers', b'Content-Length,Content-Type,Date,Server,Connection')])
2025-07-10 17:17:21,112 - httpx - INFO - HTTP Request: POST https://api.telegram.org/bot7707158318:AAE8rWa4Q8Z_3avql6K0HAmXaooZAReoNF0/getUpdates "HTTP/1.1 200 OK"
2025-07-10 17:17:21,112 - httpcore.http11 - DEBUG - receive_response_body.started request=<Request [b'POST']>
2025-07-10 17:17:21,114 - httpcore.http11 - DEBUG - receive_response_body.complete
2025-07-10 17:17:21,114 - httpcore.http11 - DEBUG - response_closed.started
2025-07-10 17:17:21,114 - httpcore.http11 - DEBUG - response_closed.complete
2025-07-10 17:17:21,114 - telegram.ext.ExtBot - DEBUG - No new updates found.
2025-07-10 17:17:21,114 - telegram.ext.ExtBot - DEBUG - ()
2025-07-10 17:17:21,114 - telegram.ext.ExtBot - DEBUG - Exiting: get_updates
2025-07-10 17:17:21,114 - telegram.ext.ExtBot - DEBUG - Entering: get_updates
2025-07-10 17:17:21,114 - httpcore.http11 - DEBUG - send_request_headers.started request=<Request [b'POST']>
2025-07-10 17:17:21,116 - httpcore.http11 - DEBUG - send_request_headers.complete
2025-07-10 17:17:21,116 - httpcore.http11 - DEBUG - send_request_body.started request=<Request [b'POST']>
2025-07-10 17:17:21,116 - httpcore.http11 - DEBUG - send_request_body.complete
2025-07-10 17:17:21,116 - httpcore.http11 - DEBUG - receive_response_headers.started request=<Request [b'POST']>
2025-07-10 17:17:32,156 - httpcore.http11 - DEBUG - receive_response_headers.complete return_value=(b'HTTP/1.1', 200, b'OK', [(b'Server', b'nginx/1.18.0'), (b'Date', b'Thu, 10 Jul 2025 16:17:32 GMT'), (b'Content-Type', b'application/json'), (b'Content-Length', b'23'), (b'Connection', b'keep-alive'), (b'Strict-Transport-Security', b'max-age=31536000; includeSubDomains; preload'), (b'Access-Control-Allow-Origin', b'*'), (b'Access-Control-Allow-Methods', b'GET, POST, OPTIONS'), (b'Access-Control-Expose-Headers', b'Content-Length,Content-Type,Date,Server,Connection')])
2025-07-10 17:17:32,160 - httpx - INFO - HTTP Request: POST https://api.telegram.org/bot7707158318:AAE8rWa4Q8Z_3avql6K0HAmXaooZAReoNF0/getUpdates "HTTP/1.1 200 OK"
2025-07-10 17:17:32,160 - httpcore.http11 - DEBUG - receive_response_body.started request=<Request [b'POST']>
2025-07-10 17:17:32,160 - httpcore.http11 - DEBUG - receive_response_body.complete
2025-07-10 17:17:32,160 - httpcore.http11 - DEBUG - response_closed.started
2025-07-10 17:17:32,160 - httpcore.http11 - DEBUG - response_closed.complete
2025-07-10 17:17:32,162 - telegram.ext.ExtBot - DEBUG - No new updates found.
2025-07-10 17:17:32,162 - telegram.ext.ExtBot - DEBUG - ()
2025-07-10 17:17:32,162 - telegram.ext.ExtBot - DEBUG - Exiting: get_updates
2025-07-10 17:17:32,162 - telegram.ext.ExtBot - DEBUG - Entering: get_updates
2025-07-10 17:17:32,164 - httpcore.http11 - DEBUG - send_request_headers.started request=<Request [b'POST']>
2025-07-10 17:17:32,166 - httpcore.http11 - DEBUG - send_request_headers.complete
2025-07-10 17:17:32,166 - httpcore.http11 - DEBUG - send_request_body.started request=<Request [b'POST']>
2025-07-10 17:17:32,166 - httpcore.http11 - DEBUG - send_request_body.complete
2025-07-10 17:17:32,166 - httpcore.http11 - DEBUG - receive_response_headers.started request=<Request [b'POST']>
2025-07-10 17:17:42,517 - httpcore.http11 - DEBUG - receive_response_headers.complete return_value=(b'HTTP/1.1', 200, b'OK', [(b'Server', b'nginx/1.18.0'), (b'Date', b'Thu, 10 Jul 2025 16:17:43 GMT'), (b'Content-Type', b'application/json'), (b'Content-Length', b'23'), (b'Connection', b'keep-alive'), (b'Strict-Transport-Security', b'max-age=31536000; includeSubDomains; preload'), (b'Access-Control-Allow-Origin', b'*'), (b'Access-Control-Allow-Methods', b'GET, POST, OPTIONS'), (b'Access-Control-Expose-Headers', b'Content-Length,Content-Type,Date,Server,Connection')])
2025-07-10 17:17:42,519 - httpx - INFO - HTTP Request: POST https://api.telegram.org/bot7707158318:AAE8rWa4Q8Z_3avql6K0HAmXaooZAReoNF0/getUpdates "HTTP/1.1 200 OK"
2025-07-10 17:17:42,520 - httpcore.http11 - DEBUG - receive_response_body.started request=<Request [b'POST']>
2025-07-10 17:17:42,521 - httpcore.http11 - DEBUG - receive_response_body.complete
2025-07-10 17:17:42,521 - httpcore.http11 - DEBUG - response_closed.started
2025-07-10 17:17:42,522 - httpcore.http11 - DEBUG - response_closed.complete
2025-07-10 17:17:42,523 - telegram.ext.ExtBot - DEBUG - No new updates found.
2025-07-10 17:17:42,523 - telegram.ext.ExtBot - DEBUG - ()
2025-07-10 17:17:42,523 - telegram.ext.ExtBot - DEBUG - Exiting: get_updates
2025-07-10 17:17:42,523 - telegram.ext.ExtBot - DEBUG - Entering: get_updates
2025-07-10 17:17:42,525 - httpcore.http11 - DEBUG - send_request_headers.started request=<Request [b'POST']>
2025-07-10 17:17:42,528 - httpcore.http11 - DEBUG - send_request_headers.complete
2025-07-10 17:17:42,528 - httpcore.http11 - DEBUG - send_request_body.started request=<Request [b'POST']>
2025-07-10 17:17:42,529 - httpcore.http11 - DEBUG - send_request_body.complete
2025-07-10 17:17:42,529 - httpcore.http11 - DEBUG - receive_response_headers.started request=<Request [b'POST']>
2025-07-10 17:17:54,409 - httpcore.http11 - DEBUG - receive_response_headers.complete return_value=(b'HTTP/1.1', 200, b'OK', [(b'Server', b'nginx/1.18.0'), (b'Date', b'Thu, 10 Jul 2025 16:17:54 GMT'), (b'Content-Type', b'application/json'), (b'Content-Length', b'23'), (b'Connection', b'keep-alive'), (b'Strict-Transport-Security', b'max-age=31536000; includeSubDomains; preload'), (b'Access-Control-Allow-Origin', b'*'), (b'Access-Control-Allow-Methods', b'GET, POST, OPTIONS'), (b'Access-Control-Expose-Headers', b'Content-Length,Content-Type,Date,Server,Connection')])
2025-07-10 17:17:54,414 - httpx - INFO - HTTP Request: POST https://api.telegram.org/bot7707158318:AAE8rWa4Q8Z_3avql6K0HAmXaooZAReoNF0/getUpdates "HTTP/1.1 200 OK"
2025-07-10 17:17:54,414 - httpcore.http11 - DEBUG - receive_response_body.started request=<Request [b'POST']>
2025-07-10 17:17:54,416 - httpcore.http11 - DEBUG - receive_response_body.complete
2025-07-10 17:17:54,416 - httpcore.http11 - DEBUG - response_closed.started
2025-07-10 17:17:54,417 - httpcore.http11 - DEBUG - response_closed.complete
2025-07-10 17:17:54,417 - telegram.ext.ExtBot - DEBUG - No new updates found.
2025-07-10 17:17:54,417 - telegram.ext.ExtBot - DEBUG - ()
2025-07-10 17:17:54,417 - telegram.ext.ExtBot - DEBUG - Exiting: get_updates
2025-07-10 17:17:54,417 - telegram.ext.ExtBot - DEBUG - Entering: get_updates
2025-07-10 17:17:54,419 - httpcore.http11 - DEBUG - send_request_headers.started request=<Request [b'POST']>
2025-07-10 17:17:54,419 - httpcore.http11 - DEBUG - send_request_headers.complete
2025-07-10 17:17:54,419 - httpcore.http11 - DEBUG - send_request_body.started request=<Request [b'POST']>
2025-07-10 17:17:54,419 - httpcore.http11 - DEBUG - send_request_body.complete
2025-07-10 17:17:54,419 - httpcore.http11 - DEBUG - receive_response_headers.started request=<Request [b'POST']>
2025-07-10 17:18:04,518 - httpcore.http11 - DEBUG - receive_response_headers.complete return_value=(b'HTTP/1.1', 200, b'OK', [(b'Server', b'nginx/1.18.0'), (b'Date', b'Thu, 10 Jul 2025 16:18:05 GMT'), (b'Content-Type', b'application/json'), (b'Content-Length', b'23'), (b'Connection', b'keep-alive'), (b'Strict-Transport-Security', b'max-age=31536000; includeSubDomains; preload'), (b'Access-Control-Allow-Origin', b'*'), (b'Access-Control-Allow-Methods', b'GET, POST, OPTIONS'), (b'Access-Control-Expose-Headers', b'Content-Length,Content-Type,Date,Server,Connection')])
2025-07-10 17:18:04,524 - httpx - INFO - HTTP Request: POST https://api.telegram.org/bot7707158318:AAE8rWa4Q8Z_3avql6K0HAmXaooZAReoNF0/getUpdates "HTTP/1.1 200 OK"
2025-07-10 17:18:04,525 - httpcore.http11 - DEBUG - receive_response_body.started request=<Request [b'POST']>
2025-07-10 17:18:04,525 - httpcore.http11 - DEBUG - receive_response_body.complete
2025-07-10 17:18:04,525 - httpcore.http11 - DEBUG - response_closed.started
2025-07-10 17:18:04,525 - httpcore.http11 - DEBUG - response_closed.complete
2025-07-10 17:18:04,527 - telegram.ext.ExtBot - DEBUG - No new updates found.
2025-07-10 17:18:04,527 - telegram.ext.ExtBot - DEBUG - ()
2025-07-10 17:18:04,527 - telegram.ext.ExtBot - DEBUG - Exiting: get_updates
2025-07-10 17:18:04,527 - telegram.ext.ExtBot - DEBUG - Entering: get_updates
2025-07-10 17:18:04,528 - httpcore.http11 - DEBUG - send_request_headers.started request=<Request [b'POST']>
2025-07-10 17:18:04,528 - httpcore.http11 - DEBUG - send_request_headers.complete
2025-07-10 17:18:04,529 - httpcore.http11 - DEBUG - send_request_body.started request=<Request [b'POST']>
2025-07-10 17:18:04,529 - httpcore.http11 - DEBUG - send_request_body.complete
2025-07-10 17:18:04,529 - httpcore.http11 - DEBUG - receive_response_headers.started request=<Request [b'POST']>
2025-07-10 17:18:14,619 - httpcore.http11 - DEBUG - receive_response_headers.complete return_value=(b'HTTP/1.1', 200, b'OK', [(b'Server', b'nginx/1.18.0'), (b'Date', b'Thu, 10 Jul 2025 16:18:15 GMT'), (b'Content-Type', b'application/json'), (b'Content-Length', b'23'), (b'Connection', b'keep-alive'), (b'Strict-Transport-Security', b'max-age=31536000; includeSubDomains; preload'), (b'Access-Control-Allow-Origin', b'*'), (b'Access-Control-Allow-Methods', b'GET, POST, OPTIONS'), (b'Access-Control-Expose-Headers', b'Content-Length,Content-Type,Date,Server,Connection')])
2025-07-10 17:18:14,621 - httpx - INFO - HTTP Request: POST https://api.telegram.org/bot7707158318:AAE8rWa4Q8Z_3avql6K0HAmXaooZAReoNF0/getUpdates "HTTP/1.1 200 OK"
2025-07-10 17:18:14,623 - httpcore.http11 - DEBUG - receive_response_body.started request=<Request [b'POST']>
2025-07-10 17:18:14,624 - httpcore.http11 - DEBUG - receive_response_body.complete
2025-07-10 17:18:14,625 - httpcore.http11 - DEBUG - response_closed.started
2025-07-10 17:18:14,625 - httpcore.http11 - DEBUG - response_closed.complete
2025-07-10 17:18:14,627 - telegram.ext.ExtBot - DEBUG - No new updates found.
2025-07-10 17:18:14,627 - telegram.ext.ExtBot - DEBUG - ()
2025-07-10 17:18:14,627 - telegram.ext.ExtBot - DEBUG - Exiting: get_updates
2025-07-10 17:18:14,627 - telegram.ext.ExtBot - DEBUG - Entering: get_updates
2025-07-10 17:18:14,634 - httpcore.http11 - DEBUG - send_request_headers.started request=<Request [b'POST']>
2025-07-10 17:18:14,637 - httpcore.http11 - DEBUG - send_request_headers.complete
2025-07-10 17:18:14,638 - httpcore.http11 - DEBUG - send_request_body.started request=<Request [b'POST']>
2025-07-10 17:18:14,640 - httpcore.http11 - DEBUG - send_request_body.complete
2025-07-10 17:18:14,640 - httpcore.http11 - DEBUG - receive_response_headers.started request=<Request [b'POST']>
2025-07-10 17:18:24,736 - httpcore.http11 - DEBUG - receive_response_headers.complete return_value=(b'HTTP/1.1', 200, b'OK', [(b'Server', b'nginx/1.18.0'), (b'Date', b'Thu, 10 Jul 2025 16:18:25 GMT'), (b'Content-Type', b'application/json'), (b'Content-Length', b'23'), (b'Connection', b'keep-alive'), (b'Strict-Transport-Security', b'max-age=31536000; includeSubDomains; preload'), (b'Access-Control-Allow-Origin', b'*'), (b'Access-Control-Allow-Methods', b'GET, POST, OPTIONS'), (b'Access-Control-Expose-Headers', b'Content-Length,Content-Type,Date,Server,Connection')])
2025-07-10 17:18:24,736 - httpx - INFO - HTTP Request: POST https://api.telegram.org/bot7707158318:AAE8rWa4Q8Z_3avql6K0HAmXaooZAReoNF0/getUpdates "HTTP/1.1 200 OK"
2025-07-10 17:18:24,738 - httpcore.http11 - DEBUG - receive_response_body.started request=<Request [b'POST']>
2025-07-10 17:18:24,739 - httpcore.http11 - DEBUG - receive_response_body.complete
2025-07-10 17:18:24,739 - httpcore.http11 - DEBUG - response_closed.started
2025-07-10 17:18:24,739 - httpcore.http11 - DEBUG - response_closed.complete
2025-07-10 17:18:24,739 - telegram.ext.ExtBot - DEBUG - No new updates found.
2025-07-10 17:18:24,739 - telegram.ext.ExtBot - DEBUG - ()
2025-07-10 17:18:24,739 - telegram.ext.ExtBot - DEBUG - Exiting: get_updates
2025-07-10 17:18:24,739 - telegram.ext.ExtBot - DEBUG - Entering: get_updates
2025-07-10 17:18:24,742 - httpcore.http11 - DEBUG - send_request_headers.started request=<Request [b'POST']>
2025-07-10 17:18:24,743 - httpcore.http11 - DEBUG - send_request_headers.complete
2025-07-10 17:18:24,744 - httpcore.http11 - DEBUG - send_request_body.started request=<Request [b'POST']>
2025-07-10 17:18:24,744 - httpcore.http11 - DEBUG - send_request_body.complete
2025-07-10 17:18:24,744 - httpcore.http11 - DEBUG - receive_response_headers.started request=<Request [b'POST']>
