2025-07-05 19:50:03,136 - asyncio - DEBUG - Using proactor: IocpProactor
2025-07-05 19:50:03,143 - httpx - DEBUG - load_ssl_context verify=True cert=None trust_env=True http2=False
2025-07-05 19:50:03,146 - httpx - DEBUG - load_verify_locations cafile='c:\\Users\\Rachid Aitali\\OneDrive - 4JM Solutions Limited\\Desktop\\SniperX-V3-Best-Version-at-now\\.venv\\lib\\site-packages\\certifi\\cacert.pem'
2025-07-05 19:50:03,158 - httpx - DEBUG - load_ssl_context verify=True cert=None trust_env=True http2=False
2025-07-05 19:50:03,159 - httpx - DEBUG - load_verify_locations cafile='c:\\Users\\Rachid Aitali\\OneDrive - 4JM Solutions Limited\\Desktop\\SniperX-V3-Best-Version-at-now\\.venv\\lib\\site-packages\\certifi\\cacert.pem'
2025-07-05 19:50:03,190 - __main__ - INFO - Telegram Manager Bot started. Send /menu to interact.
2025-07-05 19:50:03,191 - telegram.ext.ExtBot - DEBUG - Entering: send_message
2025-07-05 19:50:03,202 - httpcore.connection - DEBUG - connect_tcp.started host='api.telegram.org' port=443 local_address=None timeout=5.0 socket_options=None
2025-07-05 19:50:03,297 - httpcore.connection - DEBUG - connect_tcp.complete return_value=<httpcore._backends.anyio.AnyIOStream object at 0x000001BF9C2BEB30>
2025-07-05 19:50:03,297 - httpcore.connection - DEBUG - start_tls.started ssl_context=<ssl.SSLContext object at 0x000001BF9C2783C0> server_hostname='api.telegram.org' timeout=5.0
2025-07-05 19:50:03,364 - httpcore.connection - DEBUG - start_tls.complete return_value=<httpcore._backends.anyio.AnyIOStream object at 0x000001BF9C2BF2B0>
2025-07-05 19:50:03,367 - httpcore.http11 - DEBUG - send_request_headers.started request=<Request [b'POST']>
2025-07-05 19:50:03,367 - httpcore.http11 - DEBUG - send_request_headers.complete
2025-07-05 19:50:03,367 - httpcore.http11 - DEBUG - send_request_body.started request=<Request [b'POST']>
2025-07-05 19:50:03,367 - httpcore.http11 - DEBUG - send_request_body.complete
2025-07-05 19:50:03,367 - httpcore.http11 - DEBUG - receive_response_headers.started request=<Request [b'POST']>
2025-07-05 19:50:03,455 - httpcore.http11 - DEBUG - receive_response_headers.complete return_value=(b'HTTP/1.1', 200, b'OK', [(b'Server', b'nginx/1.18.0'), (b'Date', b'Sat, 05 Jul 2025 18:50:04 GMT'), (b'Content-Type', b'application/json'), (b'Content-Length', b'352'), (b'Connection', b'keep-alive'), (b'Strict-Transport-Security', b'max-age=31536000; includeSubDomains; preload'), (b'Access-Control-Allow-Origin', b'*'), (b'Access-Control-Allow-Methods', b'GET, POST, OPTIONS'), (b'Access-Control-Expose-Headers', b'Content-Length,Content-Type,Date,Server,Connection')])
2025-07-05 19:50:03,459 - httpx - INFO - HTTP Request: POST https://api.telegram.org/bot7707158318:AAE8rWa4Q8Z_3avql6K0HAmXaooZAReoNF0/sendMessage "HTTP/1.1 200 OK"
2025-07-05 19:50:03,460 - httpcore.http11 - DEBUG - receive_response_body.started request=<Request [b'POST']>
2025-07-05 19:50:03,462 - httpcore.http11 - DEBUG - receive_response_body.complete
2025-07-05 19:50:03,462 - httpcore.http11 - DEBUG - response_closed.started
2025-07-05 19:50:03,462 - httpcore.http11 - DEBUG - response_closed.complete
2025-07-05 19:50:03,466 - telegram.ext.ExtBot - DEBUG - Message(channel_chat_created=False, chat=Chat(first_name='Ghost', id=7049055170, last_name='Number1', type=<ChatType.PRIVATE>), date=datetime.datetime(2025, 7, 5, 18, 50, 4, tzinfo=<UTC>), delete_chat_photo=False, entities=(MessageEntity(length=5, offset=36, type=<MessageEntityType.BOT_COMMAND>),), from_user=User(first_name='SPRD', id=7707158318, is_bot=True, username='tizi91Bot'), group_chat_created=False, message_id=12915, supergroup_chat_created=False, text='SniperX Control Bot is online! Send /menu to see options.')
2025-07-05 19:50:03,466 - telegram.ext.ExtBot - DEBUG - Exiting: send_message
2025-07-05 19:50:03,466 - telegram.ext.ExtBot - DEBUG - Entering: get_me
2025-07-05 19:50:03,466 - httpcore.http11 - DEBUG - send_request_headers.started request=<Request [b'POST']>
2025-07-05 19:50:03,470 - httpcore.http11 - DEBUG - send_request_headers.complete
2025-07-05 19:50:03,470 - httpcore.http11 - DEBUG - send_request_body.started request=<Request [b'POST']>
2025-07-05 19:50:03,470 - httpcore.http11 - DEBUG - send_request_body.complete
2025-07-05 19:50:03,470 - httpcore.http11 - DEBUG - receive_response_headers.started request=<Request [b'POST']>
2025-07-05 19:50:03,522 - httpcore.http11 - DEBUG - receive_response_headers.complete return_value=(b'HTTP/1.1', 200, b'OK', [(b'Server', b'nginx/1.18.0'), (b'Date', b'Sat, 05 Jul 2025 18:50:04 GMT'), (b'Content-Type', b'application/json'), (b'Content-Length', b'243'), (b'Connection', b'keep-alive'), (b'Strict-Transport-Security', b'max-age=31536000; includeSubDomains; preload'), (b'Access-Control-Allow-Origin', b'*'), (b'Access-Control-Allow-Methods', b'GET, POST, OPTIONS'), (b'Access-Control-Expose-Headers', b'Content-Length,Content-Type,Date,Server,Connection')])
2025-07-05 19:50:03,523 - httpx - INFO - HTTP Request: POST https://api.telegram.org/bot7707158318:AAE8rWa4Q8Z_3avql6K0HAmXaooZAReoNF0/getMe "HTTP/1.1 200 OK"
2025-07-05 19:50:03,529 - httpcore.http11 - DEBUG - receive_response_body.started request=<Request [b'POST']>
2025-07-05 19:50:03,529 - httpcore.http11 - DEBUG - receive_response_body.complete
2025-07-05 19:50:03,530 - httpcore.http11 - DEBUG - response_closed.started
2025-07-05 19:50:03,530 - httpcore.http11 - DEBUG - response_closed.complete
2025-07-05 19:50:03,532 - telegram.ext.ExtBot - DEBUG - User(api_kwargs={'can_connect_to_business': False, 'has_main_web_app': False}, can_join_groups=True, can_read_all_group_messages=False, first_name='SPRD', id=7707158318, is_bot=True, supports_inline_queries=False, username='tizi91Bot')
2025-07-05 19:50:03,532 - telegram.ext.ExtBot - DEBUG - Exiting: get_me
2025-07-05 19:50:03,533 - telegram.ext.ExtBot - DEBUG - This Bot is already initialized.
2025-07-05 19:50:03,533 - telegram.ext.Updater - DEBUG - Updater started (polling)
2025-07-05 19:50:03,534 - telegram.ext.Updater - DEBUG - Start network loop retry bootstrap del webhook
2025-07-05 19:50:03,534 - telegram.ext.Updater - DEBUG - Deleting webhook
2025-07-05 19:50:03,534 - telegram.ext.ExtBot - DEBUG - Entering: delete_webhook
2025-07-05 19:50:03,536 - httpcore.http11 - DEBUG - send_request_headers.started request=<Request [b'POST']>
2025-07-05 19:50:03,537 - httpcore.http11 - DEBUG - send_request_headers.complete
2025-07-05 19:50:03,538 - httpcore.http11 - DEBUG - send_request_body.started request=<Request [b'POST']>
2025-07-05 19:50:03,538 - httpcore.http11 - DEBUG - send_request_body.complete
2025-07-05 19:50:03,538 - httpcore.http11 - DEBUG - receive_response_headers.started request=<Request [b'POST']>
2025-07-05 19:50:03,587 - httpcore.http11 - DEBUG - receive_response_headers.complete return_value=(b'HTTP/1.1', 200, b'OK', [(b'Server', b'nginx/1.18.0'), (b'Date', b'Sat, 05 Jul 2025 18:50:04 GMT'), (b'Content-Type', b'application/json'), (b'Content-Length', b'68'), (b'Connection', b'keep-alive'), (b'Strict-Transport-Security', b'max-age=31536000; includeSubDomains; preload'), (b'Access-Control-Allow-Origin', b'*'), (b'Access-Control-Allow-Methods', b'GET, POST, OPTIONS'), (b'Access-Control-Expose-Headers', b'Content-Length,Content-Type,Date,Server,Connection')])
2025-07-05 19:50:03,588 - httpx - INFO - HTTP Request: POST https://api.telegram.org/bot7707158318:AAE8rWa4Q8Z_3avql6K0HAmXaooZAReoNF0/deleteWebhook "HTTP/1.1 200 OK"
2025-07-05 19:50:03,591 - httpcore.http11 - DEBUG - receive_response_body.started request=<Request [b'POST']>
2025-07-05 19:50:03,592 - httpcore.http11 - DEBUG - receive_response_body.complete
2025-07-05 19:50:03,593 - httpcore.http11 - DEBUG - response_closed.started
2025-07-05 19:50:03,593 - httpcore.http11 - DEBUG - response_closed.complete
2025-07-05 19:50:03,594 - telegram.ext.ExtBot - DEBUG - True
2025-07-05 19:50:03,594 - telegram.ext.ExtBot - DEBUG - Exiting: delete_webhook
2025-07-05 19:50:03,594 - telegram.ext.Updater - DEBUG - Bootstrap done
2025-07-05 19:50:03,594 - telegram.ext.Updater - DEBUG - Waiting for polling to start
2025-07-05 19:50:03,595 - telegram.ext.Updater - DEBUG - Polling updates from Telegram started
2025-07-05 19:50:03,595 - telegram.ext.Updater - DEBUG - Start network loop retry getting Updates
2025-07-05 19:50:03,595 - telegram.ext.ExtBot - DEBUG - Entering: get_updates
2025-07-05 19:50:03,598 - telegram.ext.Application - INFO - Application started
2025-07-05 19:50:03,599 - httpcore.connection - DEBUG - connect_tcp.started host='api.telegram.org' port=443 local_address=None timeout=5.0 socket_options=None
2025-07-05 19:50:03,655 - httpcore.connection - DEBUG - connect_tcp.complete return_value=<httpcore._backends.anyio.AnyIOStream object at 0x000001BF9C30B100>
2025-07-05 19:50:03,655 - httpcore.connection - DEBUG - start_tls.started ssl_context=<ssl.SSLContext object at 0x000001BF9C2782C0> server_hostname='api.telegram.org' timeout=5.0
2025-07-05 19:50:03,718 - httpcore.connection - DEBUG - start_tls.complete return_value=<httpcore._backends.anyio.AnyIOStream object at 0x000001BF9C30AFB0>
2025-07-05 19:50:03,721 - httpcore.http11 - DEBUG - send_request_headers.started request=<Request [b'POST']>
2025-07-05 19:50:03,721 - httpcore.http11 - DEBUG - send_request_headers.complete
2025-07-05 19:50:03,721 - httpcore.http11 - DEBUG - send_request_body.started request=<Request [b'POST']>
2025-07-05 19:50:03,723 - httpcore.http11 - DEBUG - send_request_body.complete
2025-07-05 19:50:03,723 - httpcore.http11 - DEBUG - receive_response_headers.started request=<Request [b'POST']>
2025-07-05 19:50:12,067 - httpcore.http11 - DEBUG - receive_response_headers.complete return_value=(b'HTTP/1.1', 200, b'OK', [(b'Server', b'nginx/1.18.0'), (b'Date', b'Sat, 05 Jul 2025 18:50:13 GMT'), (b'Content-Type', b'application/json'), (b'Content-Length', b'357'), (b'Connection', b'keep-alive'), (b'Strict-Transport-Security', b'max-age=31536000; includeSubDomains; preload'), (b'Access-Control-Allow-Origin', b'*'), (b'Access-Control-Allow-Methods', b'GET, POST, OPTIONS'), (b'Access-Control-Expose-Headers', b'Content-Length,Content-Type,Date,Server,Connection')])
2025-07-05 19:50:12,069 - httpx - INFO - HTTP Request: POST https://api.telegram.org/bot7707158318:AAE8rWa4Q8Z_3avql6K0HAmXaooZAReoNF0/getUpdates "HTTP/1.1 200 OK"
2025-07-05 19:50:12,072 - httpcore.http11 - DEBUG - receive_response_body.started request=<Request [b'POST']>
2025-07-05 19:50:12,074 - httpcore.http11 - DEBUG - receive_response_body.complete
2025-07-05 19:50:12,075 - httpcore.http11 - DEBUG - response_closed.started
2025-07-05 19:50:12,075 - httpcore.http11 - DEBUG - response_closed.complete
2025-07-05 19:50:12,075 - telegram.ext.ExtBot - DEBUG - Getting updates: [37530575]
2025-07-05 19:50:12,077 - telegram.ext.ExtBot - DEBUG - (Update(message=Message(channel_chat_created=False, chat=Chat(first_name='Ghost', id=7049055170, last_name='Number1', type=<ChatType.PRIVATE>), date=datetime.datetime(2025, 7, 5, 18, 50, 13, tzinfo=<UTC>), delete_chat_photo=False, entities=(MessageEntity(length=5, offset=0, type=<MessageEntityType.BOT_COMMAND>),), from_user=User(first_name='Ghost', id=7049055170, is_bot=False, language_code='en', last_name='Number1'), group_chat_created=False, message_id=12916, supergroup_chat_created=False, text='/menu'), update_id=37530575),)
2025-07-05 19:50:12,079 - telegram.ext.ExtBot - DEBUG - Exiting: get_updates
2025-07-05 19:50:12,079 - telegram.ext.ExtBot - DEBUG - Entering: get_updates
2025-07-05 19:50:12,082 - telegram.ext.Application - DEBUG - Processing update Update(message=Message(channel_chat_created=False, chat=Chat(first_name='Ghost', id=7049055170, last_name='Number1', type=<ChatType.PRIVATE>), date=datetime.datetime(2025, 7, 5, 18, 50, 13, tzinfo=<UTC>), delete_chat_photo=False, entities=(MessageEntity(length=5, offset=0, type=<MessageEntityType.BOT_COMMAND>),), from_user=User(first_name='Ghost', id=7049055170, is_bot=False, language_code='en', last_name='Number1'), group_chat_created=False, message_id=12916, supergroup_chat_created=False, text='/menu'), update_id=37530575)
2025-07-05 19:50:12,086 - telegram.ext.ExtBot - DEBUG - Entering: send_message
2025-07-05 19:50:12,088 - httpcore.connection - DEBUG - close.started
2025-07-05 19:50:12,092 - httpcore.connection - DEBUG - close.complete
2025-07-05 19:50:12,092 - httpcore.http11 - DEBUG - send_request_headers.started request=<Request [b'POST']>
2025-07-05 19:50:12,092 - httpcore.connection - DEBUG - connect_tcp.started host='api.telegram.org' port=443 local_address=None timeout=5.0 socket_options=None
2025-07-05 19:50:12,094 - httpcore.http11 - DEBUG - send_request_headers.complete
2025-07-05 19:50:12,094 - httpcore.http11 - DEBUG - send_request_body.started request=<Request [b'POST']>
2025-07-05 19:50:12,094 - httpcore.http11 - DEBUG - send_request_body.complete
2025-07-05 19:50:12,096 - httpcore.http11 - DEBUG - receive_response_headers.started request=<Request [b'POST']>
2025-07-05 19:50:12,175 - httpcore.connection - DEBUG - connect_tcp.complete return_value=<httpcore._backends.anyio.AnyIOStream object at 0x000001BF9C309360>
2025-07-05 19:50:12,175 - httpcore.connection - DEBUG - start_tls.started ssl_context=<ssl.SSLContext object at 0x000001BF9C2783C0> server_hostname='api.telegram.org' timeout=5.0
2025-07-05 19:50:12,240 - httpcore.connection - DEBUG - start_tls.complete return_value=<httpcore._backends.anyio.AnyIOStream object at 0x000001BF9C309840>
2025-07-05 19:50:12,240 - httpcore.http11 - DEBUG - send_request_headers.started request=<Request [b'POST']>
2025-07-05 19:50:12,244 - httpcore.http11 - DEBUG - send_request_headers.complete
2025-07-05 19:50:12,244 - httpcore.http11 - DEBUG - send_request_body.started request=<Request [b'POST']>
2025-07-05 19:50:12,244 - httpcore.http11 - DEBUG - send_request_body.complete
2025-07-05 19:50:12,246 - httpcore.http11 - DEBUG - receive_response_headers.started request=<Request [b'POST']>
2025-07-05 19:50:12,330 - httpcore.http11 - DEBUG - receive_response_headers.complete return_value=(b'HTTP/1.1', 200, b'OK', [(b'Server', b'nginx/1.18.0'), (b'Date', b'Sat, 05 Jul 2025 18:50:13 GMT'), (b'Content-Type', b'application/json'), (b'Content-Length', b'570'), (b'Connection', b'keep-alive'), (b'Strict-Transport-Security', b'max-age=31536000; includeSubDomains; preload'), (b'Access-Control-Allow-Origin', b'*'), (b'Access-Control-Allow-Methods', b'GET, POST, OPTIONS'), (b'Access-Control-Expose-Headers', b'Content-Length,Content-Type,Date,Server,Connection')])
2025-07-05 19:50:12,330 - httpx - INFO - HTTP Request: POST https://api.telegram.org/bot7707158318:AAE8rWa4Q8Z_3avql6K0HAmXaooZAReoNF0/sendMessage "HTTP/1.1 200 OK"
2025-07-05 19:50:12,330 - httpcore.http11 - DEBUG - receive_response_body.started request=<Request [b'POST']>
2025-07-05 19:50:12,333 - httpcore.http11 - DEBUG - receive_response_body.complete
2025-07-05 19:50:12,333 - httpcore.http11 - DEBUG - response_closed.started
2025-07-05 19:50:12,334 - httpcore.http11 - DEBUG - response_closed.complete
2025-07-05 19:50:12,336 - telegram.ext.ExtBot - DEBUG - Message(channel_chat_created=False, chat=Chat(first_name='Ghost', id=7049055170, last_name='Number1', type=<ChatType.PRIVATE>), date=datetime.datetime(2025, 7, 5, 18, 50, 13, tzinfo=<UTC>), delete_chat_photo=False, from_user=User(first_name='SPRD', id=7707158318, is_bot=True, username='tizi91Bot'), group_chat_created=False, message_id=12917, reply_markup=InlineKeyboardMarkup(inline_keyboard=((InlineKeyboardButton(callback_data='start_sniperx', text='🚀 Start SniperX'),), (InlineKeyboardButton(callback_data='stop_sniperx', text='🛑 Stop SniperX'), InlineKeyboardButton(callback_data='status_sniperx', text='📊 Status')), (InlineKeyboardButton(callback_data='show_balance', text='💰 Balance'),))), supergroup_chat_created=False, text='SniperX Bot Control Panel:')
2025-07-05 19:50:12,336 - telegram.ext.ExtBot - DEBUG - Exiting: send_message
2025-07-05 19:50:13,507 - httpcore.http11 - DEBUG - receive_response_headers.complete return_value=(b'HTTP/1.1', 200, b'OK', [(b'Server', b'nginx/1.18.0'), (b'Date', b'Sat, 05 Jul 2025 18:50:14 GMT'), (b'Content-Type', b'application/json'), (b'Content-Length', b'818'), (b'Connection', b'keep-alive'), (b'Strict-Transport-Security', b'max-age=31536000; includeSubDomains; preload'), (b'Access-Control-Allow-Origin', b'*'), (b'Access-Control-Allow-Methods', b'GET, POST, OPTIONS'), (b'Access-Control-Expose-Headers', b'Content-Length,Content-Type,Date,Server,Connection')])
2025-07-05 19:50:13,507 - httpx - INFO - HTTP Request: POST https://api.telegram.org/bot7707158318:AAE8rWa4Q8Z_3avql6K0HAmXaooZAReoNF0/getUpdates "HTTP/1.1 200 OK"
2025-07-05 19:50:13,555 - httpcore.http11 - DEBUG - receive_response_body.started request=<Request [b'POST']>
2025-07-05 19:50:13,558 - httpcore.http11 - DEBUG - receive_response_body.complete
2025-07-05 19:50:13,558 - httpcore.http11 - DEBUG - response_closed.started
2025-07-05 19:50:13,560 - httpcore.http11 - DEBUG - response_closed.complete
2025-07-05 19:50:13,562 - telegram.ext.ExtBot - DEBUG - Getting updates: [37530576]
2025-07-05 19:50:13,564 - telegram.ext.ExtBot - DEBUG - (Update(callback_query=CallbackQuery(chat_instance='-1307310250263184334', data='start_sniperx', from_user=User(first_name='Ghost', id=7049055170, is_bot=False, language_code='en', last_name='Number1'), id='2605345314332856536', message=Message(channel_chat_created=False, chat=Chat(first_name='Ghost', id=7049055170, last_name='Number1', type=<ChatType.PRIVATE>), date=datetime.datetime(2025, 7, 5, 18, 50, 13, tzinfo=<UTC>), delete_chat_photo=False, from_user=User(first_name='SPRD', id=7707158318, is_bot=True, username='tizi91Bot'), group_chat_created=False, message_id=12917, reply_markup=InlineKeyboardMarkup(inline_keyboard=((InlineKeyboardButton(callback_data='start_sniperx', text='🚀 Start SniperX'),), (InlineKeyboardButton(callback_data='stop_sniperx', text='🛑 Stop SniperX'), InlineKeyboardButton(callback_data='status_sniperx', text='📊 Status')), (InlineKeyboardButton(callback_data='show_balance', text='💰 Balance'),))), supergroup_chat_created=False, text='SniperX Bot Control Panel:')), update_id=37530576),)
2025-07-05 19:50:13,565 - telegram.ext.ExtBot - DEBUG - Exiting: get_updates
2025-07-05 19:50:13,565 - telegram.ext.ExtBot - DEBUG - Entering: get_updates
2025-07-05 19:50:13,568 - telegram.ext.Application - DEBUG - Processing update Update(callback_query=CallbackQuery(chat_instance='-1307310250263184334', data='start_sniperx', from_user=User(first_name='Ghost', id=7049055170, is_bot=False, language_code='en', last_name='Number1'), id='2605345314332856536', message=Message(channel_chat_created=False, chat=Chat(first_name='Ghost', id=7049055170, last_name='Number1', type=<ChatType.PRIVATE>), date=datetime.datetime(2025, 7, 5, 18, 50, 13, tzinfo=<UTC>), delete_chat_photo=False, from_user=User(first_name='SPRD', id=7707158318, is_bot=True, username='tizi91Bot'), group_chat_created=False, message_id=12917, reply_markup=InlineKeyboardMarkup(inline_keyboard=((InlineKeyboardButton(callback_data='start_sniperx', text='🚀 Start SniperX'),), (InlineKeyboardButton(callback_data='stop_sniperx', text='🛑 Stop SniperX'), InlineKeyboardButton(callback_data='status_sniperx', text='📊 Status')), (InlineKeyboardButton(callback_data='show_balance', text='💰 Balance'),))), supergroup_chat_created=False, text='SniperX Bot Control Panel:')), update_id=37530576)
2025-07-05 19:50:13,571 - __main__ - INFO - Button callback received: Update(callback_query=CallbackQuery(chat_instance='-1307310250263184334', data='start_sniperx', from_user=User(first_name='Ghost', id=7049055170, is_bot=False, language_code='en', last_name='Number1'), id='2605345314332856536', message=Message(channel_chat_created=False, chat=Chat(first_name='Ghost', id=7049055170, last_name='Number1', type=<ChatType.PRIVATE>), date=datetime.datetime(2025, 7, 5, 18, 50, 13, tzinfo=<UTC>), delete_chat_photo=False, from_user=User(first_name='SPRD', id=7707158318, is_bot=True, username='tizi91Bot'), group_chat_created=False, message_id=12917, reply_markup=InlineKeyboardMarkup(inline_keyboard=((InlineKeyboardButton(callback_data='start_sniperx', text='🚀 Start SniperX'),), (InlineKeyboardButton(callback_data='stop_sniperx', text='🛑 Stop SniperX'), InlineKeyboardButton(callback_data='status_sniperx', text='📊 Status')), (InlineKeyboardButton(callback_data='show_balance', text='💰 Balance'),))), supergroup_chat_created=False, text='SniperX Bot Control Panel:')), update_id=37530576)
2025-07-05 19:50:13,574 - telegram.ext.ExtBot - DEBUG - Entering: answer_callback_query
2025-07-05 19:50:13,580 - httpcore.http11 - DEBUG - send_request_headers.started request=<Request [b'POST']>
2025-07-05 19:50:13,581 - httpcore.http11 - DEBUG - send_request_headers.started request=<Request [b'POST']>
2025-07-05 19:50:13,582 - httpcore.http11 - DEBUG - send_request_headers.complete
2025-07-05 19:50:13,582 - httpcore.http11 - DEBUG - send_request_body.started request=<Request [b'POST']>
2025-07-05 19:50:13,583 - httpcore.http11 - DEBUG - send_request_headers.complete
2025-07-05 19:50:13,583 - httpcore.http11 - DEBUG - send_request_body.started request=<Request [b'POST']>
2025-07-05 19:50:13,583 - httpcore.http11 - DEBUG - send_request_body.complete
2025-07-05 19:50:13,583 - httpcore.http11 - DEBUG - receive_response_headers.started request=<Request [b'POST']>
2025-07-05 19:50:13,584 - httpcore.http11 - DEBUG - send_request_body.complete
2025-07-05 19:50:13,584 - httpcore.http11 - DEBUG - receive_response_headers.started request=<Request [b'POST']>
2025-07-05 19:50:13,645 - httpcore.http11 - DEBUG - receive_response_headers.complete return_value=(b'HTTP/1.1', 200, b'OK', [(b'Server', b'nginx/1.18.0'), (b'Date', b'Sat, 05 Jul 2025 18:50:14 GMT'), (b'Content-Type', b'application/json'), (b'Content-Length', b'25'), (b'Connection', b'keep-alive'), (b'Strict-Transport-Security', b'max-age=31536000; includeSubDomains; preload'), (b'Access-Control-Allow-Origin', b'*'), (b'Access-Control-Allow-Methods', b'GET, POST, OPTIONS'), (b'Access-Control-Expose-Headers', b'Content-Length,Content-Type,Date,Server,Connection')])
2025-07-05 19:50:13,645 - httpx - INFO - HTTP Request: POST https://api.telegram.org/bot7707158318:AAE8rWa4Q8Z_3avql6K0HAmXaooZAReoNF0/answerCallbackQuery "HTTP/1.1 200 OK"
2025-07-05 19:50:13,645 - httpcore.http11 - DEBUG - receive_response_body.started request=<Request [b'POST']>
2025-07-05 19:50:13,645 - httpcore.http11 - DEBUG - receive_response_body.complete
2025-07-05 19:50:13,645 - httpcore.http11 - DEBUG - response_closed.started
2025-07-05 19:50:13,645 - httpcore.http11 - DEBUG - response_closed.complete
2025-07-05 19:50:13,645 - telegram.ext.ExtBot - DEBUG - True
2025-07-05 19:50:13,645 - telegram.ext.ExtBot - DEBUG - Exiting: answer_callback_query
2025-07-05 19:50:13,645 - __main__ - INFO - Processing action: start_sniperx
2025-07-05 19:50:13,650 - telegram.ext.ExtBot - DEBUG - Entering: send_message
2025-07-05 19:50:13,656 - httpcore.http11 - DEBUG - send_request_headers.started request=<Request [b'POST']>
2025-07-05 19:50:13,656 - httpcore.http11 - DEBUG - send_request_headers.complete
2025-07-05 19:50:13,656 - httpcore.http11 - DEBUG - send_request_body.started request=<Request [b'POST']>
2025-07-05 19:50:13,658 - httpcore.http11 - DEBUG - send_request_body.complete
2025-07-05 19:50:13,658 - httpcore.http11 - DEBUG - receive_response_headers.started request=<Request [b'POST']>
2025-07-05 19:50:13,733 - httpcore.http11 - DEBUG - receive_response_headers.complete return_value=(b'HTTP/1.1', 200, b'OK', [(b'Server', b'nginx/1.18.0'), (b'Date', b'Sat, 05 Jul 2025 18:50:15 GMT'), (b'Content-Type', b'application/json'), (b'Content-Length', b'262'), (b'Connection', b'keep-alive'), (b'Strict-Transport-Security', b'max-age=31536000; includeSubDomains; preload'), (b'Access-Control-Allow-Origin', b'*'), (b'Access-Control-Allow-Methods', b'GET, POST, OPTIONS'), (b'Access-Control-Expose-Headers', b'Content-Length,Content-Type,Date,Server,Connection')])
2025-07-05 19:50:13,736 - httpx - INFO - HTTP Request: POST https://api.telegram.org/bot7707158318:AAE8rWa4Q8Z_3avql6K0HAmXaooZAReoNF0/sendMessage "HTTP/1.1 200 OK"
2025-07-05 19:50:13,740 - httpcore.http11 - DEBUG - receive_response_body.started request=<Request [b'POST']>
2025-07-05 19:50:13,741 - httpcore.http11 - DEBUG - receive_response_body.complete
2025-07-05 19:50:13,741 - httpcore.http11 - DEBUG - response_closed.started
2025-07-05 19:50:13,741 - httpcore.http11 - DEBUG - response_closed.complete
2025-07-05 19:50:13,743 - telegram.ext.ExtBot - DEBUG - Message(channel_chat_created=False, chat=Chat(first_name='Ghost', id=7049055170, last_name='Number1', type=<ChatType.PRIVATE>), date=datetime.datetime(2025, 7, 5, 18, 50, 15, tzinfo=<UTC>), delete_chat_photo=False, from_user=User(first_name='SPRD', id=7707158318, is_bot=True, username='tizi91Bot'), group_chat_created=False, message_id=12918, supergroup_chat_created=False, text='Starting wallet manager...')
2025-07-05 19:50:13,745 - telegram.ext.ExtBot - DEBUG - Exiting: send_message
2025-07-05 19:50:15,868 - telegram.ext.ExtBot - DEBUG - Entering: send_message
2025-07-05 19:50:15,871 - httpcore.http11 - DEBUG - send_request_headers.started request=<Request [b'POST']>
2025-07-05 19:50:15,875 - httpcore.http11 - DEBUG - send_request_headers.complete
2025-07-05 19:50:15,875 - httpcore.http11 - DEBUG - send_request_body.started request=<Request [b'POST']>
2025-07-05 19:50:15,877 - httpcore.http11 - DEBUG - send_request_body.complete
2025-07-05 19:50:15,877 - httpcore.http11 - DEBUG - receive_response_headers.started request=<Request [b'POST']>
2025-07-05 19:50:15,961 - httpcore.http11 - DEBUG - receive_response_headers.complete return_value=(b'HTTP/1.1', 200, b'OK', [(b'Server', b'nginx/1.18.0'), (b'Date', b'Sat, 05 Jul 2025 18:50:17 GMT'), (b'Content-Type', b'application/json'), (b'Content-Length', b'323'), (b'Connection', b'keep-alive'), (b'Strict-Transport-Security', b'max-age=31536000; includeSubDomains; preload'), (b'Access-Control-Allow-Origin', b'*'), (b'Access-Control-Allow-Methods', b'GET, POST, OPTIONS'), (b'Access-Control-Expose-Headers', b'Content-Length,Content-Type,Date,Server,Connection')])
2025-07-05 19:50:15,963 - httpx - INFO - HTTP Request: POST https://api.telegram.org/bot7707158318:AAE8rWa4Q8Z_3avql6K0HAmXaooZAReoNF0/sendMessage "HTTP/1.1 200 OK"
2025-07-05 19:50:16,016 - httpcore.http11 - DEBUG - receive_response_body.started request=<Request [b'POST']>
2025-07-05 19:50:16,016 - httpcore.http11 - DEBUG - receive_response_body.complete
2025-07-05 19:50:16,017 - httpcore.http11 - DEBUG - response_closed.started
2025-07-05 19:50:16,017 - httpcore.http11 - DEBUG - response_closed.complete
2025-07-05 19:50:16,019 - telegram.ext.ExtBot - DEBUG - Message(channel_chat_created=False, chat=Chat(first_name='Ghost', id=7049055170, last_name='Number1', type=<ChatType.PRIVATE>), date=datetime.datetime(2025, 7, 5, 18, 50, 17, tzinfo=<UTC>), delete_chat_photo=False, entities=(MessageEntity(length=5, offset=8, type=<MessageEntityType.URL>),), from_user=User(first_name='SPRD', id=7707158318, is_bot=True, username='tizi91Bot'), group_chat_created=False, message_id=12919, supergroup_chat_created=False, text='SniperX V2.py started with PID 42152.')
2025-07-05 19:50:16,021 - telegram.ext.ExtBot - DEBUG - Exiting: send_message
2025-07-05 19:50:16,021 - __main__ - INFO - SniperX V2.py started with PID 42152 by user tizi91Bot
2025-07-05 19:50:16,038 - telegram.ext.ExtBot - DEBUG - Entering: edit_message_text
2025-07-05 19:50:16,041 - httpcore.http11 - DEBUG - send_request_headers.started request=<Request [b'POST']>
2025-07-05 19:50:16,043 - httpcore.http11 - DEBUG - send_request_headers.complete
2025-07-05 19:50:16,044 - httpcore.http11 - DEBUG - send_request_body.started request=<Request [b'POST']>
2025-07-05 19:50:16,045 - httpcore.http11 - DEBUG - send_request_body.complete
2025-07-05 19:50:16,046 - httpcore.http11 - DEBUG - receive_response_headers.started request=<Request [b'POST']>
2025-07-05 19:50:16,114 - httpcore.http11 - DEBUG - receive_response_headers.complete return_value=(b'HTTP/1.1', 400, b'Bad Request', [(b'Server', b'nginx/1.18.0'), (b'Date', b'Sat, 05 Jul 2025 18:50:17 GMT'), (b'Content-Type', b'application/json'), (b'Content-Length', b'204'), (b'Connection', b'keep-alive'), (b'Strict-Transport-Security', b'max-age=31536000; includeSubDomains; preload'), (b'Access-Control-Allow-Origin', b'*'), (b'Access-Control-Expose-Headers', b'Content-Length,Content-Type,Date,Server,Connection')])
2025-07-05 19:50:16,115 - httpx - INFO - HTTP Request: POST https://api.telegram.org/bot7707158318:AAE8rWa4Q8Z_3avql6K0HAmXaooZAReoNF0/editMessageText "HTTP/1.1 400 Bad Request"
2025-07-05 19:50:16,116 - httpcore.http11 - DEBUG - receive_response_body.started request=<Request [b'POST']>
2025-07-05 19:50:16,117 - httpcore.http11 - DEBUG - receive_response_body.complete
2025-07-05 19:50:16,117 - httpcore.http11 - DEBUG - response_closed.started
2025-07-05 19:50:16,118 - httpcore.http11 - DEBUG - response_closed.complete
2025-07-05 19:50:16,119 - __main__ - ERROR - Error showing menu: Message is not modified: specified new message content and reply markup are exactly the same as a current content and reply markup of the message
2025-07-05 19:50:16,120 - telegram.ext.ExtBot - DEBUG - Entering: send_message
2025-07-05 19:50:16,123 - httpcore.http11 - DEBUG - send_request_headers.started request=<Request [b'POST']>
2025-07-05 19:50:16,125 - httpcore.http11 - DEBUG - send_request_headers.complete
2025-07-05 19:50:16,125 - httpcore.http11 - DEBUG - send_request_body.started request=<Request [b'POST']>
2025-07-05 19:50:16,126 - httpcore.http11 - DEBUG - send_request_body.complete
2025-07-05 19:50:16,127 - httpcore.http11 - DEBUG - receive_response_headers.started request=<Request [b'POST']>
2025-07-05 19:50:16,221 - httpcore.http11 - DEBUG - receive_response_headers.complete return_value=(b'HTTP/1.1', 200, b'OK', [(b'Server', b'nginx/1.18.0'), (b'Date', b'Sat, 05 Jul 2025 18:50:17 GMT'), (b'Content-Type', b'application/json'), (b'Content-Length', b'570'), (b'Connection', b'keep-alive'), (b'Strict-Transport-Security', b'max-age=31536000; includeSubDomains; preload'), (b'Access-Control-Allow-Origin', b'*'), (b'Access-Control-Allow-Methods', b'GET, POST, OPTIONS'), (b'Access-Control-Expose-Headers', b'Content-Length,Content-Type,Date,Server,Connection')])
2025-07-05 19:50:16,222 - httpx - INFO - HTTP Request: POST https://api.telegram.org/bot7707158318:AAE8rWa4Q8Z_3avql6K0HAmXaooZAReoNF0/sendMessage "HTTP/1.1 200 OK"
2025-07-05 19:50:16,224 - httpcore.http11 - DEBUG - receive_response_body.started request=<Request [b'POST']>
2025-07-05 19:50:16,224 - httpcore.http11 - DEBUG - receive_response_body.complete
2025-07-05 19:50:16,224 - httpcore.http11 - DEBUG - response_closed.started
2025-07-05 19:50:16,225 - httpcore.http11 - DEBUG - response_closed.complete
2025-07-05 19:50:16,227 - telegram.ext.ExtBot - DEBUG - Message(channel_chat_created=False, chat=Chat(first_name='Ghost', id=7049055170, last_name='Number1', type=<ChatType.PRIVATE>), date=datetime.datetime(2025, 7, 5, 18, 50, 17, tzinfo=<UTC>), delete_chat_photo=False, from_user=User(first_name='SPRD', id=7707158318, is_bot=True, username='tizi91Bot'), group_chat_created=False, message_id=12920, reply_markup=InlineKeyboardMarkup(inline_keyboard=((InlineKeyboardButton(callback_data='start_sniperx', text='🚀 Start SniperX'),), (InlineKeyboardButton(callback_data='stop_sniperx', text='🛑 Stop SniperX'), InlineKeyboardButton(callback_data='status_sniperx', text='📊 Status')), (InlineKeyboardButton(callback_data='show_balance', text='💰 Balance'),))), supergroup_chat_created=False, text='SniperX Bot Control Panel:')
2025-07-05 19:50:16,229 - telegram.ext.ExtBot - DEBUG - Exiting: send_message
2025-07-05 19:50:23,742 - httpcore.http11 - DEBUG - receive_response_headers.complete return_value=(b'HTTP/1.1', 200, b'OK', [(b'Server', b'nginx/1.18.0'), (b'Date', b'Sat, 05 Jul 2025 18:50:24 GMT'), (b'Content-Type', b'application/json'), (b'Content-Length', b'23'), (b'Connection', b'keep-alive'), (b'Strict-Transport-Security', b'max-age=31536000; includeSubDomains; preload'), (b'Access-Control-Allow-Origin', b'*'), (b'Access-Control-Allow-Methods', b'GET, POST, OPTIONS'), (b'Access-Control-Expose-Headers', b'Content-Length,Content-Type,Date,Server,Connection')])
2025-07-05 19:50:23,742 - httpx - INFO - HTTP Request: POST https://api.telegram.org/bot7707158318:AAE8rWa4Q8Z_3avql6K0HAmXaooZAReoNF0/getUpdates "HTTP/1.1 200 OK"
2025-07-05 19:50:23,744 - httpcore.http11 - DEBUG - receive_response_body.started request=<Request [b'POST']>
2025-07-05 19:50:23,744 - httpcore.http11 - DEBUG - receive_response_body.complete
2025-07-05 19:50:23,745 - httpcore.http11 - DEBUG - response_closed.started
2025-07-05 19:50:23,745 - httpcore.http11 - DEBUG - response_closed.complete
2025-07-05 19:50:23,745 - telegram.ext.ExtBot - DEBUG - No new updates found.
2025-07-05 19:50:23,745 - telegram.ext.ExtBot - DEBUG - ()
2025-07-05 19:50:23,745 - telegram.ext.ExtBot - DEBUG - Exiting: get_updates
2025-07-05 19:50:23,745 - telegram.ext.ExtBot - DEBUG - Entering: get_updates
2025-07-05 19:50:23,745 - httpcore.http11 - DEBUG - send_request_headers.started request=<Request [b'POST']>
2025-07-05 19:50:23,749 - httpcore.http11 - DEBUG - send_request_headers.complete
2025-07-05 19:50:23,750 - httpcore.http11 - DEBUG - send_request_body.started request=<Request [b'POST']>
2025-07-05 19:50:23,751 - httpcore.http11 - DEBUG - send_request_body.complete
2025-07-05 19:50:23,751 - httpcore.http11 - DEBUG - receive_response_headers.started request=<Request [b'POST']>
2025-07-05 19:50:33,879 - httpcore.http11 - DEBUG - receive_response_headers.complete return_value=(b'HTTP/1.1', 200, b'OK', [(b'Server', b'nginx/1.18.0'), (b'Date', b'Sat, 05 Jul 2025 18:50:35 GMT'), (b'Content-Type', b'application/json'), (b'Content-Length', b'23'), (b'Connection', b'keep-alive'), (b'Strict-Transport-Security', b'max-age=31536000; includeSubDomains; preload'), (b'Access-Control-Allow-Origin', b'*'), (b'Access-Control-Allow-Methods', b'GET, POST, OPTIONS'), (b'Access-Control-Expose-Headers', b'Content-Length,Content-Type,Date,Server,Connection')])
2025-07-05 19:50:33,882 - httpx - INFO - HTTP Request: POST https://api.telegram.org/bot7707158318:AAE8rWa4Q8Z_3avql6K0HAmXaooZAReoNF0/getUpdates "HTTP/1.1 200 OK"
2025-07-05 19:50:33,882 - httpcore.http11 - DEBUG - receive_response_body.started request=<Request [b'POST']>
2025-07-05 19:50:33,882 - httpcore.http11 - DEBUG - receive_response_body.complete
2025-07-05 19:50:33,884 - httpcore.http11 - DEBUG - response_closed.started
2025-07-05 19:50:33,884 - httpcore.http11 - DEBUG - response_closed.complete
2025-07-05 19:50:33,884 - telegram.ext.ExtBot - DEBUG - No new updates found.
2025-07-05 19:50:33,884 - telegram.ext.ExtBot - DEBUG - ()
2025-07-05 19:50:33,886 - telegram.ext.ExtBot - DEBUG - Exiting: get_updates
2025-07-05 19:50:33,886 - telegram.ext.ExtBot - DEBUG - Entering: get_updates
2025-07-05 19:50:33,886 - httpcore.http11 - DEBUG - send_request_headers.started request=<Request [b'POST']>
2025-07-05 19:50:33,890 - httpcore.http11 - DEBUG - send_request_headers.complete
2025-07-05 19:50:33,890 - httpcore.http11 - DEBUG - send_request_body.started request=<Request [b'POST']>
2025-07-05 19:50:33,891 - httpcore.http11 - DEBUG - send_request_body.complete
2025-07-05 19:50:33,891 - httpcore.http11 - DEBUG - receive_response_headers.started request=<Request [b'POST']>
2025-07-05 19:50:44,014 - httpcore.http11 - DEBUG - receive_response_headers.complete return_value=(b'HTTP/1.1', 200, b'OK', [(b'Server', b'nginx/1.18.0'), (b'Date', b'Sat, 05 Jul 2025 18:50:45 GMT'), (b'Content-Type', b'application/json'), (b'Content-Length', b'23'), (b'Connection', b'keep-alive'), (b'Strict-Transport-Security', b'max-age=31536000; includeSubDomains; preload'), (b'Access-Control-Allow-Origin', b'*'), (b'Access-Control-Allow-Methods', b'GET, POST, OPTIONS'), (b'Access-Control-Expose-Headers', b'Content-Length,Content-Type,Date,Server,Connection')])
2025-07-05 19:50:44,016 - httpx - INFO - HTTP Request: POST https://api.telegram.org/bot7707158318:AAE8rWa4Q8Z_3avql6K0HAmXaooZAReoNF0/getUpdates "HTTP/1.1 200 OK"
2025-07-05 19:50:44,016 - httpcore.http11 - DEBUG - receive_response_body.started request=<Request [b'POST']>
2025-07-05 19:50:44,016 - httpcore.http11 - DEBUG - receive_response_body.complete
2025-07-05 19:50:44,016 - httpcore.http11 - DEBUG - response_closed.started
2025-07-05 19:50:44,019 - httpcore.http11 - DEBUG - response_closed.complete
2025-07-05 19:50:44,020 - telegram.ext.ExtBot - DEBUG - No new updates found.
2025-07-05 19:50:44,020 - telegram.ext.ExtBot - DEBUG - ()
2025-07-05 19:50:44,020 - telegram.ext.ExtBot - DEBUG - Exiting: get_updates
2025-07-05 19:50:44,020 - telegram.ext.ExtBot - DEBUG - Entering: get_updates
2025-07-05 19:50:44,024 - httpcore.http11 - DEBUG - send_request_headers.started request=<Request [b'POST']>
2025-07-05 19:50:44,025 - httpcore.http11 - DEBUG - send_request_headers.complete
2025-07-05 19:50:44,025 - httpcore.http11 - DEBUG - send_request_body.started request=<Request [b'POST']>
2025-07-05 19:50:44,025 - httpcore.http11 - DEBUG - send_request_body.complete
2025-07-05 19:50:44,025 - httpcore.http11 - DEBUG - receive_response_headers.started request=<Request [b'POST']>
2025-07-05 19:50:54,152 - httpcore.http11 - DEBUG - receive_response_headers.complete return_value=(b'HTTP/1.1', 200, b'OK', [(b'Server', b'nginx/1.18.0'), (b'Date', b'Sat, 05 Jul 2025 18:50:55 GMT'), (b'Content-Type', b'application/json'), (b'Content-Length', b'23'), (b'Connection', b'keep-alive'), (b'Strict-Transport-Security', b'max-age=31536000; includeSubDomains; preload'), (b'Access-Control-Allow-Origin', b'*'), (b'Access-Control-Allow-Methods', b'GET, POST, OPTIONS'), (b'Access-Control-Expose-Headers', b'Content-Length,Content-Type,Date,Server,Connection')])
2025-07-05 19:50:54,152 - httpx - INFO - HTTP Request: POST https://api.telegram.org/bot7707158318:AAE8rWa4Q8Z_3avql6K0HAmXaooZAReoNF0/getUpdates "HTTP/1.1 200 OK"
2025-07-05 19:50:54,155 - httpcore.http11 - DEBUG - receive_response_body.started request=<Request [b'POST']>
2025-07-05 19:50:54,155 - httpcore.http11 - DEBUG - receive_response_body.complete
2025-07-05 19:50:54,155 - httpcore.http11 - DEBUG - response_closed.started
2025-07-05 19:50:54,155 - httpcore.http11 - DEBUG - response_closed.complete
2025-07-05 19:50:54,158 - telegram.ext.ExtBot - DEBUG - No new updates found.
2025-07-05 19:50:54,158 - telegram.ext.ExtBot - DEBUG - ()
2025-07-05 19:50:54,158 - telegram.ext.ExtBot - DEBUG - Exiting: get_updates
2025-07-05 19:50:54,158 - telegram.ext.ExtBot - DEBUG - Entering: get_updates
2025-07-05 19:50:54,159 - httpcore.http11 - DEBUG - send_request_headers.started request=<Request [b'POST']>
2025-07-05 19:50:54,160 - httpcore.http11 - DEBUG - send_request_headers.complete
2025-07-05 19:50:54,160 - httpcore.http11 - DEBUG - send_request_body.started request=<Request [b'POST']>
2025-07-05 19:50:54,160 - httpcore.http11 - DEBUG - send_request_body.complete
2025-07-05 19:50:54,160 - httpcore.http11 - DEBUG - receive_response_headers.started request=<Request [b'POST']>
2025-07-05 19:51:04,291 - httpcore.http11 - DEBUG - receive_response_headers.complete return_value=(b'HTTP/1.1', 200, b'OK', [(b'Server', b'nginx/1.18.0'), (b'Date', b'Sat, 05 Jul 2025 18:51:05 GMT'), (b'Content-Type', b'application/json'), (b'Content-Length', b'23'), (b'Connection', b'keep-alive'), (b'Strict-Transport-Security', b'max-age=31536000; includeSubDomains; preload'), (b'Access-Control-Allow-Origin', b'*'), (b'Access-Control-Allow-Methods', b'GET, POST, OPTIONS'), (b'Access-Control-Expose-Headers', b'Content-Length,Content-Type,Date,Server,Connection')])
2025-07-05 19:51:04,291 - httpx - INFO - HTTP Request: POST https://api.telegram.org/bot7707158318:AAE8rWa4Q8Z_3avql6K0HAmXaooZAReoNF0/getUpdates "HTTP/1.1 200 OK"
2025-07-05 19:51:04,294 - httpcore.http11 - DEBUG - receive_response_body.started request=<Request [b'POST']>
2025-07-05 19:51:04,295 - httpcore.http11 - DEBUG - receive_response_body.complete
2025-07-05 19:51:04,295 - httpcore.http11 - DEBUG - response_closed.started
2025-07-05 19:51:04,295 - httpcore.http11 - DEBUG - response_closed.complete
2025-07-05 19:51:04,296 - telegram.ext.ExtBot - DEBUG - No new updates found.
2025-07-05 19:51:04,296 - telegram.ext.ExtBot - DEBUG - ()
2025-07-05 19:51:04,296 - telegram.ext.ExtBot - DEBUG - Exiting: get_updates
2025-07-05 19:51:04,296 - telegram.ext.ExtBot - DEBUG - Entering: get_updates
2025-07-05 19:51:04,298 - httpcore.http11 - DEBUG - send_request_headers.started request=<Request [b'POST']>
2025-07-05 19:51:04,300 - httpcore.http11 - DEBUG - send_request_headers.complete
2025-07-05 19:51:04,300 - httpcore.http11 - DEBUG - send_request_body.started request=<Request [b'POST']>
2025-07-05 19:51:04,302 - httpcore.http11 - DEBUG - send_request_body.complete
2025-07-05 19:51:04,302 - httpcore.http11 - DEBUG - receive_response_headers.started request=<Request [b'POST']>
2025-07-05 19:51:14,427 - httpcore.http11 - DEBUG - receive_response_headers.complete return_value=(b'HTTP/1.1', 200, b'OK', [(b'Server', b'nginx/1.18.0'), (b'Date', b'Sat, 05 Jul 2025 18:51:15 GMT'), (b'Content-Type', b'application/json'), (b'Content-Length', b'23'), (b'Connection', b'keep-alive'), (b'Strict-Transport-Security', b'max-age=31536000; includeSubDomains; preload'), (b'Access-Control-Allow-Origin', b'*'), (b'Access-Control-Allow-Methods', b'GET, POST, OPTIONS'), (b'Access-Control-Expose-Headers', b'Content-Length,Content-Type,Date,Server,Connection')])
2025-07-05 19:51:14,429 - httpx - INFO - HTTP Request: POST https://api.telegram.org/bot7707158318:AAE8rWa4Q8Z_3avql6K0HAmXaooZAReoNF0/getUpdates "HTTP/1.1 200 OK"
2025-07-05 19:51:14,429 - httpcore.http11 - DEBUG - receive_response_body.started request=<Request [b'POST']>
2025-07-05 19:51:14,431 - httpcore.http11 - DEBUG - receive_response_body.complete
2025-07-05 19:51:14,431 - httpcore.http11 - DEBUG - response_closed.started
2025-07-05 19:51:14,431 - httpcore.http11 - DEBUG - response_closed.complete
2025-07-05 19:51:14,431 - telegram.ext.ExtBot - DEBUG - No new updates found.
2025-07-05 19:51:14,431 - telegram.ext.ExtBot - DEBUG - ()
2025-07-05 19:51:14,431 - telegram.ext.ExtBot - DEBUG - Exiting: get_updates
2025-07-05 19:51:14,431 - telegram.ext.ExtBot - DEBUG - Entering: get_updates
2025-07-05 19:51:14,433 - httpcore.http11 - DEBUG - send_request_headers.started request=<Request [b'POST']>
2025-07-05 19:51:14,435 - httpcore.http11 - DEBUG - send_request_headers.complete
2025-07-05 19:51:14,435 - httpcore.http11 - DEBUG - send_request_body.started request=<Request [b'POST']>
2025-07-05 19:51:14,435 - httpcore.http11 - DEBUG - send_request_body.complete
2025-07-05 19:51:14,435 - httpcore.http11 - DEBUG - receive_response_headers.started request=<Request [b'POST']>
2025-07-05 19:51:24,566 - httpcore.http11 - DEBUG - receive_response_headers.complete return_value=(b'HTTP/1.1', 200, b'OK', [(b'Server', b'nginx/1.18.0'), (b'Date', b'Sat, 05 Jul 2025 18:51:25 GMT'), (b'Content-Type', b'application/json'), (b'Content-Length', b'23'), (b'Connection', b'keep-alive'), (b'Strict-Transport-Security', b'max-age=31536000; includeSubDomains; preload'), (b'Access-Control-Allow-Origin', b'*'), (b'Access-Control-Allow-Methods', b'GET, POST, OPTIONS'), (b'Access-Control-Expose-Headers', b'Content-Length,Content-Type,Date,Server,Connection')])
2025-07-05 19:51:24,569 - httpx - INFO - HTTP Request: POST https://api.telegram.org/bot7707158318:AAE8rWa4Q8Z_3avql6K0HAmXaooZAReoNF0/getUpdates "HTTP/1.1 200 OK"
2025-07-05 19:51:24,570 - httpcore.http11 - DEBUG - receive_response_body.started request=<Request [b'POST']>
2025-07-05 19:51:24,570 - httpcore.http11 - DEBUG - receive_response_body.complete
2025-07-05 19:51:24,570 - httpcore.http11 - DEBUG - response_closed.started
2025-07-05 19:51:24,573 - httpcore.http11 - DEBUG - response_closed.complete
2025-07-05 19:51:24,573 - telegram.ext.ExtBot - DEBUG - No new updates found.
2025-07-05 19:51:24,574 - telegram.ext.ExtBot - DEBUG - ()
2025-07-05 19:51:24,574 - telegram.ext.ExtBot - DEBUG - Exiting: get_updates
2025-07-05 19:51:24,574 - telegram.ext.ExtBot - DEBUG - Entering: get_updates
2025-07-05 19:51:24,576 - httpcore.http11 - DEBUG - send_request_headers.started request=<Request [b'POST']>
2025-07-05 19:51:24,578 - httpcore.http11 - DEBUG - send_request_headers.complete
2025-07-05 19:51:24,578 - httpcore.http11 - DEBUG - send_request_body.started request=<Request [b'POST']>
2025-07-05 19:51:24,578 - httpcore.http11 - DEBUG - send_request_body.complete
2025-07-05 19:51:24,578 - httpcore.http11 - DEBUG - receive_response_headers.started request=<Request [b'POST']>
2025-07-05 19:51:34,702 - httpcore.http11 - DEBUG - receive_response_headers.complete return_value=(b'HTTP/1.1', 200, b'OK', [(b'Server', b'nginx/1.18.0'), (b'Date', b'Sat, 05 Jul 2025 18:51:35 GMT'), (b'Content-Type', b'application/json'), (b'Content-Length', b'23'), (b'Connection', b'keep-alive'), (b'Strict-Transport-Security', b'max-age=31536000; includeSubDomains; preload'), (b'Access-Control-Allow-Origin', b'*'), (b'Access-Control-Allow-Methods', b'GET, POST, OPTIONS'), (b'Access-Control-Expose-Headers', b'Content-Length,Content-Type,Date,Server,Connection')])
2025-07-05 19:51:34,702 - httpx - INFO - HTTP Request: POST https://api.telegram.org/bot7707158318:AAE8rWa4Q8Z_3avql6K0HAmXaooZAReoNF0/getUpdates "HTTP/1.1 200 OK"
2025-07-05 19:51:34,705 - httpcore.http11 - DEBUG - receive_response_body.started request=<Request [b'POST']>
2025-07-05 19:51:34,705 - httpcore.http11 - DEBUG - receive_response_body.complete
2025-07-05 19:51:34,705 - httpcore.http11 - DEBUG - response_closed.started
2025-07-05 19:51:34,705 - httpcore.http11 - DEBUG - response_closed.complete
2025-07-05 19:51:34,705 - telegram.ext.ExtBot - DEBUG - No new updates found.
2025-07-05 19:51:34,705 - telegram.ext.ExtBot - DEBUG - ()
2025-07-05 19:51:34,705 - telegram.ext.ExtBot - DEBUG - Exiting: get_updates
2025-07-05 19:51:34,705 - telegram.ext.ExtBot - DEBUG - Entering: get_updates
2025-07-05 19:51:34,710 - httpcore.http11 - DEBUG - send_request_headers.started request=<Request [b'POST']>
2025-07-05 19:51:34,711 - httpcore.http11 - DEBUG - send_request_headers.complete
2025-07-05 19:51:34,711 - httpcore.http11 - DEBUG - send_request_body.started request=<Request [b'POST']>
2025-07-05 19:51:34,711 - httpcore.http11 - DEBUG - send_request_body.complete
2025-07-05 19:51:34,711 - httpcore.http11 - DEBUG - receive_response_headers.started request=<Request [b'POST']>
2025-07-05 19:51:44,773 - httpcore.http11 - DEBUG - receive_response_headers.complete return_value=(b'HTTP/1.1', 200, b'OK', [(b'Server', b'nginx/1.18.0'), (b'Date', b'Sat, 05 Jul 2025 18:51:46 GMT'), (b'Content-Type', b'application/json'), (b'Content-Length', b'23'), (b'Connection', b'keep-alive'), (b'Strict-Transport-Security', b'max-age=31536000; includeSubDomains; preload'), (b'Access-Control-Allow-Origin', b'*'), (b'Access-Control-Allow-Methods', b'GET, POST, OPTIONS'), (b'Access-Control-Expose-Headers', b'Content-Length,Content-Type,Date,Server,Connection')])
2025-07-05 19:51:44,775 - httpx - INFO - HTTP Request: POST https://api.telegram.org/bot7707158318:AAE8rWa4Q8Z_3avql6K0HAmXaooZAReoNF0/getUpdates "HTTP/1.1 200 OK"
2025-07-05 19:51:44,776 - httpcore.http11 - DEBUG - receive_response_body.started request=<Request [b'POST']>
2025-07-05 19:51:44,776 - httpcore.http11 - DEBUG - receive_response_body.complete
2025-07-05 19:51:44,776 - httpcore.http11 - DEBUG - response_closed.started
2025-07-05 19:51:44,776 - httpcore.http11 - DEBUG - response_closed.complete
2025-07-05 19:51:44,776 - telegram.ext.ExtBot - DEBUG - No new updates found.
2025-07-05 19:51:44,779 - telegram.ext.ExtBot - DEBUG - ()
2025-07-05 19:51:44,779 - telegram.ext.ExtBot - DEBUG - Exiting: get_updates
2025-07-05 19:51:44,779 - telegram.ext.ExtBot - DEBUG - Entering: get_updates
2025-07-05 19:51:44,781 - httpcore.http11 - DEBUG - send_request_headers.started request=<Request [b'POST']>
2025-07-05 19:51:44,781 - httpcore.http11 - DEBUG - send_request_headers.complete
2025-07-05 19:51:44,781 - httpcore.http11 - DEBUG - send_request_body.started request=<Request [b'POST']>
2025-07-05 19:51:44,784 - httpcore.http11 - DEBUG - send_request_body.complete
2025-07-05 19:51:44,784 - httpcore.http11 - DEBUG - receive_response_headers.started request=<Request [b'POST']>
2025-07-05 19:51:54,835 - httpcore.http11 - DEBUG - receive_response_headers.complete return_value=(b'HTTP/1.1', 200, b'OK', [(b'Server', b'nginx/1.18.0'), (b'Date', b'Sat, 05 Jul 2025 18:51:56 GMT'), (b'Content-Type', b'application/json'), (b'Content-Length', b'23'), (b'Connection', b'keep-alive'), (b'Strict-Transport-Security', b'max-age=31536000; includeSubDomains; preload'), (b'Access-Control-Allow-Origin', b'*'), (b'Access-Control-Allow-Methods', b'GET, POST, OPTIONS'), (b'Access-Control-Expose-Headers', b'Content-Length,Content-Type,Date,Server,Connection')])
2025-07-05 19:51:54,836 - httpx - INFO - HTTP Request: POST https://api.telegram.org/bot7707158318:AAE8rWa4Q8Z_3avql6K0HAmXaooZAReoNF0/getUpdates "HTTP/1.1 200 OK"
2025-07-05 19:51:54,836 - httpcore.http11 - DEBUG - receive_response_body.started request=<Request [b'POST']>
2025-07-05 19:51:54,836 - httpcore.http11 - DEBUG - receive_response_body.complete
2025-07-05 19:51:54,836 - httpcore.http11 - DEBUG - response_closed.started
2025-07-05 19:51:54,836 - httpcore.http11 - DEBUG - response_closed.complete
2025-07-05 19:51:54,836 - telegram.ext.ExtBot - DEBUG - No new updates found.
2025-07-05 19:51:54,836 - telegram.ext.ExtBot - DEBUG - ()
2025-07-05 19:51:54,836 - telegram.ext.ExtBot - DEBUG - Exiting: get_updates
2025-07-05 19:51:54,836 - telegram.ext.ExtBot - DEBUG - Entering: get_updates
2025-07-05 19:51:54,840 - httpcore.http11 - DEBUG - send_request_headers.started request=<Request [b'POST']>
2025-07-05 19:51:54,842 - httpcore.http11 - DEBUG - send_request_headers.complete
2025-07-05 19:51:54,842 - httpcore.http11 - DEBUG - send_request_body.started request=<Request [b'POST']>
2025-07-05 19:51:54,842 - httpcore.http11 - DEBUG - send_request_body.complete
2025-07-05 19:51:54,843 - httpcore.http11 - DEBUG - receive_response_headers.started request=<Request [b'POST']>
2025-07-05 19:52:04,912 - httpcore.http11 - DEBUG - receive_response_headers.complete return_value=(b'HTTP/1.1', 200, b'OK', [(b'Server', b'nginx/1.18.0'), (b'Date', b'Sat, 05 Jul 2025 18:52:06 GMT'), (b'Content-Type', b'application/json'), (b'Content-Length', b'23'), (b'Connection', b'keep-alive'), (b'Strict-Transport-Security', b'max-age=31536000; includeSubDomains; preload'), (b'Access-Control-Allow-Origin', b'*'), (b'Access-Control-Allow-Methods', b'GET, POST, OPTIONS'), (b'Access-Control-Expose-Headers', b'Content-Length,Content-Type,Date,Server,Connection')])
2025-07-05 19:52:04,912 - httpx - INFO - HTTP Request: POST https://api.telegram.org/bot7707158318:AAE8rWa4Q8Z_3avql6K0HAmXaooZAReoNF0/getUpdates "HTTP/1.1 200 OK"
2025-07-05 19:52:04,914 - httpcore.http11 - DEBUG - receive_response_body.started request=<Request [b'POST']>
2025-07-05 19:52:04,915 - httpcore.http11 - DEBUG - receive_response_body.complete
2025-07-05 19:52:04,915 - httpcore.http11 - DEBUG - response_closed.started
2025-07-05 19:52:04,915 - httpcore.http11 - DEBUG - response_closed.complete
2025-07-05 19:52:04,917 - telegram.ext.ExtBot - DEBUG - No new updates found.
2025-07-05 19:52:04,917 - telegram.ext.ExtBot - DEBUG - ()
2025-07-05 19:52:04,917 - telegram.ext.ExtBot - DEBUG - Exiting: get_updates
2025-07-05 19:52:04,917 - telegram.ext.ExtBot - DEBUG - Entering: get_updates
2025-07-05 19:52:04,917 - httpcore.http11 - DEBUG - send_request_headers.started request=<Request [b'POST']>
2025-07-05 19:52:04,920 - httpcore.http11 - DEBUG - send_request_headers.complete
2025-07-05 19:52:04,920 - httpcore.http11 - DEBUG - send_request_body.started request=<Request [b'POST']>
2025-07-05 19:52:04,920 - httpcore.http11 - DEBUG - send_request_body.complete
2025-07-05 19:52:04,920 - httpcore.http11 - DEBUG - receive_response_headers.started request=<Request [b'POST']>
2025-07-05 19:52:14,973 - httpcore.http11 - DEBUG - receive_response_headers.complete return_value=(b'HTTP/1.1', 200, b'OK', [(b'Server', b'nginx/1.18.0'), (b'Date', b'Sat, 05 Jul 2025 18:52:16 GMT'), (b'Content-Type', b'application/json'), (b'Content-Length', b'23'), (b'Connection', b'keep-alive'), (b'Strict-Transport-Security', b'max-age=31536000; includeSubDomains; preload'), (b'Access-Control-Allow-Origin', b'*'), (b'Access-Control-Allow-Methods', b'GET, POST, OPTIONS'), (b'Access-Control-Expose-Headers', b'Content-Length,Content-Type,Date,Server,Connection')])
2025-07-05 19:52:14,973 - httpx - INFO - HTTP Request: POST https://api.telegram.org/bot7707158318:AAE8rWa4Q8Z_3avql6K0HAmXaooZAReoNF0/getUpdates "HTTP/1.1 200 OK"
2025-07-05 19:52:14,976 - httpcore.http11 - DEBUG - receive_response_body.started request=<Request [b'POST']>
2025-07-05 19:52:14,976 - httpcore.http11 - DEBUG - receive_response_body.complete
2025-07-05 19:52:14,976 - httpcore.http11 - DEBUG - response_closed.started
2025-07-05 19:52:14,978 - httpcore.http11 - DEBUG - response_closed.complete
2025-07-05 19:52:14,978 - telegram.ext.ExtBot - DEBUG - No new updates found.
2025-07-05 19:52:14,978 - telegram.ext.ExtBot - DEBUG - ()
2025-07-05 19:52:14,978 - telegram.ext.ExtBot - DEBUG - Exiting: get_updates
2025-07-05 19:52:14,978 - telegram.ext.ExtBot - DEBUG - Entering: get_updates
2025-07-05 19:52:14,980 - httpcore.http11 - DEBUG - send_request_headers.started request=<Request [b'POST']>
2025-07-05 19:52:14,982 - httpcore.http11 - DEBUG - send_request_headers.complete
2025-07-05 19:52:14,982 - httpcore.http11 - DEBUG - send_request_body.started request=<Request [b'POST']>
2025-07-05 19:52:14,982 - httpcore.http11 - DEBUG - send_request_body.complete
2025-07-05 19:52:14,984 - httpcore.http11 - DEBUG - receive_response_headers.started request=<Request [b'POST']>
2025-07-05 19:52:25,034 - httpcore.http11 - DEBUG - receive_response_headers.complete return_value=(b'HTTP/1.1', 200, b'OK', [(b'Server', b'nginx/1.18.0'), (b'Date', b'Sat, 05 Jul 2025 18:52:26 GMT'), (b'Content-Type', b'application/json'), (b'Content-Length', b'23'), (b'Connection', b'keep-alive'), (b'Strict-Transport-Security', b'max-age=31536000; includeSubDomains; preload'), (b'Access-Control-Allow-Origin', b'*'), (b'Access-Control-Allow-Methods', b'GET, POST, OPTIONS'), (b'Access-Control-Expose-Headers', b'Content-Length,Content-Type,Date,Server,Connection')])
2025-07-05 19:52:25,036 - httpx - INFO - HTTP Request: POST https://api.telegram.org/bot7707158318:AAE8rWa4Q8Z_3avql6K0HAmXaooZAReoNF0/getUpdates "HTTP/1.1 200 OK"
2025-07-05 19:52:25,037 - httpcore.http11 - DEBUG - receive_response_body.started request=<Request [b'POST']>
2025-07-05 19:52:25,037 - httpcore.http11 - DEBUG - receive_response_body.complete
2025-07-05 19:52:25,039 - httpcore.http11 - DEBUG - response_closed.started
2025-07-05 19:52:25,040 - httpcore.http11 - DEBUG - response_closed.complete
2025-07-05 19:52:25,041 - telegram.ext.ExtBot - DEBUG - No new updates found.
2025-07-05 19:52:25,041 - telegram.ext.ExtBot - DEBUG - ()
2025-07-05 19:52:25,041 - telegram.ext.ExtBot - DEBUG - Exiting: get_updates
2025-07-05 19:52:25,041 - telegram.ext.ExtBot - DEBUG - Entering: get_updates
2025-07-05 19:52:25,044 - httpcore.http11 - DEBUG - send_request_headers.started request=<Request [b'POST']>
2025-07-05 19:52:25,044 - httpcore.http11 - DEBUG - send_request_headers.complete
2025-07-05 19:52:25,044 - httpcore.http11 - DEBUG - send_request_body.started request=<Request [b'POST']>
2025-07-05 19:52:25,044 - httpcore.http11 - DEBUG - send_request_body.complete
2025-07-05 19:52:25,044 - httpcore.http11 - DEBUG - receive_response_headers.started request=<Request [b'POST']>
2025-07-05 19:52:35,114 - httpcore.http11 - DEBUG - receive_response_headers.complete return_value=(b'HTTP/1.1', 200, b'OK', [(b'Server', b'nginx/1.18.0'), (b'Date', b'Sat, 05 Jul 2025 18:52:36 GMT'), (b'Content-Type', b'application/json'), (b'Content-Length', b'23'), (b'Connection', b'keep-alive'), (b'Strict-Transport-Security', b'max-age=31536000; includeSubDomains; preload'), (b'Access-Control-Allow-Origin', b'*'), (b'Access-Control-Allow-Methods', b'GET, POST, OPTIONS'), (b'Access-Control-Expose-Headers', b'Content-Length,Content-Type,Date,Server,Connection')])
2025-07-05 19:52:35,114 - httpx - INFO - HTTP Request: POST https://api.telegram.org/bot7707158318:AAE8rWa4Q8Z_3avql6K0HAmXaooZAReoNF0/getUpdates "HTTP/1.1 200 OK"
2025-07-05 19:52:35,116 - httpcore.http11 - DEBUG - receive_response_body.started request=<Request [b'POST']>
2025-07-05 19:52:35,116 - httpcore.http11 - DEBUG - receive_response_body.complete
2025-07-05 19:52:35,116 - httpcore.http11 - DEBUG - response_closed.started
2025-07-05 19:52:35,116 - httpcore.http11 - DEBUG - response_closed.complete
2025-07-05 19:52:35,119 - telegram.ext.ExtBot - DEBUG - No new updates found.
2025-07-05 19:52:35,119 - telegram.ext.ExtBot - DEBUG - ()
2025-07-05 19:52:35,119 - telegram.ext.ExtBot - DEBUG - Exiting: get_updates
2025-07-05 19:52:35,119 - telegram.ext.ExtBot - DEBUG - Entering: get_updates
2025-07-05 19:52:35,122 - httpcore.http11 - DEBUG - send_request_headers.started request=<Request [b'POST']>
2025-07-05 19:52:35,124 - httpcore.http11 - DEBUG - send_request_headers.complete
2025-07-05 19:52:35,124 - httpcore.http11 - DEBUG - send_request_body.started request=<Request [b'POST']>
2025-07-05 19:52:35,125 - httpcore.http11 - DEBUG - send_request_body.complete
2025-07-05 19:52:35,125 - httpcore.http11 - DEBUG - receive_response_headers.started request=<Request [b'POST']>
2025-07-05 19:52:45,186 - httpcore.http11 - DEBUG - receive_response_headers.complete return_value=(b'HTTP/1.1', 200, b'OK', [(b'Server', b'nginx/1.18.0'), (b'Date', b'Sat, 05 Jul 2025 18:52:46 GMT'), (b'Content-Type', b'application/json'), (b'Content-Length', b'23'), (b'Connection', b'keep-alive'), (b'Strict-Transport-Security', b'max-age=31536000; includeSubDomains; preload'), (b'Access-Control-Allow-Origin', b'*'), (b'Access-Control-Allow-Methods', b'GET, POST, OPTIONS'), (b'Access-Control-Expose-Headers', b'Content-Length,Content-Type,Date,Server,Connection')])
2025-07-05 19:52:45,186 - httpx - INFO - HTTP Request: POST https://api.telegram.org/bot7707158318:AAE8rWa4Q8Z_3avql6K0HAmXaooZAReoNF0/getUpdates "HTTP/1.1 200 OK"
2025-07-05 19:52:45,192 - httpcore.http11 - DEBUG - receive_response_body.started request=<Request [b'POST']>
2025-07-05 19:52:45,194 - httpcore.http11 - DEBUG - receive_response_body.complete
2025-07-05 19:52:45,194 - httpcore.http11 - DEBUG - response_closed.started
2025-07-05 19:52:45,194 - httpcore.http11 - DEBUG - response_closed.complete
2025-07-05 19:52:45,195 - telegram.ext.ExtBot - DEBUG - No new updates found.
2025-07-05 19:52:45,195 - telegram.ext.ExtBot - DEBUG - ()
2025-07-05 19:52:45,195 - telegram.ext.ExtBot - DEBUG - Exiting: get_updates
2025-07-05 19:52:45,195 - telegram.ext.ExtBot - DEBUG - Entering: get_updates
2025-07-05 19:52:45,197 - httpcore.http11 - DEBUG - send_request_headers.started request=<Request [b'POST']>
2025-07-05 19:52:45,199 - httpcore.http11 - DEBUG - send_request_headers.complete
2025-07-05 19:52:45,199 - httpcore.http11 - DEBUG - send_request_body.started request=<Request [b'POST']>
2025-07-05 19:52:45,199 - httpcore.http11 - DEBUG - send_request_body.complete
2025-07-05 19:52:45,199 - httpcore.http11 - DEBUG - receive_response_headers.started request=<Request [b'POST']>
2025-07-05 19:52:55,251 - httpcore.http11 - DEBUG - receive_response_headers.complete return_value=(b'HTTP/1.1', 200, b'OK', [(b'Server', b'nginx/1.18.0'), (b'Date', b'Sat, 05 Jul 2025 18:52:56 GMT'), (b'Content-Type', b'application/json'), (b'Content-Length', b'23'), (b'Connection', b'keep-alive'), (b'Strict-Transport-Security', b'max-age=31536000; includeSubDomains; preload'), (b'Access-Control-Allow-Origin', b'*'), (b'Access-Control-Allow-Methods', b'GET, POST, OPTIONS'), (b'Access-Control-Expose-Headers', b'Content-Length,Content-Type,Date,Server,Connection')])
2025-07-05 19:52:55,253 - httpx - INFO - HTTP Request: POST https://api.telegram.org/bot7707158318:AAE8rWa4Q8Z_3avql6K0HAmXaooZAReoNF0/getUpdates "HTTP/1.1 200 OK"
2025-07-05 19:52:55,255 - httpcore.http11 - DEBUG - receive_response_body.started request=<Request [b'POST']>
2025-07-05 19:52:55,255 - httpcore.http11 - DEBUG - receive_response_body.complete
2025-07-05 19:52:55,256 - httpcore.http11 - DEBUG - response_closed.started
2025-07-05 19:52:55,256 - httpcore.http11 - DEBUG - response_closed.complete
2025-07-05 19:52:55,256 - telegram.ext.ExtBot - DEBUG - No new updates found.
2025-07-05 19:52:55,256 - telegram.ext.ExtBot - DEBUG - ()
2025-07-05 19:52:55,256 - telegram.ext.ExtBot - DEBUG - Exiting: get_updates
2025-07-05 19:52:55,256 - telegram.ext.ExtBot - DEBUG - Entering: get_updates
2025-07-05 19:52:55,260 - httpcore.http11 - DEBUG - send_request_headers.started request=<Request [b'POST']>
2025-07-05 19:52:55,261 - httpcore.http11 - DEBUG - send_request_headers.complete
2025-07-05 19:52:55,261 - httpcore.http11 - DEBUG - send_request_body.started request=<Request [b'POST']>
2025-07-05 19:52:55,261 - httpcore.http11 - DEBUG - send_request_body.complete
2025-07-05 19:52:55,261 - httpcore.http11 - DEBUG - receive_response_headers.started request=<Request [b'POST']>
