2025-07-06 15:45:58,469 - asyncio - DEBUG - Using proactor: IocpProactor
2025-07-06 15:45:58,473 - httpx - DEBUG - load_ssl_context verify=True cert=None trust_env=True http2=False
2025-07-06 15:45:58,475 - httpx - DEBUG - load_verify_locations cafile='c:\\Users\\Rachid Aitali\\OneDrive - 4JM Solutions Limited\\Desktop\\SniperX-V3 Best Version at now\\SniperX-V3-Best-Version-at-now\\venv\\lib\\site-packages\\certifi\\cacert.pem'
2025-07-06 15:45:58,482 - httpx - DEBUG - load_ssl_context verify=True cert=None trust_env=True http2=False
2025-07-06 15:45:58,482 - httpx - DEBUG - load_verify_locations cafile='c:\\Users\\Rachid Aitali\\OneDrive - 4JM Solutions Limited\\Desktop\\SniperX-V3 Best Version at now\\SniperX-V3-Best-Version-at-now\\venv\\lib\\site-packages\\certifi\\cacert.pem'
2025-07-06 15:45:58,482 - __main__ - INFO - Telegram Manager Bot started. Send /menu to interact.
2025-07-06 15:45:58,482 - telegram.ext.ExtBot - DEBUG - Entering: send_message
2025-07-06 15:45:58,493 - httpcore.connection - DEBUG - connect_tcp.started host='api.telegram.org' port=443 local_address=None timeout=5.0 socket_options=None
2025-07-06 15:45:58,590 - httpcore.connection - DEBUG - connect_tcp.complete return_value=<httpcore._backends.anyio.AnyIOStream object at 0x000001C9297E8940>
2025-07-06 15:45:58,591 - httpcore.connection - DEBUG - start_tls.started ssl_context=<ssl.SSLContext object at 0x000001C929740CC0> server_hostname='api.telegram.org' timeout=5.0
2025-07-06 15:45:58,662 - httpcore.connection - DEBUG - start_tls.complete return_value=<httpcore._backends.anyio.AnyIOStream object at 0x000001C9297E87F0>
2025-07-06 15:45:58,662 - httpcore.http11 - DEBUG - send_request_headers.started request=<Request [b'POST']>
2025-07-06 15:45:58,673 - httpcore.http11 - DEBUG - send_request_headers.complete
2025-07-06 15:45:58,673 - httpcore.http11 - DEBUG - send_request_body.started request=<Request [b'POST']>
2025-07-06 15:45:58,673 - httpcore.http11 - DEBUG - send_request_body.complete
2025-07-06 15:45:58,673 - httpcore.http11 - DEBUG - receive_response_headers.started request=<Request [b'POST']>
2025-07-06 15:45:58,780 - httpcore.http11 - DEBUG - receive_response_headers.complete return_value=(b'HTTP/1.1', 200, b'OK', [(b'Server', b'nginx/1.18.0'), (b'Date', b'Sun, 06 Jul 2025 14:45:59 GMT'), (b'Content-Type', b'application/json'), (b'Content-Length', b'352'), (b'Connection', b'keep-alive'), (b'Strict-Transport-Security', b'max-age=31536000; includeSubDomains; preload'), (b'Access-Control-Allow-Origin', b'*'), (b'Access-Control-Allow-Methods', b'GET, POST, OPTIONS'), (b'Access-Control-Expose-Headers', b'Content-Length,Content-Type,Date,Server,Connection')])
2025-07-06 15:45:58,781 - httpx - INFO - HTTP Request: POST https://api.telegram.org/bot7707158318:AAE8rWa4Q8Z_3avql6K0HAmXaooZAReoNF0/sendMessage "HTTP/1.1 200 OK"
2025-07-06 15:45:58,782 - httpcore.http11 - DEBUG - receive_response_body.started request=<Request [b'POST']>
2025-07-06 15:45:58,782 - httpcore.http11 - DEBUG - receive_response_body.complete
2025-07-06 15:45:58,782 - httpcore.http11 - DEBUG - response_closed.started
2025-07-06 15:45:58,783 - httpcore.http11 - DEBUG - response_closed.complete
2025-07-06 15:45:58,786 - telegram.ext.ExtBot - DEBUG - Message(channel_chat_created=False, chat=Chat(first_name='Ghost', id=7049055170, last_name='Number1', type=<ChatType.PRIVATE>), date=datetime.datetime(2025, 7, 6, 14, 45, 59, tzinfo=<UTC>), delete_chat_photo=False, entities=(MessageEntity(length=5, offset=36, type=<MessageEntityType.BOT_COMMAND>),), from_user=User(first_name='SPRD', id=7707158318, is_bot=True, username='tizi91Bot'), group_chat_created=False, message_id=13124, supergroup_chat_created=False, text='SniperX Control Bot is online! Send /menu to see options.')
2025-07-06 15:45:58,787 - telegram.ext.ExtBot - DEBUG - Exiting: send_message
2025-07-06 15:45:58,789 - telegram.ext.ExtBot - DEBUG - Entering: get_me
2025-07-06 15:45:58,789 - httpcore.http11 - DEBUG - send_request_headers.started request=<Request [b'POST']>
2025-07-06 15:45:58,790 - httpcore.http11 - DEBUG - send_request_headers.complete
2025-07-06 15:45:58,790 - httpcore.http11 - DEBUG - send_request_body.started request=<Request [b'POST']>
2025-07-06 15:45:58,790 - httpcore.http11 - DEBUG - send_request_body.complete
2025-07-06 15:45:58,790 - httpcore.http11 - DEBUG - receive_response_headers.started request=<Request [b'POST']>
2025-07-06 15:45:58,848 - httpcore.http11 - DEBUG - receive_response_headers.complete return_value=(b'HTTP/1.1', 200, b'OK', [(b'Server', b'nginx/1.18.0'), (b'Date', b'Sun, 06 Jul 2025 14:45:59 GMT'), (b'Content-Type', b'application/json'), (b'Content-Length', b'243'), (b'Connection', b'keep-alive'), (b'Strict-Transport-Security', b'max-age=31536000; includeSubDomains; preload'), (b'Access-Control-Allow-Origin', b'*'), (b'Access-Control-Allow-Methods', b'GET, POST, OPTIONS'), (b'Access-Control-Expose-Headers', b'Content-Length,Content-Type,Date,Server,Connection')])
2025-07-06 15:45:58,848 - httpx - INFO - HTTP Request: POST https://api.telegram.org/bot7707158318:AAE8rWa4Q8Z_3avql6K0HAmXaooZAReoNF0/getMe "HTTP/1.1 200 OK"
2025-07-06 15:45:58,849 - httpcore.http11 - DEBUG - receive_response_body.started request=<Request [b'POST']>
2025-07-06 15:45:58,849 - httpcore.http11 - DEBUG - receive_response_body.complete
2025-07-06 15:45:58,850 - httpcore.http11 - DEBUG - response_closed.started
2025-07-06 15:45:58,850 - httpcore.http11 - DEBUG - response_closed.complete
2025-07-06 15:45:58,850 - telegram.ext.ExtBot - DEBUG - User(api_kwargs={'can_connect_to_business': False, 'has_main_web_app': False}, can_join_groups=True, can_read_all_group_messages=False, first_name='SPRD', id=7707158318, is_bot=True, supports_inline_queries=False, username='tizi91Bot')
2025-07-06 15:45:58,850 - telegram.ext.ExtBot - DEBUG - Exiting: get_me
2025-07-06 15:45:58,851 - telegram.ext.ExtBot - DEBUG - This Bot is already initialized.
2025-07-06 15:45:58,851 - telegram.ext.Updater - DEBUG - Updater started (polling)
2025-07-06 15:45:58,851 - telegram.ext.Updater - DEBUG - Start network loop retry bootstrap del webhook
2025-07-06 15:45:58,851 - telegram.ext.Updater - DEBUG - Deleting webhook
2025-07-06 15:45:58,851 - telegram.ext.ExtBot - DEBUG - Entering: delete_webhook
2025-07-06 15:45:58,853 - httpcore.http11 - DEBUG - send_request_headers.started request=<Request [b'POST']>
2025-07-06 15:45:58,853 - httpcore.http11 - DEBUG - send_request_headers.complete
2025-07-06 15:45:58,854 - httpcore.http11 - DEBUG - send_request_body.started request=<Request [b'POST']>
2025-07-06 15:45:58,854 - httpcore.http11 - DEBUG - send_request_body.complete
2025-07-06 15:45:58,854 - httpcore.http11 - DEBUG - receive_response_headers.started request=<Request [b'POST']>
2025-07-06 15:45:58,912 - httpcore.http11 - DEBUG - receive_response_headers.complete return_value=(b'HTTP/1.1', 200, b'OK', [(b'Server', b'nginx/1.18.0'), (b'Date', b'Sun, 06 Jul 2025 14:45:59 GMT'), (b'Content-Type', b'application/json'), (b'Content-Length', b'68'), (b'Connection', b'keep-alive'), (b'Strict-Transport-Security', b'max-age=31536000; includeSubDomains; preload'), (b'Access-Control-Allow-Origin', b'*'), (b'Access-Control-Allow-Methods', b'GET, POST, OPTIONS'), (b'Access-Control-Expose-Headers', b'Content-Length,Content-Type,Date,Server,Connection')])
2025-07-06 15:45:58,913 - httpx - INFO - HTTP Request: POST https://api.telegram.org/bot7707158318:AAE8rWa4Q8Z_3avql6K0HAmXaooZAReoNF0/deleteWebhook "HTTP/1.1 200 OK"
2025-07-06 15:45:58,914 - httpcore.http11 - DEBUG - receive_response_body.started request=<Request [b'POST']>
2025-07-06 15:45:58,914 - httpcore.http11 - DEBUG - receive_response_body.complete
2025-07-06 15:45:58,914 - httpcore.http11 - DEBUG - response_closed.started
2025-07-06 15:45:58,914 - httpcore.http11 - DEBUG - response_closed.complete
2025-07-06 15:45:58,915 - telegram.ext.ExtBot - DEBUG - True
2025-07-06 15:45:58,915 - telegram.ext.ExtBot - DEBUG - Exiting: delete_webhook
2025-07-06 15:45:58,915 - telegram.ext.Updater - DEBUG - Bootstrap done
2025-07-06 15:45:58,915 - telegram.ext.Updater - DEBUG - Waiting for polling to start
2025-07-06 15:45:58,915 - telegram.ext.Updater - DEBUG - Polling updates from Telegram started
2025-07-06 15:45:58,915 - telegram.ext.Updater - DEBUG - Start network loop retry getting Updates
2025-07-06 15:45:58,915 - telegram.ext.ExtBot - DEBUG - Entering: get_updates
2025-07-06 15:45:58,916 - apscheduler.scheduler - INFO - Scheduler started
2025-07-06 15:45:58,918 - telegram.ext.Application - DEBUG - JobQueue started
2025-07-06 15:45:58,918 - telegram.ext.Application - INFO - Application started
2025-07-06 15:45:58,918 - httpcore.connection - DEBUG - connect_tcp.started host='api.telegram.org' port=443 local_address=None timeout=5.0 socket_options=None
2025-07-06 15:45:58,919 - apscheduler.scheduler - DEBUG - Looking for jobs to run
2025-07-06 15:45:58,919 - apscheduler.scheduler - DEBUG - No jobs; waiting until a job is added
2025-07-06 15:45:58,981 - httpcore.connection - DEBUG - connect_tcp.complete return_value=<httpcore._backends.anyio.AnyIOStream object at 0x000001C9297EB550>
2025-07-06 15:45:58,982 - httpcore.connection - DEBUG - start_tls.started ssl_context=<ssl.SSLContext object at 0x000001C929740BC0> server_hostname='api.telegram.org' timeout=5.0
2025-07-06 15:45:59,043 - httpcore.connection - DEBUG - start_tls.complete return_value=<httpcore._backends.anyio.AnyIOStream object at 0x000001C9297EB370>
2025-07-06 15:45:59,043 - httpcore.http11 - DEBUG - send_request_headers.started request=<Request [b'POST']>
2025-07-06 15:45:59,043 - httpcore.http11 - DEBUG - send_request_headers.complete
2025-07-06 15:45:59,043 - httpcore.http11 - DEBUG - send_request_body.started request=<Request [b'POST']>
2025-07-06 15:45:59,043 - httpcore.http11 - DEBUG - send_request_body.complete
2025-07-06 15:45:59,043 - httpcore.http11 - DEBUG - receive_response_headers.started request=<Request [b'POST']>
2025-07-06 15:46:02,082 - httpcore.http11 - DEBUG - receive_response_headers.complete return_value=(b'HTTP/1.1', 200, b'OK', [(b'Server', b'nginx/1.18.0'), (b'Date', b'Sun, 06 Jul 2025 14:46:02 GMT'), (b'Content-Type', b'application/json'), (b'Content-Length', b'357'), (b'Connection', b'keep-alive'), (b'Strict-Transport-Security', b'max-age=31536000; includeSubDomains; preload'), (b'Access-Control-Allow-Origin', b'*'), (b'Access-Control-Allow-Methods', b'GET, POST, OPTIONS'), (b'Access-Control-Expose-Headers', b'Content-Length,Content-Type,Date,Server,Connection')])
2025-07-06 15:46:02,082 - httpx - INFO - HTTP Request: POST https://api.telegram.org/bot7707158318:AAE8rWa4Q8Z_3avql6K0HAmXaooZAReoNF0/getUpdates "HTTP/1.1 200 OK"
2025-07-06 15:46:02,083 - httpcore.http11 - DEBUG - receive_response_body.started request=<Request [b'POST']>
2025-07-06 15:46:02,083 - httpcore.http11 - DEBUG - receive_response_body.complete
2025-07-06 15:46:02,083 - httpcore.http11 - DEBUG - response_closed.started
2025-07-06 15:46:02,083 - httpcore.http11 - DEBUG - response_closed.complete
2025-07-06 15:46:02,083 - telegram.ext.ExtBot - DEBUG - Getting updates: [37530655]
2025-07-06 15:46:02,084 - telegram.ext.ExtBot - DEBUG - (Update(message=Message(channel_chat_created=False, chat=Chat(first_name='Ghost', id=7049055170, last_name='Number1', type=<ChatType.PRIVATE>), date=datetime.datetime(2025, 7, 6, 14, 46, 2, tzinfo=<UTC>), delete_chat_photo=False, entities=(MessageEntity(length=5, offset=0, type=<MessageEntityType.BOT_COMMAND>),), from_user=User(first_name='Ghost', id=7049055170, is_bot=False, language_code='en', last_name='Number1'), group_chat_created=False, message_id=13125, supergroup_chat_created=False, text='/menu'), update_id=37530655),)
2025-07-06 15:46:02,084 - telegram.ext.ExtBot - DEBUG - Exiting: get_updates
2025-07-06 15:46:02,085 - telegram.ext.ExtBot - DEBUG - Entering: get_updates
2025-07-06 15:46:02,085 - telegram.ext.Application - DEBUG - Processing update Update(message=Message(channel_chat_created=False, chat=Chat(first_name='Ghost', id=7049055170, last_name='Number1', type=<ChatType.PRIVATE>), date=datetime.datetime(2025, 7, 6, 14, 46, 2, tzinfo=<UTC>), delete_chat_photo=False, entities=(MessageEntity(length=5, offset=0, type=<MessageEntityType.BOT_COMMAND>),), from_user=User(first_name='Ghost', id=7049055170, is_bot=False, language_code='en', last_name='Number1'), group_chat_created=False, message_id=13125, supergroup_chat_created=False, text='/menu'), update_id=37530655)
2025-07-06 15:46:02,089 - telegram.ext.ExtBot - DEBUG - Entering: send_message
2025-07-06 15:46:02,091 - httpcore.http11 - DEBUG - send_request_headers.started request=<Request [b'POST']>
2025-07-06 15:46:02,092 - httpcore.http11 - DEBUG - send_request_headers.started request=<Request [b'POST']>
2025-07-06 15:46:02,092 - httpcore.http11 - DEBUG - send_request_headers.complete
2025-07-06 15:46:02,092 - httpcore.http11 - DEBUG - send_request_body.started request=<Request [b'POST']>
2025-07-06 15:46:02,093 - httpcore.http11 - DEBUG - send_request_headers.complete
2025-07-06 15:46:02,093 - httpcore.http11 - DEBUG - send_request_body.started request=<Request [b'POST']>
2025-07-06 15:46:02,095 - httpcore.http11 - DEBUG - send_request_body.complete
2025-07-06 15:46:02,095 - httpcore.http11 - DEBUG - receive_response_headers.started request=<Request [b'POST']>
2025-07-06 15:46:02,096 - httpcore.http11 - DEBUG - send_request_body.complete
2025-07-06 15:46:02,096 - httpcore.http11 - DEBUG - receive_response_headers.started request=<Request [b'POST']>
2025-07-06 15:46:02,183 - httpcore.http11 - DEBUG - receive_response_headers.complete return_value=(b'HTTP/1.1', 200, b'OK', [(b'Server', b'nginx/1.18.0'), (b'Date', b'Sun, 06 Jul 2025 14:46:02 GMT'), (b'Content-Type', b'application/json'), (b'Content-Length', b'570'), (b'Connection', b'keep-alive'), (b'Strict-Transport-Security', b'max-age=31536000; includeSubDomains; preload'), (b'Access-Control-Allow-Origin', b'*'), (b'Access-Control-Allow-Methods', b'GET, POST, OPTIONS'), (b'Access-Control-Expose-Headers', b'Content-Length,Content-Type,Date,Server,Connection')])
2025-07-06 15:46:02,184 - httpx - INFO - HTTP Request: POST https://api.telegram.org/bot7707158318:AAE8rWa4Q8Z_3avql6K0HAmXaooZAReoNF0/sendMessage "HTTP/1.1 200 OK"
2025-07-06 15:46:02,185 - httpcore.http11 - DEBUG - receive_response_body.started request=<Request [b'POST']>
2025-07-06 15:46:02,186 - httpcore.http11 - DEBUG - receive_response_body.complete
2025-07-06 15:46:02,186 - httpcore.http11 - DEBUG - response_closed.started
2025-07-06 15:46:02,187 - httpcore.http11 - DEBUG - response_closed.complete
2025-07-06 15:46:02,189 - telegram.ext.ExtBot - DEBUG - Message(channel_chat_created=False, chat=Chat(first_name='Ghost', id=7049055170, last_name='Number1', type=<ChatType.PRIVATE>), date=datetime.datetime(2025, 7, 6, 14, 46, 2, tzinfo=<UTC>), delete_chat_photo=False, from_user=User(first_name='SPRD', id=7707158318, is_bot=True, username='tizi91Bot'), group_chat_created=False, message_id=13126, reply_markup=InlineKeyboardMarkup(inline_keyboard=((InlineKeyboardButton(callback_data='start_sniperx', text='🚀 Start SniperX'),), (InlineKeyboardButton(callback_data='stop_sniperx', text='🛑 Stop SniperX'), InlineKeyboardButton(callback_data='status_sniperx', text='📊 Status')), (InlineKeyboardButton(callback_data='show_balance', text='💰 Balance'),))), supergroup_chat_created=False, text='SniperX Bot Control Panel:')
2025-07-06 15:46:02,190 - telegram.ext.ExtBot - DEBUG - Exiting: send_message
2025-07-06 15:46:03,535 - httpcore.http11 - DEBUG - receive_response_headers.complete return_value=(b'HTTP/1.1', 200, b'OK', [(b'Server', b'nginx/1.18.0'), (b'Date', b'Sun, 06 Jul 2025 14:46:04 GMT'), (b'Content-Type', b'application/json'), (b'Content-Length', b'818'), (b'Connection', b'keep-alive'), (b'Strict-Transport-Security', b'max-age=31536000; includeSubDomains; preload'), (b'Access-Control-Allow-Origin', b'*'), (b'Access-Control-Allow-Methods', b'GET, POST, OPTIONS'), (b'Access-Control-Expose-Headers', b'Content-Length,Content-Type,Date,Server,Connection')])
2025-07-06 15:46:03,536 - httpx - INFO - HTTP Request: POST https://api.telegram.org/bot7707158318:AAE8rWa4Q8Z_3avql6K0HAmXaooZAReoNF0/getUpdates "HTTP/1.1 200 OK"
2025-07-06 15:46:03,537 - httpcore.http11 - DEBUG - receive_response_body.started request=<Request [b'POST']>
2025-07-06 15:46:03,537 - httpcore.http11 - DEBUG - receive_response_body.complete
2025-07-06 15:46:03,537 - httpcore.http11 - DEBUG - response_closed.started
2025-07-06 15:46:03,537 - httpcore.http11 - DEBUG - response_closed.complete
2025-07-06 15:46:03,538 - telegram.ext.ExtBot - DEBUG - Getting updates: [37530656]
2025-07-06 15:46:03,538 - telegram.ext.ExtBot - DEBUG - (Update(callback_query=CallbackQuery(chat_instance='-1307310250263184334', data='start_sniperx', from_user=User(first_name='Ghost', id=7049055170, is_bot=False, language_code='en', last_name='Number1'), id='2605345315425887439', message=Message(channel_chat_created=False, chat=Chat(first_name='Ghost', id=7049055170, last_name='Number1', type=<ChatType.PRIVATE>), date=datetime.datetime(2025, 7, 6, 14, 46, 2, tzinfo=<UTC>), delete_chat_photo=False, from_user=User(first_name='SPRD', id=7707158318, is_bot=True, username='tizi91Bot'), group_chat_created=False, message_id=13126, reply_markup=InlineKeyboardMarkup(inline_keyboard=((InlineKeyboardButton(callback_data='start_sniperx', text='🚀 Start SniperX'),), (InlineKeyboardButton(callback_data='stop_sniperx', text='🛑 Stop SniperX'), InlineKeyboardButton(callback_data='status_sniperx', text='📊 Status')), (InlineKeyboardButton(callback_data='show_balance', text='💰 Balance'),))), supergroup_chat_created=False, text='SniperX Bot Control Panel:')), update_id=37530656),)
2025-07-06 15:46:03,539 - telegram.ext.ExtBot - DEBUG - Exiting: get_updates
2025-07-06 15:46:03,539 - telegram.ext.ExtBot - DEBUG - Entering: get_updates
2025-07-06 15:46:03,540 - telegram.ext.Application - DEBUG - Processing update Update(callback_query=CallbackQuery(chat_instance='-1307310250263184334', data='start_sniperx', from_user=User(first_name='Ghost', id=7049055170, is_bot=False, language_code='en', last_name='Number1'), id='2605345315425887439', message=Message(channel_chat_created=False, chat=Chat(first_name='Ghost', id=7049055170, last_name='Number1', type=<ChatType.PRIVATE>), date=datetime.datetime(2025, 7, 6, 14, 46, 2, tzinfo=<UTC>), delete_chat_photo=False, from_user=User(first_name='SPRD', id=7707158318, is_bot=True, username='tizi91Bot'), group_chat_created=False, message_id=13126, reply_markup=InlineKeyboardMarkup(inline_keyboard=((InlineKeyboardButton(callback_data='start_sniperx', text='🚀 Start SniperX'),), (InlineKeyboardButton(callback_data='stop_sniperx', text='🛑 Stop SniperX'), InlineKeyboardButton(callback_data='status_sniperx', text='📊 Status')), (InlineKeyboardButton(callback_data='show_balance', text='💰 Balance'),))), supergroup_chat_created=False, text='SniperX Bot Control Panel:')), update_id=37530656)
2025-07-06 15:46:03,541 - __main__ - INFO - Button callback received: Update(callback_query=CallbackQuery(chat_instance='-1307310250263184334', data='start_sniperx', from_user=User(first_name='Ghost', id=7049055170, is_bot=False, language_code='en', last_name='Number1'), id='2605345315425887439', message=Message(channel_chat_created=False, chat=Chat(first_name='Ghost', id=7049055170, last_name='Number1', type=<ChatType.PRIVATE>), date=datetime.datetime(2025, 7, 6, 14, 46, 2, tzinfo=<UTC>), delete_chat_photo=False, from_user=User(first_name='SPRD', id=7707158318, is_bot=True, username='tizi91Bot'), group_chat_created=False, message_id=13126, reply_markup=InlineKeyboardMarkup(inline_keyboard=((InlineKeyboardButton(callback_data='start_sniperx', text='🚀 Start SniperX'),), (InlineKeyboardButton(callback_data='stop_sniperx', text='🛑 Stop SniperX'), InlineKeyboardButton(callback_data='status_sniperx', text='📊 Status')), (InlineKeyboardButton(callback_data='show_balance', text='💰 Balance'),))), supergroup_chat_created=False, text='SniperX Bot Control Panel:')), update_id=37530656)
2025-07-06 15:46:03,542 - telegram.ext.ExtBot - DEBUG - Entering: answer_callback_query
2025-07-06 15:46:03,546 - httpcore.http11 - DEBUG - send_request_headers.started request=<Request [b'POST']>
2025-07-06 15:46:03,547 - httpcore.http11 - DEBUG - send_request_headers.started request=<Request [b'POST']>
2025-07-06 15:46:03,548 - httpcore.http11 - DEBUG - send_request_headers.complete
2025-07-06 15:46:03,548 - httpcore.http11 - DEBUG - send_request_body.started request=<Request [b'POST']>
2025-07-06 15:46:03,549 - httpcore.http11 - DEBUG - send_request_headers.complete
2025-07-06 15:46:03,549 - httpcore.http11 - DEBUG - send_request_body.started request=<Request [b'POST']>
2025-07-06 15:46:03,549 - httpcore.http11 - DEBUG - send_request_body.complete
2025-07-06 15:46:03,549 - httpcore.http11 - DEBUG - receive_response_headers.started request=<Request [b'POST']>
2025-07-06 15:46:03,550 - httpcore.http11 - DEBUG - send_request_body.complete
2025-07-06 15:46:03,550 - httpcore.http11 - DEBUG - receive_response_headers.started request=<Request [b'POST']>
2025-07-06 15:46:03,612 - httpcore.http11 - DEBUG - receive_response_headers.complete return_value=(b'HTTP/1.1', 200, b'OK', [(b'Server', b'nginx/1.18.0'), (b'Date', b'Sun, 06 Jul 2025 14:46:04 GMT'), (b'Content-Type', b'application/json'), (b'Content-Length', b'25'), (b'Connection', b'keep-alive'), (b'Strict-Transport-Security', b'max-age=31536000; includeSubDomains; preload'), (b'Access-Control-Allow-Origin', b'*'), (b'Access-Control-Allow-Methods', b'GET, POST, OPTIONS'), (b'Access-Control-Expose-Headers', b'Content-Length,Content-Type,Date,Server,Connection')])
2025-07-06 15:46:03,613 - httpx - INFO - HTTP Request: POST https://api.telegram.org/bot7707158318:AAE8rWa4Q8Z_3avql6K0HAmXaooZAReoNF0/answerCallbackQuery "HTTP/1.1 200 OK"
2025-07-06 15:46:03,613 - httpcore.http11 - DEBUG - receive_response_body.started request=<Request [b'POST']>
2025-07-06 15:46:03,613 - httpcore.http11 - DEBUG - receive_response_body.complete
2025-07-06 15:46:03,613 - httpcore.http11 - DEBUG - response_closed.started
2025-07-06 15:46:03,614 - httpcore.http11 - DEBUG - response_closed.complete
2025-07-06 15:46:03,614 - telegram.ext.ExtBot - DEBUG - True
2025-07-06 15:46:03,614 - telegram.ext.ExtBot - DEBUG - Exiting: answer_callback_query
2025-07-06 15:46:03,614 - __main__ - INFO - Processing action: start_sniperx
2025-07-06 15:46:03,616 - telegram.ext.ExtBot - DEBUG - Entering: send_message
2025-07-06 15:46:03,617 - httpcore.http11 - DEBUG - send_request_headers.started request=<Request [b'POST']>
2025-07-06 15:46:03,617 - httpcore.http11 - DEBUG - send_request_headers.complete
2025-07-06 15:46:03,617 - httpcore.http11 - DEBUG - send_request_body.started request=<Request [b'POST']>
2025-07-06 15:46:03,618 - httpcore.http11 - DEBUG - send_request_body.complete
2025-07-06 15:46:03,618 - httpcore.http11 - DEBUG - receive_response_headers.started request=<Request [b'POST']>
2025-07-06 15:46:03,695 - httpcore.http11 - DEBUG - receive_response_headers.complete return_value=(b'HTTP/1.1', 200, b'OK', [(b'Server', b'nginx/1.18.0'), (b'Date', b'Sun, 06 Jul 2025 14:46:04 GMT'), (b'Content-Type', b'application/json'), (b'Content-Length', b'262'), (b'Connection', b'keep-alive'), (b'Strict-Transport-Security', b'max-age=31536000; includeSubDomains; preload'), (b'Access-Control-Allow-Origin', b'*'), (b'Access-Control-Allow-Methods', b'GET, POST, OPTIONS'), (b'Access-Control-Expose-Headers', b'Content-Length,Content-Type,Date,Server,Connection')])
2025-07-06 15:46:03,695 - httpx - INFO - HTTP Request: POST https://api.telegram.org/bot7707158318:AAE8rWa4Q8Z_3avql6K0HAmXaooZAReoNF0/sendMessage "HTTP/1.1 200 OK"
2025-07-06 15:46:03,696 - httpcore.http11 - DEBUG - receive_response_body.started request=<Request [b'POST']>
2025-07-06 15:46:03,696 - httpcore.http11 - DEBUG - receive_response_body.complete
2025-07-06 15:46:03,696 - httpcore.http11 - DEBUG - response_closed.started
2025-07-06 15:46:03,696 - httpcore.http11 - DEBUG - response_closed.complete
2025-07-06 15:46:03,697 - telegram.ext.ExtBot - DEBUG - Message(channel_chat_created=False, chat=Chat(first_name='Ghost', id=7049055170, last_name='Number1', type=<ChatType.PRIVATE>), date=datetime.datetime(2025, 7, 6, 14, 46, 4, tzinfo=<UTC>), delete_chat_photo=False, from_user=User(first_name='SPRD', id=7707158318, is_bot=True, username='tizi91Bot'), group_chat_created=False, message_id=13127, supergroup_chat_created=False, text='Starting wallet manager...')
2025-07-06 15:46:03,697 - telegram.ext.ExtBot - DEBUG - Exiting: send_message
2025-07-06 15:46:05,781 - telegram.ext.ExtBot - DEBUG - Entering: send_message
2025-07-06 15:46:05,783 - httpcore.http11 - DEBUG - send_request_headers.started request=<Request [b'POST']>
2025-07-06 15:46:05,784 - httpcore.http11 - DEBUG - send_request_headers.complete
2025-07-06 15:46:05,784 - httpcore.http11 - DEBUG - send_request_body.started request=<Request [b'POST']>
2025-07-06 15:46:05,785 - httpcore.http11 - DEBUG - send_request_body.complete
2025-07-06 15:46:05,785 - httpcore.http11 - DEBUG - receive_response_headers.started request=<Request [b'POST']>
2025-07-06 15:46:05,945 - httpcore.http11 - DEBUG - receive_response_headers.complete return_value=(b'HTTP/1.1', 200, b'OK', [(b'Server', b'nginx/1.18.0'), (b'Date', b'Sun, 06 Jul 2025 14:46:06 GMT'), (b'Content-Type', b'application/json'), (b'Content-Length', b'323'), (b'Connection', b'keep-alive'), (b'Strict-Transport-Security', b'max-age=31536000; includeSubDomains; preload'), (b'Access-Control-Allow-Origin', b'*'), (b'Access-Control-Allow-Methods', b'GET, POST, OPTIONS'), (b'Access-Control-Expose-Headers', b'Content-Length,Content-Type,Date,Server,Connection')])
2025-07-06 15:46:05,946 - httpx - INFO - HTTP Request: POST https://api.telegram.org/bot7707158318:AAE8rWa4Q8Z_3avql6K0HAmXaooZAReoNF0/sendMessage "HTTP/1.1 200 OK"
2025-07-06 15:46:05,947 - httpcore.http11 - DEBUG - receive_response_body.started request=<Request [b'POST']>
2025-07-06 15:46:05,947 - httpcore.http11 - DEBUG - receive_response_body.complete
2025-07-06 15:46:05,947 - httpcore.http11 - DEBUG - response_closed.started
2025-07-06 15:46:05,947 - httpcore.http11 - DEBUG - response_closed.complete
2025-07-06 15:46:05,948 - telegram.ext.ExtBot - DEBUG - Message(channel_chat_created=False, chat=Chat(first_name='Ghost', id=7049055170, last_name='Number1', type=<ChatType.PRIVATE>), date=datetime.datetime(2025, 7, 6, 14, 46, 6, tzinfo=<UTC>), delete_chat_photo=False, entities=(MessageEntity(length=5, offset=8, type=<MessageEntityType.URL>),), from_user=User(first_name='SPRD', id=7707158318, is_bot=True, username='tizi91Bot'), group_chat_created=False, message_id=13128, supergroup_chat_created=False, text='SniperX V2.py started with PID 24260.')
2025-07-06 15:46:05,949 - telegram.ext.ExtBot - DEBUG - Exiting: send_message
2025-07-06 15:46:05,949 - __main__ - INFO - SniperX V2.py started with PID 24260 by user tizi91Bot
2025-07-06 15:46:05,950 - telegram.ext.ExtBot - DEBUG - Entering: edit_message_text
2025-07-06 15:46:05,952 - httpcore.http11 - DEBUG - send_request_headers.started request=<Request [b'POST']>
2025-07-06 15:46:05,953 - httpcore.http11 - DEBUG - send_request_headers.complete
2025-07-06 15:46:05,953 - httpcore.http11 - DEBUG - send_request_body.started request=<Request [b'POST']>
2025-07-06 15:46:05,954 - httpcore.http11 - DEBUG - send_request_body.complete
2025-07-06 15:46:05,954 - httpcore.http11 - DEBUG - receive_response_headers.started request=<Request [b'POST']>
2025-07-06 15:46:06,104 - httpcore.http11 - DEBUG - receive_response_headers.complete return_value=(b'HTTP/1.1', 400, b'Bad Request', [(b'Server', b'nginx/1.18.0'), (b'Date', b'Sun, 06 Jul 2025 14:46:06 GMT'), (b'Content-Type', b'application/json'), (b'Content-Length', b'204'), (b'Connection', b'keep-alive'), (b'Strict-Transport-Security', b'max-age=31536000; includeSubDomains; preload'), (b'Access-Control-Allow-Origin', b'*'), (b'Access-Control-Expose-Headers', b'Content-Length,Content-Type,Date,Server,Connection')])
2025-07-06 15:46:06,105 - httpx - INFO - HTTP Request: POST https://api.telegram.org/bot7707158318:AAE8rWa4Q8Z_3avql6K0HAmXaooZAReoNF0/editMessageText "HTTP/1.1 400 Bad Request"
2025-07-06 15:46:06,105 - httpcore.http11 - DEBUG - receive_response_body.started request=<Request [b'POST']>
2025-07-06 15:46:06,106 - httpcore.http11 - DEBUG - receive_response_body.complete
2025-07-06 15:46:06,106 - httpcore.http11 - DEBUG - response_closed.started
2025-07-06 15:46:06,106 - httpcore.http11 - DEBUG - response_closed.complete
2025-07-06 15:46:06,107 - __main__ - ERROR - Error showing menu: Message is not modified: specified new message content and reply markup are exactly the same as a current content and reply markup of the message
2025-07-06 15:46:06,107 - telegram.ext.ExtBot - DEBUG - Entering: send_message
2025-07-06 15:46:06,110 - httpcore.http11 - DEBUG - send_request_headers.started request=<Request [b'POST']>
2025-07-06 15:46:06,111 - httpcore.http11 - DEBUG - send_request_headers.complete
2025-07-06 15:46:06,111 - httpcore.http11 - DEBUG - send_request_body.started request=<Request [b'POST']>
2025-07-06 15:46:06,112 - httpcore.http11 - DEBUG - send_request_body.complete
2025-07-06 15:46:06,112 - httpcore.http11 - DEBUG - receive_response_headers.started request=<Request [b'POST']>
2025-07-06 15:46:06,275 - httpcore.http11 - DEBUG - receive_response_headers.complete return_value=(b'HTTP/1.1', 200, b'OK', [(b'Server', b'nginx/1.18.0'), (b'Date', b'Sun, 06 Jul 2025 14:46:06 GMT'), (b'Content-Type', b'application/json'), (b'Content-Length', b'570'), (b'Connection', b'keep-alive'), (b'Strict-Transport-Security', b'max-age=31536000; includeSubDomains; preload'), (b'Access-Control-Allow-Origin', b'*'), (b'Access-Control-Allow-Methods', b'GET, POST, OPTIONS'), (b'Access-Control-Expose-Headers', b'Content-Length,Content-Type,Date,Server,Connection')])
2025-07-06 15:46:06,276 - httpx - INFO - HTTP Request: POST https://api.telegram.org/bot7707158318:AAE8rWa4Q8Z_3avql6K0HAmXaooZAReoNF0/sendMessage "HTTP/1.1 200 OK"
2025-07-06 15:46:06,277 - httpcore.http11 - DEBUG - receive_response_body.started request=<Request [b'POST']>
2025-07-06 15:46:06,277 - httpcore.http11 - DEBUG - receive_response_body.complete
2025-07-06 15:46:06,277 - httpcore.http11 - DEBUG - response_closed.started
2025-07-06 15:46:06,278 - httpcore.http11 - DEBUG - response_closed.complete
2025-07-06 15:46:06,279 - telegram.ext.ExtBot - DEBUG - Message(channel_chat_created=False, chat=Chat(first_name='Ghost', id=7049055170, last_name='Number1', type=<ChatType.PRIVATE>), date=datetime.datetime(2025, 7, 6, 14, 46, 6, tzinfo=<UTC>), delete_chat_photo=False, from_user=User(first_name='SPRD', id=7707158318, is_bot=True, username='tizi91Bot'), group_chat_created=False, message_id=13129, reply_markup=InlineKeyboardMarkup(inline_keyboard=((InlineKeyboardButton(callback_data='start_sniperx', text='🚀 Start SniperX'),), (InlineKeyboardButton(callback_data='stop_sniperx', text='🛑 Stop SniperX'), InlineKeyboardButton(callback_data='status_sniperx', text='📊 Status')), (InlineKeyboardButton(callback_data='show_balance', text='💰 Balance'),))), supergroup_chat_created=False, text='SniperX Bot Control Panel:')
2025-07-06 15:46:06,280 - telegram.ext.ExtBot - DEBUG - Exiting: send_message
2025-07-06 15:46:13,600 - httpcore.http11 - DEBUG - receive_response_headers.complete return_value=(b'HTTP/1.1', 200, b'OK', [(b'Server', b'nginx/1.18.0'), (b'Date', b'Sun, 06 Jul 2025 14:46:14 GMT'), (b'Content-Type', b'application/json'), (b'Content-Length', b'23'), (b'Connection', b'keep-alive'), (b'Strict-Transport-Security', b'max-age=31536000; includeSubDomains; preload'), (b'Access-Control-Allow-Origin', b'*'), (b'Access-Control-Allow-Methods', b'GET, POST, OPTIONS'), (b'Access-Control-Expose-Headers', b'Content-Length,Content-Type,Date,Server,Connection')])
2025-07-06 15:46:13,600 - httpx - INFO - HTTP Request: POST https://api.telegram.org/bot7707158318:AAE8rWa4Q8Z_3avql6K0HAmXaooZAReoNF0/getUpdates "HTTP/1.1 200 OK"
2025-07-06 15:46:13,601 - httpcore.http11 - DEBUG - receive_response_body.started request=<Request [b'POST']>
2025-07-06 15:46:13,601 - httpcore.http11 - DEBUG - receive_response_body.complete
2025-07-06 15:46:13,601 - httpcore.http11 - DEBUG - response_closed.started
2025-07-06 15:46:13,601 - httpcore.http11 - DEBUG - response_closed.complete
2025-07-06 15:46:13,601 - telegram.ext.ExtBot - DEBUG - No new updates found.
2025-07-06 15:46:13,601 - telegram.ext.ExtBot - DEBUG - ()
2025-07-06 15:46:13,601 - telegram.ext.ExtBot - DEBUG - Exiting: get_updates
2025-07-06 15:46:13,601 - telegram.ext.ExtBot - DEBUG - Entering: get_updates
2025-07-06 15:46:13,603 - httpcore.http11 - DEBUG - send_request_headers.started request=<Request [b'POST']>
2025-07-06 15:46:13,604 - httpcore.http11 - DEBUG - send_request_headers.complete
2025-07-06 15:46:13,604 - httpcore.http11 - DEBUG - send_request_body.started request=<Request [b'POST']>
2025-07-06 15:46:13,604 - httpcore.http11 - DEBUG - send_request_body.complete
2025-07-06 15:46:13,605 - httpcore.http11 - DEBUG - receive_response_headers.started request=<Request [b'POST']>
