2025-07-05 19:55:40,320 - asyncio - DEBUG - Using proactor: IocpProactor
2025-07-05 19:55:40,326 - httpx - DEBUG - load_ssl_context verify=True cert=None trust_env=True http2=False
2025-07-05 19:55:40,330 - httpx - DEBUG - load_verify_locations cafile='c:\\Users\\Rachid Aitali\\OneDrive - 4JM Solutions Limited\\Desktop\\SniperX-V3-Best-Version-at-now\\.venv\\lib\\site-packages\\certifi\\cacert.pem'
2025-07-05 19:55:40,344 - httpx - DEBUG - load_ssl_context verify=True cert=None trust_env=True http2=False
2025-07-05 19:55:40,346 - httpx - DEBUG - load_verify_locations cafile='c:\\Users\\Rachid Aitali\\OneDrive - 4JM Solutions Limited\\Desktop\\SniperX-V3-Best-Version-at-now\\.venv\\lib\\site-packages\\certifi\\cacert.pem'
2025-07-05 19:55:40,380 - __main__ - INFO - Telegram Manager Bot started. Send /menu to interact.
2025-07-05 19:55:40,380 - telegram.ext.ExtBot - DEBUG - Entering: send_message
2025-07-05 19:55:40,395 - httpcore.connection - DEBUG - connect_tcp.started host='api.telegram.org' port=443 local_address=None timeout=5.0 socket_options=None
2025-07-05 19:55:40,469 - httpcore.connection - DEBUG - connect_tcp.complete return_value=<httpcore._backends.anyio.AnyIOStream object at 0x0000023FBC27F010>
2025-07-05 19:55:40,469 - httpcore.connection - DEBUG - start_tls.started ssl_context=<ssl.SSLContext object at 0x0000023FBC2383C0> server_hostname='api.telegram.org' timeout=5.0
2025-07-05 19:55:40,541 - httpcore.connection - DEBUG - start_tls.complete return_value=<httpcore._backends.anyio.AnyIOStream object at 0x0000023FBC27EC80>
2025-07-05 19:55:40,542 - httpcore.http11 - DEBUG - send_request_headers.started request=<Request [b'POST']>
2025-07-05 19:55:40,544 - httpcore.http11 - DEBUG - send_request_headers.complete
2025-07-05 19:55:40,544 - httpcore.http11 - DEBUG - send_request_body.started request=<Request [b'POST']>
2025-07-05 19:55:40,546 - httpcore.http11 - DEBUG - send_request_body.complete
2025-07-05 19:55:40,546 - httpcore.http11 - DEBUG - receive_response_headers.started request=<Request [b'POST']>
2025-07-05 19:55:40,621 - httpcore.http11 - DEBUG - receive_response_headers.complete return_value=(b'HTTP/1.1', 200, b'OK', [(b'Server', b'nginx/1.18.0'), (b'Date', b'Sat, 05 Jul 2025 18:55:41 GMT'), (b'Content-Type', b'application/json'), (b'Content-Length', b'352'), (b'Connection', b'keep-alive'), (b'Strict-Transport-Security', b'max-age=31536000; includeSubDomains; preload'), (b'Access-Control-Allow-Origin', b'*'), (b'Access-Control-Allow-Methods', b'GET, POST, OPTIONS'), (b'Access-Control-Expose-Headers', b'Content-Length,Content-Type,Date,Server,Connection')])
2025-07-05 19:55:40,625 - httpx - INFO - HTTP Request: POST https://api.telegram.org/bot7707158318:AAE8rWa4Q8Z_3avql6K0HAmXaooZAReoNF0/sendMessage "HTTP/1.1 200 OK"
2025-07-05 19:55:40,629 - httpcore.http11 - DEBUG - receive_response_body.started request=<Request [b'POST']>
2025-07-05 19:55:40,630 - httpcore.http11 - DEBUG - receive_response_body.complete
2025-07-05 19:55:40,630 - httpcore.http11 - DEBUG - response_closed.started
2025-07-05 19:55:40,630 - httpcore.http11 - DEBUG - response_closed.complete
2025-07-05 19:55:40,634 - telegram.ext.ExtBot - DEBUG - Message(channel_chat_created=False, chat=Chat(first_name='Ghost', id=7049055170, last_name='Number1', type=<ChatType.PRIVATE>), date=datetime.datetime(2025, 7, 5, 18, 55, 41, tzinfo=<UTC>), delete_chat_photo=False, entities=(MessageEntity(length=5, offset=36, type=<MessageEntityType.BOT_COMMAND>),), from_user=User(first_name='SPRD', id=7707158318, is_bot=True, username='tizi91Bot'), group_chat_created=False, message_id=12927, supergroup_chat_created=False, text='SniperX Control Bot is online! Send /menu to see options.')
2025-07-05 19:55:40,636 - telegram.ext.ExtBot - DEBUG - Exiting: send_message
2025-07-05 19:55:40,637 - telegram.ext.ExtBot - DEBUG - Entering: get_me
2025-07-05 19:55:40,641 - httpcore.http11 - DEBUG - send_request_headers.started request=<Request [b'POST']>
2025-07-05 19:55:40,641 - httpcore.http11 - DEBUG - send_request_headers.complete
2025-07-05 19:55:40,641 - httpcore.http11 - DEBUG - send_request_body.started request=<Request [b'POST']>
2025-07-05 19:55:40,641 - httpcore.http11 - DEBUG - send_request_body.complete
2025-07-05 19:55:40,641 - httpcore.http11 - DEBUG - receive_response_headers.started request=<Request [b'POST']>
2025-07-05 19:55:40,694 - httpcore.http11 - DEBUG - receive_response_headers.complete return_value=(b'HTTP/1.1', 200, b'OK', [(b'Server', b'nginx/1.18.0'), (b'Date', b'Sat, 05 Jul 2025 18:55:42 GMT'), (b'Content-Type', b'application/json'), (b'Content-Length', b'243'), (b'Connection', b'keep-alive'), (b'Strict-Transport-Security', b'max-age=31536000; includeSubDomains; preload'), (b'Access-Control-Allow-Origin', b'*'), (b'Access-Control-Allow-Methods', b'GET, POST, OPTIONS'), (b'Access-Control-Expose-Headers', b'Content-Length,Content-Type,Date,Server,Connection')])
2025-07-05 19:55:40,695 - httpx - INFO - HTTP Request: POST https://api.telegram.org/bot7707158318:AAE8rWa4Q8Z_3avql6K0HAmXaooZAReoNF0/getMe "HTTP/1.1 200 OK"
2025-07-05 19:55:40,695 - httpcore.http11 - DEBUG - receive_response_body.started request=<Request [b'POST']>
2025-07-05 19:55:40,695 - httpcore.http11 - DEBUG - receive_response_body.complete
2025-07-05 19:55:40,695 - httpcore.http11 - DEBUG - response_closed.started
2025-07-05 19:55:40,695 - httpcore.http11 - DEBUG - response_closed.complete
2025-07-05 19:55:40,695 - telegram.ext.ExtBot - DEBUG - User(api_kwargs={'can_connect_to_business': False, 'has_main_web_app': False}, can_join_groups=True, can_read_all_group_messages=False, first_name='SPRD', id=7707158318, is_bot=True, supports_inline_queries=False, username='tizi91Bot')
2025-07-05 19:55:40,695 - telegram.ext.ExtBot - DEBUG - Exiting: get_me
2025-07-05 19:55:40,701 - telegram.ext.ExtBot - DEBUG - This Bot is already initialized.
2025-07-05 19:55:40,701 - telegram.ext.Updater - DEBUG - Updater started (polling)
2025-07-05 19:55:40,701 - telegram.ext.Updater - DEBUG - Start network loop retry bootstrap del webhook
2025-07-05 19:55:40,701 - telegram.ext.Updater - DEBUG - Deleting webhook
2025-07-05 19:55:40,701 - telegram.ext.ExtBot - DEBUG - Entering: delete_webhook
2025-07-05 19:55:40,702 - httpcore.http11 - DEBUG - send_request_headers.started request=<Request [b'POST']>
2025-07-05 19:55:40,702 - httpcore.http11 - DEBUG - send_request_headers.complete
2025-07-05 19:55:40,705 - httpcore.http11 - DEBUG - send_request_body.started request=<Request [b'POST']>
2025-07-05 19:55:40,705 - httpcore.http11 - DEBUG - send_request_body.complete
2025-07-05 19:55:40,705 - httpcore.http11 - DEBUG - receive_response_headers.started request=<Request [b'POST']>
2025-07-05 19:55:40,757 - httpcore.http11 - DEBUG - receive_response_headers.complete return_value=(b'HTTP/1.1', 200, b'OK', [(b'Server', b'nginx/1.18.0'), (b'Date', b'Sat, 05 Jul 2025 18:55:42 GMT'), (b'Content-Type', b'application/json'), (b'Content-Length', b'68'), (b'Connection', b'keep-alive'), (b'Strict-Transport-Security', b'max-age=31536000; includeSubDomains; preload'), (b'Access-Control-Allow-Origin', b'*'), (b'Access-Control-Allow-Methods', b'GET, POST, OPTIONS'), (b'Access-Control-Expose-Headers', b'Content-Length,Content-Type,Date,Server,Connection')])
2025-07-05 19:55:40,760 - httpx - INFO - HTTP Request: POST https://api.telegram.org/bot7707158318:AAE8rWa4Q8Z_3avql6K0HAmXaooZAReoNF0/deleteWebhook "HTTP/1.1 200 OK"
2025-07-05 19:55:40,761 - httpcore.http11 - DEBUG - receive_response_body.started request=<Request [b'POST']>
2025-07-05 19:55:40,761 - httpcore.http11 - DEBUG - receive_response_body.complete
2025-07-05 19:55:40,761 - httpcore.http11 - DEBUG - response_closed.started
2025-07-05 19:55:40,761 - httpcore.http11 - DEBUG - response_closed.complete
2025-07-05 19:55:40,764 - telegram.ext.ExtBot - DEBUG - True
2025-07-05 19:55:40,764 - telegram.ext.ExtBot - DEBUG - Exiting: delete_webhook
2025-07-05 19:55:40,764 - telegram.ext.Updater - DEBUG - Bootstrap done
2025-07-05 19:55:40,764 - telegram.ext.Updater - DEBUG - Waiting for polling to start
2025-07-05 19:55:40,764 - telegram.ext.Updater - DEBUG - Polling updates from Telegram started
2025-07-05 19:55:40,764 - telegram.ext.Updater - DEBUG - Start network loop retry getting Updates
2025-07-05 19:55:40,764 - telegram.ext.ExtBot - DEBUG - Entering: get_updates
2025-07-05 19:55:40,766 - telegram.ext.Application - INFO - Application started
2025-07-05 19:55:40,766 - httpcore.connection - DEBUG - connect_tcp.started host='api.telegram.org' port=443 local_address=None timeout=5.0 socket_options=None
2025-07-05 19:55:40,820 - httpcore.connection - DEBUG - connect_tcp.complete return_value=<httpcore._backends.anyio.AnyIOStream object at 0x0000023FBC2C71C0>
2025-07-05 19:55:40,820 - httpcore.connection - DEBUG - start_tls.started ssl_context=<ssl.SSLContext object at 0x0000023FBC2382C0> server_hostname='api.telegram.org' timeout=5.0
2025-07-05 19:55:40,884 - httpcore.connection - DEBUG - start_tls.complete return_value=<httpcore._backends.anyio.AnyIOStream object at 0x0000023FBC2C7070>
2025-07-05 19:55:40,885 - httpcore.http11 - DEBUG - send_request_headers.started request=<Request [b'POST']>
2025-07-05 19:55:40,886 - httpcore.http11 - DEBUG - send_request_headers.complete
2025-07-05 19:55:40,886 - httpcore.http11 - DEBUG - send_request_body.started request=<Request [b'POST']>
2025-07-05 19:55:40,886 - httpcore.http11 - DEBUG - send_request_body.complete
2025-07-05 19:55:40,886 - httpcore.http11 - DEBUG - receive_response_headers.started request=<Request [b'POST']>
2025-07-05 19:55:51,007 - httpcore.http11 - DEBUG - receive_response_headers.complete return_value=(b'HTTP/1.1', 200, b'OK', [(b'Server', b'nginx/1.18.0'), (b'Date', b'Sat, 05 Jul 2025 18:55:52 GMT'), (b'Content-Type', b'application/json'), (b'Content-Length', b'23'), (b'Connection', b'keep-alive'), (b'Strict-Transport-Security', b'max-age=31536000; includeSubDomains; preload'), (b'Access-Control-Allow-Origin', b'*'), (b'Access-Control-Allow-Methods', b'GET, POST, OPTIONS'), (b'Access-Control-Expose-Headers', b'Content-Length,Content-Type,Date,Server,Connection')])
2025-07-05 19:55:51,008 - httpx - INFO - HTTP Request: POST https://api.telegram.org/bot7707158318:AAE8rWa4Q8Z_3avql6K0HAmXaooZAReoNF0/getUpdates "HTTP/1.1 200 OK"
2025-07-05 19:55:51,011 - httpcore.http11 - DEBUG - receive_response_body.started request=<Request [b'POST']>
2025-07-05 19:55:51,011 - httpcore.http11 - DEBUG - receive_response_body.complete
2025-07-05 19:55:51,011 - httpcore.http11 - DEBUG - response_closed.started
2025-07-05 19:55:51,013 - httpcore.http11 - DEBUG - response_closed.complete
2025-07-05 19:55:51,014 - telegram.ext.ExtBot - DEBUG - No new updates found.
2025-07-05 19:55:51,015 - telegram.ext.ExtBot - DEBUG - ()
2025-07-05 19:55:51,015 - telegram.ext.ExtBot - DEBUG - Exiting: get_updates
2025-07-05 19:55:51,015 - telegram.ext.ExtBot - DEBUG - Entering: get_updates
2025-07-05 19:55:51,017 - httpcore.http11 - DEBUG - send_request_headers.started request=<Request [b'POST']>
2025-07-05 19:55:51,019 - httpcore.http11 - DEBUG - send_request_headers.complete
2025-07-05 19:55:51,019 - httpcore.http11 - DEBUG - send_request_body.started request=<Request [b'POST']>
2025-07-05 19:55:51,022 - httpcore.http11 - DEBUG - send_request_body.complete
2025-07-05 19:55:51,022 - httpcore.http11 - DEBUG - receive_response_headers.started request=<Request [b'POST']>
2025-07-05 19:55:59,318 - httpcore.http11 - DEBUG - receive_response_headers.complete return_value=(b'HTTP/1.1', 200, b'OK', [(b'Server', b'nginx/1.18.0'), (b'Date', b'Sat, 05 Jul 2025 18:56:00 GMT'), (b'Content-Type', b'application/json'), (b'Content-Length', b'357'), (b'Connection', b'keep-alive'), (b'Strict-Transport-Security', b'max-age=31536000; includeSubDomains; preload'), (b'Access-Control-Allow-Origin', b'*'), (b'Access-Control-Allow-Methods', b'GET, POST, OPTIONS'), (b'Access-Control-Expose-Headers', b'Content-Length,Content-Type,Date,Server,Connection')])
2025-07-05 19:55:59,321 - httpx - INFO - HTTP Request: POST https://api.telegram.org/bot7707158318:AAE8rWa4Q8Z_3avql6K0HAmXaooZAReoNF0/getUpdates "HTTP/1.1 200 OK"
2025-07-05 19:55:59,322 - httpcore.http11 - DEBUG - receive_response_body.started request=<Request [b'POST']>
2025-07-05 19:55:59,322 - httpcore.http11 - DEBUG - receive_response_body.complete
2025-07-05 19:55:59,322 - httpcore.http11 - DEBUG - response_closed.started
2025-07-05 19:55:59,323 - httpcore.http11 - DEBUG - response_closed.complete
2025-07-05 19:55:59,324 - telegram.ext.ExtBot - DEBUG - Getting updates: [37530579]
2025-07-05 19:55:59,325 - telegram.ext.ExtBot - DEBUG - (Update(message=Message(channel_chat_created=False, chat=Chat(first_name='Ghost', id=7049055170, last_name='Number1', type=<ChatType.PRIVATE>), date=datetime.datetime(2025, 7, 5, 18, 56, tzinfo=<UTC>), delete_chat_photo=False, entities=(MessageEntity(length=5, offset=0, type=<MessageEntityType.BOT_COMMAND>),), from_user=User(first_name='Ghost', id=7049055170, is_bot=False, language_code='en', last_name='Number1'), group_chat_created=False, message_id=12928, supergroup_chat_created=False, text='/menu'), update_id=37530579),)
2025-07-05 19:55:59,328 - telegram.ext.ExtBot - DEBUG - Exiting: get_updates
2025-07-05 19:55:59,329 - telegram.ext.ExtBot - DEBUG - Entering: get_updates
2025-07-05 19:55:59,331 - telegram.ext.Application - DEBUG - Processing update Update(message=Message(channel_chat_created=False, chat=Chat(first_name='Ghost', id=7049055170, last_name='Number1', type=<ChatType.PRIVATE>), date=datetime.datetime(2025, 7, 5, 18, 56, tzinfo=<UTC>), delete_chat_photo=False, entities=(MessageEntity(length=5, offset=0, type=<MessageEntityType.BOT_COMMAND>),), from_user=User(first_name='Ghost', id=7049055170, is_bot=False, language_code='en', last_name='Number1'), group_chat_created=False, message_id=12928, supergroup_chat_created=False, text='/menu'), update_id=37530579)
2025-07-05 19:55:59,334 - telegram.ext.ExtBot - DEBUG - Entering: send_message
2025-07-05 19:55:59,338 - httpcore.connection - DEBUG - close.started
2025-07-05 19:55:59,341 - httpcore.connection - DEBUG - close.complete
2025-07-05 19:55:59,342 - httpcore.http11 - DEBUG - send_request_headers.started request=<Request [b'POST']>
2025-07-05 19:55:59,343 - httpcore.connection - DEBUG - connect_tcp.started host='api.telegram.org' port=443 local_address=None timeout=5.0 socket_options=None
2025-07-05 19:55:59,344 - httpcore.http11 - DEBUG - send_request_headers.complete
2025-07-05 19:55:59,344 - httpcore.http11 - DEBUG - send_request_body.started request=<Request [b'POST']>
2025-07-05 19:55:59,346 - httpcore.http11 - DEBUG - send_request_body.complete
2025-07-05 19:55:59,346 - httpcore.http11 - DEBUG - receive_response_headers.started request=<Request [b'POST']>
2025-07-05 19:55:59,415 - httpcore.connection - DEBUG - connect_tcp.complete return_value=<httpcore._backends.anyio.AnyIOStream object at 0x0000023FBC2C6230>
2025-07-05 19:55:59,416 - httpcore.connection - DEBUG - start_tls.started ssl_context=<ssl.SSLContext object at 0x0000023FBC2383C0> server_hostname='api.telegram.org' timeout=5.0
2025-07-05 19:55:59,488 - httpcore.connection - DEBUG - start_tls.complete return_value=<httpcore._backends.anyio.AnyIOStream object at 0x0000023FBC2C7D30>
2025-07-05 19:55:59,488 - httpcore.http11 - DEBUG - send_request_headers.started request=<Request [b'POST']>
2025-07-05 19:55:59,490 - httpcore.http11 - DEBUG - send_request_headers.complete
2025-07-05 19:55:59,491 - httpcore.http11 - DEBUG - send_request_body.started request=<Request [b'POST']>
2025-07-05 19:55:59,493 - httpcore.http11 - DEBUG - send_request_body.complete
2025-07-05 19:55:59,493 - httpcore.http11 - DEBUG - receive_response_headers.started request=<Request [b'POST']>
2025-07-05 19:55:59,640 - httpcore.http11 - DEBUG - receive_response_headers.complete return_value=(b'HTTP/1.1', 200, b'OK', [(b'Server', b'nginx/1.18.0'), (b'Date', b'Sat, 05 Jul 2025 18:56:00 GMT'), (b'Content-Type', b'application/json'), (b'Content-Length', b'570'), (b'Connection', b'keep-alive'), (b'Strict-Transport-Security', b'max-age=31536000; includeSubDomains; preload'), (b'Access-Control-Allow-Origin', b'*'), (b'Access-Control-Allow-Methods', b'GET, POST, OPTIONS'), (b'Access-Control-Expose-Headers', b'Content-Length,Content-Type,Date,Server,Connection')])
2025-07-05 19:55:59,641 - httpx - INFO - HTTP Request: POST https://api.telegram.org/bot7707158318:AAE8rWa4Q8Z_3avql6K0HAmXaooZAReoNF0/sendMessage "HTTP/1.1 200 OK"
2025-07-05 19:55:59,643 - httpcore.http11 - DEBUG - receive_response_body.started request=<Request [b'POST']>
2025-07-05 19:55:59,644 - httpcore.http11 - DEBUG - receive_response_body.complete
2025-07-05 19:55:59,644 - httpcore.http11 - DEBUG - response_closed.started
2025-07-05 19:55:59,644 - httpcore.http11 - DEBUG - response_closed.complete
2025-07-05 19:55:59,647 - telegram.ext.ExtBot - DEBUG - Message(channel_chat_created=False, chat=Chat(first_name='Ghost', id=7049055170, last_name='Number1', type=<ChatType.PRIVATE>), date=datetime.datetime(2025, 7, 5, 18, 56, tzinfo=<UTC>), delete_chat_photo=False, from_user=User(first_name='SPRD', id=7707158318, is_bot=True, username='tizi91Bot'), group_chat_created=False, message_id=12929, reply_markup=InlineKeyboardMarkup(inline_keyboard=((InlineKeyboardButton(callback_data='start_sniperx', text='🚀 Start SniperX'),), (InlineKeyboardButton(callback_data='stop_sniperx', text='🛑 Stop SniperX'), InlineKeyboardButton(callback_data='status_sniperx', text='📊 Status')), (InlineKeyboardButton(callback_data='show_balance', text='💰 Balance'),))), supergroup_chat_created=False, text='SniperX Bot Control Panel:')
2025-07-05 19:55:59,649 - telegram.ext.ExtBot - DEBUG - Exiting: send_message
2025-07-05 19:56:00,776 - httpcore.http11 - DEBUG - receive_response_headers.complete return_value=(b'HTTP/1.1', 200, b'OK', [(b'Server', b'nginx/1.18.0'), (b'Date', b'Sat, 05 Jul 2025 18:56:02 GMT'), (b'Content-Type', b'application/json'), (b'Content-Length', b'818'), (b'Connection', b'keep-alive'), (b'Strict-Transport-Security', b'max-age=31536000; includeSubDomains; preload'), (b'Access-Control-Allow-Origin', b'*'), (b'Access-Control-Allow-Methods', b'GET, POST, OPTIONS'), (b'Access-Control-Expose-Headers', b'Content-Length,Content-Type,Date,Server,Connection')])
2025-07-05 19:56:00,777 - httpx - INFO - HTTP Request: POST https://api.telegram.org/bot7707158318:AAE8rWa4Q8Z_3avql6K0HAmXaooZAReoNF0/getUpdates "HTTP/1.1 200 OK"
2025-07-05 19:56:00,778 - httpcore.http11 - DEBUG - receive_response_body.started request=<Request [b'POST']>
2025-07-05 19:56:00,779 - httpcore.http11 - DEBUG - receive_response_body.complete
2025-07-05 19:56:00,779 - httpcore.http11 - DEBUG - response_closed.started
2025-07-05 19:56:00,780 - httpcore.http11 - DEBUG - response_closed.complete
2025-07-05 19:56:00,782 - telegram.ext.ExtBot - DEBUG - Getting updates: [37530580]
2025-07-05 19:56:00,784 - telegram.ext.ExtBot - DEBUG - (Update(callback_query=CallbackQuery(chat_instance='-1307310250263184334', data='start_sniperx', from_user=User(first_name='Ghost', id=7049055170, is_bot=False, language_code='en', last_name='Number1'), id='2605345312716625380', message=Message(channel_chat_created=False, chat=Chat(first_name='Ghost', id=7049055170, last_name='Number1', type=<ChatType.PRIVATE>), date=datetime.datetime(2025, 7, 5, 18, 56, tzinfo=<UTC>), delete_chat_photo=False, from_user=User(first_name='SPRD', id=7707158318, is_bot=True, username='tizi91Bot'), group_chat_created=False, message_id=12929, reply_markup=InlineKeyboardMarkup(inline_keyboard=((InlineKeyboardButton(callback_data='start_sniperx', text='🚀 Start SniperX'),), (InlineKeyboardButton(callback_data='stop_sniperx', text='🛑 Stop SniperX'), InlineKeyboardButton(callback_data='status_sniperx', text='📊 Status')), (InlineKeyboardButton(callback_data='show_balance', text='💰 Balance'),))), supergroup_chat_created=False, text='SniperX Bot Control Panel:')), update_id=37530580),)
2025-07-05 19:56:00,787 - telegram.ext.ExtBot - DEBUG - Exiting: get_updates
2025-07-05 19:56:00,787 - telegram.ext.ExtBot - DEBUG - Entering: get_updates
2025-07-05 19:56:00,790 - telegram.ext.Application - DEBUG - Processing update Update(callback_query=CallbackQuery(chat_instance='-1307310250263184334', data='start_sniperx', from_user=User(first_name='Ghost', id=7049055170, is_bot=False, language_code='en', last_name='Number1'), id='2605345312716625380', message=Message(channel_chat_created=False, chat=Chat(first_name='Ghost', id=7049055170, last_name='Number1', type=<ChatType.PRIVATE>), date=datetime.datetime(2025, 7, 5, 18, 56, tzinfo=<UTC>), delete_chat_photo=False, from_user=User(first_name='SPRD', id=7707158318, is_bot=True, username='tizi91Bot'), group_chat_created=False, message_id=12929, reply_markup=InlineKeyboardMarkup(inline_keyboard=((InlineKeyboardButton(callback_data='start_sniperx', text='🚀 Start SniperX'),), (InlineKeyboardButton(callback_data='stop_sniperx', text='🛑 Stop SniperX'), InlineKeyboardButton(callback_data='status_sniperx', text='📊 Status')), (InlineKeyboardButton(callback_data='show_balance', text='💰 Balance'),))), supergroup_chat_created=False, text='SniperX Bot Control Panel:')), update_id=37530580)
2025-07-05 19:56:00,794 - __main__ - INFO - Button callback received: Update(callback_query=CallbackQuery(chat_instance='-1307310250263184334', data='start_sniperx', from_user=User(first_name='Ghost', id=7049055170, is_bot=False, language_code='en', last_name='Number1'), id='2605345312716625380', message=Message(channel_chat_created=False, chat=Chat(first_name='Ghost', id=7049055170, last_name='Number1', type=<ChatType.PRIVATE>), date=datetime.datetime(2025, 7, 5, 18, 56, tzinfo=<UTC>), delete_chat_photo=False, from_user=User(first_name='SPRD', id=7707158318, is_bot=True, username='tizi91Bot'), group_chat_created=False, message_id=12929, reply_markup=InlineKeyboardMarkup(inline_keyboard=((InlineKeyboardButton(callback_data='start_sniperx', text='🚀 Start SniperX'),), (InlineKeyboardButton(callback_data='stop_sniperx', text='🛑 Stop SniperX'), InlineKeyboardButton(callback_data='status_sniperx', text='📊 Status')), (InlineKeyboardButton(callback_data='show_balance', text='💰 Balance'),))), supergroup_chat_created=False, text='SniperX Bot Control Panel:')), update_id=37530580)
2025-07-05 19:56:00,795 - telegram.ext.ExtBot - DEBUG - Entering: answer_callback_query
2025-07-05 19:56:00,813 - httpcore.http11 - DEBUG - send_request_headers.started request=<Request [b'POST']>
2025-07-05 19:56:00,815 - httpcore.http11 - DEBUG - send_request_headers.started request=<Request [b'POST']>
2025-07-05 19:56:00,818 - httpcore.http11 - DEBUG - send_request_headers.complete
2025-07-05 19:56:00,818 - httpcore.http11 - DEBUG - send_request_body.started request=<Request [b'POST']>
2025-07-05 19:56:00,821 - httpcore.http11 - DEBUG - send_request_headers.complete
2025-07-05 19:56:00,822 - httpcore.http11 - DEBUG - send_request_body.started request=<Request [b'POST']>
2025-07-05 19:56:00,822 - httpcore.http11 - DEBUG - send_request_body.complete
2025-07-05 19:56:00,822 - httpcore.http11 - DEBUG - receive_response_headers.started request=<Request [b'POST']>
2025-07-05 19:56:00,824 - httpcore.http11 - DEBUG - send_request_body.complete
2025-07-05 19:56:00,825 - httpcore.http11 - DEBUG - receive_response_headers.started request=<Request [b'POST']>
2025-07-05 19:56:01,045 - httpcore.http11 - DEBUG - receive_response_headers.complete return_value=(b'HTTP/1.1', 200, b'OK', [(b'Server', b'nginx/1.18.0'), (b'Date', b'Sat, 05 Jul 2025 18:56:02 GMT'), (b'Content-Type', b'application/json'), (b'Content-Length', b'25'), (b'Connection', b'keep-alive'), (b'Strict-Transport-Security', b'max-age=31536000; includeSubDomains; preload'), (b'Access-Control-Allow-Origin', b'*'), (b'Access-Control-Allow-Methods', b'GET, POST, OPTIONS'), (b'Access-Control-Expose-Headers', b'Content-Length,Content-Type,Date,Server,Connection')])
2025-07-05 19:56:01,047 - httpx - INFO - HTTP Request: POST https://api.telegram.org/bot7707158318:AAE8rWa4Q8Z_3avql6K0HAmXaooZAReoNF0/answerCallbackQuery "HTTP/1.1 200 OK"
2025-07-05 19:56:01,048 - httpcore.http11 - DEBUG - receive_response_body.started request=<Request [b'POST']>
2025-07-05 19:56:01,051 - httpcore.http11 - DEBUG - receive_response_body.complete
2025-07-05 19:56:01,051 - httpcore.http11 - DEBUG - response_closed.started
2025-07-05 19:56:01,052 - httpcore.http11 - DEBUG - response_closed.complete
2025-07-05 19:56:01,053 - telegram.ext.ExtBot - DEBUG - True
2025-07-05 19:56:01,053 - telegram.ext.ExtBot - DEBUG - Exiting: answer_callback_query
2025-07-05 19:56:01,053 - __main__ - INFO - Processing action: start_sniperx
2025-07-05 19:56:01,059 - telegram.ext.ExtBot - DEBUG - Entering: send_message
2025-07-05 19:56:01,068 - httpcore.http11 - DEBUG - send_request_headers.started request=<Request [b'POST']>
2025-07-05 19:56:01,070 - httpcore.http11 - DEBUG - send_request_headers.complete
2025-07-05 19:56:01,070 - httpcore.http11 - DEBUG - send_request_body.started request=<Request [b'POST']>
2025-07-05 19:56:01,072 - httpcore.http11 - DEBUG - send_request_body.complete
2025-07-05 19:56:01,072 - httpcore.http11 - DEBUG - receive_response_headers.started request=<Request [b'POST']>
2025-07-05 19:56:01,351 - httpcore.http11 - DEBUG - receive_response_headers.complete return_value=(b'HTTP/1.1', 200, b'OK', [(b'Server', b'nginx/1.18.0'), (b'Date', b'Sat, 05 Jul 2025 18:56:02 GMT'), (b'Content-Type', b'application/json'), (b'Content-Length', b'262'), (b'Connection', b'keep-alive'), (b'Strict-Transport-Security', b'max-age=31536000; includeSubDomains; preload'), (b'Access-Control-Allow-Origin', b'*'), (b'Access-Control-Allow-Methods', b'GET, POST, OPTIONS'), (b'Access-Control-Expose-Headers', b'Content-Length,Content-Type,Date,Server,Connection')])
2025-07-05 19:56:01,351 - httpx - INFO - HTTP Request: POST https://api.telegram.org/bot7707158318:AAE8rWa4Q8Z_3avql6K0HAmXaooZAReoNF0/sendMessage "HTTP/1.1 200 OK"
2025-07-05 19:56:01,353 - httpcore.http11 - DEBUG - receive_response_body.started request=<Request [b'POST']>
2025-07-05 19:56:01,353 - httpcore.http11 - DEBUG - receive_response_body.complete
2025-07-05 19:56:01,354 - httpcore.http11 - DEBUG - response_closed.started
2025-07-05 19:56:01,355 - httpcore.http11 - DEBUG - response_closed.complete
2025-07-05 19:56:01,357 - telegram.ext.ExtBot - DEBUG - Message(channel_chat_created=False, chat=Chat(first_name='Ghost', id=7049055170, last_name='Number1', type=<ChatType.PRIVATE>), date=datetime.datetime(2025, 7, 5, 18, 56, 2, tzinfo=<UTC>), delete_chat_photo=False, from_user=User(first_name='SPRD', id=7707158318, is_bot=True, username='tizi91Bot'), group_chat_created=False, message_id=12930, supergroup_chat_created=False, text='Starting wallet manager...')
2025-07-05 19:56:01,359 - telegram.ext.ExtBot - DEBUG - Exiting: send_message
2025-07-05 19:56:03,523 - telegram.ext.ExtBot - DEBUG - Entering: send_message
2025-07-05 19:56:03,526 - httpcore.http11 - DEBUG - send_request_headers.started request=<Request [b'POST']>
2025-07-05 19:56:03,528 - httpcore.http11 - DEBUG - send_request_headers.complete
2025-07-05 19:56:03,528 - httpcore.http11 - DEBUG - send_request_body.started request=<Request [b'POST']>
2025-07-05 19:56:03,531 - httpcore.http11 - DEBUG - send_request_body.complete
2025-07-05 19:56:03,531 - httpcore.http11 - DEBUG - receive_response_headers.started request=<Request [b'POST']>
2025-07-05 19:56:03,654 - httpcore.http11 - DEBUG - receive_response_headers.complete return_value=(b'HTTP/1.1', 200, b'OK', [(b'Server', b'nginx/1.18.0'), (b'Date', b'Sat, 05 Jul 2025 18:56:04 GMT'), (b'Content-Type', b'application/json'), (b'Content-Length', b'323'), (b'Connection', b'keep-alive'), (b'Strict-Transport-Security', b'max-age=31536000; includeSubDomains; preload'), (b'Access-Control-Allow-Origin', b'*'), (b'Access-Control-Allow-Methods', b'GET, POST, OPTIONS'), (b'Access-Control-Expose-Headers', b'Content-Length,Content-Type,Date,Server,Connection')])
2025-07-05 19:56:03,655 - httpx - INFO - HTTP Request: POST https://api.telegram.org/bot7707158318:AAE8rWa4Q8Z_3avql6K0HAmXaooZAReoNF0/sendMessage "HTTP/1.1 200 OK"
2025-07-05 19:56:03,658 - httpcore.http11 - DEBUG - receive_response_body.started request=<Request [b'POST']>
2025-07-05 19:56:03,658 - httpcore.http11 - DEBUG - receive_response_body.complete
2025-07-05 19:56:03,659 - httpcore.http11 - DEBUG - response_closed.started
2025-07-05 19:56:03,659 - httpcore.http11 - DEBUG - response_closed.complete
2025-07-05 19:56:03,662 - telegram.ext.ExtBot - DEBUG - Message(channel_chat_created=False, chat=Chat(first_name='Ghost', id=7049055170, last_name='Number1', type=<ChatType.PRIVATE>), date=datetime.datetime(2025, 7, 5, 18, 56, 4, tzinfo=<UTC>), delete_chat_photo=False, entities=(MessageEntity(length=5, offset=8, type=<MessageEntityType.URL>),), from_user=User(first_name='SPRD', id=7707158318, is_bot=True, username='tizi91Bot'), group_chat_created=False, message_id=12931, supergroup_chat_created=False, text='SniperX V2.py started with PID 34612.')
2025-07-05 19:56:03,663 - telegram.ext.ExtBot - DEBUG - Exiting: send_message
2025-07-05 19:56:03,663 - __main__ - INFO - SniperX V2.py started with PID 34612 by user tizi91Bot
2025-07-05 19:56:03,669 - telegram.ext.ExtBot - DEBUG - Entering: edit_message_text
2025-07-05 19:56:03,674 - httpcore.http11 - DEBUG - send_request_headers.started request=<Request [b'POST']>
2025-07-05 19:56:03,676 - httpcore.http11 - DEBUG - send_request_headers.complete
2025-07-05 19:56:03,677 - httpcore.http11 - DEBUG - send_request_body.started request=<Request [b'POST']>
2025-07-05 19:56:03,679 - httpcore.http11 - DEBUG - send_request_body.complete
2025-07-05 19:56:03,679 - httpcore.http11 - DEBUG - receive_response_headers.started request=<Request [b'POST']>
2025-07-05 19:56:03,867 - httpcore.http11 - DEBUG - receive_response_headers.complete return_value=(b'HTTP/1.1', 400, b'Bad Request', [(b'Server', b'nginx/1.18.0'), (b'Date', b'Sat, 05 Jul 2025 18:56:05 GMT'), (b'Content-Type', b'application/json'), (b'Content-Length', b'204'), (b'Connection', b'keep-alive'), (b'Strict-Transport-Security', b'max-age=31536000; includeSubDomains; preload'), (b'Access-Control-Allow-Origin', b'*'), (b'Access-Control-Expose-Headers', b'Content-Length,Content-Type,Date,Server,Connection')])
2025-07-05 19:56:03,869 - httpx - INFO - HTTP Request: POST https://api.telegram.org/bot7707158318:AAE8rWa4Q8Z_3avql6K0HAmXaooZAReoNF0/editMessageText "HTTP/1.1 400 Bad Request"
2025-07-05 19:56:03,872 - httpcore.http11 - DEBUG - receive_response_body.started request=<Request [b'POST']>
2025-07-05 19:56:03,873 - httpcore.http11 - DEBUG - receive_response_body.complete
2025-07-05 19:56:03,874 - httpcore.http11 - DEBUG - response_closed.started
2025-07-05 19:56:03,875 - httpcore.http11 - DEBUG - response_closed.complete
2025-07-05 19:56:03,877 - __main__ - ERROR - Error showing menu: Message is not modified: specified new message content and reply markup are exactly the same as a current content and reply markup of the message
2025-07-05 19:56:03,877 - telegram.ext.ExtBot - DEBUG - Entering: send_message
2025-07-05 19:56:03,883 - httpcore.http11 - DEBUG - send_request_headers.started request=<Request [b'POST']>
2025-07-05 19:56:03,887 - httpcore.http11 - DEBUG - send_request_headers.complete
2025-07-05 19:56:03,888 - httpcore.http11 - DEBUG - send_request_body.started request=<Request [b'POST']>
2025-07-05 19:56:03,890 - httpcore.http11 - DEBUG - send_request_body.complete
2025-07-05 19:56:03,890 - httpcore.http11 - DEBUG - receive_response_headers.started request=<Request [b'POST']>
2025-07-05 19:56:03,992 - httpcore.http11 - DEBUG - receive_response_headers.complete return_value=(b'HTTP/1.1', 200, b'OK', [(b'Server', b'nginx/1.18.0'), (b'Date', b'Sat, 05 Jul 2025 18:56:05 GMT'), (b'Content-Type', b'application/json'), (b'Content-Length', b'570'), (b'Connection', b'keep-alive'), (b'Strict-Transport-Security', b'max-age=31536000; includeSubDomains; preload'), (b'Access-Control-Allow-Origin', b'*'), (b'Access-Control-Allow-Methods', b'GET, POST, OPTIONS'), (b'Access-Control-Expose-Headers', b'Content-Length,Content-Type,Date,Server,Connection')])
2025-07-05 19:56:03,995 - httpx - INFO - HTTP Request: POST https://api.telegram.org/bot7707158318:AAE8rWa4Q8Z_3avql6K0HAmXaooZAReoNF0/sendMessage "HTTP/1.1 200 OK"
2025-07-05 19:56:03,996 - httpcore.http11 - DEBUG - receive_response_body.started request=<Request [b'POST']>
2025-07-05 19:56:03,997 - httpcore.http11 - DEBUG - receive_response_body.complete
2025-07-05 19:56:03,998 - httpcore.http11 - DEBUG - response_closed.started
2025-07-05 19:56:03,999 - httpcore.http11 - DEBUG - response_closed.complete
2025-07-05 19:56:04,003 - telegram.ext.ExtBot - DEBUG - Message(channel_chat_created=False, chat=Chat(first_name='Ghost', id=7049055170, last_name='Number1', type=<ChatType.PRIVATE>), date=datetime.datetime(2025, 7, 5, 18, 56, 5, tzinfo=<UTC>), delete_chat_photo=False, from_user=User(first_name='SPRD', id=7707158318, is_bot=True, username='tizi91Bot'), group_chat_created=False, message_id=12932, reply_markup=InlineKeyboardMarkup(inline_keyboard=((InlineKeyboardButton(callback_data='start_sniperx', text='🚀 Start SniperX'),), (InlineKeyboardButton(callback_data='stop_sniperx', text='🛑 Stop SniperX'), InlineKeyboardButton(callback_data='status_sniperx', text='📊 Status')), (InlineKeyboardButton(callback_data='show_balance', text='💰 Balance'),))), supergroup_chat_created=False, text='SniperX Bot Control Panel:')
2025-07-05 19:56:04,005 - telegram.ext.ExtBot - DEBUG - Exiting: send_message
2025-07-05 19:56:10,879 - httpcore.http11 - DEBUG - receive_response_headers.complete return_value=(b'HTTP/1.1', 200, b'OK', [(b'Server', b'nginx/1.18.0'), (b'Date', b'Sat, 05 Jul 2025 18:56:12 GMT'), (b'Content-Type', b'application/json'), (b'Content-Length', b'23'), (b'Connection', b'keep-alive'), (b'Strict-Transport-Security', b'max-age=31536000; includeSubDomains; preload'), (b'Access-Control-Allow-Origin', b'*'), (b'Access-Control-Allow-Methods', b'GET, POST, OPTIONS'), (b'Access-Control-Expose-Headers', b'Content-Length,Content-Type,Date,Server,Connection')])
2025-07-05 19:56:10,880 - httpx - INFO - HTTP Request: POST https://api.telegram.org/bot7707158318:AAE8rWa4Q8Z_3avql6K0HAmXaooZAReoNF0/getUpdates "HTTP/1.1 200 OK"
2025-07-05 19:56:10,899 - httpcore.http11 - DEBUG - receive_response_body.started request=<Request [b'POST']>
2025-07-05 19:56:10,899 - httpcore.http11 - DEBUG - receive_response_body.complete
2025-07-05 19:56:10,899 - httpcore.http11 - DEBUG - response_closed.started
2025-07-05 19:56:10,900 - httpcore.http11 - DEBUG - response_closed.complete
2025-07-05 19:56:10,901 - telegram.ext.ExtBot - DEBUG - No new updates found.
2025-07-05 19:56:10,901 - telegram.ext.ExtBot - DEBUG - ()
2025-07-05 19:56:10,901 - telegram.ext.ExtBot - DEBUG - Exiting: get_updates
2025-07-05 19:56:10,901 - telegram.ext.ExtBot - DEBUG - Entering: get_updates
2025-07-05 19:56:10,904 - httpcore.http11 - DEBUG - send_request_headers.started request=<Request [b'POST']>
2025-07-05 19:56:10,905 - httpcore.http11 - DEBUG - send_request_headers.complete
2025-07-05 19:56:10,905 - httpcore.http11 - DEBUG - send_request_body.started request=<Request [b'POST']>
2025-07-05 19:56:10,906 - httpcore.http11 - DEBUG - send_request_body.complete
2025-07-05 19:56:10,906 - httpcore.http11 - DEBUG - receive_response_headers.started request=<Request [b'POST']>
2025-07-05 19:56:21,010 - httpcore.http11 - DEBUG - receive_response_headers.complete return_value=(b'HTTP/1.1', 200, b'OK', [(b'Server', b'nginx/1.18.0'), (b'Date', b'Sat, 05 Jul 2025 18:56:22 GMT'), (b'Content-Type', b'application/json'), (b'Content-Length', b'23'), (b'Connection', b'keep-alive'), (b'Strict-Transport-Security', b'max-age=31536000; includeSubDomains; preload'), (b'Access-Control-Allow-Origin', b'*'), (b'Access-Control-Allow-Methods', b'GET, POST, OPTIONS'), (b'Access-Control-Expose-Headers', b'Content-Length,Content-Type,Date,Server,Connection')])
2025-07-05 19:56:21,012 - httpx - INFO - HTTP Request: POST https://api.telegram.org/bot7707158318:AAE8rWa4Q8Z_3avql6K0HAmXaooZAReoNF0/getUpdates "HTTP/1.1 200 OK"
2025-07-05 19:56:21,013 - httpcore.http11 - DEBUG - receive_response_body.started request=<Request [b'POST']>
2025-07-05 19:56:21,015 - httpcore.http11 - DEBUG - receive_response_body.complete
2025-07-05 19:56:21,015 - httpcore.http11 - DEBUG - response_closed.started
2025-07-05 19:56:21,015 - httpcore.http11 - DEBUG - response_closed.complete
2025-07-05 19:56:21,015 - telegram.ext.ExtBot - DEBUG - No new updates found.
2025-07-05 19:56:21,015 - telegram.ext.ExtBot - DEBUG - ()
2025-07-05 19:56:21,015 - telegram.ext.ExtBot - DEBUG - Exiting: get_updates
2025-07-05 19:56:21,015 - telegram.ext.ExtBot - DEBUG - Entering: get_updates
2025-07-05 19:56:21,017 - httpcore.http11 - DEBUG - send_request_headers.started request=<Request [b'POST']>
2025-07-05 19:56:21,017 - httpcore.http11 - DEBUG - send_request_headers.complete
2025-07-05 19:56:21,017 - httpcore.http11 - DEBUG - send_request_body.started request=<Request [b'POST']>
2025-07-05 19:56:21,017 - httpcore.http11 - DEBUG - send_request_body.complete
2025-07-05 19:56:21,017 - httpcore.http11 - DEBUG - receive_response_headers.started request=<Request [b'POST']>
2025-07-05 19:56:31,152 - httpcore.http11 - DEBUG - receive_response_headers.complete return_value=(b'HTTP/1.1', 200, b'OK', [(b'Server', b'nginx/1.18.0'), (b'Date', b'Sat, 05 Jul 2025 18:56:32 GMT'), (b'Content-Type', b'application/json'), (b'Content-Length', b'23'), (b'Connection', b'keep-alive'), (b'Strict-Transport-Security', b'max-age=31536000; includeSubDomains; preload'), (b'Access-Control-Allow-Origin', b'*'), (b'Access-Control-Allow-Methods', b'GET, POST, OPTIONS'), (b'Access-Control-Expose-Headers', b'Content-Length,Content-Type,Date,Server,Connection')])
2025-07-05 19:56:31,153 - httpx - INFO - HTTP Request: POST https://api.telegram.org/bot7707158318:AAE8rWa4Q8Z_3avql6K0HAmXaooZAReoNF0/getUpdates "HTTP/1.1 200 OK"
2025-07-05 19:56:31,154 - httpcore.http11 - DEBUG - receive_response_body.started request=<Request [b'POST']>
2025-07-05 19:56:31,156 - httpcore.http11 - DEBUG - receive_response_body.complete
2025-07-05 19:56:31,156 - httpcore.http11 - DEBUG - response_closed.started
2025-07-05 19:56:31,157 - httpcore.http11 - DEBUG - response_closed.complete
2025-07-05 19:56:31,158 - telegram.ext.ExtBot - DEBUG - No new updates found.
2025-07-05 19:56:31,158 - telegram.ext.ExtBot - DEBUG - ()
2025-07-05 19:56:31,158 - telegram.ext.ExtBot - DEBUG - Exiting: get_updates
2025-07-05 19:56:31,158 - telegram.ext.ExtBot - DEBUG - Entering: get_updates
2025-07-05 19:56:31,160 - httpcore.http11 - DEBUG - send_request_headers.started request=<Request [b'POST']>
2025-07-05 19:56:31,161 - httpcore.http11 - DEBUG - send_request_headers.complete
2025-07-05 19:56:31,161 - httpcore.http11 - DEBUG - send_request_body.started request=<Request [b'POST']>
2025-07-05 19:56:31,162 - httpcore.http11 - DEBUG - send_request_body.complete
2025-07-05 19:56:31,162 - httpcore.http11 - DEBUG - receive_response_headers.started request=<Request [b'POST']>
2025-07-05 19:56:41,221 - httpcore.http11 - DEBUG - receive_response_headers.complete return_value=(b'HTTP/1.1', 200, b'OK', [(b'Server', b'nginx/1.18.0'), (b'Date', b'Sat, 05 Jul 2025 18:56:42 GMT'), (b'Content-Type', b'application/json'), (b'Content-Length', b'23'), (b'Connection', b'keep-alive'), (b'Strict-Transport-Security', b'max-age=31536000; includeSubDomains; preload'), (b'Access-Control-Allow-Origin', b'*'), (b'Access-Control-Allow-Methods', b'GET, POST, OPTIONS'), (b'Access-Control-Expose-Headers', b'Content-Length,Content-Type,Date,Server,Connection')])
2025-07-05 19:56:41,225 - httpx - INFO - HTTP Request: POST https://api.telegram.org/bot7707158318:AAE8rWa4Q8Z_3avql6K0HAmXaooZAReoNF0/getUpdates "HTTP/1.1 200 OK"
2025-07-05 19:56:41,227 - httpcore.http11 - DEBUG - receive_response_body.started request=<Request [b'POST']>
2025-07-05 19:56:41,227 - httpcore.http11 - DEBUG - receive_response_body.complete
2025-07-05 19:56:41,227 - httpcore.http11 - DEBUG - response_closed.started
2025-07-05 19:56:41,227 - httpcore.http11 - DEBUG - response_closed.complete
2025-07-05 19:56:41,230 - telegram.ext.ExtBot - DEBUG - No new updates found.
2025-07-05 19:56:41,232 - telegram.ext.ExtBot - DEBUG - ()
2025-07-05 19:56:41,232 - telegram.ext.ExtBot - DEBUG - Exiting: get_updates
2025-07-05 19:56:41,234 - telegram.ext.ExtBot - DEBUG - Entering: get_updates
2025-07-05 19:56:41,239 - httpcore.http11 - DEBUG - send_request_headers.started request=<Request [b'POST']>
2025-07-05 19:56:41,241 - httpcore.http11 - DEBUG - send_request_headers.complete
2025-07-05 19:56:41,241 - httpcore.http11 - DEBUG - send_request_body.started request=<Request [b'POST']>
2025-07-05 19:56:41,243 - httpcore.http11 - DEBUG - send_request_body.complete
2025-07-05 19:56:41,243 - httpcore.http11 - DEBUG - receive_response_headers.started request=<Request [b'POST']>
