2025-07-06 07:17:52,971 - asyncio - DEBUG - Using proactor: IocpProactor
2025-07-06 07:17:52,977 - httpx - DEBUG - load_ssl_context verify=True cert=None trust_env=True http2=False
2025-07-06 07:17:52,978 - httpx - DEBUG - load_verify_locations cafile='c:\\Users\\Rachid Aitali\\OneDrive - 4JM Solutions Limited\\Desktop\\SniperX-V3-Best-Version-at-now\\.venv\\lib\\site-packages\\certifi\\cacert.pem'
2025-07-06 07:17:52,985 - httpx - DEBUG - load_ssl_context verify=True cert=None trust_env=True http2=False
2025-07-06 07:17:52,985 - httpx - DEBUG - load_verify_locations cafile='c:\\Users\\Rachid Aitali\\OneDrive - 4JM Solutions Limited\\Desktop\\SniperX-V3-Best-Version-at-now\\.venv\\lib\\site-packages\\certifi\\cacert.pem'
2025-07-06 07:17:52,995 - __main__ - INFO - Telegram Manager Bot started. Send /menu to interact.
2025-07-06 07:17:52,995 - telegram.ext.ExtBot - DEBUG - Entering: send_message
2025-07-06 07:17:52,998 - httpcore.connection - DEBUG - connect_tcp.started host='api.telegram.org' port=443 local_address=None timeout=5.0 socket_options=None
2025-07-06 07:17:53,349 - httpcore.connection - DEBUG - connect_tcp.complete return_value=<httpcore._backends.anyio.AnyIOStream object at 0x000001935D0FEA10>
2025-07-06 07:17:53,349 - httpcore.connection - DEBUG - start_tls.started ssl_context=<ssl.SSLContext object at 0x000001935D0B83C0> server_hostname='api.telegram.org' timeout=5.0
2025-07-06 07:17:53,478 - httpcore.connection - DEBUG - start_tls.complete return_value=<httpcore._backends.anyio.AnyIOStream object at 0x000001935D0FECB0>
2025-07-06 07:17:53,478 - httpcore.http11 - DEBUG - send_request_headers.started request=<Request [b'POST']>
2025-07-06 07:17:53,478 - httpcore.http11 - DEBUG - send_request_headers.complete
2025-07-06 07:17:53,478 - httpcore.http11 - DEBUG - send_request_body.started request=<Request [b'POST']>
2025-07-06 07:17:53,478 - httpcore.http11 - DEBUG - send_request_body.complete
2025-07-06 07:17:53,478 - httpcore.http11 - DEBUG - receive_response_headers.started request=<Request [b'POST']>
2025-07-06 07:17:53,620 - httpcore.http11 - DEBUG - receive_response_headers.complete return_value=(b'HTTP/1.1', 200, b'OK', [(b'Server', b'nginx/1.18.0'), (b'Date', b'Sun, 06 Jul 2025 06:17:53 GMT'), (b'Content-Type', b'application/json'), (b'Content-Length', b'352'), (b'Connection', b'keep-alive'), (b'Strict-Transport-Security', b'max-age=31536000; includeSubDomains; preload'), (b'Access-Control-Allow-Origin', b'*'), (b'Access-Control-Allow-Methods', b'GET, POST, OPTIONS'), (b'Access-Control-Expose-Headers', b'Content-Length,Content-Type,Date,Server,Connection')])
2025-07-06 07:17:53,623 - httpx - INFO - HTTP Request: POST https://api.telegram.org/bot7707158318:AAE8rWa4Q8Z_3avql6K0HAmXaooZAReoNF0/sendMessage "HTTP/1.1 200 OK"
2025-07-06 07:17:53,625 - httpcore.http11 - DEBUG - receive_response_body.started request=<Request [b'POST']>
2025-07-06 07:17:53,626 - httpcore.http11 - DEBUG - receive_response_body.complete
2025-07-06 07:17:53,626 - httpcore.http11 - DEBUG - response_closed.started
2025-07-06 07:17:53,627 - httpcore.http11 - DEBUG - response_closed.complete
2025-07-06 07:17:53,631 - telegram.ext.ExtBot - DEBUG - Message(channel_chat_created=False, chat=Chat(first_name='Ghost', id=7049055170, last_name='Number1', type=<ChatType.PRIVATE>), date=datetime.datetime(2025, 7, 6, 6, 17, 53, tzinfo=<UTC>), delete_chat_photo=False, entities=(MessageEntity(length=5, offset=36, type=<MessageEntityType.BOT_COMMAND>),), from_user=User(first_name='SPRD', id=7707158318, is_bot=True, username='tizi91Bot'), group_chat_created=False, message_id=13010, supergroup_chat_created=False, text='SniperX Control Bot is online! Send /menu to see options.')
2025-07-06 07:17:53,633 - telegram.ext.ExtBot - DEBUG - Exiting: send_message
2025-07-06 07:17:53,635 - telegram.ext.ExtBot - DEBUG - Entering: get_me
2025-07-06 07:17:53,636 - httpcore.http11 - DEBUG - send_request_headers.started request=<Request [b'POST']>
2025-07-06 07:17:53,637 - httpcore.http11 - DEBUG - send_request_headers.complete
2025-07-06 07:17:53,637 - httpcore.http11 - DEBUG - send_request_body.started request=<Request [b'POST']>
2025-07-06 07:17:53,637 - httpcore.http11 - DEBUG - send_request_body.complete
2025-07-06 07:17:53,637 - httpcore.http11 - DEBUG - receive_response_headers.started request=<Request [b'POST']>
2025-07-06 07:17:53,712 - httpcore.http11 - DEBUG - receive_response_headers.complete return_value=(b'HTTP/1.1', 200, b'OK', [(b'Server', b'nginx/1.18.0'), (b'Date', b'Sun, 06 Jul 2025 06:17:53 GMT'), (b'Content-Type', b'application/json'), (b'Content-Length', b'243'), (b'Connection', b'keep-alive'), (b'Strict-Transport-Security', b'max-age=31536000; includeSubDomains; preload'), (b'Access-Control-Allow-Origin', b'*'), (b'Access-Control-Allow-Methods', b'GET, POST, OPTIONS'), (b'Access-Control-Expose-Headers', b'Content-Length,Content-Type,Date,Server,Connection')])
2025-07-06 07:17:53,715 - httpx - INFO - HTTP Request: POST https://api.telegram.org/bot7707158318:AAE8rWa4Q8Z_3avql6K0HAmXaooZAReoNF0/getMe "HTTP/1.1 200 OK"
2025-07-06 07:17:53,718 - httpcore.http11 - DEBUG - receive_response_body.started request=<Request [b'POST']>
2025-07-06 07:17:53,718 - httpcore.http11 - DEBUG - receive_response_body.complete
2025-07-06 07:17:53,719 - httpcore.http11 - DEBUG - response_closed.started
2025-07-06 07:17:53,720 - httpcore.http11 - DEBUG - response_closed.complete
2025-07-06 07:17:53,721 - telegram.ext.ExtBot - DEBUG - User(api_kwargs={'can_connect_to_business': False, 'has_main_web_app': False}, can_join_groups=True, can_read_all_group_messages=False, first_name='SPRD', id=7707158318, is_bot=True, supports_inline_queries=False, username='tizi91Bot')
2025-07-06 07:17:53,721 - telegram.ext.ExtBot - DEBUG - Exiting: get_me
2025-07-06 07:17:53,722 - telegram.ext.ExtBot - DEBUG - This Bot is already initialized.
2025-07-06 07:17:53,722 - telegram.ext.Updater - DEBUG - Updater started (polling)
2025-07-06 07:17:53,723 - telegram.ext.Updater - DEBUG - Start network loop retry bootstrap del webhook
2025-07-06 07:17:53,723 - telegram.ext.Updater - DEBUG - Deleting webhook
2025-07-06 07:17:53,723 - telegram.ext.ExtBot - DEBUG - Entering: delete_webhook
2025-07-06 07:17:53,725 - httpcore.http11 - DEBUG - send_request_headers.started request=<Request [b'POST']>
2025-07-06 07:17:53,726 - httpcore.http11 - DEBUG - send_request_headers.complete
2025-07-06 07:17:53,726 - httpcore.http11 - DEBUG - send_request_body.started request=<Request [b'POST']>
2025-07-06 07:17:53,727 - httpcore.http11 - DEBUG - send_request_body.complete
2025-07-06 07:17:53,727 - httpcore.http11 - DEBUG - receive_response_headers.started request=<Request [b'POST']>
2025-07-06 07:17:53,828 - httpcore.http11 - DEBUG - receive_response_headers.complete return_value=(b'HTTP/1.1', 200, b'OK', [(b'Server', b'nginx/1.18.0'), (b'Date', b'Sun, 06 Jul 2025 06:17:54 GMT'), (b'Content-Type', b'application/json'), (b'Content-Length', b'68'), (b'Connection', b'keep-alive'), (b'Strict-Transport-Security', b'max-age=31536000; includeSubDomains; preload'), (b'Access-Control-Allow-Origin', b'*'), (b'Access-Control-Allow-Methods', b'GET, POST, OPTIONS'), (b'Access-Control-Expose-Headers', b'Content-Length,Content-Type,Date,Server,Connection')])
2025-07-06 07:17:53,832 - httpx - INFO - HTTP Request: POST https://api.telegram.org/bot7707158318:AAE8rWa4Q8Z_3avql6K0HAmXaooZAReoNF0/deleteWebhook "HTTP/1.1 200 OK"
2025-07-06 07:17:53,832 - httpcore.http11 - DEBUG - receive_response_body.started request=<Request [b'POST']>
2025-07-06 07:17:53,832 - httpcore.http11 - DEBUG - receive_response_body.complete
2025-07-06 07:17:53,834 - httpcore.http11 - DEBUG - response_closed.started
2025-07-06 07:17:53,834 - httpcore.http11 - DEBUG - response_closed.complete
2025-07-06 07:17:53,835 - telegram.ext.ExtBot - DEBUG - True
2025-07-06 07:17:53,835 - telegram.ext.ExtBot - DEBUG - Exiting: delete_webhook
2025-07-06 07:17:53,835 - telegram.ext.Updater - DEBUG - Bootstrap done
2025-07-06 07:17:53,835 - telegram.ext.Updater - DEBUG - Waiting for polling to start
2025-07-06 07:17:53,835 - telegram.ext.Updater - DEBUG - Polling updates from Telegram started
2025-07-06 07:17:53,835 - telegram.ext.Updater - DEBUG - Start network loop retry getting Updates
2025-07-06 07:17:53,835 - telegram.ext.ExtBot - DEBUG - Entering: get_updates
2025-07-06 07:17:53,837 - telegram.ext.Application - INFO - Application started
2025-07-06 07:17:53,838 - httpcore.connection - DEBUG - connect_tcp.started host='api.telegram.org' port=443 local_address=None timeout=5.0 socket_options=None
2025-07-06 07:17:53,930 - httpcore.connection - DEBUG - connect_tcp.complete return_value=<httpcore._backends.anyio.AnyIOStream object at 0x000001935D147130>
2025-07-06 07:17:53,930 - httpcore.connection - DEBUG - start_tls.started ssl_context=<ssl.SSLContext object at 0x000001935D0B82C0> server_hostname='api.telegram.org' timeout=5.0
2025-07-06 07:17:54,082 - httpcore.connection - DEBUG - start_tls.complete return_value=<httpcore._backends.anyio.AnyIOStream object at 0x000001935D146FE0>
2025-07-06 07:17:54,082 - httpcore.http11 - DEBUG - send_request_headers.started request=<Request [b'POST']>
2025-07-06 07:17:54,082 - httpcore.http11 - DEBUG - send_request_headers.complete
2025-07-06 07:17:54,082 - httpcore.http11 - DEBUG - send_request_body.started request=<Request [b'POST']>
2025-07-06 07:17:54,084 - httpcore.http11 - DEBUG - send_request_body.complete
2025-07-06 07:17:54,084 - httpcore.http11 - DEBUG - receive_response_headers.started request=<Request [b'POST']>
2025-07-06 07:17:58,525 - httpcore.http11 - DEBUG - receive_response_headers.complete return_value=(b'HTTP/1.1', 200, b'OK', [(b'Server', b'nginx/1.18.0'), (b'Date', b'Sun, 06 Jul 2025 06:17:58 GMT'), (b'Content-Type', b'application/json'), (b'Content-Length', b'357'), (b'Connection', b'keep-alive'), (b'Strict-Transport-Security', b'max-age=31536000; includeSubDomains; preload'), (b'Access-Control-Allow-Origin', b'*'), (b'Access-Control-Allow-Methods', b'GET, POST, OPTIONS'), (b'Access-Control-Expose-Headers', b'Content-Length,Content-Type,Date,Server,Connection')])
2025-07-06 07:17:58,525 - httpx - INFO - HTTP Request: POST https://api.telegram.org/bot7707158318:AAE8rWa4Q8Z_3avql6K0HAmXaooZAReoNF0/getUpdates "HTTP/1.1 200 OK"
2025-07-06 07:17:58,526 - httpcore.http11 - DEBUG - receive_response_body.started request=<Request [b'POST']>
2025-07-06 07:17:58,528 - httpcore.http11 - DEBUG - receive_response_body.complete
2025-07-06 07:17:58,528 - httpcore.http11 - DEBUG - response_closed.started
2025-07-06 07:17:58,529 - httpcore.http11 - DEBUG - response_closed.complete
2025-07-06 07:17:58,530 - telegram.ext.ExtBot - DEBUG - Getting updates: [37530614]
2025-07-06 07:17:58,534 - telegram.ext.ExtBot - DEBUG - (Update(message=Message(channel_chat_created=False, chat=Chat(first_name='Ghost', id=7049055170, last_name='Number1', type=<ChatType.PRIVATE>), date=datetime.datetime(2025, 7, 6, 6, 17, 58, tzinfo=<UTC>), delete_chat_photo=False, entities=(MessageEntity(length=5, offset=0, type=<MessageEntityType.BOT_COMMAND>),), from_user=User(first_name='Ghost', id=7049055170, is_bot=False, language_code='en', last_name='Number1'), group_chat_created=False, message_id=13011, supergroup_chat_created=False, text='/menu'), update_id=37530614),)
2025-07-06 07:17:58,535 - telegram.ext.ExtBot - DEBUG - Exiting: get_updates
2025-07-06 07:17:58,535 - telegram.ext.ExtBot - DEBUG - Entering: get_updates
2025-07-06 07:17:58,535 - telegram.ext.Application - DEBUG - Processing update Update(message=Message(channel_chat_created=False, chat=Chat(first_name='Ghost', id=7049055170, last_name='Number1', type=<ChatType.PRIVATE>), date=datetime.datetime(2025, 7, 6, 6, 17, 58, tzinfo=<UTC>), delete_chat_photo=False, entities=(MessageEntity(length=5, offset=0, type=<MessageEntityType.BOT_COMMAND>),), from_user=User(first_name='Ghost', id=7049055170, is_bot=False, language_code='en', last_name='Number1'), group_chat_created=False, message_id=13011, supergroup_chat_created=False, text='/menu'), update_id=37530614)
2025-07-06 07:17:58,537 - telegram.ext.ExtBot - DEBUG - Entering: send_message
2025-07-06 07:17:58,539 - httpcore.http11 - DEBUG - send_request_headers.started request=<Request [b'POST']>
2025-07-06 07:17:58,539 - httpcore.http11 - DEBUG - send_request_headers.started request=<Request [b'POST']>
2025-07-06 07:17:58,539 - httpcore.http11 - DEBUG - send_request_headers.complete
2025-07-06 07:17:58,539 - httpcore.http11 - DEBUG - send_request_body.started request=<Request [b'POST']>
2025-07-06 07:17:58,540 - httpcore.http11 - DEBUG - send_request_headers.complete
2025-07-06 07:17:58,540 - httpcore.http11 - DEBUG - send_request_body.started request=<Request [b'POST']>
2025-07-06 07:17:58,540 - httpcore.http11 - DEBUG - send_request_body.complete
2025-07-06 07:17:58,540 - httpcore.http11 - DEBUG - receive_response_headers.started request=<Request [b'POST']>
2025-07-06 07:17:58,540 - httpcore.http11 - DEBUG - send_request_body.complete
2025-07-06 07:17:58,540 - httpcore.http11 - DEBUG - receive_response_headers.started request=<Request [b'POST']>
2025-07-06 07:17:58,679 - httpcore.http11 - DEBUG - receive_response_headers.complete return_value=(b'HTTP/1.1', 200, b'OK', [(b'Server', b'nginx/1.18.0'), (b'Date', b'Sun, 06 Jul 2025 06:17:58 GMT'), (b'Content-Type', b'application/json'), (b'Content-Length', b'570'), (b'Connection', b'keep-alive'), (b'Strict-Transport-Security', b'max-age=31536000; includeSubDomains; preload'), (b'Access-Control-Allow-Origin', b'*'), (b'Access-Control-Allow-Methods', b'GET, POST, OPTIONS'), (b'Access-Control-Expose-Headers', b'Content-Length,Content-Type,Date,Server,Connection')])
2025-07-06 07:17:58,681 - httpx - INFO - HTTP Request: POST https://api.telegram.org/bot7707158318:AAE8rWa4Q8Z_3avql6K0HAmXaooZAReoNF0/sendMessage "HTTP/1.1 200 OK"
2025-07-06 07:17:58,683 - httpcore.http11 - DEBUG - receive_response_body.started request=<Request [b'POST']>
2025-07-06 07:17:58,683 - httpcore.http11 - DEBUG - receive_response_body.complete
2025-07-06 07:17:58,684 - httpcore.http11 - DEBUG - response_closed.started
2025-07-06 07:17:58,684 - httpcore.http11 - DEBUG - response_closed.complete
2025-07-06 07:17:58,686 - telegram.ext.ExtBot - DEBUG - Message(channel_chat_created=False, chat=Chat(first_name='Ghost', id=7049055170, last_name='Number1', type=<ChatType.PRIVATE>), date=datetime.datetime(2025, 7, 6, 6, 17, 58, tzinfo=<UTC>), delete_chat_photo=False, from_user=User(first_name='SPRD', id=7707158318, is_bot=True, username='tizi91Bot'), group_chat_created=False, message_id=13012, reply_markup=InlineKeyboardMarkup(inline_keyboard=((InlineKeyboardButton(callback_data='start_sniperx', text='🚀 Start SniperX'),), (InlineKeyboardButton(callback_data='stop_sniperx', text='🛑 Stop SniperX'), InlineKeyboardButton(callback_data='status_sniperx', text='📊 Status')), (InlineKeyboardButton(callback_data='show_balance', text='💰 Balance'),))), supergroup_chat_created=False, text='SniperX Bot Control Panel:')
2025-07-06 07:17:58,687 - telegram.ext.ExtBot - DEBUG - Exiting: send_message
2025-07-06 07:18:00,039 - httpcore.http11 - DEBUG - receive_response_headers.complete return_value=(b'HTTP/1.1', 200, b'OK', [(b'Server', b'nginx/1.18.0'), (b'Date', b'Sun, 06 Jul 2025 06:18:00 GMT'), (b'Content-Type', b'application/json'), (b'Content-Length', b'818'), (b'Connection', b'keep-alive'), (b'Strict-Transport-Security', b'max-age=31536000; includeSubDomains; preload'), (b'Access-Control-Allow-Origin', b'*'), (b'Access-Control-Allow-Methods', b'GET, POST, OPTIONS'), (b'Access-Control-Expose-Headers', b'Content-Length,Content-Type,Date,Server,Connection')])
2025-07-06 07:18:00,040 - httpx - INFO - HTTP Request: POST https://api.telegram.org/bot7707158318:AAE8rWa4Q8Z_3avql6K0HAmXaooZAReoNF0/getUpdates "HTTP/1.1 200 OK"
2025-07-06 07:18:00,041 - httpcore.http11 - DEBUG - receive_response_body.started request=<Request [b'POST']>
2025-07-06 07:18:00,041 - httpcore.http11 - DEBUG - receive_response_body.complete
2025-07-06 07:18:00,041 - httpcore.http11 - DEBUG - response_closed.started
2025-07-06 07:18:00,042 - httpcore.http11 - DEBUG - response_closed.complete
2025-07-06 07:18:00,042 - telegram.ext.ExtBot - DEBUG - Getting updates: [37530615]
2025-07-06 07:18:00,043 - telegram.ext.ExtBot - DEBUG - (Update(callback_query=CallbackQuery(chat_instance='-1307310250263184334', data='start_sniperx', from_user=User(first_name='Ghost', id=7049055170, is_bot=False, language_code='en', last_name='Number1'), id='2605345312493611936', message=Message(channel_chat_created=False, chat=Chat(first_name='Ghost', id=7049055170, last_name='Number1', type=<ChatType.PRIVATE>), date=datetime.datetime(2025, 7, 6, 6, 17, 58, tzinfo=<UTC>), delete_chat_photo=False, from_user=User(first_name='SPRD', id=7707158318, is_bot=True, username='tizi91Bot'), group_chat_created=False, message_id=13012, reply_markup=InlineKeyboardMarkup(inline_keyboard=((InlineKeyboardButton(callback_data='start_sniperx', text='🚀 Start SniperX'),), (InlineKeyboardButton(callback_data='stop_sniperx', text='🛑 Stop SniperX'), InlineKeyboardButton(callback_data='status_sniperx', text='📊 Status')), (InlineKeyboardButton(callback_data='show_balance', text='💰 Balance'),))), supergroup_chat_created=False, text='SniperX Bot Control Panel:')), update_id=37530615),)
2025-07-06 07:18:00,043 - telegram.ext.ExtBot - DEBUG - Exiting: get_updates
2025-07-06 07:18:00,043 - telegram.ext.ExtBot - DEBUG - Entering: get_updates
2025-07-06 07:18:00,045 - telegram.ext.Application - DEBUG - Processing update Update(callback_query=CallbackQuery(chat_instance='-1307310250263184334', data='start_sniperx', from_user=User(first_name='Ghost', id=7049055170, is_bot=False, language_code='en', last_name='Number1'), id='2605345312493611936', message=Message(channel_chat_created=False, chat=Chat(first_name='Ghost', id=7049055170, last_name='Number1', type=<ChatType.PRIVATE>), date=datetime.datetime(2025, 7, 6, 6, 17, 58, tzinfo=<UTC>), delete_chat_photo=False, from_user=User(first_name='SPRD', id=7707158318, is_bot=True, username='tizi91Bot'), group_chat_created=False, message_id=13012, reply_markup=InlineKeyboardMarkup(inline_keyboard=((InlineKeyboardButton(callback_data='start_sniperx', text='🚀 Start SniperX'),), (InlineKeyboardButton(callback_data='stop_sniperx', text='🛑 Stop SniperX'), InlineKeyboardButton(callback_data='status_sniperx', text='📊 Status')), (InlineKeyboardButton(callback_data='show_balance', text='💰 Balance'),))), supergroup_chat_created=False, text='SniperX Bot Control Panel:')), update_id=37530615)
2025-07-06 07:18:00,047 - __main__ - INFO - Button callback received: Update(callback_query=CallbackQuery(chat_instance='-1307310250263184334', data='start_sniperx', from_user=User(first_name='Ghost', id=7049055170, is_bot=False, language_code='en', last_name='Number1'), id='2605345312493611936', message=Message(channel_chat_created=False, chat=Chat(first_name='Ghost', id=7049055170, last_name='Number1', type=<ChatType.PRIVATE>), date=datetime.datetime(2025, 7, 6, 6, 17, 58, tzinfo=<UTC>), delete_chat_photo=False, from_user=User(first_name='SPRD', id=7707158318, is_bot=True, username='tizi91Bot'), group_chat_created=False, message_id=13012, reply_markup=InlineKeyboardMarkup(inline_keyboard=((InlineKeyboardButton(callback_data='start_sniperx', text='🚀 Start SniperX'),), (InlineKeyboardButton(callback_data='stop_sniperx', text='🛑 Stop SniperX'), InlineKeyboardButton(callback_data='status_sniperx', text='📊 Status')), (InlineKeyboardButton(callback_data='show_balance', text='💰 Balance'),))), supergroup_chat_created=False, text='SniperX Bot Control Panel:')), update_id=37530615)
2025-07-06 07:18:00,048 - telegram.ext.ExtBot - DEBUG - Entering: answer_callback_query
2025-07-06 07:18:00,050 - httpcore.http11 - DEBUG - send_request_headers.started request=<Request [b'POST']>
2025-07-06 07:18:00,051 - httpcore.http11 - DEBUG - send_request_headers.started request=<Request [b'POST']>
2025-07-06 07:18:00,051 - httpcore.http11 - DEBUG - send_request_headers.complete
2025-07-06 07:18:00,051 - httpcore.http11 - DEBUG - send_request_body.started request=<Request [b'POST']>
2025-07-06 07:18:00,052 - httpcore.http11 - DEBUG - send_request_headers.complete
2025-07-06 07:18:00,052 - httpcore.http11 - DEBUG - send_request_body.started request=<Request [b'POST']>
2025-07-06 07:18:00,052 - httpcore.http11 - DEBUG - send_request_body.complete
2025-07-06 07:18:00,052 - httpcore.http11 - DEBUG - receive_response_headers.started request=<Request [b'POST']>
2025-07-06 07:18:00,053 - httpcore.http11 - DEBUG - send_request_body.complete
2025-07-06 07:18:00,053 - httpcore.http11 - DEBUG - receive_response_headers.started request=<Request [b'POST']>
2025-07-06 07:18:00,195 - httpcore.http11 - DEBUG - receive_response_headers.complete return_value=(b'HTTP/1.1', 200, b'OK', [(b'Server', b'nginx/1.18.0'), (b'Date', b'Sun, 06 Jul 2025 06:18:00 GMT'), (b'Content-Type', b'application/json'), (b'Content-Length', b'25'), (b'Connection', b'keep-alive'), (b'Strict-Transport-Security', b'max-age=31536000; includeSubDomains; preload'), (b'Access-Control-Allow-Origin', b'*'), (b'Access-Control-Allow-Methods', b'GET, POST, OPTIONS'), (b'Access-Control-Expose-Headers', b'Content-Length,Content-Type,Date,Server,Connection')])
2025-07-06 07:18:00,197 - httpx - INFO - HTTP Request: POST https://api.telegram.org/bot7707158318:AAE8rWa4Q8Z_3avql6K0HAmXaooZAReoNF0/answerCallbackQuery "HTTP/1.1 200 OK"
2025-07-06 07:18:00,199 - httpcore.http11 - DEBUG - receive_response_body.started request=<Request [b'POST']>
2025-07-06 07:18:00,199 - httpcore.http11 - DEBUG - receive_response_body.complete
2025-07-06 07:18:00,199 - httpcore.http11 - DEBUG - response_closed.started
2025-07-06 07:18:00,199 - httpcore.http11 - DEBUG - response_closed.complete
2025-07-06 07:18:00,200 - telegram.ext.ExtBot - DEBUG - True
2025-07-06 07:18:00,200 - telegram.ext.ExtBot - DEBUG - Exiting: answer_callback_query
2025-07-06 07:18:00,200 - __main__ - INFO - Processing action: start_sniperx
2025-07-06 07:18:00,202 - telegram.ext.ExtBot - DEBUG - Entering: send_message
2025-07-06 07:18:00,204 - httpcore.http11 - DEBUG - send_request_headers.started request=<Request [b'POST']>
2025-07-06 07:18:00,206 - httpcore.http11 - DEBUG - send_request_headers.complete
2025-07-06 07:18:00,206 - httpcore.http11 - DEBUG - send_request_body.started request=<Request [b'POST']>
2025-07-06 07:18:00,206 - httpcore.http11 - DEBUG - send_request_body.complete
2025-07-06 07:18:00,206 - httpcore.http11 - DEBUG - receive_response_headers.started request=<Request [b'POST']>
2025-07-06 07:18:00,351 - httpcore.http11 - DEBUG - receive_response_headers.complete return_value=(b'HTTP/1.1', 200, b'OK', [(b'Server', b'nginx/1.18.0'), (b'Date', b'Sun, 06 Jul 2025 06:18:00 GMT'), (b'Content-Type', b'application/json'), (b'Content-Length', b'262'), (b'Connection', b'keep-alive'), (b'Strict-Transport-Security', b'max-age=31536000; includeSubDomains; preload'), (b'Access-Control-Allow-Origin', b'*'), (b'Access-Control-Allow-Methods', b'GET, POST, OPTIONS'), (b'Access-Control-Expose-Headers', b'Content-Length,Content-Type,Date,Server,Connection')])
2025-07-06 07:18:00,352 - httpx - INFO - HTTP Request: POST https://api.telegram.org/bot7707158318:AAE8rWa4Q8Z_3avql6K0HAmXaooZAReoNF0/sendMessage "HTTP/1.1 200 OK"
2025-07-06 07:18:00,353 - httpcore.http11 - DEBUG - receive_response_body.started request=<Request [b'POST']>
2025-07-06 07:18:00,354 - httpcore.http11 - DEBUG - receive_response_body.complete
2025-07-06 07:18:00,354 - httpcore.http11 - DEBUG - response_closed.started
2025-07-06 07:18:00,354 - httpcore.http11 - DEBUG - response_closed.complete
2025-07-06 07:18:00,356 - telegram.ext.ExtBot - DEBUG - Message(channel_chat_created=False, chat=Chat(first_name='Ghost', id=7049055170, last_name='Number1', type=<ChatType.PRIVATE>), date=datetime.datetime(2025, 7, 6, 6, 18, tzinfo=<UTC>), delete_chat_photo=False, from_user=User(first_name='SPRD', id=7707158318, is_bot=True, username='tizi91Bot'), group_chat_created=False, message_id=13013, supergroup_chat_created=False, text='Starting wallet manager...')
2025-07-06 07:18:00,356 - telegram.ext.ExtBot - DEBUG - Exiting: send_message
2025-07-06 07:18:02,442 - telegram.ext.ExtBot - DEBUG - Entering: send_message
2025-07-06 07:18:02,445 - httpcore.http11 - DEBUG - send_request_headers.started request=<Request [b'POST']>
2025-07-06 07:18:02,446 - httpcore.http11 - DEBUG - send_request_headers.complete
2025-07-06 07:18:02,446 - httpcore.http11 - DEBUG - send_request_body.started request=<Request [b'POST']>
2025-07-06 07:18:02,449 - httpcore.http11 - DEBUG - send_request_body.complete
2025-07-06 07:18:02,449 - httpcore.http11 - DEBUG - receive_response_headers.started request=<Request [b'POST']>
2025-07-06 07:18:02,643 - httpcore.http11 - DEBUG - receive_response_headers.complete return_value=(b'HTTP/1.1', 200, b'OK', [(b'Server', b'nginx/1.18.0'), (b'Date', b'Sun, 06 Jul 2025 06:18:02 GMT'), (b'Content-Type', b'application/json'), (b'Content-Length', b'323'), (b'Connection', b'keep-alive'), (b'Strict-Transport-Security', b'max-age=31536000; includeSubDomains; preload'), (b'Access-Control-Allow-Origin', b'*'), (b'Access-Control-Allow-Methods', b'GET, POST, OPTIONS'), (b'Access-Control-Expose-Headers', b'Content-Length,Content-Type,Date,Server,Connection')])
2025-07-06 07:18:02,645 - httpx - INFO - HTTP Request: POST https://api.telegram.org/bot7707158318:AAE8rWa4Q8Z_3avql6K0HAmXaooZAReoNF0/sendMessage "HTTP/1.1 200 OK"
2025-07-06 07:18:02,645 - httpcore.http11 - DEBUG - receive_response_body.started request=<Request [b'POST']>
2025-07-06 07:18:02,647 - httpcore.http11 - DEBUG - receive_response_body.complete
2025-07-06 07:18:02,647 - httpcore.http11 - DEBUG - response_closed.started
2025-07-06 07:18:02,647 - httpcore.http11 - DEBUG - response_closed.complete
2025-07-06 07:18:02,648 - telegram.ext.ExtBot - DEBUG - Message(channel_chat_created=False, chat=Chat(first_name='Ghost', id=7049055170, last_name='Number1', type=<ChatType.PRIVATE>), date=datetime.datetime(2025, 7, 6, 6, 18, 2, tzinfo=<UTC>), delete_chat_photo=False, entities=(MessageEntity(length=5, offset=8, type=<MessageEntityType.URL>),), from_user=User(first_name='SPRD', id=7707158318, is_bot=True, username='tizi91Bot'), group_chat_created=False, message_id=13014, supergroup_chat_created=False, text='SniperX V2.py started with PID 45876.')
2025-07-06 07:18:02,648 - telegram.ext.ExtBot - DEBUG - Exiting: send_message
2025-07-06 07:18:02,648 - __main__ - INFO - SniperX V2.py started with PID 45876 by user tizi91Bot
2025-07-06 07:18:02,649 - telegram.ext.ExtBot - DEBUG - Entering: edit_message_text
2025-07-06 07:18:02,650 - httpcore.http11 - DEBUG - send_request_headers.started request=<Request [b'POST']>
2025-07-06 07:18:02,651 - httpcore.http11 - DEBUG - send_request_headers.complete
2025-07-06 07:18:02,651 - httpcore.http11 - DEBUG - send_request_body.started request=<Request [b'POST']>
2025-07-06 07:18:02,652 - httpcore.http11 - DEBUG - send_request_body.complete
2025-07-06 07:18:02,652 - httpcore.http11 - DEBUG - receive_response_headers.started request=<Request [b'POST']>
2025-07-06 07:18:02,773 - httpcore.http11 - DEBUG - receive_response_headers.complete return_value=(b'HTTP/1.1', 400, b'Bad Request', [(b'Server', b'nginx/1.18.0'), (b'Date', b'Sun, 06 Jul 2025 06:18:03 GMT'), (b'Content-Type', b'application/json'), (b'Content-Length', b'204'), (b'Connection', b'keep-alive'), (b'Strict-Transport-Security', b'max-age=31536000; includeSubDomains; preload'), (b'Access-Control-Allow-Origin', b'*'), (b'Access-Control-Expose-Headers', b'Content-Length,Content-Type,Date,Server,Connection')])
2025-07-06 07:18:02,773 - httpx - INFO - HTTP Request: POST https://api.telegram.org/bot7707158318:AAE8rWa4Q8Z_3avql6K0HAmXaooZAReoNF0/editMessageText "HTTP/1.1 400 Bad Request"
2025-07-06 07:18:02,775 - httpcore.http11 - DEBUG - receive_response_body.started request=<Request [b'POST']>
2025-07-06 07:18:02,775 - httpcore.http11 - DEBUG - receive_response_body.complete
2025-07-06 07:18:02,775 - httpcore.http11 - DEBUG - response_closed.started
2025-07-06 07:18:02,775 - httpcore.http11 - DEBUG - response_closed.complete
2025-07-06 07:18:02,776 - __main__ - ERROR - Error showing menu: Message is not modified: specified new message content and reply markup are exactly the same as a current content and reply markup of the message
2025-07-06 07:18:02,776 - telegram.ext.ExtBot - DEBUG - Entering: send_message
2025-07-06 07:18:02,777 - httpcore.http11 - DEBUG - send_request_headers.started request=<Request [b'POST']>
2025-07-06 07:18:02,778 - httpcore.http11 - DEBUG - send_request_headers.complete
2025-07-06 07:18:02,778 - httpcore.http11 - DEBUG - send_request_body.started request=<Request [b'POST']>
2025-07-06 07:18:02,778 - httpcore.http11 - DEBUG - send_request_body.complete
2025-07-06 07:18:02,778 - httpcore.http11 - DEBUG - receive_response_headers.started request=<Request [b'POST']>
2025-07-06 07:18:03,051 - httpcore.http11 - DEBUG - receive_response_headers.complete return_value=(b'HTTP/1.1', 200, b'OK', [(b'Server', b'nginx/1.18.0'), (b'Date', b'Sun, 06 Jul 2025 06:18:03 GMT'), (b'Content-Type', b'application/json'), (b'Content-Length', b'570'), (b'Connection', b'keep-alive'), (b'Strict-Transport-Security', b'max-age=31536000; includeSubDomains; preload'), (b'Access-Control-Allow-Origin', b'*'), (b'Access-Control-Allow-Methods', b'GET, POST, OPTIONS'), (b'Access-Control-Expose-Headers', b'Content-Length,Content-Type,Date,Server,Connection')])
2025-07-06 07:18:03,055 - httpx - INFO - HTTP Request: POST https://api.telegram.org/bot7707158318:AAE8rWa4Q8Z_3avql6K0HAmXaooZAReoNF0/sendMessage "HTTP/1.1 200 OK"
2025-07-06 07:18:03,057 - httpcore.http11 - DEBUG - receive_response_body.started request=<Request [b'POST']>
2025-07-06 07:18:03,057 - httpcore.http11 - DEBUG - receive_response_body.complete
2025-07-06 07:18:03,057 - httpcore.http11 - DEBUG - response_closed.started
2025-07-06 07:18:03,057 - httpcore.http11 - DEBUG - response_closed.complete
2025-07-06 07:18:03,058 - telegram.ext.ExtBot - DEBUG - Message(channel_chat_created=False, chat=Chat(first_name='Ghost', id=7049055170, last_name='Number1', type=<ChatType.PRIVATE>), date=datetime.datetime(2025, 7, 6, 6, 18, 3, tzinfo=<UTC>), delete_chat_photo=False, from_user=User(first_name='SPRD', id=7707158318, is_bot=True, username='tizi91Bot'), group_chat_created=False, message_id=13015, reply_markup=InlineKeyboardMarkup(inline_keyboard=((InlineKeyboardButton(callback_data='start_sniperx', text='🚀 Start SniperX'),), (InlineKeyboardButton(callback_data='stop_sniperx', text='🛑 Stop SniperX'), InlineKeyboardButton(callback_data='status_sniperx', text='📊 Status')), (InlineKeyboardButton(callback_data='show_balance', text='💰 Balance'),))), supergroup_chat_created=False, text='SniperX Bot Control Panel:')
2025-07-06 07:18:03,058 - telegram.ext.ExtBot - DEBUG - Exiting: send_message
2025-07-06 07:18:10,175 - httpcore.http11 - DEBUG - receive_response_headers.complete return_value=(b'HTTP/1.1', 200, b'OK', [(b'Server', b'nginx/1.18.0'), (b'Date', b'Sun, 06 Jul 2025 06:18:10 GMT'), (b'Content-Type', b'application/json'), (b'Content-Length', b'23'), (b'Connection', b'keep-alive'), (b'Strict-Transport-Security', b'max-age=31536000; includeSubDomains; preload'), (b'Access-Control-Allow-Origin', b'*'), (b'Access-Control-Allow-Methods', b'GET, POST, OPTIONS'), (b'Access-Control-Expose-Headers', b'Content-Length,Content-Type,Date,Server,Connection')])
2025-07-06 07:18:10,177 - httpx - INFO - HTTP Request: POST https://api.telegram.org/bot7707158318:AAE8rWa4Q8Z_3avql6K0HAmXaooZAReoNF0/getUpdates "HTTP/1.1 200 OK"
2025-07-06 07:18:10,179 - httpcore.http11 - DEBUG - receive_response_body.started request=<Request [b'POST']>
2025-07-06 07:18:10,179 - httpcore.http11 - DEBUG - receive_response_body.complete
2025-07-06 07:18:10,179 - httpcore.http11 - DEBUG - response_closed.started
2025-07-06 07:18:10,180 - httpcore.http11 - DEBUG - response_closed.complete
2025-07-06 07:18:10,180 - telegram.ext.ExtBot - DEBUG - No new updates found.
2025-07-06 07:18:10,181 - telegram.ext.ExtBot - DEBUG - ()
2025-07-06 07:18:10,181 - telegram.ext.ExtBot - DEBUG - Exiting: get_updates
2025-07-06 07:18:10,181 - telegram.ext.ExtBot - DEBUG - Entering: get_updates
2025-07-06 07:18:10,182 - httpcore.http11 - DEBUG - send_request_headers.started request=<Request [b'POST']>
2025-07-06 07:18:10,185 - httpcore.http11 - DEBUG - send_request_headers.complete
2025-07-06 07:18:10,185 - httpcore.http11 - DEBUG - send_request_body.started request=<Request [b'POST']>
2025-07-06 07:18:10,186 - httpcore.http11 - DEBUG - send_request_body.complete
2025-07-06 07:18:10,187 - httpcore.http11 - DEBUG - receive_response_headers.started request=<Request [b'POST']>
