2025-07-06 15:54:49,483 - asyncio - DEBUG - Using proactor: IocpProactor
2025-07-06 15:54:49,498 - httpx - DEBUG - load_ssl_context verify=True cert=None trust_env=True http2=False
2025-07-06 15:54:49,511 - httpx - DEBUG - load_verify_locations cafile='c:\\Users\\Rachid Aitali\\OneDrive - 4JM Solutions Limited\\Desktop\\SniperX-V3-Best-Version-at-now\\.venv\\lib\\site-packages\\certifi\\cacert.pem'
2025-07-06 15:54:49,524 - httpx - DEBUG - load_ssl_context verify=True cert=None trust_env=True http2=False
2025-07-06 15:54:49,524 - httpx - DEBUG - load_verify_locations cafile='c:\\Users\\Rachid Aitali\\OneDrive - 4JM Solutions Limited\\Desktop\\SniperX-V3-Best-Version-at-now\\.venv\\lib\\site-packages\\certifi\\cacert.pem'
2025-07-06 15:54:49,529 - __main__ - INFO - Telegram Manager Bot started. Send /menu to interact.
2025-07-06 15:54:49,534 - telegram.ext.ExtBot - DEBUG - Entering: send_message
2025-07-06 15:54:49,542 - httpcore.connection - DEBUG - connect_tcp.started host='api.telegram.org' port=443 local_address=None timeout=5.0 socket_options=None
2025-07-06 15:54:49,935 - httpcore.connection - DEBUG - connect_tcp.complete return_value=<httpcore._backends.anyio.AnyIOStream object at 0x000001BC61FB3010>
2025-07-06 15:54:49,935 - httpcore.connection - DEBUG - start_tls.started ssl_context=<ssl.SSLContext object at 0x000001BC61F68340> server_hostname='api.telegram.org' timeout=5.0
2025-07-06 15:54:50,035 - httpcore.connection - DEBUG - start_tls.complete return_value=<httpcore._backends.anyio.AnyIOStream object at 0x000001BC61FB2C80>
2025-07-06 15:54:50,035 - httpcore.http11 - DEBUG - send_request_headers.started request=<Request [b'POST']>
2025-07-06 15:54:50,037 - httpcore.http11 - DEBUG - send_request_headers.complete
2025-07-06 15:54:50,037 - httpcore.http11 - DEBUG - send_request_body.started request=<Request [b'POST']>
2025-07-06 15:54:50,037 - httpcore.http11 - DEBUG - send_request_body.complete
2025-07-06 15:54:50,037 - httpcore.http11 - DEBUG - receive_response_headers.started request=<Request [b'POST']>
2025-07-06 15:54:50,272 - httpcore.http11 - DEBUG - receive_response_headers.complete return_value=(b'HTTP/1.1', 200, b'OK', [(b'Server', b'nginx/1.18.0'), (b'Date', b'Sun, 06 Jul 2025 14:54:50 GMT'), (b'Content-Type', b'application/json'), (b'Content-Length', b'352'), (b'Connection', b'keep-alive'), (b'Strict-Transport-Security', b'max-age=31536000; includeSubDomains; preload'), (b'Access-Control-Allow-Origin', b'*'), (b'Access-Control-Allow-Methods', b'GET, POST, OPTIONS'), (b'Access-Control-Expose-Headers', b'Content-Length,Content-Type,Date,Server,Connection')])
2025-07-06 15:54:50,276 - httpx - INFO - HTTP Request: POST https://api.telegram.org/bot7707158318:AAE8rWa4Q8Z_3avql6K0HAmXaooZAReoNF0/sendMessage "HTTP/1.1 200 OK"
2025-07-06 15:54:50,278 - httpcore.http11 - DEBUG - receive_response_body.started request=<Request [b'POST']>
2025-07-06 15:54:50,279 - httpcore.http11 - DEBUG - receive_response_body.complete
2025-07-06 15:54:50,279 - httpcore.http11 - DEBUG - response_closed.started
2025-07-06 15:54:50,279 - httpcore.http11 - DEBUG - response_closed.complete
2025-07-06 15:54:50,284 - telegram.ext.ExtBot - DEBUG - Message(channel_chat_created=False, chat=Chat(first_name='Ghost', id=7049055170, last_name='Number1', type=<ChatType.PRIVATE>), date=datetime.datetime(2025, 7, 6, 14, 54, 50, tzinfo=<UTC>), delete_chat_photo=False, entities=(MessageEntity(length=5, offset=36, type=<MessageEntityType.BOT_COMMAND>),), from_user=User(first_name='SPRD', id=7707158318, is_bot=True, username='tizi91Bot'), group_chat_created=False, message_id=13130, supergroup_chat_created=False, text='SniperX Control Bot is online! Send /menu to see options.')
2025-07-06 15:54:50,285 - telegram.ext.ExtBot - DEBUG - Exiting: send_message
2025-07-06 15:54:50,285 - telegram.ext.ExtBot - DEBUG - Entering: get_me
2025-07-06 15:54:50,285 - httpcore.http11 - DEBUG - send_request_headers.started request=<Request [b'POST']>
2025-07-06 15:54:50,285 - httpcore.http11 - DEBUG - send_request_headers.complete
2025-07-06 15:54:50,285 - httpcore.http11 - DEBUG - send_request_body.started request=<Request [b'POST']>
2025-07-06 15:54:50,285 - httpcore.http11 - DEBUG - send_request_body.complete
2025-07-06 15:54:50,285 - httpcore.http11 - DEBUG - receive_response_headers.started request=<Request [b'POST']>
2025-07-06 15:54:50,684 - httpcore.http11 - DEBUG - receive_response_headers.complete return_value=(b'HTTP/1.1', 200, b'OK', [(b'Server', b'nginx/1.18.0'), (b'Date', b'Sun, 06 Jul 2025 14:54:51 GMT'), (b'Content-Type', b'application/json'), (b'Content-Length', b'243'), (b'Connection', b'keep-alive'), (b'Strict-Transport-Security', b'max-age=31536000; includeSubDomains; preload'), (b'Access-Control-Allow-Origin', b'*'), (b'Access-Control-Allow-Methods', b'GET, POST, OPTIONS'), (b'Access-Control-Expose-Headers', b'Content-Length,Content-Type,Date,Server,Connection')])
2025-07-06 15:54:50,684 - httpx - INFO - HTTP Request: POST https://api.telegram.org/bot7707158318:AAE8rWa4Q8Z_3avql6K0HAmXaooZAReoNF0/getMe "HTTP/1.1 200 OK"
2025-07-06 15:54:50,686 - httpcore.http11 - DEBUG - receive_response_body.started request=<Request [b'POST']>
2025-07-06 15:54:50,686 - httpcore.http11 - DEBUG - receive_response_body.complete
2025-07-06 15:54:50,686 - httpcore.http11 - DEBUG - response_closed.started
2025-07-06 15:54:50,686 - httpcore.http11 - DEBUG - response_closed.complete
2025-07-06 15:54:50,688 - telegram.ext.ExtBot - DEBUG - User(api_kwargs={'can_connect_to_business': False, 'has_main_web_app': False}, can_join_groups=True, can_read_all_group_messages=False, first_name='SPRD', id=7707158318, is_bot=True, supports_inline_queries=False, username='tizi91Bot')
2025-07-06 15:54:50,688 - telegram.ext.ExtBot - DEBUG - Exiting: get_me
2025-07-06 15:54:50,688 - telegram.ext.ExtBot - DEBUG - This Bot is already initialized.
2025-07-06 15:54:50,688 - telegram.ext.Updater - DEBUG - Updater started (polling)
2025-07-06 15:54:50,688 - telegram.ext.Updater - DEBUG - Start network loop retry bootstrap del webhook
2025-07-06 15:54:50,688 - telegram.ext.Updater - DEBUG - Deleting webhook
2025-07-06 15:54:50,688 - telegram.ext.ExtBot - DEBUG - Entering: delete_webhook
2025-07-06 15:54:50,688 - httpcore.http11 - DEBUG - send_request_headers.started request=<Request [b'POST']>
2025-07-06 15:54:50,688 - httpcore.http11 - DEBUG - send_request_headers.complete
2025-07-06 15:54:50,691 - httpcore.http11 - DEBUG - send_request_body.started request=<Request [b'POST']>
2025-07-06 15:54:50,691 - httpcore.http11 - DEBUG - send_request_body.complete
2025-07-06 15:54:50,691 - httpcore.http11 - DEBUG - receive_response_headers.started request=<Request [b'POST']>
2025-07-06 15:54:50,900 - httpcore.http11 - DEBUG - receive_response_headers.complete return_value=(b'HTTP/1.1', 200, b'OK', [(b'Server', b'nginx/1.18.0'), (b'Date', b'Sun, 06 Jul 2025 14:54:51 GMT'), (b'Content-Type', b'application/json'), (b'Content-Length', b'68'), (b'Connection', b'keep-alive'), (b'Strict-Transport-Security', b'max-age=31536000; includeSubDomains; preload'), (b'Access-Control-Allow-Origin', b'*'), (b'Access-Control-Allow-Methods', b'GET, POST, OPTIONS'), (b'Access-Control-Expose-Headers', b'Content-Length,Content-Type,Date,Server,Connection')])
2025-07-06 15:54:50,901 - httpx - INFO - HTTP Request: POST https://api.telegram.org/bot7707158318:AAE8rWa4Q8Z_3avql6K0HAmXaooZAReoNF0/deleteWebhook "HTTP/1.1 200 OK"
2025-07-06 15:54:50,901 - httpcore.http11 - DEBUG - receive_response_body.started request=<Request [b'POST']>
2025-07-06 15:54:50,901 - httpcore.http11 - DEBUG - receive_response_body.complete
2025-07-06 15:54:50,901 - httpcore.http11 - DEBUG - response_closed.started
2025-07-06 15:54:50,901 - httpcore.http11 - DEBUG - response_closed.complete
2025-07-06 15:54:50,901 - telegram.ext.ExtBot - DEBUG - True
2025-07-06 15:54:50,901 - telegram.ext.ExtBot - DEBUG - Exiting: delete_webhook
2025-07-06 15:54:50,901 - telegram.ext.Updater - DEBUG - Bootstrap done
2025-07-06 15:54:50,901 - telegram.ext.Updater - DEBUG - Waiting for polling to start
2025-07-06 15:54:50,901 - telegram.ext.Updater - DEBUG - Polling updates from Telegram started
2025-07-06 15:54:50,901 - telegram.ext.Updater - DEBUG - Start network loop retry getting Updates
2025-07-06 15:54:50,901 - telegram.ext.ExtBot - DEBUG - Entering: get_updates
2025-07-06 15:54:50,904 - telegram.ext.Application - INFO - Application started
2025-07-06 15:54:50,904 - httpcore.connection - DEBUG - connect_tcp.started host='api.telegram.org' port=443 local_address=None timeout=5.0 socket_options=None
2025-07-06 15:54:51,124 - httpcore.connection - DEBUG - connect_tcp.complete return_value=<httpcore._backends.anyio.AnyIOStream object at 0x000001BC61FF71C0>
2025-07-06 15:54:51,124 - httpcore.connection - DEBUG - start_tls.started ssl_context=<ssl.SSLContext object at 0x000001BC61F68240> server_hostname='api.telegram.org' timeout=5.0
2025-07-06 15:54:51,516 - httpcore.connection - DEBUG - start_tls.complete return_value=<httpcore._backends.anyio.AnyIOStream object at 0x000001BC61FF7070>
2025-07-06 15:54:51,516 - httpcore.http11 - DEBUG - send_request_headers.started request=<Request [b'POST']>
2025-07-06 15:54:51,517 - httpcore.http11 - DEBUG - send_request_headers.complete
2025-07-06 15:54:51,518 - httpcore.http11 - DEBUG - send_request_body.started request=<Request [b'POST']>
2025-07-06 15:54:51,518 - httpcore.http11 - DEBUG - send_request_body.complete
2025-07-06 15:54:51,518 - httpcore.http11 - DEBUG - receive_response_headers.started request=<Request [b'POST']>
2025-07-06 15:54:51,754 - httpcore.http11 - DEBUG - receive_response_headers.complete return_value=(b'HTTP/1.1', 200, b'OK', [(b'Server', b'nginx/1.18.0'), (b'Date', b'Sun, 06 Jul 2025 14:54:52 GMT'), (b'Content-Type', b'application/json'), (b'Content-Length', b'2409'), (b'Connection', b'keep-alive'), (b'Strict-Transport-Security', b'max-age=31536000; includeSubDomains; preload'), (b'Access-Control-Allow-Origin', b'*'), (b'Access-Control-Allow-Methods', b'GET, POST, OPTIONS'), (b'Access-Control-Expose-Headers', b'Content-Length,Content-Type,Date,Server,Connection')])
2025-07-06 15:54:51,754 - httpx - INFO - HTTP Request: POST https://api.telegram.org/bot7707158318:AAE8rWa4Q8Z_3avql6K0HAmXaooZAReoNF0/getUpdates "HTTP/1.1 200 OK"
2025-07-06 15:54:51,755 - httpcore.http11 - DEBUG - receive_response_body.started request=<Request [b'POST']>
2025-07-06 15:54:51,755 - httpcore.http11 - DEBUG - receive_response_body.complete
2025-07-06 15:54:51,755 - httpcore.http11 - DEBUG - response_closed.started
2025-07-06 15:54:51,755 - httpcore.http11 - DEBUG - response_closed.complete
2025-07-06 15:54:51,756 - telegram.ext.ExtBot - DEBUG - Getting updates: [37530657, 37530658, 37530659]
2025-07-06 15:54:51,758 - telegram.ext.ExtBot - DEBUG - (Update(callback_query=CallbackQuery(chat_instance='-1307310250263184334', data='show_balance', from_user=User(first_name='Ghost', id=7049055170, is_bot=False, language_code='en', last_name='Number1'), id='2605345312400007334', message=Message(channel_chat_created=False, chat=Chat(first_name='Ghost', id=7049055170, last_name='Number1', type=<ChatType.PRIVATE>), date=datetime.datetime(2025, 7, 6, 14, 46, 6, tzinfo=<UTC>), delete_chat_photo=False, from_user=User(first_name='SPRD', id=7707158318, is_bot=True, username='tizi91Bot'), group_chat_created=False, message_id=13129, reply_markup=InlineKeyboardMarkup(inline_keyboard=((InlineKeyboardButton(callback_data='start_sniperx', text='🚀 Start SniperX'),), (InlineKeyboardButton(callback_data='stop_sniperx', text='🛑 Stop SniperX'), InlineKeyboardButton(callback_data='status_sniperx', text='📊 Status')), (InlineKeyboardButton(callback_data='show_balance', text='💰 Balance'),))), supergroup_chat_created=False, text='SniperX Bot Control Panel:')), update_id=37530657), Update(callback_query=CallbackQuery(chat_instance='-1307310250263184334', data='show_balance', from_user=User(first_name='Ghost', id=7049055170, is_bot=False, language_code='en', last_name='Number1'), id='2605345315963614696', message=Message(channel_chat_created=False, chat=Chat(first_name='Ghost', id=7049055170, last_name='Number1', type=<ChatType.PRIVATE>), date=datetime.datetime(2025, 7, 6, 14, 46, 6, tzinfo=<UTC>), delete_chat_photo=False, from_user=User(first_name='SPRD', id=7707158318, is_bot=True, username='tizi91Bot'), group_chat_created=False, message_id=13129, reply_markup=InlineKeyboardMarkup(inline_keyboard=((InlineKeyboardButton(callback_data='start_sniperx', text='🚀 Start SniperX'),), (InlineKeyboardButton(callback_data='stop_sniperx', text='🛑 Stop SniperX'), InlineKeyboardButton(callback_data='status_sniperx', text='📊 Status')), (InlineKeyboardButton(callback_data='show_balance', text='💰 Balance'),))), supergroup_chat_created=False, text='SniperX Bot Control Panel:')), update_id=37530658), Update(callback_query=CallbackQuery(chat_instance='-1307310250263184334', data='status_sniperx', from_user=User(first_name='Ghost', id=7049055170, is_bot=False, language_code='en', last_name='Number1'), id='2605345316376147626', message=Message(channel_chat_created=False, chat=Chat(first_name='Ghost', id=7049055170, last_name='Number1', type=<ChatType.PRIVATE>), date=datetime.datetime(2025, 7, 6, 14, 46, 6, tzinfo=<UTC>), delete_chat_photo=False, from_user=User(first_name='SPRD', id=7707158318, is_bot=True, username='tizi91Bot'), group_chat_created=False, message_id=13129, reply_markup=InlineKeyboardMarkup(inline_keyboard=((InlineKeyboardButton(callback_data='start_sniperx', text='🚀 Start SniperX'),), (InlineKeyboardButton(callback_data='stop_sniperx', text='🛑 Stop SniperX'), InlineKeyboardButton(callback_data='status_sniperx', text='📊 Status')), (InlineKeyboardButton(callback_data='show_balance', text='💰 Balance'),))), supergroup_chat_created=False, text='SniperX Bot Control Panel:')), update_id=37530659))
2025-07-06 15:54:51,760 - telegram.ext.ExtBot - DEBUG - Exiting: get_updates
2025-07-06 15:54:51,760 - telegram.ext.ExtBot - DEBUG - Entering: get_updates
2025-07-06 15:54:51,761 - telegram.ext.Application - DEBUG - Processing update Update(callback_query=CallbackQuery(chat_instance='-1307310250263184334', data='show_balance', from_user=User(first_name='Ghost', id=7049055170, is_bot=False, language_code='en', last_name='Number1'), id='2605345312400007334', message=Message(channel_chat_created=False, chat=Chat(first_name='Ghost', id=7049055170, last_name='Number1', type=<ChatType.PRIVATE>), date=datetime.datetime(2025, 7, 6, 14, 46, 6, tzinfo=<UTC>), delete_chat_photo=False, from_user=User(first_name='SPRD', id=7707158318, is_bot=True, username='tizi91Bot'), group_chat_created=False, message_id=13129, reply_markup=InlineKeyboardMarkup(inline_keyboard=((InlineKeyboardButton(callback_data='start_sniperx', text='🚀 Start SniperX'),), (InlineKeyboardButton(callback_data='stop_sniperx', text='🛑 Stop SniperX'), InlineKeyboardButton(callback_data='status_sniperx', text='📊 Status')), (InlineKeyboardButton(callback_data='show_balance', text='💰 Balance'),))), supergroup_chat_created=False, text='SniperX Bot Control Panel:')), update_id=37530657)
2025-07-06 15:54:51,762 - __main__ - INFO - Button callback received: Update(callback_query=CallbackQuery(chat_instance='-1307310250263184334', data='show_balance', from_user=User(first_name='Ghost', id=7049055170, is_bot=False, language_code='en', last_name='Number1'), id='2605345312400007334', message=Message(channel_chat_created=False, chat=Chat(first_name='Ghost', id=7049055170, last_name='Number1', type=<ChatType.PRIVATE>), date=datetime.datetime(2025, 7, 6, 14, 46, 6, tzinfo=<UTC>), delete_chat_photo=False, from_user=User(first_name='SPRD', id=7707158318, is_bot=True, username='tizi91Bot'), group_chat_created=False, message_id=13129, reply_markup=InlineKeyboardMarkup(inline_keyboard=((InlineKeyboardButton(callback_data='start_sniperx', text='🚀 Start SniperX'),), (InlineKeyboardButton(callback_data='stop_sniperx', text='🛑 Stop SniperX'), InlineKeyboardButton(callback_data='status_sniperx', text='📊 Status')), (InlineKeyboardButton(callback_data='show_balance', text='💰 Balance'),))), supergroup_chat_created=False, text='SniperX Bot Control Panel:')), update_id=37530657)
2025-07-06 15:54:51,762 - telegram.ext.ExtBot - DEBUG - Entering: answer_callback_query
2025-07-06 15:54:51,766 - httpcore.http11 - DEBUG - send_request_headers.started request=<Request [b'POST']>
2025-07-06 15:54:51,767 - httpcore.http11 - DEBUG - send_request_headers.started request=<Request [b'POST']>
2025-07-06 15:54:51,767 - httpcore.http11 - DEBUG - send_request_headers.complete
2025-07-06 15:54:51,767 - httpcore.http11 - DEBUG - send_request_body.started request=<Request [b'POST']>
2025-07-06 15:54:51,768 - httpcore.http11 - DEBUG - send_request_headers.complete
2025-07-06 15:54:51,768 - httpcore.http11 - DEBUG - send_request_body.started request=<Request [b'POST']>
2025-07-06 15:54:51,768 - httpcore.http11 - DEBUG - send_request_body.complete
2025-07-06 15:54:51,768 - httpcore.http11 - DEBUG - receive_response_headers.started request=<Request [b'POST']>
2025-07-06 15:54:51,768 - httpcore.http11 - DEBUG - send_request_body.complete
2025-07-06 15:54:51,768 - httpcore.http11 - DEBUG - receive_response_headers.started request=<Request [b'POST']>
2025-07-06 15:54:52,258 - httpcore.http11 - DEBUG - receive_response_headers.complete return_value=(b'HTTP/1.1', 400, b'Bad Request', [(b'Server', b'nginx/1.18.0'), (b'Date', b'Sun, 06 Jul 2025 14:54:52 GMT'), (b'Content-Type', b'application/json'), (b'Content-Length', b'127'), (b'Connection', b'keep-alive'), (b'Strict-Transport-Security', b'max-age=31536000; includeSubDomains; preload'), (b'Access-Control-Allow-Origin', b'*'), (b'Access-Control-Expose-Headers', b'Content-Length,Content-Type,Date,Server,Connection')])
2025-07-06 15:54:52,259 - httpx - INFO - HTTP Request: POST https://api.telegram.org/bot7707158318:AAE8rWa4Q8Z_3avql6K0HAmXaooZAReoNF0/answerCallbackQuery "HTTP/1.1 400 Bad Request"
2025-07-06 15:54:52,259 - httpcore.http11 - DEBUG - receive_response_body.started request=<Request [b'POST']>
2025-07-06 15:54:52,260 - httpcore.http11 - DEBUG - receive_response_body.complete
2025-07-06 15:54:52,260 - httpcore.http11 - DEBUG - response_closed.started
2025-07-06 15:54:52,260 - httpcore.http11 - DEBUG - response_closed.complete
2025-07-06 15:54:52,260 - __main__ - ERROR - Error in button callback: Query is too old and response timeout expired or query id is invalid
2025-07-06 15:54:52,260 - telegram.ext.ExtBot - DEBUG - Entering: send_message
2025-07-06 15:54:52,261 - httpcore.http11 - DEBUG - send_request_headers.started request=<Request [b'POST']>
2025-07-06 15:54:52,262 - httpcore.http11 - DEBUG - send_request_headers.complete
2025-07-06 15:54:52,262 - httpcore.http11 - DEBUG - send_request_body.started request=<Request [b'POST']>
2025-07-06 15:54:52,262 - httpcore.http11 - DEBUG - send_request_body.complete
2025-07-06 15:54:52,262 - httpcore.http11 - DEBUG - receive_response_headers.started request=<Request [b'POST']>
2025-07-06 15:54:52,852 - httpcore.http11 - DEBUG - receive_response_headers.complete return_value=(b'HTTP/1.1', 200, b'OK', [(b'Server', b'nginx/1.18.0'), (b'Date', b'Sun, 06 Jul 2025 14:54:53 GMT'), (b'Content-Type', b'application/json'), (b'Content-Length', b'444'), (b'Connection', b'keep-alive'), (b'Strict-Transport-Security', b'max-age=31536000; includeSubDomains; preload'), (b'Access-Control-Allow-Origin', b'*'), (b'Access-Control-Allow-Methods', b'GET, POST, OPTIONS'), (b'Access-Control-Expose-Headers', b'Content-Length,Content-Type,Date,Server,Connection')])
2025-07-06 15:54:52,853 - httpx - INFO - HTTP Request: POST https://api.telegram.org/bot7707158318:AAE8rWa4Q8Z_3avql6K0HAmXaooZAReoNF0/sendMessage "HTTP/1.1 200 OK"
2025-07-06 15:54:52,854 - httpcore.http11 - DEBUG - receive_response_body.started request=<Request [b'POST']>
2025-07-06 15:54:52,854 - httpcore.http11 - DEBUG - receive_response_body.complete
2025-07-06 15:54:52,854 - httpcore.http11 - DEBUG - response_closed.started
2025-07-06 15:54:52,854 - httpcore.http11 - DEBUG - response_closed.complete
2025-07-06 15:54:52,856 - telegram.ext.ExtBot - DEBUG - Message(channel_chat_created=False, chat=Chat(first_name='Ghost', id=7049055170, last_name='Number1', type=<ChatType.PRIVATE>), date=datetime.datetime(2025, 7, 6, 14, 54, 53, tzinfo=<UTC>), delete_chat_photo=False, entities=(MessageEntity(length=5, offset=30, type=<MessageEntityType.BOT_COMMAND>),), from_user=User(first_name='SPRD', id=7707158318, is_bot=True, username='tizi91Bot'), group_chat_created=False, message_id=13131, reply_markup=InlineKeyboardMarkup(inline_keyboard=((InlineKeyboardButton(callback_data='back_to_menu', text='🔙 Back to Menu'),),)), supergroup_chat_created=False, text='An error occurred. Please try /menu again.')
2025-07-06 15:54:52,856 - telegram.ext.ExtBot - DEBUG - Exiting: send_message
2025-07-06 15:54:52,857 - telegram.ext.Application - DEBUG - Processing update Update(callback_query=CallbackQuery(chat_instance='-1307310250263184334', data='show_balance', from_user=User(first_name='Ghost', id=7049055170, is_bot=False, language_code='en', last_name='Number1'), id='2605345315963614696', message=Message(channel_chat_created=False, chat=Chat(first_name='Ghost', id=7049055170, last_name='Number1', type=<ChatType.PRIVATE>), date=datetime.datetime(2025, 7, 6, 14, 46, 6, tzinfo=<UTC>), delete_chat_photo=False, from_user=User(first_name='SPRD', id=7707158318, is_bot=True, username='tizi91Bot'), group_chat_created=False, message_id=13129, reply_markup=InlineKeyboardMarkup(inline_keyboard=((InlineKeyboardButton(callback_data='start_sniperx', text='🚀 Start SniperX'),), (InlineKeyboardButton(callback_data='stop_sniperx', text='🛑 Stop SniperX'), InlineKeyboardButton(callback_data='status_sniperx', text='📊 Status')), (InlineKeyboardButton(callback_data='show_balance', text='💰 Balance'),))), supergroup_chat_created=False, text='SniperX Bot Control Panel:')), update_id=37530658)
2025-07-06 15:54:52,859 - __main__ - INFO - Button callback received: Update(callback_query=CallbackQuery(chat_instance='-1307310250263184334', data='show_balance', from_user=User(first_name='Ghost', id=7049055170, is_bot=False, language_code='en', last_name='Number1'), id='2605345315963614696', message=Message(channel_chat_created=False, chat=Chat(first_name='Ghost', id=7049055170, last_name='Number1', type=<ChatType.PRIVATE>), date=datetime.datetime(2025, 7, 6, 14, 46, 6, tzinfo=<UTC>), delete_chat_photo=False, from_user=User(first_name='SPRD', id=7707158318, is_bot=True, username='tizi91Bot'), group_chat_created=False, message_id=13129, reply_markup=InlineKeyboardMarkup(inline_keyboard=((InlineKeyboardButton(callback_data='start_sniperx', text='🚀 Start SniperX'),), (InlineKeyboardButton(callback_data='stop_sniperx', text='🛑 Stop SniperX'), InlineKeyboardButton(callback_data='status_sniperx', text='📊 Status')), (InlineKeyboardButton(callback_data='show_balance', text='💰 Balance'),))), supergroup_chat_created=False, text='SniperX Bot Control Panel:')), update_id=37530658)
2025-07-06 15:54:52,859 - telegram.ext.ExtBot - DEBUG - Entering: answer_callback_query
2025-07-06 15:54:52,860 - httpcore.http11 - DEBUG - send_request_headers.started request=<Request [b'POST']>
2025-07-06 15:54:52,861 - httpcore.http11 - DEBUG - send_request_headers.complete
2025-07-06 15:54:52,861 - httpcore.http11 - DEBUG - send_request_body.started request=<Request [b'POST']>
2025-07-06 15:54:52,862 - httpcore.http11 - DEBUG - send_request_body.complete
2025-07-06 15:54:52,862 - httpcore.http11 - DEBUG - receive_response_headers.started request=<Request [b'POST']>
2025-07-06 15:54:53,235 - httpcore.http11 - DEBUG - receive_response_headers.complete return_value=(b'HTTP/1.1', 400, b'Bad Request', [(b'Server', b'nginx/1.18.0'), (b'Date', b'Sun, 06 Jul 2025 14:54:53 GMT'), (b'Content-Type', b'application/json'), (b'Content-Length', b'127'), (b'Connection', b'keep-alive'), (b'Strict-Transport-Security', b'max-age=31536000; includeSubDomains; preload'), (b'Access-Control-Allow-Origin', b'*'), (b'Access-Control-Expose-Headers', b'Content-Length,Content-Type,Date,Server,Connection')])
2025-07-06 15:54:53,236 - httpx - INFO - HTTP Request: POST https://api.telegram.org/bot7707158318:AAE8rWa4Q8Z_3avql6K0HAmXaooZAReoNF0/answerCallbackQuery "HTTP/1.1 400 Bad Request"
2025-07-06 15:54:53,236 - httpcore.http11 - DEBUG - receive_response_body.started request=<Request [b'POST']>
2025-07-06 15:54:53,237 - httpcore.http11 - DEBUG - receive_response_body.complete
2025-07-06 15:54:53,237 - httpcore.http11 - DEBUG - response_closed.started
2025-07-06 15:54:53,237 - httpcore.http11 - DEBUG - response_closed.complete
2025-07-06 15:54:53,237 - __main__ - ERROR - Error in button callback: Query is too old and response timeout expired or query id is invalid
2025-07-06 15:54:53,238 - telegram.ext.ExtBot - DEBUG - Entering: send_message
2025-07-06 15:54:53,239 - httpcore.http11 - DEBUG - send_request_headers.started request=<Request [b'POST']>
2025-07-06 15:54:53,240 - httpcore.http11 - DEBUG - send_request_headers.complete
2025-07-06 15:54:53,240 - httpcore.http11 - DEBUG - send_request_body.started request=<Request [b'POST']>
2025-07-06 15:54:53,241 - httpcore.http11 - DEBUG - send_request_body.complete
2025-07-06 15:54:53,241 - httpcore.http11 - DEBUG - receive_response_headers.started request=<Request [b'POST']>
2025-07-06 15:54:53,769 - httpcore.http11 - DEBUG - receive_response_headers.complete return_value=(b'HTTP/1.1', 200, b'OK', [(b'Server', b'nginx/1.18.0'), (b'Date', b'Sun, 06 Jul 2025 14:54:54 GMT'), (b'Content-Type', b'application/json'), (b'Content-Length', b'444'), (b'Connection', b'keep-alive'), (b'Strict-Transport-Security', b'max-age=31536000; includeSubDomains; preload'), (b'Access-Control-Allow-Origin', b'*'), (b'Access-Control-Allow-Methods', b'GET, POST, OPTIONS'), (b'Access-Control-Expose-Headers', b'Content-Length,Content-Type,Date,Server,Connection')])
2025-07-06 15:54:53,769 - httpx - INFO - HTTP Request: POST https://api.telegram.org/bot7707158318:AAE8rWa4Q8Z_3avql6K0HAmXaooZAReoNF0/sendMessage "HTTP/1.1 200 OK"
2025-07-06 15:54:53,770 - httpcore.http11 - DEBUG - receive_response_body.started request=<Request [b'POST']>
2025-07-06 15:54:53,770 - httpcore.http11 - DEBUG - receive_response_body.complete
2025-07-06 15:54:53,770 - httpcore.http11 - DEBUG - response_closed.started
2025-07-06 15:54:53,772 - httpcore.http11 - DEBUG - response_closed.complete
2025-07-06 15:54:53,772 - telegram.ext.ExtBot - DEBUG - Message(channel_chat_created=False, chat=Chat(first_name='Ghost', id=7049055170, last_name='Number1', type=<ChatType.PRIVATE>), date=datetime.datetime(2025, 7, 6, 14, 54, 53, tzinfo=<UTC>), delete_chat_photo=False, entities=(MessageEntity(length=5, offset=30, type=<MessageEntityType.BOT_COMMAND>),), from_user=User(first_name='SPRD', id=7707158318, is_bot=True, username='tizi91Bot'), group_chat_created=False, message_id=13132, reply_markup=InlineKeyboardMarkup(inline_keyboard=((InlineKeyboardButton(callback_data='back_to_menu', text='🔙 Back to Menu'),),)), supergroup_chat_created=False, text='An error occurred. Please try /menu again.')
2025-07-06 15:54:53,773 - telegram.ext.ExtBot - DEBUG - Exiting: send_message
2025-07-06 15:54:53,773 - telegram.ext.Application - DEBUG - Processing update Update(callback_query=CallbackQuery(chat_instance='-1307310250263184334', data='status_sniperx', from_user=User(first_name='Ghost', id=7049055170, is_bot=False, language_code='en', last_name='Number1'), id='2605345316376147626', message=Message(channel_chat_created=False, chat=Chat(first_name='Ghost', id=7049055170, last_name='Number1', type=<ChatType.PRIVATE>), date=datetime.datetime(2025, 7, 6, 14, 46, 6, tzinfo=<UTC>), delete_chat_photo=False, from_user=User(first_name='SPRD', id=7707158318, is_bot=True, username='tizi91Bot'), group_chat_created=False, message_id=13129, reply_markup=InlineKeyboardMarkup(inline_keyboard=((InlineKeyboardButton(callback_data='start_sniperx', text='🚀 Start SniperX'),), (InlineKeyboardButton(callback_data='stop_sniperx', text='🛑 Stop SniperX'), InlineKeyboardButton(callback_data='status_sniperx', text='📊 Status')), (InlineKeyboardButton(callback_data='show_balance', text='💰 Balance'),))), supergroup_chat_created=False, text='SniperX Bot Control Panel:')), update_id=37530659)
2025-07-06 15:54:53,776 - __main__ - INFO - Button callback received: Update(callback_query=CallbackQuery(chat_instance='-1307310250263184334', data='status_sniperx', from_user=User(first_name='Ghost', id=7049055170, is_bot=False, language_code='en', last_name='Number1'), id='2605345316376147626', message=Message(channel_chat_created=False, chat=Chat(first_name='Ghost', id=7049055170, last_name='Number1', type=<ChatType.PRIVATE>), date=datetime.datetime(2025, 7, 6, 14, 46, 6, tzinfo=<UTC>), delete_chat_photo=False, from_user=User(first_name='SPRD', id=7707158318, is_bot=True, username='tizi91Bot'), group_chat_created=False, message_id=13129, reply_markup=InlineKeyboardMarkup(inline_keyboard=((InlineKeyboardButton(callback_data='start_sniperx', text='🚀 Start SniperX'),), (InlineKeyboardButton(callback_data='stop_sniperx', text='🛑 Stop SniperX'), InlineKeyboardButton(callback_data='status_sniperx', text='📊 Status')), (InlineKeyboardButton(callback_data='show_balance', text='💰 Balance'),))), supergroup_chat_created=False, text='SniperX Bot Control Panel:')), update_id=37530659)
2025-07-06 15:54:53,777 - telegram.ext.ExtBot - DEBUG - Entering: answer_callback_query
2025-07-06 15:54:53,778 - httpcore.http11 - DEBUG - send_request_headers.started request=<Request [b'POST']>
2025-07-06 15:54:53,781 - httpcore.http11 - DEBUG - send_request_headers.complete
2025-07-06 15:54:53,781 - httpcore.http11 - DEBUG - send_request_body.started request=<Request [b'POST']>
2025-07-06 15:54:53,782 - httpcore.http11 - DEBUG - send_request_body.complete
2025-07-06 15:54:53,782 - httpcore.http11 - DEBUG - receive_response_headers.started request=<Request [b'POST']>
2025-07-06 15:54:54,229 - httpcore.http11 - DEBUG - receive_response_headers.complete return_value=(b'HTTP/1.1', 400, b'Bad Request', [(b'Server', b'nginx/1.18.0'), (b'Date', b'Sun, 06 Jul 2025 14:54:54 GMT'), (b'Content-Type', b'application/json'), (b'Content-Length', b'127'), (b'Connection', b'keep-alive'), (b'Strict-Transport-Security', b'max-age=31536000; includeSubDomains; preload'), (b'Access-Control-Allow-Origin', b'*'), (b'Access-Control-Expose-Headers', b'Content-Length,Content-Type,Date,Server,Connection')])
2025-07-06 15:54:54,229 - httpx - INFO - HTTP Request: POST https://api.telegram.org/bot7707158318:AAE8rWa4Q8Z_3avql6K0HAmXaooZAReoNF0/answerCallbackQuery "HTTP/1.1 400 Bad Request"
2025-07-06 15:54:54,229 - httpcore.http11 - DEBUG - receive_response_body.started request=<Request [b'POST']>
2025-07-06 15:54:54,229 - httpcore.http11 - DEBUG - receive_response_body.complete
2025-07-06 15:54:54,229 - httpcore.http11 - DEBUG - response_closed.started
2025-07-06 15:54:54,229 - httpcore.http11 - DEBUG - response_closed.complete
2025-07-06 15:54:54,230 - __main__ - ERROR - Error in button callback: Query is too old and response timeout expired or query id is invalid
2025-07-06 15:54:54,230 - telegram.ext.ExtBot - DEBUG - Entering: send_message
2025-07-06 15:54:54,231 - httpcore.http11 - DEBUG - send_request_headers.started request=<Request [b'POST']>
2025-07-06 15:54:54,231 - httpcore.http11 - DEBUG - send_request_headers.complete
2025-07-06 15:54:54,231 - httpcore.http11 - DEBUG - send_request_body.started request=<Request [b'POST']>
2025-07-06 15:54:54,233 - httpcore.http11 - DEBUG - send_request_body.complete
2025-07-06 15:54:54,233 - httpcore.http11 - DEBUG - receive_response_headers.started request=<Request [b'POST']>
2025-07-06 15:54:55,243 - httpcore.http11 - DEBUG - receive_response_headers.complete return_value=(b'HTTP/1.1', 200, b'OK', [(b'Server', b'nginx/1.18.0'), (b'Date', b'Sun, 06 Jul 2025 14:54:54 GMT'), (b'Content-Type', b'application/json'), (b'Content-Length', b'444'), (b'Connection', b'keep-alive'), (b'Strict-Transport-Security', b'max-age=31536000; includeSubDomains; preload'), (b'Access-Control-Allow-Origin', b'*'), (b'Access-Control-Allow-Methods', b'GET, POST, OPTIONS'), (b'Access-Control-Expose-Headers', b'Content-Length,Content-Type,Date,Server,Connection')])
2025-07-06 15:54:55,245 - httpx - INFO - HTTP Request: POST https://api.telegram.org/bot7707158318:AAE8rWa4Q8Z_3avql6K0HAmXaooZAReoNF0/sendMessage "HTTP/1.1 200 OK"
2025-07-06 15:54:55,246 - httpcore.http11 - DEBUG - receive_response_body.started request=<Request [b'POST']>
2025-07-06 15:54:55,246 - httpcore.http11 - DEBUG - receive_response_body.complete
2025-07-06 15:54:55,246 - httpcore.http11 - DEBUG - response_closed.started
2025-07-06 15:54:55,247 - httpcore.http11 - DEBUG - response_closed.complete
2025-07-06 15:54:55,248 - telegram.ext.ExtBot - DEBUG - Message(channel_chat_created=False, chat=Chat(first_name='Ghost', id=7049055170, last_name='Number1', type=<ChatType.PRIVATE>), date=datetime.datetime(2025, 7, 6, 14, 54, 54, tzinfo=<UTC>), delete_chat_photo=False, entities=(MessageEntity(length=5, offset=30, type=<MessageEntityType.BOT_COMMAND>),), from_user=User(first_name='SPRD', id=7707158318, is_bot=True, username='tizi91Bot'), group_chat_created=False, message_id=13133, reply_markup=InlineKeyboardMarkup(inline_keyboard=((InlineKeyboardButton(callback_data='back_to_menu', text='🔙 Back to Menu'),),)), supergroup_chat_created=False, text='An error occurred. Please try /menu again.')
2025-07-06 15:54:55,248 - telegram.ext.ExtBot - DEBUG - Exiting: send_message
2025-07-06 15:54:59,289 - httpcore.http11 - DEBUG - receive_response_headers.complete return_value=(b'HTTP/1.1', 200, b'OK', [(b'Server', b'nginx/1.18.0'), (b'Date', b'Sun, 06 Jul 2025 14:54:59 GMT'), (b'Content-Type', b'application/json'), (b'Content-Length', b'691'), (b'Connection', b'keep-alive'), (b'Strict-Transport-Security', b'max-age=31536000; includeSubDomains; preload'), (b'Access-Control-Allow-Origin', b'*'), (b'Access-Control-Allow-Methods', b'GET, POST, OPTIONS'), (b'Access-Control-Expose-Headers', b'Content-Length,Content-Type,Date,Server,Connection')])
2025-07-06 15:54:59,289 - httpx - INFO - HTTP Request: POST https://api.telegram.org/bot7707158318:AAE8rWa4Q8Z_3avql6K0HAmXaooZAReoNF0/getUpdates "HTTP/1.1 200 OK"
2025-07-06 15:54:59,290 - httpcore.http11 - DEBUG - receive_response_body.started request=<Request [b'POST']>
2025-07-06 15:54:59,290 - httpcore.http11 - DEBUG - receive_response_body.complete
2025-07-06 15:54:59,290 - httpcore.http11 - DEBUG - response_closed.started
2025-07-06 15:54:59,291 - httpcore.http11 - DEBUG - response_closed.complete
2025-07-06 15:54:59,291 - telegram.ext.ExtBot - DEBUG - Getting updates: [37530660]
2025-07-06 15:54:59,291 - telegram.ext.ExtBot - DEBUG - (Update(callback_query=CallbackQuery(chat_instance='-1307310250263184334', data='back_to_menu', from_user=User(first_name='Ghost', id=7049055170, is_bot=False, language_code='en', last_name='Number1'), id='2605345316446478775', message=Message(channel_chat_created=False, chat=Chat(first_name='Ghost', id=7049055170, last_name='Number1', type=<ChatType.PRIVATE>), date=datetime.datetime(2025, 7, 6, 14, 54, 54, tzinfo=<UTC>), delete_chat_photo=False, entities=(MessageEntity(length=5, offset=30, type=<MessageEntityType.BOT_COMMAND>),), from_user=User(first_name='SPRD', id=7707158318, is_bot=True, username='tizi91Bot'), group_chat_created=False, message_id=13133, reply_markup=InlineKeyboardMarkup(inline_keyboard=((InlineKeyboardButton(callback_data='back_to_menu', text='🔙 Back to Menu'),),)), supergroup_chat_created=False, text='An error occurred. Please try /menu again.')), update_id=37530660),)
2025-07-06 15:54:59,291 - telegram.ext.ExtBot - DEBUG - Exiting: get_updates
2025-07-06 15:54:59,291 - telegram.ext.ExtBot - DEBUG - Entering: get_updates
2025-07-06 15:54:59,292 - telegram.ext.Application - DEBUG - Processing update Update(callback_query=CallbackQuery(chat_instance='-1307310250263184334', data='back_to_menu', from_user=User(first_name='Ghost', id=7049055170, is_bot=False, language_code='en', last_name='Number1'), id='2605345316446478775', message=Message(channel_chat_created=False, chat=Chat(first_name='Ghost', id=7049055170, last_name='Number1', type=<ChatType.PRIVATE>), date=datetime.datetime(2025, 7, 6, 14, 54, 54, tzinfo=<UTC>), delete_chat_photo=False, entities=(MessageEntity(length=5, offset=30, type=<MessageEntityType.BOT_COMMAND>),), from_user=User(first_name='SPRD', id=7707158318, is_bot=True, username='tizi91Bot'), group_chat_created=False, message_id=13133, reply_markup=InlineKeyboardMarkup(inline_keyboard=((InlineKeyboardButton(callback_data='back_to_menu', text='🔙 Back to Menu'),),)), supergroup_chat_created=False, text='An error occurred. Please try /menu again.')), update_id=37530660)
2025-07-06 15:54:59,293 - __main__ - INFO - Button callback received: Update(callback_query=CallbackQuery(chat_instance='-1307310250263184334', data='back_to_menu', from_user=User(first_name='Ghost', id=7049055170, is_bot=False, language_code='en', last_name='Number1'), id='2605345316446478775', message=Message(channel_chat_created=False, chat=Chat(first_name='Ghost', id=7049055170, last_name='Number1', type=<ChatType.PRIVATE>), date=datetime.datetime(2025, 7, 6, 14, 54, 54, tzinfo=<UTC>), delete_chat_photo=False, entities=(MessageEntity(length=5, offset=30, type=<MessageEntityType.BOT_COMMAND>),), from_user=User(first_name='SPRD', id=7707158318, is_bot=True, username='tizi91Bot'), group_chat_created=False, message_id=13133, reply_markup=InlineKeyboardMarkup(inline_keyboard=((InlineKeyboardButton(callback_data='back_to_menu', text='🔙 Back to Menu'),),)), supergroup_chat_created=False, text='An error occurred. Please try /menu again.')), update_id=37530660)
2025-07-06 15:54:59,294 - telegram.ext.ExtBot - DEBUG - Entering: answer_callback_query
2025-07-06 15:54:59,294 - httpcore.http11 - DEBUG - send_request_headers.started request=<Request [b'POST']>
2025-07-06 15:54:59,295 - httpcore.http11 - DEBUG - send_request_headers.started request=<Request [b'POST']>
2025-07-06 15:54:59,296 - httpcore.http11 - DEBUG - send_request_headers.complete
2025-07-06 15:54:59,296 - httpcore.http11 - DEBUG - send_request_body.started request=<Request [b'POST']>
2025-07-06 15:54:59,296 - httpcore.http11 - DEBUG - send_request_headers.complete
2025-07-06 15:54:59,296 - httpcore.http11 - DEBUG - send_request_body.started request=<Request [b'POST']>
2025-07-06 15:54:59,297 - httpcore.http11 - DEBUG - send_request_body.complete
2025-07-06 15:54:59,297 - httpcore.http11 - DEBUG - receive_response_headers.started request=<Request [b'POST']>
2025-07-06 15:54:59,297 - httpcore.http11 - DEBUG - send_request_body.complete
2025-07-06 15:54:59,297 - httpcore.http11 - DEBUG - receive_response_headers.started request=<Request [b'POST']>
2025-07-06 15:54:59,358 - httpcore.http11 - DEBUG - receive_response_headers.complete return_value=(b'HTTP/1.1', 200, b'OK', [(b'Server', b'nginx/1.18.0'), (b'Date', b'Sun, 06 Jul 2025 14:54:59 GMT'), (b'Content-Type', b'application/json'), (b'Content-Length', b'25'), (b'Connection', b'keep-alive'), (b'Strict-Transport-Security', b'max-age=31536000; includeSubDomains; preload'), (b'Access-Control-Allow-Origin', b'*'), (b'Access-Control-Allow-Methods', b'GET, POST, OPTIONS'), (b'Access-Control-Expose-Headers', b'Content-Length,Content-Type,Date,Server,Connection')])
2025-07-06 15:54:59,360 - httpx - INFO - HTTP Request: POST https://api.telegram.org/bot7707158318:AAE8rWa4Q8Z_3avql6K0HAmXaooZAReoNF0/answerCallbackQuery "HTTP/1.1 200 OK"
2025-07-06 15:54:59,363 - httpcore.http11 - DEBUG - receive_response_body.started request=<Request [b'POST']>
2025-07-06 15:54:59,364 - httpcore.http11 - DEBUG - receive_response_body.complete
2025-07-06 15:54:59,364 - httpcore.http11 - DEBUG - response_closed.started
2025-07-06 15:54:59,365 - httpcore.http11 - DEBUG - response_closed.complete
2025-07-06 15:54:59,366 - telegram.ext.ExtBot - DEBUG - True
2025-07-06 15:54:59,367 - telegram.ext.ExtBot - DEBUG - Exiting: answer_callback_query
2025-07-06 15:54:59,368 - __main__ - INFO - Processing action: back_to_menu
2025-07-06 15:54:59,370 - telegram.ext.ExtBot - DEBUG - Entering: edit_message_text
2025-07-06 15:54:59,377 - httpcore.http11 - DEBUG - send_request_headers.started request=<Request [b'POST']>
2025-07-06 15:54:59,378 - httpcore.http11 - DEBUG - send_request_headers.complete
2025-07-06 15:54:59,379 - httpcore.http11 - DEBUG - send_request_body.started request=<Request [b'POST']>
2025-07-06 15:54:59,381 - httpcore.http11 - DEBUG - send_request_body.complete
2025-07-06 15:54:59,381 - httpcore.http11 - DEBUG - receive_response_headers.started request=<Request [b'POST']>
2025-07-06 15:54:59,459 - httpcore.http11 - DEBUG - receive_response_headers.complete return_value=(b'HTTP/1.1', 200, b'OK', [(b'Server', b'nginx/1.18.0'), (b'Date', b'Sun, 06 Jul 2025 14:54:59 GMT'), (b'Content-Type', b'application/json'), (b'Content-Length', b'593'), (b'Connection', b'keep-alive'), (b'Strict-Transport-Security', b'max-age=31536000; includeSubDomains; preload'), (b'Access-Control-Allow-Origin', b'*'), (b'Access-Control-Allow-Methods', b'GET, POST, OPTIONS'), (b'Access-Control-Expose-Headers', b'Content-Length,Content-Type,Date,Server,Connection')])
2025-07-06 15:54:59,460 - httpx - INFO - HTTP Request: POST https://api.telegram.org/bot7707158318:AAE8rWa4Q8Z_3avql6K0HAmXaooZAReoNF0/editMessageText "HTTP/1.1 200 OK"
2025-07-06 15:54:59,460 - httpcore.http11 - DEBUG - receive_response_body.started request=<Request [b'POST']>
2025-07-06 15:54:59,461 - httpcore.http11 - DEBUG - receive_response_body.complete
2025-07-06 15:54:59,461 - httpcore.http11 - DEBUG - response_closed.started
2025-07-06 15:54:59,462 - httpcore.http11 - DEBUG - response_closed.complete
2025-07-06 15:54:59,465 - telegram.ext.ExtBot - DEBUG - Message(channel_chat_created=False, chat=Chat(first_name='Ghost', id=7049055170, last_name='Number1', type=<ChatType.PRIVATE>), date=datetime.datetime(2025, 7, 6, 14, 54, 54, tzinfo=<UTC>), delete_chat_photo=False, edit_date=datetime.datetime(2025, 7, 6, 14, 54, 59, tzinfo=<UTC>), from_user=User(first_name='SPRD', id=7707158318, is_bot=True, username='tizi91Bot'), group_chat_created=False, message_id=13133, reply_markup=InlineKeyboardMarkup(inline_keyboard=((InlineKeyboardButton(callback_data='start_sniperx', text='🚀 Start SniperX'),), (InlineKeyboardButton(callback_data='stop_sniperx', text='🛑 Stop SniperX'), InlineKeyboardButton(callback_data='status_sniperx', text='📊 Status')), (InlineKeyboardButton(callback_data='show_balance', text='💰 Balance'),))), supergroup_chat_created=False, text='SniperX Bot Control Panel:')
2025-07-06 15:54:59,466 - telegram.ext.ExtBot - DEBUG - Exiting: edit_message_text
2025-07-06 15:55:03,241 - httpcore.http11 - DEBUG - receive_response_headers.complete return_value=(b'HTTP/1.1', 200, b'OK', [(b'Server', b'nginx/1.18.0'), (b'Date', b'Sun, 06 Jul 2025 14:55:03 GMT'), (b'Content-Type', b'application/json'), (b'Content-Length', b'691'), (b'Connection', b'keep-alive'), (b'Strict-Transport-Security', b'max-age=31536000; includeSubDomains; preload'), (b'Access-Control-Allow-Origin', b'*'), (b'Access-Control-Allow-Methods', b'GET, POST, OPTIONS'), (b'Access-Control-Expose-Headers', b'Content-Length,Content-Type,Date,Server,Connection')])
2025-07-06 15:55:03,241 - httpx - INFO - HTTP Request: POST https://api.telegram.org/bot7707158318:AAE8rWa4Q8Z_3avql6K0HAmXaooZAReoNF0/getUpdates "HTTP/1.1 200 OK"
2025-07-06 15:55:03,242 - httpcore.http11 - DEBUG - receive_response_body.started request=<Request [b'POST']>
2025-07-06 15:55:03,242 - httpcore.http11 - DEBUG - receive_response_body.complete
2025-07-06 15:55:03,243 - httpcore.http11 - DEBUG - response_closed.started
2025-07-06 15:55:03,243 - httpcore.http11 - DEBUG - response_closed.complete
2025-07-06 15:55:03,244 - telegram.ext.ExtBot - DEBUG - Getting updates: [37530661]
2025-07-06 15:55:03,244 - telegram.ext.ExtBot - DEBUG - (Update(callback_query=CallbackQuery(chat_instance='-1307310250263184334', data='back_to_menu', from_user=User(first_name='Ghost', id=7049055170, is_bot=False, language_code='en', last_name='Number1'), id='2605345314962906992', message=Message(channel_chat_created=False, chat=Chat(first_name='Ghost', id=7049055170, last_name='Number1', type=<ChatType.PRIVATE>), date=datetime.datetime(2025, 7, 6, 14, 54, 53, tzinfo=<UTC>), delete_chat_photo=False, entities=(MessageEntity(length=5, offset=30, type=<MessageEntityType.BOT_COMMAND>),), from_user=User(first_name='SPRD', id=7707158318, is_bot=True, username='tizi91Bot'), group_chat_created=False, message_id=13132, reply_markup=InlineKeyboardMarkup(inline_keyboard=((InlineKeyboardButton(callback_data='back_to_menu', text='🔙 Back to Menu'),),)), supergroup_chat_created=False, text='An error occurred. Please try /menu again.')), update_id=37530661),)
2025-07-06 15:55:03,245 - telegram.ext.ExtBot - DEBUG - Exiting: get_updates
2025-07-06 15:55:03,246 - telegram.ext.ExtBot - DEBUG - Entering: get_updates
2025-07-06 15:55:03,247 - telegram.ext.Application - DEBUG - Processing update Update(callback_query=CallbackQuery(chat_instance='-1307310250263184334', data='back_to_menu', from_user=User(first_name='Ghost', id=7049055170, is_bot=False, language_code='en', last_name='Number1'), id='2605345314962906992', message=Message(channel_chat_created=False, chat=Chat(first_name='Ghost', id=7049055170, last_name='Number1', type=<ChatType.PRIVATE>), date=datetime.datetime(2025, 7, 6, 14, 54, 53, tzinfo=<UTC>), delete_chat_photo=False, entities=(MessageEntity(length=5, offset=30, type=<MessageEntityType.BOT_COMMAND>),), from_user=User(first_name='SPRD', id=7707158318, is_bot=True, username='tizi91Bot'), group_chat_created=False, message_id=13132, reply_markup=InlineKeyboardMarkup(inline_keyboard=((InlineKeyboardButton(callback_data='back_to_menu', text='🔙 Back to Menu'),),)), supergroup_chat_created=False, text='An error occurred. Please try /menu again.')), update_id=37530661)
2025-07-06 15:55:03,249 - __main__ - INFO - Button callback received: Update(callback_query=CallbackQuery(chat_instance='-1307310250263184334', data='back_to_menu', from_user=User(first_name='Ghost', id=7049055170, is_bot=False, language_code='en', last_name='Number1'), id='2605345314962906992', message=Message(channel_chat_created=False, chat=Chat(first_name='Ghost', id=7049055170, last_name='Number1', type=<ChatType.PRIVATE>), date=datetime.datetime(2025, 7, 6, 14, 54, 53, tzinfo=<UTC>), delete_chat_photo=False, entities=(MessageEntity(length=5, offset=30, type=<MessageEntityType.BOT_COMMAND>),), from_user=User(first_name='SPRD', id=7707158318, is_bot=True, username='tizi91Bot'), group_chat_created=False, message_id=13132, reply_markup=InlineKeyboardMarkup(inline_keyboard=((InlineKeyboardButton(callback_data='back_to_menu', text='🔙 Back to Menu'),),)), supergroup_chat_created=False, text='An error occurred. Please try /menu again.')), update_id=37530661)
2025-07-06 15:55:03,250 - telegram.ext.ExtBot - DEBUG - Entering: answer_callback_query
2025-07-06 15:55:03,254 - httpcore.http11 - DEBUG - send_request_headers.started request=<Request [b'POST']>
2025-07-06 15:55:03,254 - httpcore.http11 - DEBUG - send_request_headers.started request=<Request [b'POST']>
2025-07-06 15:55:03,255 - httpcore.http11 - DEBUG - send_request_headers.complete
2025-07-06 15:55:03,256 - httpcore.http11 - DEBUG - send_request_body.started request=<Request [b'POST']>
2025-07-06 15:55:03,257 - httpcore.http11 - DEBUG - send_request_headers.complete
2025-07-06 15:55:03,257 - httpcore.http11 - DEBUG - send_request_body.started request=<Request [b'POST']>
2025-07-06 15:55:03,258 - httpcore.http11 - DEBUG - send_request_body.complete
2025-07-06 15:55:03,258 - httpcore.http11 - DEBUG - receive_response_headers.started request=<Request [b'POST']>
2025-07-06 15:55:03,259 - httpcore.http11 - DEBUG - send_request_body.complete
2025-07-06 15:55:03,259 - httpcore.http11 - DEBUG - receive_response_headers.started request=<Request [b'POST']>
2025-07-06 15:55:03,321 - httpcore.http11 - DEBUG - receive_response_headers.complete return_value=(b'HTTP/1.1', 200, b'OK', [(b'Server', b'nginx/1.18.0'), (b'Date', b'Sun, 06 Jul 2025 14:55:03 GMT'), (b'Content-Type', b'application/json'), (b'Content-Length', b'25'), (b'Connection', b'keep-alive'), (b'Strict-Transport-Security', b'max-age=31536000; includeSubDomains; preload'), (b'Access-Control-Allow-Origin', b'*'), (b'Access-Control-Allow-Methods', b'GET, POST, OPTIONS'), (b'Access-Control-Expose-Headers', b'Content-Length,Content-Type,Date,Server,Connection')])
2025-07-06 15:55:03,323 - httpx - INFO - HTTP Request: POST https://api.telegram.org/bot7707158318:AAE8rWa4Q8Z_3avql6K0HAmXaooZAReoNF0/answerCallbackQuery "HTTP/1.1 200 OK"
2025-07-06 15:55:03,324 - httpcore.http11 - DEBUG - receive_response_body.started request=<Request [b'POST']>
2025-07-06 15:55:03,325 - httpcore.http11 - DEBUG - receive_response_body.complete
2025-07-06 15:55:03,325 - httpcore.http11 - DEBUG - response_closed.started
2025-07-06 15:55:03,326 - httpcore.http11 - DEBUG - response_closed.complete
2025-07-06 15:55:03,326 - telegram.ext.ExtBot - DEBUG - True
2025-07-06 15:55:03,328 - telegram.ext.ExtBot - DEBUG - Exiting: answer_callback_query
2025-07-06 15:55:03,328 - __main__ - INFO - Processing action: back_to_menu
2025-07-06 15:55:03,329 - telegram.ext.ExtBot - DEBUG - Entering: edit_message_text
2025-07-06 15:55:03,331 - httpcore.http11 - DEBUG - send_request_headers.started request=<Request [b'POST']>
2025-07-06 15:55:03,332 - httpcore.http11 - DEBUG - send_request_headers.complete
2025-07-06 15:55:03,332 - httpcore.http11 - DEBUG - send_request_body.started request=<Request [b'POST']>
2025-07-06 15:55:03,333 - httpcore.http11 - DEBUG - send_request_body.complete
2025-07-06 15:55:03,333 - httpcore.http11 - DEBUG - receive_response_headers.started request=<Request [b'POST']>
2025-07-06 15:55:03,404 - httpcore.http11 - DEBUG - receive_response_headers.complete return_value=(b'HTTP/1.1', 200, b'OK', [(b'Server', b'nginx/1.18.0'), (b'Date', b'Sun, 06 Jul 2025 14:55:03 GMT'), (b'Content-Type', b'application/json'), (b'Content-Length', b'593'), (b'Connection', b'keep-alive'), (b'Strict-Transport-Security', b'max-age=31536000; includeSubDomains; preload'), (b'Access-Control-Allow-Origin', b'*'), (b'Access-Control-Allow-Methods', b'GET, POST, OPTIONS'), (b'Access-Control-Expose-Headers', b'Content-Length,Content-Type,Date,Server,Connection')])
2025-07-06 15:55:03,405 - httpx - INFO - HTTP Request: POST https://api.telegram.org/bot7707158318:AAE8rWa4Q8Z_3avql6K0HAmXaooZAReoNF0/editMessageText "HTTP/1.1 200 OK"
2025-07-06 15:55:03,406 - httpcore.http11 - DEBUG - receive_response_body.started request=<Request [b'POST']>
2025-07-06 15:55:03,407 - httpcore.http11 - DEBUG - receive_response_body.complete
2025-07-06 15:55:03,407 - httpcore.http11 - DEBUG - response_closed.started
2025-07-06 15:55:03,408 - httpcore.http11 - DEBUG - response_closed.complete
2025-07-06 15:55:03,409 - telegram.ext.ExtBot - DEBUG - Message(channel_chat_created=False, chat=Chat(first_name='Ghost', id=7049055170, last_name='Number1', type=<ChatType.PRIVATE>), date=datetime.datetime(2025, 7, 6, 14, 54, 53, tzinfo=<UTC>), delete_chat_photo=False, edit_date=datetime.datetime(2025, 7, 6, 14, 55, 3, tzinfo=<UTC>), from_user=User(first_name='SPRD', id=7707158318, is_bot=True, username='tizi91Bot'), group_chat_created=False, message_id=13132, reply_markup=InlineKeyboardMarkup(inline_keyboard=((InlineKeyboardButton(callback_data='start_sniperx', text='🚀 Start SniperX'),), (InlineKeyboardButton(callback_data='stop_sniperx', text='🛑 Stop SniperX'), InlineKeyboardButton(callback_data='status_sniperx', text='📊 Status')), (InlineKeyboardButton(callback_data='show_balance', text='💰 Balance'),))), supergroup_chat_created=False, text='SniperX Bot Control Panel:')
2025-07-06 15:55:03,411 - telegram.ext.ExtBot - DEBUG - Exiting: edit_message_text
2025-07-06 15:55:05,604 - httpcore.http11 - DEBUG - receive_response_headers.complete return_value=(b'HTTP/1.1', 200, b'OK', [(b'Server', b'nginx/1.18.0'), (b'Date', b'Sun, 06 Jul 2025 14:55:06 GMT'), (b'Content-Type', b'application/json'), (b'Content-Length', b'357'), (b'Connection', b'keep-alive'), (b'Strict-Transport-Security', b'max-age=31536000; includeSubDomains; preload'), (b'Access-Control-Allow-Origin', b'*'), (b'Access-Control-Allow-Methods', b'GET, POST, OPTIONS'), (b'Access-Control-Expose-Headers', b'Content-Length,Content-Type,Date,Server,Connection')])
2025-07-06 15:55:05,605 - httpx - INFO - HTTP Request: POST https://api.telegram.org/bot7707158318:AAE8rWa4Q8Z_3avql6K0HAmXaooZAReoNF0/getUpdates "HTTP/1.1 200 OK"
2025-07-06 15:55:05,606 - httpcore.http11 - DEBUG - receive_response_body.started request=<Request [b'POST']>
2025-07-06 15:55:05,606 - httpcore.http11 - DEBUG - receive_response_body.complete
2025-07-06 15:55:05,607 - httpcore.http11 - DEBUG - response_closed.started
2025-07-06 15:55:05,607 - httpcore.http11 - DEBUG - response_closed.complete
2025-07-06 15:55:05,607 - telegram.ext.ExtBot - DEBUG - Getting updates: [37530662]
2025-07-06 15:55:05,608 - telegram.ext.ExtBot - DEBUG - (Update(message=Message(channel_chat_created=False, chat=Chat(first_name='Ghost', id=7049055170, last_name='Number1', type=<ChatType.PRIVATE>), date=datetime.datetime(2025, 7, 6, 14, 55, 6, tzinfo=<UTC>), delete_chat_photo=False, entities=(MessageEntity(length=5, offset=0, type=<MessageEntityType.BOT_COMMAND>),), from_user=User(first_name='Ghost', id=7049055170, is_bot=False, language_code='en', last_name='Number1'), group_chat_created=False, message_id=13134, supergroup_chat_created=False, text='/menu'), update_id=37530662),)
2025-07-06 15:55:05,608 - telegram.ext.ExtBot - DEBUG - Exiting: get_updates
2025-07-06 15:55:05,608 - telegram.ext.ExtBot - DEBUG - Entering: get_updates
2025-07-06 15:55:05,609 - telegram.ext.Application - DEBUG - Processing update Update(message=Message(channel_chat_created=False, chat=Chat(first_name='Ghost', id=7049055170, last_name='Number1', type=<ChatType.PRIVATE>), date=datetime.datetime(2025, 7, 6, 14, 55, 6, tzinfo=<UTC>), delete_chat_photo=False, entities=(MessageEntity(length=5, offset=0, type=<MessageEntityType.BOT_COMMAND>),), from_user=User(first_name='Ghost', id=7049055170, is_bot=False, language_code='en', last_name='Number1'), group_chat_created=False, message_id=13134, supergroup_chat_created=False, text='/menu'), update_id=37530662)
2025-07-06 15:55:05,609 - telegram.ext.ExtBot - DEBUG - Entering: send_message
2025-07-06 15:55:05,611 - httpcore.http11 - DEBUG - send_request_headers.started request=<Request [b'POST']>
2025-07-06 15:55:05,611 - httpcore.http11 - DEBUG - send_request_headers.started request=<Request [b'POST']>
2025-07-06 15:55:05,612 - httpcore.http11 - DEBUG - send_request_headers.complete
2025-07-06 15:55:05,612 - httpcore.http11 - DEBUG - send_request_body.started request=<Request [b'POST']>
2025-07-06 15:55:05,612 - httpcore.http11 - DEBUG - send_request_headers.complete
2025-07-06 15:55:05,612 - httpcore.http11 - DEBUG - send_request_body.started request=<Request [b'POST']>
2025-07-06 15:55:05,612 - httpcore.http11 - DEBUG - send_request_body.complete
2025-07-06 15:55:05,612 - httpcore.http11 - DEBUG - receive_response_headers.started request=<Request [b'POST']>
2025-07-06 15:55:05,612 - httpcore.http11 - DEBUG - send_request_body.complete
2025-07-06 15:55:05,614 - httpcore.http11 - DEBUG - receive_response_headers.started request=<Request [b'POST']>
2025-07-06 15:55:05,706 - httpcore.http11 - DEBUG - receive_response_headers.complete return_value=(b'HTTP/1.1', 200, b'OK', [(b'Server', b'nginx/1.18.0'), (b'Date', b'Sun, 06 Jul 2025 14:55:06 GMT'), (b'Content-Type', b'application/json'), (b'Content-Length', b'570'), (b'Connection', b'keep-alive'), (b'Strict-Transport-Security', b'max-age=31536000; includeSubDomains; preload'), (b'Access-Control-Allow-Origin', b'*'), (b'Access-Control-Allow-Methods', b'GET, POST, OPTIONS'), (b'Access-Control-Expose-Headers', b'Content-Length,Content-Type,Date,Server,Connection')])
2025-07-06 15:55:05,707 - httpx - INFO - HTTP Request: POST https://api.telegram.org/bot7707158318:AAE8rWa4Q8Z_3avql6K0HAmXaooZAReoNF0/sendMessage "HTTP/1.1 200 OK"
2025-07-06 15:55:05,708 - httpcore.http11 - DEBUG - receive_response_body.started request=<Request [b'POST']>
2025-07-06 15:55:05,708 - httpcore.http11 - DEBUG - receive_response_body.complete
2025-07-06 15:55:05,708 - httpcore.http11 - DEBUG - response_closed.started
2025-07-06 15:55:05,709 - httpcore.http11 - DEBUG - response_closed.complete
2025-07-06 15:55:05,710 - telegram.ext.ExtBot - DEBUG - Message(channel_chat_created=False, chat=Chat(first_name='Ghost', id=7049055170, last_name='Number1', type=<ChatType.PRIVATE>), date=datetime.datetime(2025, 7, 6, 14, 55, 6, tzinfo=<UTC>), delete_chat_photo=False, from_user=User(first_name='SPRD', id=7707158318, is_bot=True, username='tizi91Bot'), group_chat_created=False, message_id=13135, reply_markup=InlineKeyboardMarkup(inline_keyboard=((InlineKeyboardButton(callback_data='start_sniperx', text='🚀 Start SniperX'),), (InlineKeyboardButton(callback_data='stop_sniperx', text='🛑 Stop SniperX'), InlineKeyboardButton(callback_data='status_sniperx', text='📊 Status')), (InlineKeyboardButton(callback_data='show_balance', text='💰 Balance'),))), supergroup_chat_created=False, text='SniperX Bot Control Panel:')
2025-07-06 15:55:05,712 - telegram.ext.ExtBot - DEBUG - Exiting: send_message
2025-07-06 15:55:07,203 - httpcore.http11 - DEBUG - receive_response_headers.complete return_value=(b'HTTP/1.1', 200, b'OK', [(b'Server', b'nginx/1.18.0'), (b'Date', b'Sun, 06 Jul 2025 14:55:07 GMT'), (b'Content-Type', b'application/json'), (b'Content-Length', b'818'), (b'Connection', b'keep-alive'), (b'Strict-Transport-Security', b'max-age=31536000; includeSubDomains; preload'), (b'Access-Control-Allow-Origin', b'*'), (b'Access-Control-Allow-Methods', b'GET, POST, OPTIONS'), (b'Access-Control-Expose-Headers', b'Content-Length,Content-Type,Date,Server,Connection')])
2025-07-06 15:55:07,204 - httpx - INFO - HTTP Request: POST https://api.telegram.org/bot7707158318:AAE8rWa4Q8Z_3avql6K0HAmXaooZAReoNF0/getUpdates "HTTP/1.1 200 OK"
2025-07-06 15:55:07,205 - httpcore.http11 - DEBUG - receive_response_body.started request=<Request [b'POST']>
2025-07-06 15:55:07,206 - httpcore.http11 - DEBUG - receive_response_body.complete
2025-07-06 15:55:07,206 - httpcore.http11 - DEBUG - response_closed.started
2025-07-06 15:55:07,207 - httpcore.http11 - DEBUG - response_closed.complete
2025-07-06 15:55:07,208 - telegram.ext.ExtBot - DEBUG - Getting updates: [37530663]
2025-07-06 15:55:07,211 - telegram.ext.ExtBot - DEBUG - (Update(callback_query=CallbackQuery(chat_instance='-1307310250263184334', data='start_sniperx', from_user=User(first_name='Ghost', id=7049055170, is_bot=False, language_code='en', last_name='Number1'), id='2605345316448504761', message=Message(channel_chat_created=False, chat=Chat(first_name='Ghost', id=7049055170, last_name='Number1', type=<ChatType.PRIVATE>), date=datetime.datetime(2025, 7, 6, 14, 55, 6, tzinfo=<UTC>), delete_chat_photo=False, from_user=User(first_name='SPRD', id=7707158318, is_bot=True, username='tizi91Bot'), group_chat_created=False, message_id=13135, reply_markup=InlineKeyboardMarkup(inline_keyboard=((InlineKeyboardButton(callback_data='start_sniperx', text='🚀 Start SniperX'),), (InlineKeyboardButton(callback_data='stop_sniperx', text='🛑 Stop SniperX'), InlineKeyboardButton(callback_data='status_sniperx', text='📊 Status')), (InlineKeyboardButton(callback_data='show_balance', text='💰 Balance'),))), supergroup_chat_created=False, text='SniperX Bot Control Panel:')), update_id=37530663),)
2025-07-06 15:55:07,213 - telegram.ext.ExtBot - DEBUG - Exiting: get_updates
2025-07-06 15:55:07,213 - telegram.ext.ExtBot - DEBUG - Entering: get_updates
2025-07-06 15:55:07,214 - telegram.ext.Application - DEBUG - Processing update Update(callback_query=CallbackQuery(chat_instance='-1307310250263184334', data='start_sniperx', from_user=User(first_name='Ghost', id=7049055170, is_bot=False, language_code='en', last_name='Number1'), id='2605345316448504761', message=Message(channel_chat_created=False, chat=Chat(first_name='Ghost', id=7049055170, last_name='Number1', type=<ChatType.PRIVATE>), date=datetime.datetime(2025, 7, 6, 14, 55, 6, tzinfo=<UTC>), delete_chat_photo=False, from_user=User(first_name='SPRD', id=7707158318, is_bot=True, username='tizi91Bot'), group_chat_created=False, message_id=13135, reply_markup=InlineKeyboardMarkup(inline_keyboard=((InlineKeyboardButton(callback_data='start_sniperx', text='🚀 Start SniperX'),), (InlineKeyboardButton(callback_data='stop_sniperx', text='🛑 Stop SniperX'), InlineKeyboardButton(callback_data='status_sniperx', text='📊 Status')), (InlineKeyboardButton(callback_data='show_balance', text='💰 Balance'),))), supergroup_chat_created=False, text='SniperX Bot Control Panel:')), update_id=37530663)
2025-07-06 15:55:07,217 - __main__ - INFO - Button callback received: Update(callback_query=CallbackQuery(chat_instance='-1307310250263184334', data='start_sniperx', from_user=User(first_name='Ghost', id=7049055170, is_bot=False, language_code='en', last_name='Number1'), id='2605345316448504761', message=Message(channel_chat_created=False, chat=Chat(first_name='Ghost', id=7049055170, last_name='Number1', type=<ChatType.PRIVATE>), date=datetime.datetime(2025, 7, 6, 14, 55, 6, tzinfo=<UTC>), delete_chat_photo=False, from_user=User(first_name='SPRD', id=7707158318, is_bot=True, username='tizi91Bot'), group_chat_created=False, message_id=13135, reply_markup=InlineKeyboardMarkup(inline_keyboard=((InlineKeyboardButton(callback_data='start_sniperx', text='🚀 Start SniperX'),), (InlineKeyboardButton(callback_data='stop_sniperx', text='🛑 Stop SniperX'), InlineKeyboardButton(callback_data='status_sniperx', text='📊 Status')), (InlineKeyboardButton(callback_data='show_balance', text='💰 Balance'),))), supergroup_chat_created=False, text='SniperX Bot Control Panel:')), update_id=37530663)
2025-07-06 15:55:07,218 - telegram.ext.ExtBot - DEBUG - Entering: answer_callback_query
2025-07-06 15:55:07,222 - httpcore.http11 - DEBUG - send_request_headers.started request=<Request [b'POST']>
2025-07-06 15:55:07,223 - httpcore.http11 - DEBUG - send_request_headers.started request=<Request [b'POST']>
2025-07-06 15:55:07,223 - httpcore.http11 - DEBUG - send_request_headers.complete
2025-07-06 15:55:07,224 - httpcore.http11 - DEBUG - send_request_body.started request=<Request [b'POST']>
2025-07-06 15:55:07,225 - httpcore.http11 - DEBUG - send_request_headers.complete
2025-07-06 15:55:07,225 - httpcore.http11 - DEBUG - send_request_body.started request=<Request [b'POST']>
2025-07-06 15:55:07,226 - httpcore.http11 - DEBUG - send_request_body.complete
2025-07-06 15:55:07,226 - httpcore.http11 - DEBUG - receive_response_headers.started request=<Request [b'POST']>
2025-07-06 15:55:07,226 - httpcore.http11 - DEBUG - send_request_body.complete
2025-07-06 15:55:07,226 - httpcore.http11 - DEBUG - receive_response_headers.started request=<Request [b'POST']>
2025-07-06 15:55:07,294 - httpcore.http11 - DEBUG - receive_response_headers.complete return_value=(b'HTTP/1.1', 200, b'OK', [(b'Server', b'nginx/1.18.0'), (b'Date', b'Sun, 06 Jul 2025 14:55:07 GMT'), (b'Content-Type', b'application/json'), (b'Content-Length', b'25'), (b'Connection', b'keep-alive'), (b'Strict-Transport-Security', b'max-age=31536000; includeSubDomains; preload'), (b'Access-Control-Allow-Origin', b'*'), (b'Access-Control-Allow-Methods', b'GET, POST, OPTIONS'), (b'Access-Control-Expose-Headers', b'Content-Length,Content-Type,Date,Server,Connection')])
2025-07-06 15:55:07,295 - httpx - INFO - HTTP Request: POST https://api.telegram.org/bot7707158318:AAE8rWa4Q8Z_3avql6K0HAmXaooZAReoNF0/answerCallbackQuery "HTTP/1.1 200 OK"
2025-07-06 15:55:07,295 - httpcore.http11 - DEBUG - receive_response_body.started request=<Request [b'POST']>
2025-07-06 15:55:07,296 - httpcore.http11 - DEBUG - receive_response_body.complete
2025-07-06 15:55:07,296 - httpcore.http11 - DEBUG - response_closed.started
2025-07-06 15:55:07,296 - httpcore.http11 - DEBUG - response_closed.complete
2025-07-06 15:55:07,298 - telegram.ext.ExtBot - DEBUG - True
2025-07-06 15:55:07,298 - telegram.ext.ExtBot - DEBUG - Exiting: answer_callback_query
2025-07-06 15:55:07,298 - __main__ - INFO - Processing action: start_sniperx
2025-07-06 15:55:07,304 - telegram.ext.ExtBot - DEBUG - Entering: send_message
2025-07-06 15:55:07,307 - httpcore.http11 - DEBUG - send_request_headers.started request=<Request [b'POST']>
2025-07-06 15:55:07,308 - httpcore.http11 - DEBUG - send_request_headers.complete
2025-07-06 15:55:07,308 - httpcore.http11 - DEBUG - send_request_body.started request=<Request [b'POST']>
2025-07-06 15:55:07,308 - httpcore.http11 - DEBUG - send_request_body.complete
2025-07-06 15:55:07,308 - httpcore.http11 - DEBUG - receive_response_headers.started request=<Request [b'POST']>
2025-07-06 15:55:07,388 - httpcore.http11 - DEBUG - receive_response_headers.complete return_value=(b'HTTP/1.1', 200, b'OK', [(b'Server', b'nginx/1.18.0'), (b'Date', b'Sun, 06 Jul 2025 14:55:07 GMT'), (b'Content-Type', b'application/json'), (b'Content-Length', b'262'), (b'Connection', b'keep-alive'), (b'Strict-Transport-Security', b'max-age=31536000; includeSubDomains; preload'), (b'Access-Control-Allow-Origin', b'*'), (b'Access-Control-Allow-Methods', b'GET, POST, OPTIONS'), (b'Access-Control-Expose-Headers', b'Content-Length,Content-Type,Date,Server,Connection')])
2025-07-06 15:55:07,389 - httpx - INFO - HTTP Request: POST https://api.telegram.org/bot7707158318:AAE8rWa4Q8Z_3avql6K0HAmXaooZAReoNF0/sendMessage "HTTP/1.1 200 OK"
2025-07-06 15:55:07,392 - httpcore.http11 - DEBUG - receive_response_body.started request=<Request [b'POST']>
2025-07-06 15:55:07,394 - httpcore.http11 - DEBUG - receive_response_body.complete
2025-07-06 15:55:07,394 - httpcore.http11 - DEBUG - response_closed.started
2025-07-06 15:55:07,394 - httpcore.http11 - DEBUG - response_closed.complete
2025-07-06 15:55:07,399 - telegram.ext.ExtBot - DEBUG - Message(channel_chat_created=False, chat=Chat(first_name='Ghost', id=7049055170, last_name='Number1', type=<ChatType.PRIVATE>), date=datetime.datetime(2025, 7, 6, 14, 55, 7, tzinfo=<UTC>), delete_chat_photo=False, from_user=User(first_name='SPRD', id=7707158318, is_bot=True, username='tizi91Bot'), group_chat_created=False, message_id=13136, supergroup_chat_created=False, text='Starting wallet manager...')
2025-07-06 15:55:07,400 - telegram.ext.ExtBot - DEBUG - Exiting: send_message
2025-07-06 15:55:09,523 - telegram.ext.ExtBot - DEBUG - Entering: send_message
2025-07-06 15:55:09,526 - httpcore.http11 - DEBUG - send_request_headers.started request=<Request [b'POST']>
2025-07-06 15:55:09,528 - httpcore.http11 - DEBUG - send_request_headers.complete
2025-07-06 15:55:09,528 - httpcore.http11 - DEBUG - send_request_body.started request=<Request [b'POST']>
2025-07-06 15:55:09,530 - httpcore.http11 - DEBUG - send_request_body.complete
2025-07-06 15:55:09,531 - httpcore.http11 - DEBUG - receive_response_headers.started request=<Request [b'POST']>
2025-07-06 15:55:09,633 - httpcore.http11 - DEBUG - receive_response_headers.complete return_value=(b'HTTP/1.1', 200, b'OK', [(b'Server', b'nginx/1.18.0'), (b'Date', b'Sun, 06 Jul 2025 14:55:10 GMT'), (b'Content-Type', b'application/json'), (b'Content-Length', b'322'), (b'Connection', b'keep-alive'), (b'Strict-Transport-Security', b'max-age=31536000; includeSubDomains; preload'), (b'Access-Control-Allow-Origin', b'*'), (b'Access-Control-Allow-Methods', b'GET, POST, OPTIONS'), (b'Access-Control-Expose-Headers', b'Content-Length,Content-Type,Date,Server,Connection')])
2025-07-06 15:55:09,635 - httpx - INFO - HTTP Request: POST https://api.telegram.org/bot7707158318:AAE8rWa4Q8Z_3avql6K0HAmXaooZAReoNF0/sendMessage "HTTP/1.1 200 OK"
2025-07-06 15:55:09,635 - httpcore.http11 - DEBUG - receive_response_body.started request=<Request [b'POST']>
2025-07-06 15:55:09,636 - httpcore.http11 - DEBUG - receive_response_body.complete
2025-07-06 15:55:09,636 - httpcore.http11 - DEBUG - response_closed.started
2025-07-06 15:55:09,637 - httpcore.http11 - DEBUG - response_closed.complete
2025-07-06 15:55:09,638 - telegram.ext.ExtBot - DEBUG - Message(channel_chat_created=False, chat=Chat(first_name='Ghost', id=7049055170, last_name='Number1', type=<ChatType.PRIVATE>), date=datetime.datetime(2025, 7, 6, 14, 55, 10, tzinfo=<UTC>), delete_chat_photo=False, entities=(MessageEntity(length=5, offset=8, type=<MessageEntityType.URL>),), from_user=User(first_name='SPRD', id=7707158318, is_bot=True, username='tizi91Bot'), group_chat_created=False, message_id=13137, supergroup_chat_created=False, text='SniperX V2.py started with PID 5200.')
2025-07-06 15:55:09,638 - telegram.ext.ExtBot - DEBUG - Exiting: send_message
2025-07-06 15:55:09,638 - __main__ - INFO - SniperX V2.py started with PID 5200 by user tizi91Bot
2025-07-06 15:55:09,639 - telegram.ext.ExtBot - DEBUG - Entering: edit_message_text
2025-07-06 15:55:09,641 - httpcore.http11 - DEBUG - send_request_headers.started request=<Request [b'POST']>
2025-07-06 15:55:09,642 - httpcore.http11 - DEBUG - send_request_headers.complete
2025-07-06 15:55:09,642 - httpcore.http11 - DEBUG - send_request_body.started request=<Request [b'POST']>
2025-07-06 15:55:09,643 - httpcore.http11 - DEBUG - send_request_body.complete
2025-07-06 15:55:09,643 - httpcore.http11 - DEBUG - receive_response_headers.started request=<Request [b'POST']>
2025-07-06 15:55:09,706 - httpcore.http11 - DEBUG - receive_response_headers.complete return_value=(b'HTTP/1.1', 400, b'Bad Request', [(b'Server', b'nginx/1.18.0'), (b'Date', b'Sun, 06 Jul 2025 14:55:10 GMT'), (b'Content-Type', b'application/json'), (b'Content-Length', b'204'), (b'Connection', b'keep-alive'), (b'Strict-Transport-Security', b'max-age=31536000; includeSubDomains; preload'), (b'Access-Control-Allow-Origin', b'*'), (b'Access-Control-Expose-Headers', b'Content-Length,Content-Type,Date,Server,Connection')])
2025-07-06 15:55:09,706 - httpx - INFO - HTTP Request: POST https://api.telegram.org/bot7707158318:AAE8rWa4Q8Z_3avql6K0HAmXaooZAReoNF0/editMessageText "HTTP/1.1 400 Bad Request"
2025-07-06 15:55:09,707 - httpcore.http11 - DEBUG - receive_response_body.started request=<Request [b'POST']>
2025-07-06 15:55:09,708 - httpcore.http11 - DEBUG - receive_response_body.complete
2025-07-06 15:55:09,708 - httpcore.http11 - DEBUG - response_closed.started
2025-07-06 15:55:09,708 - httpcore.http11 - DEBUG - response_closed.complete
2025-07-06 15:55:09,709 - __main__ - ERROR - Error showing menu: Message is not modified: specified new message content and reply markup are exactly the same as a current content and reply markup of the message
2025-07-06 15:55:09,709 - telegram.ext.ExtBot - DEBUG - Entering: send_message
2025-07-06 15:55:09,713 - httpcore.http11 - DEBUG - send_request_headers.started request=<Request [b'POST']>
2025-07-06 15:55:09,713 - httpcore.http11 - DEBUG - send_request_headers.complete
2025-07-06 15:55:09,714 - httpcore.http11 - DEBUG - send_request_body.started request=<Request [b'POST']>
2025-07-06 15:55:09,714 - httpcore.http11 - DEBUG - send_request_body.complete
2025-07-06 15:55:09,714 - httpcore.http11 - DEBUG - receive_response_headers.started request=<Request [b'POST']>
2025-07-06 15:55:09,800 - httpcore.http11 - DEBUG - receive_response_headers.complete return_value=(b'HTTP/1.1', 200, b'OK', [(b'Server', b'nginx/1.18.0'), (b'Date', b'Sun, 06 Jul 2025 14:55:10 GMT'), (b'Content-Type', b'application/json'), (b'Content-Length', b'570'), (b'Connection', b'keep-alive'), (b'Strict-Transport-Security', b'max-age=31536000; includeSubDomains; preload'), (b'Access-Control-Allow-Origin', b'*'), (b'Access-Control-Allow-Methods', b'GET, POST, OPTIONS'), (b'Access-Control-Expose-Headers', b'Content-Length,Content-Type,Date,Server,Connection')])
2025-07-06 15:55:09,801 - httpx - INFO - HTTP Request: POST https://api.telegram.org/bot7707158318:AAE8rWa4Q8Z_3avql6K0HAmXaooZAReoNF0/sendMessage "HTTP/1.1 200 OK"
2025-07-06 15:55:09,802 - httpcore.http11 - DEBUG - receive_response_body.started request=<Request [b'POST']>
2025-07-06 15:55:09,802 - httpcore.http11 - DEBUG - receive_response_body.complete
2025-07-06 15:55:09,802 - httpcore.http11 - DEBUG - response_closed.started
2025-07-06 15:55:09,803 - httpcore.http11 - DEBUG - response_closed.complete
2025-07-06 15:55:09,805 - telegram.ext.ExtBot - DEBUG - Message(channel_chat_created=False, chat=Chat(first_name='Ghost', id=7049055170, last_name='Number1', type=<ChatType.PRIVATE>), date=datetime.datetime(2025, 7, 6, 14, 55, 10, tzinfo=<UTC>), delete_chat_photo=False, from_user=User(first_name='SPRD', id=7707158318, is_bot=True, username='tizi91Bot'), group_chat_created=False, message_id=13138, reply_markup=InlineKeyboardMarkup(inline_keyboard=((InlineKeyboardButton(callback_data='start_sniperx', text='🚀 Start SniperX'),), (InlineKeyboardButton(callback_data='stop_sniperx', text='🛑 Stop SniperX'), InlineKeyboardButton(callback_data='status_sniperx', text='📊 Status')), (InlineKeyboardButton(callback_data='show_balance', text='💰 Balance'),))), supergroup_chat_created=False, text='SniperX Bot Control Panel:')
2025-07-06 15:55:09,805 - telegram.ext.ExtBot - DEBUG - Exiting: send_message
2025-07-06 15:55:17,281 - httpcore.http11 - DEBUG - receive_response_headers.complete return_value=(b'HTTP/1.1', 200, b'OK', [(b'Server', b'nginx/1.18.0'), (b'Date', b'Sun, 06 Jul 2025 14:55:17 GMT'), (b'Content-Type', b'application/json'), (b'Content-Length', b'23'), (b'Connection', b'keep-alive'), (b'Strict-Transport-Security', b'max-age=31536000; includeSubDomains; preload'), (b'Access-Control-Allow-Origin', b'*'), (b'Access-Control-Allow-Methods', b'GET, POST, OPTIONS'), (b'Access-Control-Expose-Headers', b'Content-Length,Content-Type,Date,Server,Connection')])
2025-07-06 15:55:17,282 - httpx - INFO - HTTP Request: POST https://api.telegram.org/bot7707158318:AAE8rWa4Q8Z_3avql6K0HAmXaooZAReoNF0/getUpdates "HTTP/1.1 200 OK"
2025-07-06 15:55:17,283 - httpcore.http11 - DEBUG - receive_response_body.started request=<Request [b'POST']>
2025-07-06 15:55:17,284 - httpcore.http11 - DEBUG - receive_response_body.complete
2025-07-06 15:55:17,284 - httpcore.http11 - DEBUG - response_closed.started
2025-07-06 15:55:17,285 - httpcore.http11 - DEBUG - response_closed.complete
2025-07-06 15:55:17,286 - telegram.ext.ExtBot - DEBUG - No new updates found.
2025-07-06 15:55:17,286 - telegram.ext.ExtBot - DEBUG - ()
2025-07-06 15:55:17,286 - telegram.ext.ExtBot - DEBUG - Exiting: get_updates
2025-07-06 15:55:17,286 - telegram.ext.ExtBot - DEBUG - Entering: get_updates
2025-07-06 15:55:17,289 - httpcore.http11 - DEBUG - send_request_headers.started request=<Request [b'POST']>
2025-07-06 15:55:17,291 - httpcore.http11 - DEBUG - send_request_headers.complete
2025-07-06 15:55:17,291 - httpcore.http11 - DEBUG - send_request_body.started request=<Request [b'POST']>
2025-07-06 15:55:17,293 - httpcore.http11 - DEBUG - send_request_body.complete
2025-07-06 15:55:17,293 - httpcore.http11 - DEBUG - receive_response_headers.started request=<Request [b'POST']>
