2025-07-05 21:15:09,097 - asyncio - DEBUG - Using proactor: IocpProactor
2025-07-05 21:15:09,100 - httpx - DEBUG - load_ssl_context verify=True cert=None trust_env=True http2=False
2025-07-05 21:15:09,107 - httpx - DEBUG - load_verify_locations cafile='c:\\Users\\Rachid Aitali\\OneDrive - 4JM Solutions Limited\\Desktop\\SniperX-V3-Best-Version-at-now\\.venv\\lib\\site-packages\\certifi\\cacert.pem'
2025-07-05 21:15:09,122 - httpx - DEBUG - load_ssl_context verify=True cert=None trust_env=True http2=False
2025-07-05 21:15:09,122 - httpx - DEBUG - load_verify_locations cafile='c:\\Users\\Rachid Aitali\\OneDrive - 4JM Solutions Limited\\Desktop\\SniperX-V3-Best-Version-at-now\\.venv\\lib\\site-packages\\certifi\\cacert.pem'
2025-07-05 21:15:09,157 - __main__ - INFO - Telegram Manager Bot started. Send /menu to interact.
2025-07-05 21:15:09,159 - telegram.ext.ExtBot - DEBUG - Entering: send_message
2025-07-05 21:15:09,175 - httpcore.connection - DEBUG - connect_tcp.started host='api.telegram.org' port=443 local_address=None timeout=5.0 socket_options=None
2025-07-05 21:15:09,266 - httpcore.connection - DEBUG - connect_tcp.complete return_value=<httpcore._backends.anyio.AnyIOStream object at 0x000001A2D37FAD40>
2025-07-05 21:15:09,266 - httpcore.connection - DEBUG - start_tls.started ssl_context=<ssl.SSLContext object at 0x000001A2D37B83C0> server_hostname='api.telegram.org' timeout=5.0
2025-07-05 21:15:09,329 - httpcore.connection - DEBUG - start_tls.complete return_value=<httpcore._backends.anyio.AnyIOStream object at 0x000001A2D37FAC80>
2025-07-05 21:15:09,332 - httpcore.http11 - DEBUG - send_request_headers.started request=<Request [b'POST']>
2025-07-05 21:15:09,334 - httpcore.http11 - DEBUG - send_request_headers.complete
2025-07-05 21:15:09,334 - httpcore.http11 - DEBUG - send_request_body.started request=<Request [b'POST']>
2025-07-05 21:15:09,335 - httpcore.http11 - DEBUG - send_request_body.complete
2025-07-05 21:15:09,335 - httpcore.http11 - DEBUG - receive_response_headers.started request=<Request [b'POST']>
2025-07-05 21:15:09,434 - httpcore.http11 - DEBUG - receive_response_headers.complete return_value=(b'HTTP/1.1', 200, b'OK', [(b'Server', b'nginx/1.18.0'), (b'Date', b'Sat, 05 Jul 2025 20:15:10 GMT'), (b'Content-Type', b'application/json'), (b'Content-Length', b'352'), (b'Connection', b'keep-alive'), (b'Strict-Transport-Security', b'max-age=31536000; includeSubDomains; preload'), (b'Access-Control-Allow-Origin', b'*'), (b'Access-Control-Allow-Methods', b'GET, POST, OPTIONS'), (b'Access-Control-Expose-Headers', b'Content-Length,Content-Type,Date,Server,Connection')])
2025-07-05 21:15:09,436 - httpx - INFO - HTTP Request: POST https://api.telegram.org/bot7707158318:AAE8rWa4Q8Z_3avql6K0HAmXaooZAReoNF0/sendMessage "HTTP/1.1 200 OK"
2025-07-05 21:15:09,440 - httpcore.http11 - DEBUG - receive_response_body.started request=<Request [b'POST']>
2025-07-05 21:15:09,442 - httpcore.http11 - DEBUG - receive_response_body.complete
2025-07-05 21:15:09,442 - httpcore.http11 - DEBUG - response_closed.started
2025-07-05 21:15:09,442 - httpcore.http11 - DEBUG - response_closed.complete
2025-07-05 21:15:09,447 - telegram.ext.ExtBot - DEBUG - Message(channel_chat_created=False, chat=Chat(first_name='Ghost', id=7049055170, last_name='Number1', type=<ChatType.PRIVATE>), date=datetime.datetime(2025, 7, 5, 20, 15, 10, tzinfo=<UTC>), delete_chat_photo=False, entities=(MessageEntity(length=5, offset=36, type=<MessageEntityType.BOT_COMMAND>),), from_user=User(first_name='SPRD', id=7707158318, is_bot=True, username='tizi91Bot'), group_chat_created=False, message_id=12945, supergroup_chat_created=False, text='SniperX Control Bot is online! Send /menu to see options.')
2025-07-05 21:15:09,451 - telegram.ext.ExtBot - DEBUG - Exiting: send_message
2025-07-05 21:15:09,452 - telegram.ext.ExtBot - DEBUG - Entering: get_me
2025-07-05 21:15:09,456 - httpcore.http11 - DEBUG - send_request_headers.started request=<Request [b'POST']>
2025-07-05 21:15:09,457 - httpcore.http11 - DEBUG - send_request_headers.complete
2025-07-05 21:15:09,457 - httpcore.http11 - DEBUG - send_request_body.started request=<Request [b'POST']>
2025-07-05 21:15:09,457 - httpcore.http11 - DEBUG - send_request_body.complete
2025-07-05 21:15:09,457 - httpcore.http11 - DEBUG - receive_response_headers.started request=<Request [b'POST']>
2025-07-05 21:15:09,509 - httpcore.http11 - DEBUG - receive_response_headers.complete return_value=(b'HTTP/1.1', 200, b'OK', [(b'Server', b'nginx/1.18.0'), (b'Date', b'Sat, 05 Jul 2025 20:15:10 GMT'), (b'Content-Type', b'application/json'), (b'Content-Length', b'243'), (b'Connection', b'keep-alive'), (b'Strict-Transport-Security', b'max-age=31536000; includeSubDomains; preload'), (b'Access-Control-Allow-Origin', b'*'), (b'Access-Control-Allow-Methods', b'GET, POST, OPTIONS'), (b'Access-Control-Expose-Headers', b'Content-Length,Content-Type,Date,Server,Connection')])
2025-07-05 21:15:09,511 - httpx - INFO - HTTP Request: POST https://api.telegram.org/bot7707158318:AAE8rWa4Q8Z_3avql6K0HAmXaooZAReoNF0/getMe "HTTP/1.1 200 OK"
2025-07-05 21:15:09,513 - httpcore.http11 - DEBUG - receive_response_body.started request=<Request [b'POST']>
2025-07-05 21:15:09,513 - httpcore.http11 - DEBUG - receive_response_body.complete
2025-07-05 21:15:09,513 - httpcore.http11 - DEBUG - response_closed.started
2025-07-05 21:15:09,515 - httpcore.http11 - DEBUG - response_closed.complete
2025-07-05 21:15:09,517 - telegram.ext.ExtBot - DEBUG - User(api_kwargs={'can_connect_to_business': False, 'has_main_web_app': False}, can_join_groups=True, can_read_all_group_messages=False, first_name='SPRD', id=7707158318, is_bot=True, supports_inline_queries=False, username='tizi91Bot')
2025-07-05 21:15:09,517 - telegram.ext.ExtBot - DEBUG - Exiting: get_me
2025-07-05 21:15:09,517 - telegram.ext.ExtBot - DEBUG - This Bot is already initialized.
2025-07-05 21:15:09,519 - telegram.ext.Updater - DEBUG - Updater started (polling)
2025-07-05 21:15:09,519 - telegram.ext.Updater - DEBUG - Start network loop retry bootstrap del webhook
2025-07-05 21:15:09,519 - telegram.ext.Updater - DEBUG - Deleting webhook
2025-07-05 21:15:09,519 - telegram.ext.ExtBot - DEBUG - Entering: delete_webhook
2025-07-05 21:15:09,520 - httpcore.http11 - DEBUG - send_request_headers.started request=<Request [b'POST']>
2025-07-05 21:15:09,523 - httpcore.http11 - DEBUG - send_request_headers.complete
2025-07-05 21:15:09,523 - httpcore.http11 - DEBUG - send_request_body.started request=<Request [b'POST']>
2025-07-05 21:15:09,523 - httpcore.http11 - DEBUG - send_request_body.complete
2025-07-05 21:15:09,523 - httpcore.http11 - DEBUG - receive_response_headers.started request=<Request [b'POST']>
2025-07-05 21:15:09,574 - httpcore.http11 - DEBUG - receive_response_headers.complete return_value=(b'HTTP/1.1', 200, b'OK', [(b'Server', b'nginx/1.18.0'), (b'Date', b'Sat, 05 Jul 2025 20:15:10 GMT'), (b'Content-Type', b'application/json'), (b'Content-Length', b'68'), (b'Connection', b'keep-alive'), (b'Strict-Transport-Security', b'max-age=31536000; includeSubDomains; preload'), (b'Access-Control-Allow-Origin', b'*'), (b'Access-Control-Allow-Methods', b'GET, POST, OPTIONS'), (b'Access-Control-Expose-Headers', b'Content-Length,Content-Type,Date,Server,Connection')])
2025-07-05 21:15:09,574 - httpx - INFO - HTTP Request: POST https://api.telegram.org/bot7707158318:AAE8rWa4Q8Z_3avql6K0HAmXaooZAReoNF0/deleteWebhook "HTTP/1.1 200 OK"
2025-07-05 21:15:09,577 - httpcore.http11 - DEBUG - receive_response_body.started request=<Request [b'POST']>
2025-07-05 21:15:09,577 - httpcore.http11 - DEBUG - receive_response_body.complete
2025-07-05 21:15:09,578 - httpcore.http11 - DEBUG - response_closed.started
2025-07-05 21:15:09,578 - httpcore.http11 - DEBUG - response_closed.complete
2025-07-05 21:15:09,579 - telegram.ext.ExtBot - DEBUG - True
2025-07-05 21:15:09,579 - telegram.ext.ExtBot - DEBUG - Exiting: delete_webhook
2025-07-05 21:15:09,580 - telegram.ext.Updater - DEBUG - Bootstrap done
2025-07-05 21:15:09,580 - telegram.ext.Updater - DEBUG - Waiting for polling to start
2025-07-05 21:15:09,580 - telegram.ext.Updater - DEBUG - Polling updates from Telegram started
2025-07-05 21:15:09,580 - telegram.ext.Updater - DEBUG - Start network loop retry getting Updates
2025-07-05 21:15:09,580 - telegram.ext.ExtBot - DEBUG - Entering: get_updates
2025-07-05 21:15:09,584 - telegram.ext.Application - INFO - Application started
2025-07-05 21:15:09,591 - httpcore.connection - DEBUG - connect_tcp.started host='api.telegram.org' port=443 local_address=None timeout=5.0 socket_options=None
2025-07-05 21:15:09,647 - httpcore.connection - DEBUG - connect_tcp.complete return_value=<httpcore._backends.anyio.AnyIOStream object at 0x000001A2D3847190>
2025-07-05 21:15:09,647 - httpcore.connection - DEBUG - start_tls.started ssl_context=<ssl.SSLContext object at 0x000001A2D37B82C0> server_hostname='api.telegram.org' timeout=5.0
2025-07-05 21:15:09,709 - httpcore.connection - DEBUG - start_tls.complete return_value=<httpcore._backends.anyio.AnyIOStream object at 0x000001A2D3847040>
2025-07-05 21:15:09,709 - httpcore.http11 - DEBUG - send_request_headers.started request=<Request [b'POST']>
2025-07-05 21:15:09,709 - httpcore.http11 - DEBUG - send_request_headers.complete
2025-07-05 21:15:09,709 - httpcore.http11 - DEBUG - send_request_body.started request=<Request [b'POST']>
2025-07-05 21:15:09,711 - httpcore.http11 - DEBUG - send_request_body.complete
2025-07-05 21:15:09,711 - httpcore.http11 - DEBUG - receive_response_headers.started request=<Request [b'POST']>
2025-07-05 21:15:14,062 - httpcore.http11 - DEBUG - receive_response_headers.complete return_value=(b'HTTP/1.1', 200, b'OK', [(b'Server', b'nginx/1.18.0'), (b'Date', b'Sat, 05 Jul 2025 20:15:15 GMT'), (b'Content-Type', b'application/json'), (b'Content-Length', b'357'), (b'Connection', b'keep-alive'), (b'Strict-Transport-Security', b'max-age=31536000; includeSubDomains; preload'), (b'Access-Control-Allow-Origin', b'*'), (b'Access-Control-Allow-Methods', b'GET, POST, OPTIONS'), (b'Access-Control-Expose-Headers', b'Content-Length,Content-Type,Date,Server,Connection')])
2025-07-05 21:15:14,063 - httpx - INFO - HTTP Request: POST https://api.telegram.org/bot7707158318:AAE8rWa4Q8Z_3avql6K0HAmXaooZAReoNF0/getUpdates "HTTP/1.1 200 OK"
2025-07-05 21:15:14,064 - httpcore.http11 - DEBUG - receive_response_body.started request=<Request [b'POST']>
2025-07-05 21:15:14,064 - httpcore.http11 - DEBUG - receive_response_body.complete
2025-07-05 21:15:14,064 - httpcore.http11 - DEBUG - response_closed.started
2025-07-05 21:15:14,065 - httpcore.http11 - DEBUG - response_closed.complete
2025-07-05 21:15:14,066 - telegram.ext.ExtBot - DEBUG - Getting updates: [37530586]
2025-07-05 21:15:14,068 - telegram.ext.ExtBot - DEBUG - (Update(message=Message(channel_chat_created=False, chat=Chat(first_name='Ghost', id=7049055170, last_name='Number1', type=<ChatType.PRIVATE>), date=datetime.datetime(2025, 7, 5, 20, 15, 15, tzinfo=<UTC>), delete_chat_photo=False, entities=(MessageEntity(length=5, offset=0, type=<MessageEntityType.BOT_COMMAND>),), from_user=User(first_name='Ghost', id=7049055170, is_bot=False, language_code='en', last_name='Number1'), group_chat_created=False, message_id=12946, supergroup_chat_created=False, text='/menu'), update_id=37530586),)
2025-07-05 21:15:14,069 - telegram.ext.ExtBot - DEBUG - Exiting: get_updates
2025-07-05 21:15:14,070 - telegram.ext.ExtBot - DEBUG - Entering: get_updates
2025-07-05 21:15:14,071 - telegram.ext.Application - DEBUG - Processing update Update(message=Message(channel_chat_created=False, chat=Chat(first_name='Ghost', id=7049055170, last_name='Number1', type=<ChatType.PRIVATE>), date=datetime.datetime(2025, 7, 5, 20, 15, 15, tzinfo=<UTC>), delete_chat_photo=False, entities=(MessageEntity(length=5, offset=0, type=<MessageEntityType.BOT_COMMAND>),), from_user=User(first_name='Ghost', id=7049055170, is_bot=False, language_code='en', last_name='Number1'), group_chat_created=False, message_id=12946, supergroup_chat_created=False, text='/menu'), update_id=37530586)
2025-07-05 21:15:14,074 - telegram.ext.ExtBot - DEBUG - Entering: send_message
2025-07-05 21:15:14,077 - httpcore.http11 - DEBUG - send_request_headers.started request=<Request [b'POST']>
2025-07-05 21:15:14,077 - httpcore.http11 - DEBUG - send_request_headers.started request=<Request [b'POST']>
2025-07-05 21:15:14,079 - httpcore.http11 - DEBUG - send_request_headers.complete
2025-07-05 21:15:14,079 - httpcore.http11 - DEBUG - send_request_body.started request=<Request [b'POST']>
2025-07-05 21:15:14,080 - httpcore.http11 - DEBUG - send_request_headers.complete
2025-07-05 21:15:14,080 - httpcore.http11 - DEBUG - send_request_body.started request=<Request [b'POST']>
2025-07-05 21:15:14,081 - httpcore.http11 - DEBUG - send_request_body.complete
2025-07-05 21:15:14,081 - httpcore.http11 - DEBUG - receive_response_headers.started request=<Request [b'POST']>
2025-07-05 21:15:14,081 - httpcore.http11 - DEBUG - send_request_body.complete
2025-07-05 21:15:14,082 - httpcore.http11 - DEBUG - receive_response_headers.started request=<Request [b'POST']>
2025-07-05 21:15:14,174 - httpcore.http11 - DEBUG - receive_response_headers.complete return_value=(b'HTTP/1.1', 200, b'OK', [(b'Server', b'nginx/1.18.0'), (b'Date', b'Sat, 05 Jul 2025 20:15:15 GMT'), (b'Content-Type', b'application/json'), (b'Content-Length', b'570'), (b'Connection', b'keep-alive'), (b'Strict-Transport-Security', b'max-age=31536000; includeSubDomains; preload'), (b'Access-Control-Allow-Origin', b'*'), (b'Access-Control-Allow-Methods', b'GET, POST, OPTIONS'), (b'Access-Control-Expose-Headers', b'Content-Length,Content-Type,Date,Server,Connection')])
2025-07-05 21:15:14,175 - httpx - INFO - HTTP Request: POST https://api.telegram.org/bot7707158318:AAE8rWa4Q8Z_3avql6K0HAmXaooZAReoNF0/sendMessage "HTTP/1.1 200 OK"
2025-07-05 21:15:14,178 - httpcore.http11 - DEBUG - receive_response_body.started request=<Request [b'POST']>
2025-07-05 21:15:14,178 - httpcore.http11 - DEBUG - receive_response_body.complete
2025-07-05 21:15:14,179 - httpcore.http11 - DEBUG - response_closed.started
2025-07-05 21:15:14,179 - httpcore.http11 - DEBUG - response_closed.complete
2025-07-05 21:15:14,182 - telegram.ext.ExtBot - DEBUG - Message(channel_chat_created=False, chat=Chat(first_name='Ghost', id=7049055170, last_name='Number1', type=<ChatType.PRIVATE>), date=datetime.datetime(2025, 7, 5, 20, 15, 15, tzinfo=<UTC>), delete_chat_photo=False, from_user=User(first_name='SPRD', id=7707158318, is_bot=True, username='tizi91Bot'), group_chat_created=False, message_id=12947, reply_markup=InlineKeyboardMarkup(inline_keyboard=((InlineKeyboardButton(callback_data='start_sniperx', text='🚀 Start SniperX'),), (InlineKeyboardButton(callback_data='stop_sniperx', text='🛑 Stop SniperX'), InlineKeyboardButton(callback_data='status_sniperx', text='📊 Status')), (InlineKeyboardButton(callback_data='show_balance', text='💰 Balance'),))), supergroup_chat_created=False, text='SniperX Bot Control Panel:')
2025-07-05 21:15:14,184 - telegram.ext.ExtBot - DEBUG - Exiting: send_message
2025-07-05 21:15:15,584 - httpcore.http11 - DEBUG - receive_response_headers.complete return_value=(b'HTTP/1.1', 200, b'OK', [(b'Server', b'nginx/1.18.0'), (b'Date', b'Sat, 05 Jul 2025 20:15:16 GMT'), (b'Content-Type', b'application/json'), (b'Content-Length', b'818'), (b'Connection', b'keep-alive'), (b'Strict-Transport-Security', b'max-age=31536000; includeSubDomains; preload'), (b'Access-Control-Allow-Origin', b'*'), (b'Access-Control-Allow-Methods', b'GET, POST, OPTIONS'), (b'Access-Control-Expose-Headers', b'Content-Length,Content-Type,Date,Server,Connection')])
2025-07-05 21:15:15,588 - httpx - INFO - HTTP Request: POST https://api.telegram.org/bot7707158318:AAE8rWa4Q8Z_3avql6K0HAmXaooZAReoNF0/getUpdates "HTTP/1.1 200 OK"
2025-07-05 21:15:15,589 - httpcore.http11 - DEBUG - receive_response_body.started request=<Request [b'POST']>
2025-07-05 21:15:15,589 - httpcore.http11 - DEBUG - receive_response_body.complete
2025-07-05 21:15:15,590 - httpcore.http11 - DEBUG - response_closed.started
2025-07-05 21:15:15,591 - httpcore.http11 - DEBUG - response_closed.complete
2025-07-05 21:15:15,592 - telegram.ext.ExtBot - DEBUG - Getting updates: [37530587]
2025-07-05 21:15:15,594 - telegram.ext.ExtBot - DEBUG - (Update(callback_query=CallbackQuery(chat_instance='-1307310250263184334', data='start_sniperx', from_user=User(first_name='Ghost', id=7049055170, is_bot=False, language_code='en', last_name='Number1'), id='2605345314810289009', message=Message(channel_chat_created=False, chat=Chat(first_name='Ghost', id=7049055170, last_name='Number1', type=<ChatType.PRIVATE>), date=datetime.datetime(2025, 7, 5, 20, 15, 15, tzinfo=<UTC>), delete_chat_photo=False, from_user=User(first_name='SPRD', id=7707158318, is_bot=True, username='tizi91Bot'), group_chat_created=False, message_id=12947, reply_markup=InlineKeyboardMarkup(inline_keyboard=((InlineKeyboardButton(callback_data='start_sniperx', text='🚀 Start SniperX'),), (InlineKeyboardButton(callback_data='stop_sniperx', text='🛑 Stop SniperX'), InlineKeyboardButton(callback_data='status_sniperx', text='📊 Status')), (InlineKeyboardButton(callback_data='show_balance', text='💰 Balance'),))), supergroup_chat_created=False, text='SniperX Bot Control Panel:')), update_id=37530587),)
2025-07-05 21:15:15,595 - telegram.ext.ExtBot - DEBUG - Exiting: get_updates
2025-07-05 21:15:15,596 - telegram.ext.ExtBot - DEBUG - Entering: get_updates
2025-07-05 21:15:15,598 - telegram.ext.Application - DEBUG - Processing update Update(callback_query=CallbackQuery(chat_instance='-1307310250263184334', data='start_sniperx', from_user=User(first_name='Ghost', id=7049055170, is_bot=False, language_code='en', last_name='Number1'), id='2605345314810289009', message=Message(channel_chat_created=False, chat=Chat(first_name='Ghost', id=7049055170, last_name='Number1', type=<ChatType.PRIVATE>), date=datetime.datetime(2025, 7, 5, 20, 15, 15, tzinfo=<UTC>), delete_chat_photo=False, from_user=User(first_name='SPRD', id=7707158318, is_bot=True, username='tizi91Bot'), group_chat_created=False, message_id=12947, reply_markup=InlineKeyboardMarkup(inline_keyboard=((InlineKeyboardButton(callback_data='start_sniperx', text='🚀 Start SniperX'),), (InlineKeyboardButton(callback_data='stop_sniperx', text='🛑 Stop SniperX'), InlineKeyboardButton(callback_data='status_sniperx', text='📊 Status')), (InlineKeyboardButton(callback_data='show_balance', text='💰 Balance'),))), supergroup_chat_created=False, text='SniperX Bot Control Panel:')), update_id=37530587)
2025-07-05 21:15:15,602 - __main__ - INFO - Button callback received: Update(callback_query=CallbackQuery(chat_instance='-1307310250263184334', data='start_sniperx', from_user=User(first_name='Ghost', id=7049055170, is_bot=False, language_code='en', last_name='Number1'), id='2605345314810289009', message=Message(channel_chat_created=False, chat=Chat(first_name='Ghost', id=7049055170, last_name='Number1', type=<ChatType.PRIVATE>), date=datetime.datetime(2025, 7, 5, 20, 15, 15, tzinfo=<UTC>), delete_chat_photo=False, from_user=User(first_name='SPRD', id=7707158318, is_bot=True, username='tizi91Bot'), group_chat_created=False, message_id=12947, reply_markup=InlineKeyboardMarkup(inline_keyboard=((InlineKeyboardButton(callback_data='start_sniperx', text='🚀 Start SniperX'),), (InlineKeyboardButton(callback_data='stop_sniperx', text='🛑 Stop SniperX'), InlineKeyboardButton(callback_data='status_sniperx', text='📊 Status')), (InlineKeyboardButton(callback_data='show_balance', text='💰 Balance'),))), supergroup_chat_created=False, text='SniperX Bot Control Panel:')), update_id=37530587)
2025-07-05 21:15:15,604 - telegram.ext.ExtBot - DEBUG - Entering: answer_callback_query
2025-07-05 21:15:15,614 - httpcore.http11 - DEBUG - send_request_headers.started request=<Request [b'POST']>
2025-07-05 21:15:15,616 - httpcore.http11 - DEBUG - send_request_headers.started request=<Request [b'POST']>
2025-07-05 21:15:15,617 - httpcore.http11 - DEBUG - send_request_headers.complete
2025-07-05 21:15:15,617 - httpcore.http11 - DEBUG - send_request_body.started request=<Request [b'POST']>
2025-07-05 21:15:15,618 - httpcore.http11 - DEBUG - send_request_headers.complete
2025-07-05 21:15:15,618 - httpcore.http11 - DEBUG - send_request_body.started request=<Request [b'POST']>
2025-07-05 21:15:15,620 - httpcore.http11 - DEBUG - send_request_body.complete
2025-07-05 21:15:15,621 - httpcore.http11 - DEBUG - receive_response_headers.started request=<Request [b'POST']>
2025-07-05 21:15:15,623 - httpcore.http11 - DEBUG - send_request_body.complete
2025-07-05 21:15:15,624 - httpcore.http11 - DEBUG - receive_response_headers.started request=<Request [b'POST']>
2025-07-05 21:15:15,698 - httpcore.http11 - DEBUG - receive_response_headers.complete return_value=(b'HTTP/1.1', 200, b'OK', [(b'Server', b'nginx/1.18.0'), (b'Date', b'Sat, 05 Jul 2025 20:15:17 GMT'), (b'Content-Type', b'application/json'), (b'Content-Length', b'25'), (b'Connection', b'keep-alive'), (b'Strict-Transport-Security', b'max-age=31536000; includeSubDomains; preload'), (b'Access-Control-Allow-Origin', b'*'), (b'Access-Control-Allow-Methods', b'GET, POST, OPTIONS'), (b'Access-Control-Expose-Headers', b'Content-Length,Content-Type,Date,Server,Connection')])
2025-07-05 21:15:15,699 - httpx - INFO - HTTP Request: POST https://api.telegram.org/bot7707158318:AAE8rWa4Q8Z_3avql6K0HAmXaooZAReoNF0/answerCallbackQuery "HTTP/1.1 200 OK"
2025-07-05 21:15:15,700 - httpcore.http11 - DEBUG - receive_response_body.started request=<Request [b'POST']>
2025-07-05 21:15:15,700 - httpcore.http11 - DEBUG - receive_response_body.complete
2025-07-05 21:15:15,700 - httpcore.http11 - DEBUG - response_closed.started
2025-07-05 21:15:15,702 - httpcore.http11 - DEBUG - response_closed.complete
2025-07-05 21:15:15,703 - telegram.ext.ExtBot - DEBUG - True
2025-07-05 21:15:15,703 - telegram.ext.ExtBot - DEBUG - Exiting: answer_callback_query
2025-07-05 21:15:15,703 - __main__ - INFO - Processing action: start_sniperx
2025-07-05 21:15:15,708 - telegram.ext.ExtBot - DEBUG - Entering: send_message
2025-07-05 21:15:15,713 - httpcore.http11 - DEBUG - send_request_headers.started request=<Request [b'POST']>
2025-07-05 21:15:15,716 - httpcore.http11 - DEBUG - send_request_headers.complete
2025-07-05 21:15:15,717 - httpcore.http11 - DEBUG - send_request_body.started request=<Request [b'POST']>
2025-07-05 21:15:15,719 - httpcore.http11 - DEBUG - send_request_body.complete
2025-07-05 21:15:15,720 - httpcore.http11 - DEBUG - receive_response_headers.started request=<Request [b'POST']>
2025-07-05 21:15:15,793 - httpcore.http11 - DEBUG - receive_response_headers.complete return_value=(b'HTTP/1.1', 200, b'OK', [(b'Server', b'nginx/1.18.0'), (b'Date', b'Sat, 05 Jul 2025 20:15:17 GMT'), (b'Content-Type', b'application/json'), (b'Content-Length', b'262'), (b'Connection', b'keep-alive'), (b'Strict-Transport-Security', b'max-age=31536000; includeSubDomains; preload'), (b'Access-Control-Allow-Origin', b'*'), (b'Access-Control-Allow-Methods', b'GET, POST, OPTIONS'), (b'Access-Control-Expose-Headers', b'Content-Length,Content-Type,Date,Server,Connection')])
2025-07-05 21:15:15,794 - httpx - INFO - HTTP Request: POST https://api.telegram.org/bot7707158318:AAE8rWa4Q8Z_3avql6K0HAmXaooZAReoNF0/sendMessage "HTTP/1.1 200 OK"
2025-07-05 21:15:15,795 - httpcore.http11 - DEBUG - receive_response_body.started request=<Request [b'POST']>
2025-07-05 21:15:15,795 - httpcore.http11 - DEBUG - receive_response_body.complete
2025-07-05 21:15:15,797 - httpcore.http11 - DEBUG - response_closed.started
2025-07-05 21:15:15,798 - httpcore.http11 - DEBUG - response_closed.complete
2025-07-05 21:15:15,799 - telegram.ext.ExtBot - DEBUG - Message(channel_chat_created=False, chat=Chat(first_name='Ghost', id=7049055170, last_name='Number1', type=<ChatType.PRIVATE>), date=datetime.datetime(2025, 7, 5, 20, 15, 17, tzinfo=<UTC>), delete_chat_photo=False, from_user=User(first_name='SPRD', id=7707158318, is_bot=True, username='tizi91Bot'), group_chat_created=False, message_id=12948, supergroup_chat_created=False, text='Starting wallet manager...')
2025-07-05 21:15:15,800 - telegram.ext.ExtBot - DEBUG - Exiting: send_message
2025-07-05 21:15:17,896 - telegram.ext.ExtBot - DEBUG - Entering: send_message
2025-07-05 21:15:17,900 - httpcore.http11 - DEBUG - send_request_headers.started request=<Request [b'POST']>
2025-07-05 21:15:17,901 - httpcore.http11 - DEBUG - send_request_headers.complete
2025-07-05 21:15:17,902 - httpcore.http11 - DEBUG - send_request_body.started request=<Request [b'POST']>
2025-07-05 21:15:17,904 - httpcore.http11 - DEBUG - send_request_body.complete
2025-07-05 21:15:17,904 - httpcore.http11 - DEBUG - receive_response_headers.started request=<Request [b'POST']>
2025-07-05 21:15:18,006 - httpcore.http11 - DEBUG - receive_response_headers.complete return_value=(b'HTTP/1.1', 200, b'OK', [(b'Server', b'nginx/1.18.0'), (b'Date', b'Sat, 05 Jul 2025 20:15:19 GMT'), (b'Content-Type', b'application/json'), (b'Content-Length', b'323'), (b'Connection', b'keep-alive'), (b'Strict-Transport-Security', b'max-age=31536000; includeSubDomains; preload'), (b'Access-Control-Allow-Origin', b'*'), (b'Access-Control-Allow-Methods', b'GET, POST, OPTIONS'), (b'Access-Control-Expose-Headers', b'Content-Length,Content-Type,Date,Server,Connection')])
2025-07-05 21:15:18,007 - httpx - INFO - HTTP Request: POST https://api.telegram.org/bot7707158318:AAE8rWa4Q8Z_3avql6K0HAmXaooZAReoNF0/sendMessage "HTTP/1.1 200 OK"
2025-07-05 21:15:18,130 - httpcore.http11 - DEBUG - receive_response_body.started request=<Request [b'POST']>
2025-07-05 21:15:18,131 - httpcore.http11 - DEBUG - receive_response_body.complete
2025-07-05 21:15:18,131 - httpcore.http11 - DEBUG - response_closed.started
2025-07-05 21:15:18,132 - httpcore.http11 - DEBUG - response_closed.complete
2025-07-05 21:15:18,134 - telegram.ext.ExtBot - DEBUG - Message(channel_chat_created=False, chat=Chat(first_name='Ghost', id=7049055170, last_name='Number1', type=<ChatType.PRIVATE>), date=datetime.datetime(2025, 7, 5, 20, 15, 19, tzinfo=<UTC>), delete_chat_photo=False, entities=(MessageEntity(length=5, offset=8, type=<MessageEntityType.URL>),), from_user=User(first_name='SPRD', id=7707158318, is_bot=True, username='tizi91Bot'), group_chat_created=False, message_id=12949, supergroup_chat_created=False, text='SniperX V2.py started with PID 18496.')
2025-07-05 21:15:18,136 - telegram.ext.ExtBot - DEBUG - Exiting: send_message
2025-07-05 21:15:18,136 - __main__ - INFO - SniperX V2.py started with PID 18496 by user tizi91Bot
2025-07-05 21:15:18,160 - telegram.ext.ExtBot - DEBUG - Entering: edit_message_text
2025-07-05 21:15:18,165 - httpcore.http11 - DEBUG - send_request_headers.started request=<Request [b'POST']>
2025-07-05 21:15:18,167 - httpcore.http11 - DEBUG - send_request_headers.complete
2025-07-05 21:15:18,168 - httpcore.http11 - DEBUG - send_request_body.started request=<Request [b'POST']>
2025-07-05 21:15:18,172 - httpcore.http11 - DEBUG - send_request_body.complete
2025-07-05 21:15:18,173 - httpcore.http11 - DEBUG - receive_response_headers.started request=<Request [b'POST']>
2025-07-05 21:15:18,251 - httpcore.http11 - DEBUG - receive_response_headers.complete return_value=(b'HTTP/1.1', 400, b'Bad Request', [(b'Server', b'nginx/1.18.0'), (b'Date', b'Sat, 05 Jul 2025 20:15:19 GMT'), (b'Content-Type', b'application/json'), (b'Content-Length', b'204'), (b'Connection', b'keep-alive'), (b'Strict-Transport-Security', b'max-age=31536000; includeSubDomains; preload'), (b'Access-Control-Allow-Origin', b'*'), (b'Access-Control-Expose-Headers', b'Content-Length,Content-Type,Date,Server,Connection')])
2025-07-05 21:15:18,253 - httpx - INFO - HTTP Request: POST https://api.telegram.org/bot7707158318:AAE8rWa4Q8Z_3avql6K0HAmXaooZAReoNF0/editMessageText "HTTP/1.1 400 Bad Request"
2025-07-05 21:15:18,255 - httpcore.http11 - DEBUG - receive_response_body.started request=<Request [b'POST']>
2025-07-05 21:15:18,256 - httpcore.http11 - DEBUG - receive_response_body.complete
2025-07-05 21:15:18,257 - httpcore.http11 - DEBUG - response_closed.started
2025-07-05 21:15:18,258 - httpcore.http11 - DEBUG - response_closed.complete
2025-07-05 21:15:18,261 - __main__ - ERROR - Error showing menu: Message is not modified: specified new message content and reply markup are exactly the same as a current content and reply markup of the message
2025-07-05 21:15:18,266 - telegram.ext.ExtBot - DEBUG - Entering: send_message
2025-07-05 21:15:18,274 - httpcore.http11 - DEBUG - send_request_headers.started request=<Request [b'POST']>
2025-07-05 21:15:18,278 - httpcore.http11 - DEBUG - send_request_headers.complete
2025-07-05 21:15:18,278 - httpcore.http11 - DEBUG - send_request_body.started request=<Request [b'POST']>
2025-07-05 21:15:18,281 - httpcore.http11 - DEBUG - send_request_body.complete
2025-07-05 21:15:18,282 - httpcore.http11 - DEBUG - receive_response_headers.started request=<Request [b'POST']>
2025-07-05 21:15:18,367 - httpcore.http11 - DEBUG - receive_response_headers.complete return_value=(b'HTTP/1.1', 200, b'OK', [(b'Server', b'nginx/1.18.0'), (b'Date', b'Sat, 05 Jul 2025 20:15:19 GMT'), (b'Content-Type', b'application/json'), (b'Content-Length', b'570'), (b'Connection', b'keep-alive'), (b'Strict-Transport-Security', b'max-age=31536000; includeSubDomains; preload'), (b'Access-Control-Allow-Origin', b'*'), (b'Access-Control-Allow-Methods', b'GET, POST, OPTIONS'), (b'Access-Control-Expose-Headers', b'Content-Length,Content-Type,Date,Server,Connection')])
2025-07-05 21:15:18,369 - httpx - INFO - HTTP Request: POST https://api.telegram.org/bot7707158318:AAE8rWa4Q8Z_3avql6K0HAmXaooZAReoNF0/sendMessage "HTTP/1.1 200 OK"
2025-07-05 21:15:18,371 - httpcore.http11 - DEBUG - receive_response_body.started request=<Request [b'POST']>
2025-07-05 21:15:18,373 - httpcore.http11 - DEBUG - receive_response_body.complete
2025-07-05 21:15:18,374 - httpcore.http11 - DEBUG - response_closed.started
2025-07-05 21:15:18,375 - httpcore.http11 - DEBUG - response_closed.complete
2025-07-05 21:15:18,379 - telegram.ext.ExtBot - DEBUG - Message(channel_chat_created=False, chat=Chat(first_name='Ghost', id=7049055170, last_name='Number1', type=<ChatType.PRIVATE>), date=datetime.datetime(2025, 7, 5, 20, 15, 19, tzinfo=<UTC>), delete_chat_photo=False, from_user=User(first_name='SPRD', id=7707158318, is_bot=True, username='tizi91Bot'), group_chat_created=False, message_id=12950, reply_markup=InlineKeyboardMarkup(inline_keyboard=((InlineKeyboardButton(callback_data='start_sniperx', text='🚀 Start SniperX'),), (InlineKeyboardButton(callback_data='stop_sniperx', text='🛑 Stop SniperX'), InlineKeyboardButton(callback_data='status_sniperx', text='📊 Status')), (InlineKeyboardButton(callback_data='show_balance', text='💰 Balance'),))), supergroup_chat_created=False, text='SniperX Bot Control Panel:')
2025-07-05 21:15:18,385 - telegram.ext.ExtBot - DEBUG - Exiting: send_message
2025-07-05 21:15:25,777 - httpcore.http11 - DEBUG - receive_response_headers.complete return_value=(b'HTTP/1.1', 200, b'OK', [(b'Server', b'nginx/1.18.0'), (b'Date', b'Sat, 05 Jul 2025 20:15:27 GMT'), (b'Content-Type', b'application/json'), (b'Content-Length', b'23'), (b'Connection', b'keep-alive'), (b'Strict-Transport-Security', b'max-age=31536000; includeSubDomains; preload'), (b'Access-Control-Allow-Origin', b'*'), (b'Access-Control-Allow-Methods', b'GET, POST, OPTIONS'), (b'Access-Control-Expose-Headers', b'Content-Length,Content-Type,Date,Server,Connection')])
2025-07-05 21:15:25,778 - httpx - INFO - HTTP Request: POST https://api.telegram.org/bot7707158318:AAE8rWa4Q8Z_3avql6K0HAmXaooZAReoNF0/getUpdates "HTTP/1.1 200 OK"
2025-07-05 21:15:25,780 - httpcore.http11 - DEBUG - receive_response_body.started request=<Request [b'POST']>
2025-07-05 21:15:25,781 - httpcore.http11 - DEBUG - receive_response_body.complete
2025-07-05 21:15:25,782 - httpcore.http11 - DEBUG - response_closed.started
2025-07-05 21:15:25,782 - httpcore.http11 - DEBUG - response_closed.complete
2025-07-05 21:15:25,784 - telegram.ext.ExtBot - DEBUG - No new updates found.
2025-07-05 21:15:25,784 - telegram.ext.ExtBot - DEBUG - ()
2025-07-05 21:15:25,784 - telegram.ext.ExtBot - DEBUG - Exiting: get_updates
2025-07-05 21:15:25,784 - telegram.ext.ExtBot - DEBUG - Entering: get_updates
2025-07-05 21:15:25,787 - httpcore.http11 - DEBUG - send_request_headers.started request=<Request [b'POST']>
2025-07-05 21:15:25,788 - httpcore.http11 - DEBUG - send_request_headers.complete
2025-07-05 21:15:25,789 - httpcore.http11 - DEBUG - send_request_body.started request=<Request [b'POST']>
2025-07-05 21:15:25,791 - httpcore.http11 - DEBUG - send_request_body.complete
2025-07-05 21:15:25,791 - httpcore.http11 - DEBUG - receive_response_headers.started request=<Request [b'POST']>
2025-07-05 21:15:35,914 - httpcore.http11 - DEBUG - receive_response_headers.complete return_value=(b'HTTP/1.1', 200, b'OK', [(b'Server', b'nginx/1.18.0'), (b'Date', b'Sat, 05 Jul 2025 20:15:37 GMT'), (b'Content-Type', b'application/json'), (b'Content-Length', b'23'), (b'Connection', b'keep-alive'), (b'Strict-Transport-Security', b'max-age=31536000; includeSubDomains; preload'), (b'Access-Control-Allow-Origin', b'*'), (b'Access-Control-Allow-Methods', b'GET, POST, OPTIONS'), (b'Access-Control-Expose-Headers', b'Content-Length,Content-Type,Date,Server,Connection')])
2025-07-05 21:15:35,916 - httpx - INFO - HTTP Request: POST https://api.telegram.org/bot7707158318:AAE8rWa4Q8Z_3avql6K0HAmXaooZAReoNF0/getUpdates "HTTP/1.1 200 OK"
2025-07-05 21:15:35,917 - httpcore.http11 - DEBUG - receive_response_body.started request=<Request [b'POST']>
2025-07-05 21:15:35,918 - httpcore.http11 - DEBUG - receive_response_body.complete
2025-07-05 21:15:35,918 - httpcore.http11 - DEBUG - response_closed.started
2025-07-05 21:15:35,920 - httpcore.http11 - DEBUG - response_closed.complete
2025-07-05 21:15:35,921 - telegram.ext.ExtBot - DEBUG - No new updates found.
2025-07-05 21:15:35,921 - telegram.ext.ExtBot - DEBUG - ()
2025-07-05 21:15:35,922 - telegram.ext.ExtBot - DEBUG - Exiting: get_updates
2025-07-05 21:15:35,922 - telegram.ext.ExtBot - DEBUG - Entering: get_updates
2025-07-05 21:15:35,925 - httpcore.http11 - DEBUG - send_request_headers.started request=<Request [b'POST']>
2025-07-05 21:15:35,927 - httpcore.http11 - DEBUG - send_request_headers.complete
2025-07-05 21:15:35,928 - httpcore.http11 - DEBUG - send_request_body.started request=<Request [b'POST']>
2025-07-05 21:15:35,930 - httpcore.http11 - DEBUG - send_request_body.complete
2025-07-05 21:15:35,930 - httpcore.http11 - DEBUG - receive_response_headers.started request=<Request [b'POST']>
2025-07-05 21:15:45,982 - httpcore.http11 - DEBUG - receive_response_headers.complete return_value=(b'HTTP/1.1', 200, b'OK', [(b'Server', b'nginx/1.18.0'), (b'Date', b'Sat, 05 Jul 2025 20:15:47 GMT'), (b'Content-Type', b'application/json'), (b'Content-Length', b'23'), (b'Connection', b'keep-alive'), (b'Strict-Transport-Security', b'max-age=31536000; includeSubDomains; preload'), (b'Access-Control-Allow-Origin', b'*'), (b'Access-Control-Allow-Methods', b'GET, POST, OPTIONS'), (b'Access-Control-Expose-Headers', b'Content-Length,Content-Type,Date,Server,Connection')])
2025-07-05 21:15:45,984 - httpx - INFO - HTTP Request: POST https://api.telegram.org/bot7707158318:AAE8rWa4Q8Z_3avql6K0HAmXaooZAReoNF0/getUpdates "HTTP/1.1 200 OK"
2025-07-05 21:15:45,985 - httpcore.http11 - DEBUG - receive_response_body.started request=<Request [b'POST']>
2025-07-05 21:15:45,986 - httpcore.http11 - DEBUG - receive_response_body.complete
2025-07-05 21:15:45,986 - httpcore.http11 - DEBUG - response_closed.started
2025-07-05 21:15:45,988 - httpcore.http11 - DEBUG - response_closed.complete
2025-07-05 21:15:45,990 - telegram.ext.ExtBot - DEBUG - No new updates found.
2025-07-05 21:15:45,990 - telegram.ext.ExtBot - DEBUG - ()
2025-07-05 21:15:45,990 - telegram.ext.ExtBot - DEBUG - Exiting: get_updates
2025-07-05 21:15:45,990 - telegram.ext.ExtBot - DEBUG - Entering: get_updates
2025-07-05 21:15:45,994 - httpcore.http11 - DEBUG - send_request_headers.started request=<Request [b'POST']>
2025-07-05 21:15:45,997 - httpcore.http11 - DEBUG - send_request_headers.complete
2025-07-05 21:15:45,998 - httpcore.http11 - DEBUG - send_request_body.started request=<Request [b'POST']>
2025-07-05 21:15:45,998 - httpcore.http11 - DEBUG - send_request_body.complete
2025-07-05 21:15:46,000 - httpcore.http11 - DEBUG - receive_response_headers.started request=<Request [b'POST']>
2025-07-05 21:15:56,089 - httpcore.http11 - DEBUG - receive_response_headers.complete return_value=(b'HTTP/1.1', 200, b'OK', [(b'Server', b'nginx/1.18.0'), (b'Date', b'Sat, 05 Jul 2025 20:15:57 GMT'), (b'Content-Type', b'application/json'), (b'Content-Length', b'23'), (b'Connection', b'keep-alive'), (b'Strict-Transport-Security', b'max-age=31536000; includeSubDomains; preload'), (b'Access-Control-Allow-Origin', b'*'), (b'Access-Control-Allow-Methods', b'GET, POST, OPTIONS'), (b'Access-Control-Expose-Headers', b'Content-Length,Content-Type,Date,Server,Connection')])
2025-07-05 21:15:56,091 - httpx - INFO - HTTP Request: POST https://api.telegram.org/bot7707158318:AAE8rWa4Q8Z_3avql6K0HAmXaooZAReoNF0/getUpdates "HTTP/1.1 200 OK"
2025-07-05 21:15:56,093 - httpcore.http11 - DEBUG - receive_response_body.started request=<Request [b'POST']>
2025-07-05 21:15:56,093 - httpcore.http11 - DEBUG - receive_response_body.complete
2025-07-05 21:15:56,093 - httpcore.http11 - DEBUG - response_closed.started
2025-07-05 21:15:56,093 - httpcore.http11 - DEBUG - response_closed.complete
2025-07-05 21:15:56,093 - telegram.ext.ExtBot - DEBUG - No new updates found.
2025-07-05 21:15:56,093 - telegram.ext.ExtBot - DEBUG - ()
2025-07-05 21:15:56,093 - telegram.ext.ExtBot - DEBUG - Exiting: get_updates
2025-07-05 21:15:56,093 - telegram.ext.ExtBot - DEBUG - Entering: get_updates
2025-07-05 21:15:56,099 - httpcore.http11 - DEBUG - send_request_headers.started request=<Request [b'POST']>
2025-07-05 21:15:56,099 - httpcore.http11 - DEBUG - send_request_headers.complete
2025-07-05 21:15:56,101 - httpcore.http11 - DEBUG - send_request_body.started request=<Request [b'POST']>
2025-07-05 21:15:56,103 - httpcore.http11 - DEBUG - send_request_body.complete
2025-07-05 21:15:56,103 - httpcore.http11 - DEBUG - receive_response_headers.started request=<Request [b'POST']>
2025-07-05 21:16:06,223 - httpcore.http11 - DEBUG - receive_response_headers.complete return_value=(b'HTTP/1.1', 200, b'OK', [(b'Server', b'nginx/1.18.0'), (b'Date', b'Sat, 05 Jul 2025 20:16:07 GMT'), (b'Content-Type', b'application/json'), (b'Content-Length', b'23'), (b'Connection', b'keep-alive'), (b'Strict-Transport-Security', b'max-age=31536000; includeSubDomains; preload'), (b'Access-Control-Allow-Origin', b'*'), (b'Access-Control-Allow-Methods', b'GET, POST, OPTIONS'), (b'Access-Control-Expose-Headers', b'Content-Length,Content-Type,Date,Server,Connection')])
2025-07-05 21:16:06,223 - httpx - INFO - HTTP Request: POST https://api.telegram.org/bot7707158318:AAE8rWa4Q8Z_3avql6K0HAmXaooZAReoNF0/getUpdates "HTTP/1.1 200 OK"
2025-07-05 21:16:06,227 - httpcore.http11 - DEBUG - receive_response_body.started request=<Request [b'POST']>
2025-07-05 21:16:06,227 - httpcore.http11 - DEBUG - receive_response_body.complete
2025-07-05 21:16:06,227 - httpcore.http11 - DEBUG - response_closed.started
2025-07-05 21:16:06,227 - httpcore.http11 - DEBUG - response_closed.complete
2025-07-05 21:16:06,229 - telegram.ext.ExtBot - DEBUG - No new updates found.
2025-07-05 21:16:06,229 - telegram.ext.ExtBot - DEBUG - ()
2025-07-05 21:16:06,229 - telegram.ext.ExtBot - DEBUG - Exiting: get_updates
2025-07-05 21:16:06,229 - telegram.ext.ExtBot - DEBUG - Entering: get_updates
2025-07-05 21:16:06,235 - httpcore.http11 - DEBUG - send_request_headers.started request=<Request [b'POST']>
2025-07-05 21:16:06,235 - httpcore.http11 - DEBUG - send_request_headers.complete
2025-07-05 21:16:06,238 - httpcore.http11 - DEBUG - send_request_body.started request=<Request [b'POST']>
2025-07-05 21:16:06,238 - httpcore.http11 - DEBUG - send_request_body.complete
2025-07-05 21:16:06,238 - httpcore.http11 - DEBUG - receive_response_headers.started request=<Request [b'POST']>
2025-07-05 21:16:16,295 - httpcore.http11 - DEBUG - receive_response_headers.complete return_value=(b'HTTP/1.1', 200, b'OK', [(b'Server', b'nginx/1.18.0'), (b'Date', b'Sat, 05 Jul 2025 20:16:17 GMT'), (b'Content-Type', b'application/json'), (b'Content-Length', b'23'), (b'Connection', b'keep-alive'), (b'Strict-Transport-Security', b'max-age=31536000; includeSubDomains; preload'), (b'Access-Control-Allow-Origin', b'*'), (b'Access-Control-Allow-Methods', b'GET, POST, OPTIONS'), (b'Access-Control-Expose-Headers', b'Content-Length,Content-Type,Date,Server,Connection')])
2025-07-05 21:16:16,296 - httpx - INFO - HTTP Request: POST https://api.telegram.org/bot7707158318:AAE8rWa4Q8Z_3avql6K0HAmXaooZAReoNF0/getUpdates "HTTP/1.1 200 OK"
2025-07-05 21:16:16,298 - httpcore.http11 - DEBUG - receive_response_body.started request=<Request [b'POST']>
2025-07-05 21:16:16,298 - httpcore.http11 - DEBUG - receive_response_body.complete
2025-07-05 21:16:16,298 - httpcore.http11 - DEBUG - response_closed.started
2025-07-05 21:16:16,298 - httpcore.http11 - DEBUG - response_closed.complete
2025-07-05 21:16:16,298 - telegram.ext.ExtBot - DEBUG - No new updates found.
2025-07-05 21:16:16,298 - telegram.ext.ExtBot - DEBUG - ()
2025-07-05 21:16:16,298 - telegram.ext.ExtBot - DEBUG - Exiting: get_updates
2025-07-05 21:16:16,298 - telegram.ext.ExtBot - DEBUG - Entering: get_updates
2025-07-05 21:16:16,303 - httpcore.http11 - DEBUG - send_request_headers.started request=<Request [b'POST']>
2025-07-05 21:16:16,305 - httpcore.http11 - DEBUG - send_request_headers.complete
2025-07-05 21:16:16,305 - httpcore.http11 - DEBUG - send_request_body.started request=<Request [b'POST']>
2025-07-05 21:16:16,305 - httpcore.http11 - DEBUG - send_request_body.complete
2025-07-05 21:16:16,305 - httpcore.http11 - DEBUG - receive_response_headers.started request=<Request [b'POST']>
2025-07-05 21:16:26,359 - httpcore.http11 - DEBUG - receive_response_headers.complete return_value=(b'HTTP/1.1', 200, b'OK', [(b'Server', b'nginx/1.18.0'), (b'Date', b'Sat, 05 Jul 2025 20:16:27 GMT'), (b'Content-Type', b'application/json'), (b'Content-Length', b'23'), (b'Connection', b'keep-alive'), (b'Strict-Transport-Security', b'max-age=31536000; includeSubDomains; preload'), (b'Access-Control-Allow-Origin', b'*'), (b'Access-Control-Allow-Methods', b'GET, POST, OPTIONS'), (b'Access-Control-Expose-Headers', b'Content-Length,Content-Type,Date,Server,Connection')])
2025-07-05 21:16:26,360 - httpx - INFO - HTTP Request: POST https://api.telegram.org/bot7707158318:AAE8rWa4Q8Z_3avql6K0HAmXaooZAReoNF0/getUpdates "HTTP/1.1 200 OK"
2025-07-05 21:16:26,360 - httpcore.http11 - DEBUG - receive_response_body.started request=<Request [b'POST']>
2025-07-05 21:16:26,363 - httpcore.http11 - DEBUG - receive_response_body.complete
2025-07-05 21:16:26,363 - httpcore.http11 - DEBUG - response_closed.started
2025-07-05 21:16:26,364 - httpcore.http11 - DEBUG - response_closed.complete
2025-07-05 21:16:26,364 - telegram.ext.ExtBot - DEBUG - No new updates found.
2025-07-05 21:16:26,364 - telegram.ext.ExtBot - DEBUG - ()
2025-07-05 21:16:26,364 - telegram.ext.ExtBot - DEBUG - Exiting: get_updates
2025-07-05 21:16:26,364 - telegram.ext.ExtBot - DEBUG - Entering: get_updates
2025-07-05 21:16:26,367 - httpcore.http11 - DEBUG - send_request_headers.started request=<Request [b'POST']>
2025-07-05 21:16:26,369 - httpcore.http11 - DEBUG - send_request_headers.complete
2025-07-05 21:16:26,369 - httpcore.http11 - DEBUG - send_request_body.started request=<Request [b'POST']>
2025-07-05 21:16:26,372 - httpcore.http11 - DEBUG - send_request_body.complete
2025-07-05 21:16:26,372 - httpcore.http11 - DEBUG - receive_response_headers.started request=<Request [b'POST']>
