2025-07-05 19:48:56,278 - asyncio - DEBUG - Using proactor: IocpProactor
2025-07-05 19:48:56,284 - httpx - DEBUG - load_ssl_context verify=True cert=None trust_env=True http2=False
2025-07-05 19:48:56,286 - httpx - DEBUG - load_verify_locations cafile='c:\\Users\\Rachid Aitali\\OneDrive - 4JM Solutions Limited\\Desktop\\SniperX-V3-Best-Version-at-now\\.venv\\lib\\site-packages\\certifi\\cacert.pem'
2025-07-05 19:48:56,300 - httpx - DEBUG - load_ssl_context verify=True cert=None trust_env=True http2=False
2025-07-05 19:48:56,300 - httpx - DEBUG - load_verify_locations cafile='c:\\Users\\Rachid Aitali\\OneDrive - 4JM Solutions Limited\\Desktop\\SniperX-V3-Best-Version-at-now\\.venv\\lib\\site-packages\\certifi\\cacert.pem'
2025-07-05 19:48:56,315 - __main__ - INFO - Telegram Manager Bot started. Send /menu to interact.
2025-07-05 19:48:56,317 - telegram.ext.ExtBot - DEBUG - Entering: send_message
2025-07-05 19:48:56,323 - httpcore.connection - DEBUG - connect_tcp.started host='api.telegram.org' port=443 local_address=None timeout=5.0 socket_options=None
2025-07-05 19:48:56,414 - httpcore.connection - DEBUG - connect_tcp.complete return_value=<httpcore._backends.anyio.AnyIOStream object at 0x000002D7DFF5AA10>
2025-07-05 19:48:56,417 - httpcore.connection - DEBUG - start_tls.started ssl_context=<ssl.SSLContext object at 0x000002D7DFE57F40> server_hostname='api.telegram.org' timeout=5.0
2025-07-05 19:48:56,486 - httpcore.connection - DEBUG - start_tls.complete return_value=<httpcore._backends.anyio.AnyIOStream object at 0x000002D7DFF5ACB0>
2025-07-05 19:48:56,486 - httpcore.http11 - DEBUG - send_request_headers.started request=<Request [b'POST']>
2025-07-05 19:48:56,489 - httpcore.http11 - DEBUG - send_request_headers.complete
2025-07-05 19:48:56,489 - httpcore.http11 - DEBUG - send_request_body.started request=<Request [b'POST']>
2025-07-05 19:48:56,490 - httpcore.http11 - DEBUG - send_request_body.complete
2025-07-05 19:48:56,490 - httpcore.http11 - DEBUG - receive_response_headers.started request=<Request [b'POST']>
2025-07-05 19:48:56,629 - httpcore.http11 - DEBUG - receive_response_headers.complete return_value=(b'HTTP/1.1', 200, b'OK', [(b'Server', b'nginx/1.18.0'), (b'Date', b'Sat, 05 Jul 2025 18:48:57 GMT'), (b'Content-Type', b'application/json'), (b'Content-Length', b'352'), (b'Connection', b'keep-alive'), (b'Strict-Transport-Security', b'max-age=31536000; includeSubDomains; preload'), (b'Access-Control-Allow-Origin', b'*'), (b'Access-Control-Allow-Methods', b'GET, POST, OPTIONS'), (b'Access-Control-Expose-Headers', b'Content-Length,Content-Type,Date,Server,Connection')])
2025-07-05 19:48:56,629 - httpx - INFO - HTTP Request: POST https://api.telegram.org/bot7707158318:AAE8rWa4Q8Z_3avql6K0HAmXaooZAReoNF0/sendMessage "HTTP/1.1 200 OK"
2025-07-05 19:48:56,634 - httpcore.http11 - DEBUG - receive_response_body.started request=<Request [b'POST']>
2025-07-05 19:48:56,634 - httpcore.http11 - DEBUG - receive_response_body.complete
2025-07-05 19:48:56,634 - httpcore.http11 - DEBUG - response_closed.started
2025-07-05 19:48:56,634 - httpcore.http11 - DEBUG - response_closed.complete
2025-07-05 19:48:56,637 - telegram.ext.ExtBot - DEBUG - Message(channel_chat_created=False, chat=Chat(first_name='Ghost', id=7049055170, last_name='Number1', type=<ChatType.PRIVATE>), date=datetime.datetime(2025, 7, 5, 18, 48, 57, tzinfo=<UTC>), delete_chat_photo=False, entities=(MessageEntity(length=5, offset=36, type=<MessageEntityType.BOT_COMMAND>),), from_user=User(first_name='SPRD', id=7707158318, is_bot=True, username='tizi91Bot'), group_chat_created=False, message_id=12909, supergroup_chat_created=False, text='SniperX Control Bot is online! Send /menu to see options.')
2025-07-05 19:48:56,637 - telegram.ext.ExtBot - DEBUG - Exiting: send_message
2025-07-05 19:48:56,637 - telegram.ext.ExtBot - DEBUG - Entering: get_me
2025-07-05 19:48:56,637 - httpcore.http11 - DEBUG - send_request_headers.started request=<Request [b'POST']>
2025-07-05 19:48:56,637 - httpcore.http11 - DEBUG - send_request_headers.complete
2025-07-05 19:48:56,637 - httpcore.http11 - DEBUG - send_request_body.started request=<Request [b'POST']>
2025-07-05 19:48:56,637 - httpcore.http11 - DEBUG - send_request_body.complete
2025-07-05 19:48:56,637 - httpcore.http11 - DEBUG - receive_response_headers.started request=<Request [b'POST']>
2025-07-05 19:48:56,701 - httpcore.http11 - DEBUG - receive_response_headers.complete return_value=(b'HTTP/1.1', 200, b'OK', [(b'Server', b'nginx/1.18.0'), (b'Date', b'Sat, 05 Jul 2025 18:48:58 GMT'), (b'Content-Type', b'application/json'), (b'Content-Length', b'243'), (b'Connection', b'keep-alive'), (b'Strict-Transport-Security', b'max-age=31536000; includeSubDomains; preload'), (b'Access-Control-Allow-Origin', b'*'), (b'Access-Control-Allow-Methods', b'GET, POST, OPTIONS'), (b'Access-Control-Expose-Headers', b'Content-Length,Content-Type,Date,Server,Connection')])
2025-07-05 19:48:56,702 - httpx - INFO - HTTP Request: POST https://api.telegram.org/bot7707158318:AAE8rWa4Q8Z_3avql6K0HAmXaooZAReoNF0/getMe "HTTP/1.1 200 OK"
2025-07-05 19:48:56,705 - httpcore.http11 - DEBUG - receive_response_body.started request=<Request [b'POST']>
2025-07-05 19:48:56,706 - httpcore.http11 - DEBUG - receive_response_body.complete
2025-07-05 19:48:56,707 - httpcore.http11 - DEBUG - response_closed.started
2025-07-05 19:48:56,707 - httpcore.http11 - DEBUG - response_closed.complete
2025-07-05 19:48:56,709 - telegram.ext.ExtBot - DEBUG - User(api_kwargs={'can_connect_to_business': False, 'has_main_web_app': False}, can_join_groups=True, can_read_all_group_messages=False, first_name='SPRD', id=7707158318, is_bot=True, supports_inline_queries=False, username='tizi91Bot')
2025-07-05 19:48:56,709 - telegram.ext.ExtBot - DEBUG - Exiting: get_me
2025-07-05 19:48:56,709 - telegram.ext.ExtBot - DEBUG - This Bot is already initialized.
2025-07-05 19:48:56,709 - telegram.ext.Updater - DEBUG - Updater started (polling)
2025-07-05 19:48:56,711 - telegram.ext.Updater - DEBUG - Start network loop retry bootstrap del webhook
2025-07-05 19:48:56,711 - telegram.ext.Updater - DEBUG - Deleting webhook
2025-07-05 19:48:56,711 - telegram.ext.ExtBot - DEBUG - Entering: delete_webhook
2025-07-05 19:48:56,711 - httpcore.http11 - DEBUG - send_request_headers.started request=<Request [b'POST']>
2025-07-05 19:48:56,714 - httpcore.http11 - DEBUG - send_request_headers.complete
2025-07-05 19:48:56,714 - httpcore.http11 - DEBUG - send_request_body.started request=<Request [b'POST']>
2025-07-05 19:48:56,714 - httpcore.http11 - DEBUG - send_request_body.complete
2025-07-05 19:48:56,714 - httpcore.http11 - DEBUG - receive_response_headers.started request=<Request [b'POST']>
2025-07-05 19:48:56,767 - httpcore.http11 - DEBUG - receive_response_headers.complete return_value=(b'HTTP/1.1', 200, b'OK', [(b'Server', b'nginx/1.18.0'), (b'Date', b'Sat, 05 Jul 2025 18:48:58 GMT'), (b'Content-Type', b'application/json'), (b'Content-Length', b'68'), (b'Connection', b'keep-alive'), (b'Strict-Transport-Security', b'max-age=31536000; includeSubDomains; preload'), (b'Access-Control-Allow-Origin', b'*'), (b'Access-Control-Allow-Methods', b'GET, POST, OPTIONS'), (b'Access-Control-Expose-Headers', b'Content-Length,Content-Type,Date,Server,Connection')])
2025-07-05 19:48:56,770 - httpx - INFO - HTTP Request: POST https://api.telegram.org/bot7707158318:AAE8rWa4Q8Z_3avql6K0HAmXaooZAReoNF0/deleteWebhook "HTTP/1.1 200 OK"
2025-07-05 19:48:56,772 - httpcore.http11 - DEBUG - receive_response_body.started request=<Request [b'POST']>
2025-07-05 19:48:56,772 - httpcore.http11 - DEBUG - receive_response_body.complete
2025-07-05 19:48:56,773 - httpcore.http11 - DEBUG - response_closed.started
2025-07-05 19:48:56,773 - httpcore.http11 - DEBUG - response_closed.complete
2025-07-05 19:48:56,776 - telegram.ext.ExtBot - DEBUG - True
2025-07-05 19:48:56,776 - telegram.ext.ExtBot - DEBUG - Exiting: delete_webhook
2025-07-05 19:48:56,776 - telegram.ext.Updater - DEBUG - Bootstrap done
2025-07-05 19:48:56,776 - telegram.ext.Updater - DEBUG - Waiting for polling to start
2025-07-05 19:48:56,776 - telegram.ext.Updater - DEBUG - Polling updates from Telegram started
2025-07-05 19:48:56,776 - telegram.ext.Updater - DEBUG - Start network loop retry getting Updates
2025-07-05 19:48:56,776 - telegram.ext.ExtBot - DEBUG - Entering: get_updates
2025-07-05 19:48:56,779 - telegram.ext.Application - INFO - Application started
2025-07-05 19:48:56,781 - httpcore.connection - DEBUG - connect_tcp.started host='api.telegram.org' port=443 local_address=None timeout=5.0 socket_options=None
2025-07-05 19:48:56,833 - httpcore.connection - DEBUG - connect_tcp.complete return_value=<httpcore._backends.anyio.AnyIOStream object at 0x000002D7DFFA7130>
2025-07-05 19:48:56,834 - httpcore.connection - DEBUG - start_tls.started ssl_context=<ssl.SSLContext object at 0x000002D7DFF1C140> server_hostname='api.telegram.org' timeout=5.0
2025-07-05 19:48:56,891 - httpcore.connection - DEBUG - start_tls.complete return_value=<httpcore._backends.anyio.AnyIOStream object at 0x000002D7DFFA6FE0>
2025-07-05 19:48:56,894 - httpcore.http11 - DEBUG - send_request_headers.started request=<Request [b'POST']>
2025-07-05 19:48:56,894 - httpcore.http11 - DEBUG - send_request_headers.complete
2025-07-05 19:48:56,895 - httpcore.http11 - DEBUG - send_request_body.started request=<Request [b'POST']>
2025-07-05 19:48:56,896 - httpcore.http11 - DEBUG - send_request_body.complete
2025-07-05 19:48:56,896 - httpcore.http11 - DEBUG - receive_response_headers.started request=<Request [b'POST']>
2025-07-05 19:49:07,043 - httpcore.http11 - DEBUG - receive_response_headers.complete return_value=(b'HTTP/1.1', 200, b'OK', [(b'Server', b'nginx/1.18.0'), (b'Date', b'Sat, 05 Jul 2025 18:49:08 GMT'), (b'Content-Type', b'application/json'), (b'Content-Length', b'23'), (b'Connection', b'keep-alive'), (b'Strict-Transport-Security', b'max-age=31536000; includeSubDomains; preload'), (b'Access-Control-Allow-Origin', b'*'), (b'Access-Control-Allow-Methods', b'GET, POST, OPTIONS'), (b'Access-Control-Expose-Headers', b'Content-Length,Content-Type,Date,Server,Connection')])
2025-07-05 19:49:07,045 - httpx - INFO - HTTP Request: POST https://api.telegram.org/bot7707158318:AAE8rWa4Q8Z_3avql6K0HAmXaooZAReoNF0/getUpdates "HTTP/1.1 200 OK"
2025-07-05 19:49:07,046 - httpcore.http11 - DEBUG - receive_response_body.started request=<Request [b'POST']>
2025-07-05 19:49:07,046 - httpcore.http11 - DEBUG - receive_response_body.complete
2025-07-05 19:49:07,048 - httpcore.http11 - DEBUG - response_closed.started
2025-07-05 19:49:07,048 - httpcore.http11 - DEBUG - response_closed.complete
2025-07-05 19:49:07,048 - telegram.ext.ExtBot - DEBUG - No new updates found.
2025-07-05 19:49:07,048 - telegram.ext.ExtBot - DEBUG - ()
2025-07-05 19:49:07,050 - telegram.ext.ExtBot - DEBUG - Exiting: get_updates
2025-07-05 19:49:07,050 - telegram.ext.ExtBot - DEBUG - Entering: get_updates
2025-07-05 19:49:07,051 - httpcore.http11 - DEBUG - send_request_headers.started request=<Request [b'POST']>
2025-07-05 19:49:07,053 - httpcore.http11 - DEBUG - send_request_headers.complete
2025-07-05 19:49:07,053 - httpcore.http11 - DEBUG - send_request_body.started request=<Request [b'POST']>
2025-07-05 19:49:07,053 - httpcore.http11 - DEBUG - send_request_body.complete
2025-07-05 19:49:07,053 - httpcore.http11 - DEBUG - receive_response_headers.started request=<Request [b'POST']>
2025-07-05 19:49:08,885 - httpcore.http11 - DEBUG - receive_response_headers.complete return_value=(b'HTTP/1.1', 200, b'OK', [(b'Server', b'nginx/1.18.0'), (b'Date', b'Sat, 05 Jul 2025 18:49:10 GMT'), (b'Content-Type', b'application/json'), (b'Content-Length', b'357'), (b'Connection', b'keep-alive'), (b'Strict-Transport-Security', b'max-age=31536000; includeSubDomains; preload'), (b'Access-Control-Allow-Origin', b'*'), (b'Access-Control-Allow-Methods', b'GET, POST, OPTIONS'), (b'Access-Control-Expose-Headers', b'Content-Length,Content-Type,Date,Server,Connection')])
2025-07-05 19:49:08,887 - httpx - INFO - HTTP Request: POST https://api.telegram.org/bot7707158318:AAE8rWa4Q8Z_3avql6K0HAmXaooZAReoNF0/getUpdates "HTTP/1.1 200 OK"
2025-07-05 19:49:08,887 - httpcore.http11 - DEBUG - receive_response_body.started request=<Request [b'POST']>
2025-07-05 19:49:08,887 - httpcore.http11 - DEBUG - receive_response_body.complete
2025-07-05 19:49:08,887 - httpcore.http11 - DEBUG - response_closed.started
2025-07-05 19:49:08,890 - httpcore.http11 - DEBUG - response_closed.complete
2025-07-05 19:49:08,890 - telegram.ext.ExtBot - DEBUG - Getting updates: [37530573]
2025-07-05 19:49:08,890 - telegram.ext.ExtBot - DEBUG - (Update(message=Message(channel_chat_created=False, chat=Chat(first_name='Ghost', id=7049055170, last_name='Number1', type=<ChatType.PRIVATE>), date=datetime.datetime(2025, 7, 5, 18, 49, 10, tzinfo=<UTC>), delete_chat_photo=False, entities=(MessageEntity(length=5, offset=0, type=<MessageEntityType.BOT_COMMAND>),), from_user=User(first_name='Ghost', id=7049055170, is_bot=False, language_code='en', last_name='Number1'), group_chat_created=False, message_id=12910, supergroup_chat_created=False, text='/menu'), update_id=37530573),)
2025-07-05 19:49:08,893 - telegram.ext.ExtBot - DEBUG - Exiting: get_updates
2025-07-05 19:49:08,894 - telegram.ext.ExtBot - DEBUG - Entering: get_updates
2025-07-05 19:49:08,895 - telegram.ext.Application - DEBUG - Processing update Update(message=Message(channel_chat_created=False, chat=Chat(first_name='Ghost', id=7049055170, last_name='Number1', type=<ChatType.PRIVATE>), date=datetime.datetime(2025, 7, 5, 18, 49, 10, tzinfo=<UTC>), delete_chat_photo=False, entities=(MessageEntity(length=5, offset=0, type=<MessageEntityType.BOT_COMMAND>),), from_user=User(first_name='Ghost', id=7049055170, is_bot=False, language_code='en', last_name='Number1'), group_chat_created=False, message_id=12910, supergroup_chat_created=False, text='/menu'), update_id=37530573)
2025-07-05 19:49:08,898 - telegram.ext.ExtBot - DEBUG - Entering: send_message
2025-07-05 19:49:08,901 - httpcore.connection - DEBUG - close.started
2025-07-05 19:49:08,903 - httpcore.connection - DEBUG - close.complete
2025-07-05 19:49:08,903 - httpcore.http11 - DEBUG - send_request_headers.started request=<Request [b'POST']>
2025-07-05 19:49:08,905 - httpcore.connection - DEBUG - connect_tcp.started host='api.telegram.org' port=443 local_address=None timeout=5.0 socket_options=None
2025-07-05 19:49:08,906 - httpcore.http11 - DEBUG - send_request_headers.complete
2025-07-05 19:49:08,906 - httpcore.http11 - DEBUG - send_request_body.started request=<Request [b'POST']>
2025-07-05 19:49:08,907 - httpcore.http11 - DEBUG - send_request_body.complete
2025-07-05 19:49:08,908 - httpcore.http11 - DEBUG - receive_response_headers.started request=<Request [b'POST']>
2025-07-05 19:49:08,964 - httpcore.connection - DEBUG - connect_tcp.complete return_value=<httpcore._backends.anyio.AnyIOStream object at 0x000002D7DFFA5810>
2025-07-05 19:49:08,965 - httpcore.connection - DEBUG - start_tls.started ssl_context=<ssl.SSLContext object at 0x000002D7DFE57F40> server_hostname='api.telegram.org' timeout=5.0
2025-07-05 19:49:09,041 - httpcore.connection - DEBUG - start_tls.complete return_value=<httpcore._backends.anyio.AnyIOStream object at 0x000002D7DFFA6830>
2025-07-05 19:49:09,041 - httpcore.http11 - DEBUG - send_request_headers.started request=<Request [b'POST']>
2025-07-05 19:49:09,043 - httpcore.http11 - DEBUG - send_request_headers.complete
2025-07-05 19:49:09,043 - httpcore.http11 - DEBUG - send_request_body.started request=<Request [b'POST']>
2025-07-05 19:49:09,044 - httpcore.http11 - DEBUG - send_request_body.complete
2025-07-05 19:49:09,044 - httpcore.http11 - DEBUG - receive_response_headers.started request=<Request [b'POST']>
2025-07-05 19:49:09,120 - httpcore.http11 - DEBUG - receive_response_headers.complete return_value=(b'HTTP/1.1', 200, b'OK', [(b'Server', b'nginx/1.18.0'), (b'Date', b'Sat, 05 Jul 2025 18:49:10 GMT'), (b'Content-Type', b'application/json'), (b'Content-Length', b'570'), (b'Connection', b'keep-alive'), (b'Strict-Transport-Security', b'max-age=31536000; includeSubDomains; preload'), (b'Access-Control-Allow-Origin', b'*'), (b'Access-Control-Allow-Methods', b'GET, POST, OPTIONS'), (b'Access-Control-Expose-Headers', b'Content-Length,Content-Type,Date,Server,Connection')])
2025-07-05 19:49:09,123 - httpx - INFO - HTTP Request: POST https://api.telegram.org/bot7707158318:AAE8rWa4Q8Z_3avql6K0HAmXaooZAReoNF0/sendMessage "HTTP/1.1 200 OK"
2025-07-05 19:49:09,123 - httpcore.http11 - DEBUG - receive_response_body.started request=<Request [b'POST']>
2025-07-05 19:49:09,124 - httpcore.http11 - DEBUG - receive_response_body.complete
2025-07-05 19:49:09,124 - httpcore.http11 - DEBUG - response_closed.started
2025-07-05 19:49:09,124 - httpcore.http11 - DEBUG - response_closed.complete
2025-07-05 19:49:09,126 - telegram.ext.ExtBot - DEBUG - Message(channel_chat_created=False, chat=Chat(first_name='Ghost', id=7049055170, last_name='Number1', type=<ChatType.PRIVATE>), date=datetime.datetime(2025, 7, 5, 18, 49, 10, tzinfo=<UTC>), delete_chat_photo=False, from_user=User(first_name='SPRD', id=7707158318, is_bot=True, username='tizi91Bot'), group_chat_created=False, message_id=12911, reply_markup=InlineKeyboardMarkup(inline_keyboard=((InlineKeyboardButton(callback_data='start_sniperx', text='🚀 Start SniperX'),), (InlineKeyboardButton(callback_data='stop_sniperx', text='🛑 Stop SniperX'), InlineKeyboardButton(callback_data='status_sniperx', text='📊 Status')), (InlineKeyboardButton(callback_data='show_balance', text='💰 Balance'),))), supergroup_chat_created=False, text='SniperX Bot Control Panel:')
2025-07-05 19:49:09,128 - telegram.ext.ExtBot - DEBUG - Exiting: send_message
2025-07-05 19:49:10,730 - httpcore.http11 - DEBUG - receive_response_headers.complete return_value=(b'HTTP/1.1', 200, b'OK', [(b'Server', b'nginx/1.18.0'), (b'Date', b'Sat, 05 Jul 2025 18:49:11 GMT'), (b'Content-Type', b'application/json'), (b'Content-Length', b'818'), (b'Connection', b'keep-alive'), (b'Strict-Transport-Security', b'max-age=31536000; includeSubDomains; preload'), (b'Access-Control-Allow-Origin', b'*'), (b'Access-Control-Allow-Methods', b'GET, POST, OPTIONS'), (b'Access-Control-Expose-Headers', b'Content-Length,Content-Type,Date,Server,Connection')])
2025-07-05 19:49:10,730 - httpx - INFO - HTTP Request: POST https://api.telegram.org/bot7707158318:AAE8rWa4Q8Z_3avql6K0HAmXaooZAReoNF0/getUpdates "HTTP/1.1 200 OK"
2025-07-05 19:49:10,734 - httpcore.http11 - DEBUG - receive_response_body.started request=<Request [b'POST']>
2025-07-05 19:49:10,735 - httpcore.http11 - DEBUG - receive_response_body.complete
2025-07-05 19:49:10,735 - httpcore.http11 - DEBUG - response_closed.started
2025-07-05 19:49:10,735 - httpcore.http11 - DEBUG - response_closed.complete
2025-07-05 19:49:10,735 - telegram.ext.ExtBot - DEBUG - Getting updates: [37530574]
2025-07-05 19:49:10,737 - telegram.ext.ExtBot - DEBUG - (Update(callback_query=CallbackQuery(chat_instance='-1307310250263184334', data='start_sniperx', from_user=User(first_name='Ghost', id=7049055170, is_bot=False, language_code='en', last_name='Number1'), id='2605345314424656661', message=Message(channel_chat_created=False, chat=Chat(first_name='Ghost', id=7049055170, last_name='Number1', type=<ChatType.PRIVATE>), date=datetime.datetime(2025, 7, 5, 18, 49, 10, tzinfo=<UTC>), delete_chat_photo=False, from_user=User(first_name='SPRD', id=7707158318, is_bot=True, username='tizi91Bot'), group_chat_created=False, message_id=12911, reply_markup=InlineKeyboardMarkup(inline_keyboard=((InlineKeyboardButton(callback_data='start_sniperx', text='🚀 Start SniperX'),), (InlineKeyboardButton(callback_data='stop_sniperx', text='🛑 Stop SniperX'), InlineKeyboardButton(callback_data='status_sniperx', text='📊 Status')), (InlineKeyboardButton(callback_data='show_balance', text='💰 Balance'),))), supergroup_chat_created=False, text='SniperX Bot Control Panel:')), update_id=37530574),)
2025-07-05 19:49:10,739 - telegram.ext.ExtBot - DEBUG - Exiting: get_updates
2025-07-05 19:49:10,740 - telegram.ext.ExtBot - DEBUG - Entering: get_updates
2025-07-05 19:49:10,741 - telegram.ext.Application - DEBUG - Processing update Update(callback_query=CallbackQuery(chat_instance='-1307310250263184334', data='start_sniperx', from_user=User(first_name='Ghost', id=7049055170, is_bot=False, language_code='en', last_name='Number1'), id='2605345314424656661', message=Message(channel_chat_created=False, chat=Chat(first_name='Ghost', id=7049055170, last_name='Number1', type=<ChatType.PRIVATE>), date=datetime.datetime(2025, 7, 5, 18, 49, 10, tzinfo=<UTC>), delete_chat_photo=False, from_user=User(first_name='SPRD', id=7707158318, is_bot=True, username='tizi91Bot'), group_chat_created=False, message_id=12911, reply_markup=InlineKeyboardMarkup(inline_keyboard=((InlineKeyboardButton(callback_data='start_sniperx', text='🚀 Start SniperX'),), (InlineKeyboardButton(callback_data='stop_sniperx', text='🛑 Stop SniperX'), InlineKeyboardButton(callback_data='status_sniperx', text='📊 Status')), (InlineKeyboardButton(callback_data='show_balance', text='💰 Balance'),))), supergroup_chat_created=False, text='SniperX Bot Control Panel:')), update_id=37530574)
2025-07-05 19:49:10,743 - __main__ - INFO - Button callback received: Update(callback_query=CallbackQuery(chat_instance='-1307310250263184334', data='start_sniperx', from_user=User(first_name='Ghost', id=7049055170, is_bot=False, language_code='en', last_name='Number1'), id='2605345314424656661', message=Message(channel_chat_created=False, chat=Chat(first_name='Ghost', id=7049055170, last_name='Number1', type=<ChatType.PRIVATE>), date=datetime.datetime(2025, 7, 5, 18, 49, 10, tzinfo=<UTC>), delete_chat_photo=False, from_user=User(first_name='SPRD', id=7707158318, is_bot=True, username='tizi91Bot'), group_chat_created=False, message_id=12911, reply_markup=InlineKeyboardMarkup(inline_keyboard=((InlineKeyboardButton(callback_data='start_sniperx', text='🚀 Start SniperX'),), (InlineKeyboardButton(callback_data='stop_sniperx', text='🛑 Stop SniperX'), InlineKeyboardButton(callback_data='status_sniperx', text='📊 Status')), (InlineKeyboardButton(callback_data='show_balance', text='💰 Balance'),))), supergroup_chat_created=False, text='SniperX Bot Control Panel:')), update_id=37530574)
2025-07-05 19:49:10,743 - telegram.ext.ExtBot - DEBUG - Entering: answer_callback_query
2025-07-05 19:49:10,752 - httpcore.http11 - DEBUG - send_request_headers.started request=<Request [b'POST']>
2025-07-05 19:49:10,754 - httpcore.http11 - DEBUG - send_request_headers.started request=<Request [b'POST']>
2025-07-05 19:49:10,754 - httpcore.http11 - DEBUG - send_request_headers.complete
2025-07-05 19:49:10,755 - httpcore.http11 - DEBUG - send_request_body.started request=<Request [b'POST']>
2025-07-05 19:49:10,755 - httpcore.http11 - DEBUG - send_request_headers.complete
2025-07-05 19:49:10,755 - httpcore.http11 - DEBUG - send_request_body.started request=<Request [b'POST']>
2025-07-05 19:49:10,758 - httpcore.http11 - DEBUG - send_request_body.complete
2025-07-05 19:49:10,758 - httpcore.http11 - DEBUG - receive_response_headers.started request=<Request [b'POST']>
2025-07-05 19:49:10,758 - httpcore.http11 - DEBUG - send_request_body.complete
2025-07-05 19:49:10,759 - httpcore.http11 - DEBUG - receive_response_headers.started request=<Request [b'POST']>
2025-07-05 19:49:10,838 - httpcore.http11 - DEBUG - receive_response_headers.complete return_value=(b'HTTP/1.1', 200, b'OK', [(b'Server', b'nginx/1.18.0'), (b'Date', b'Sat, 05 Jul 2025 18:49:12 GMT'), (b'Content-Type', b'application/json'), (b'Content-Length', b'25'), (b'Connection', b'keep-alive'), (b'Strict-Transport-Security', b'max-age=31536000; includeSubDomains; preload'), (b'Access-Control-Allow-Origin', b'*'), (b'Access-Control-Allow-Methods', b'GET, POST, OPTIONS'), (b'Access-Control-Expose-Headers', b'Content-Length,Content-Type,Date,Server,Connection')])
2025-07-05 19:49:10,838 - httpx - INFO - HTTP Request: POST https://api.telegram.org/bot7707158318:AAE8rWa4Q8Z_3avql6K0HAmXaooZAReoNF0/answerCallbackQuery "HTTP/1.1 200 OK"
2025-07-05 19:49:10,841 - httpcore.http11 - DEBUG - receive_response_body.started request=<Request [b'POST']>
2025-07-05 19:49:10,843 - httpcore.http11 - DEBUG - receive_response_body.complete
2025-07-05 19:49:10,843 - httpcore.http11 - DEBUG - response_closed.started
2025-07-05 19:49:10,844 - httpcore.http11 - DEBUG - response_closed.complete
2025-07-05 19:49:10,845 - telegram.ext.ExtBot - DEBUG - True
2025-07-05 19:49:10,845 - telegram.ext.ExtBot - DEBUG - Exiting: answer_callback_query
2025-07-05 19:49:10,845 - __main__ - INFO - Processing action: start_sniperx
2025-07-05 19:49:10,848 - telegram.ext.ExtBot - DEBUG - Entering: send_message
2025-07-05 19:49:10,852 - httpcore.http11 - DEBUG - send_request_headers.started request=<Request [b'POST']>
2025-07-05 19:49:10,853 - httpcore.http11 - DEBUG - send_request_headers.complete
2025-07-05 19:49:10,854 - httpcore.http11 - DEBUG - send_request_body.started request=<Request [b'POST']>
2025-07-05 19:49:10,854 - httpcore.http11 - DEBUG - send_request_body.complete
2025-07-05 19:49:10,854 - httpcore.http11 - DEBUG - receive_response_headers.started request=<Request [b'POST']>
2025-07-05 19:49:10,974 - httpcore.http11 - DEBUG - receive_response_headers.complete return_value=(b'HTTP/1.1', 200, b'OK', [(b'Server', b'nginx/1.18.0'), (b'Date', b'Sat, 05 Jul 2025 18:49:12 GMT'), (b'Content-Type', b'application/json'), (b'Content-Length', b'262'), (b'Connection', b'keep-alive'), (b'Strict-Transport-Security', b'max-age=31536000; includeSubDomains; preload'), (b'Access-Control-Allow-Origin', b'*'), (b'Access-Control-Allow-Methods', b'GET, POST, OPTIONS'), (b'Access-Control-Expose-Headers', b'Content-Length,Content-Type,Date,Server,Connection')])
2025-07-05 19:49:10,974 - httpx - INFO - HTTP Request: POST https://api.telegram.org/bot7707158318:AAE8rWa4Q8Z_3avql6K0HAmXaooZAReoNF0/sendMessage "HTTP/1.1 200 OK"
2025-07-05 19:49:10,974 - httpcore.http11 - DEBUG - receive_response_body.started request=<Request [b'POST']>
2025-07-05 19:49:10,974 - httpcore.http11 - DEBUG - receive_response_body.complete
2025-07-05 19:49:10,974 - httpcore.http11 - DEBUG - response_closed.started
2025-07-05 19:49:10,974 - httpcore.http11 - DEBUG - response_closed.complete
2025-07-05 19:49:10,979 - telegram.ext.ExtBot - DEBUG - Message(channel_chat_created=False, chat=Chat(first_name='Ghost', id=7049055170, last_name='Number1', type=<ChatType.PRIVATE>), date=datetime.datetime(2025, 7, 5, 18, 49, 12, tzinfo=<UTC>), delete_chat_photo=False, from_user=User(first_name='SPRD', id=7707158318, is_bot=True, username='tizi91Bot'), group_chat_created=False, message_id=12912, supergroup_chat_created=False, text='Starting wallet manager...')
2025-07-05 19:49:10,979 - telegram.ext.ExtBot - DEBUG - Exiting: send_message
2025-07-05 19:49:13,090 - telegram.ext.ExtBot - DEBUG - Entering: send_message
2025-07-05 19:49:13,092 - httpcore.http11 - DEBUG - send_request_headers.started request=<Request [b'POST']>
2025-07-05 19:49:13,094 - httpcore.http11 - DEBUG - send_request_headers.complete
2025-07-05 19:49:13,094 - httpcore.http11 - DEBUG - send_request_body.started request=<Request [b'POST']>
2025-07-05 19:49:13,094 - httpcore.http11 - DEBUG - send_request_body.complete
2025-07-05 19:49:13,098 - httpcore.http11 - DEBUG - receive_response_headers.started request=<Request [b'POST']>
2025-07-05 19:49:13,177 - httpcore.http11 - DEBUG - receive_response_headers.complete return_value=(b'HTTP/1.1', 200, b'OK', [(b'Server', b'nginx/1.18.0'), (b'Date', b'Sat, 05 Jul 2025 18:49:14 GMT'), (b'Content-Type', b'application/json'), (b'Content-Length', b'323'), (b'Connection', b'keep-alive'), (b'Strict-Transport-Security', b'max-age=31536000; includeSubDomains; preload'), (b'Access-Control-Allow-Origin', b'*'), (b'Access-Control-Allow-Methods', b'GET, POST, OPTIONS'), (b'Access-Control-Expose-Headers', b'Content-Length,Content-Type,Date,Server,Connection')])
2025-07-05 19:49:13,179 - httpx - INFO - HTTP Request: POST https://api.telegram.org/bot7707158318:AAE8rWa4Q8Z_3avql6K0HAmXaooZAReoNF0/sendMessage "HTTP/1.1 200 OK"
2025-07-05 19:49:13,179 - httpcore.http11 - DEBUG - receive_response_body.started request=<Request [b'POST']>
2025-07-05 19:49:13,179 - httpcore.http11 - DEBUG - receive_response_body.complete
2025-07-05 19:49:13,180 - httpcore.http11 - DEBUG - response_closed.started
2025-07-05 19:49:13,180 - httpcore.http11 - DEBUG - response_closed.complete
2025-07-05 19:49:13,181 - telegram.ext.ExtBot - DEBUG - Message(channel_chat_created=False, chat=Chat(first_name='Ghost', id=7049055170, last_name='Number1', type=<ChatType.PRIVATE>), date=datetime.datetime(2025, 7, 5, 18, 49, 14, tzinfo=<UTC>), delete_chat_photo=False, entities=(MessageEntity(length=5, offset=8, type=<MessageEntityType.URL>),), from_user=User(first_name='SPRD', id=7707158318, is_bot=True, username='tizi91Bot'), group_chat_created=False, message_id=12913, supergroup_chat_created=False, text='SniperX V2.py started with PID 36056.')
2025-07-05 19:49:13,182 - telegram.ext.ExtBot - DEBUG - Exiting: send_message
2025-07-05 19:49:13,182 - __main__ - INFO - SniperX V2.py started with PID 36056 by user tizi91Bot
2025-07-05 19:49:13,183 - telegram.ext.ExtBot - DEBUG - Entering: edit_message_text
2025-07-05 19:49:13,185 - httpcore.http11 - DEBUG - send_request_headers.started request=<Request [b'POST']>
2025-07-05 19:49:13,186 - httpcore.http11 - DEBUG - send_request_headers.complete
2025-07-05 19:49:13,186 - httpcore.http11 - DEBUG - send_request_body.started request=<Request [b'POST']>
2025-07-05 19:49:13,186 - httpcore.http11 - DEBUG - send_request_body.complete
2025-07-05 19:49:13,186 - httpcore.http11 - DEBUG - receive_response_headers.started request=<Request [b'POST']>
2025-07-05 19:49:13,250 - httpcore.http11 - DEBUG - receive_response_headers.complete return_value=(b'HTTP/1.1', 400, b'Bad Request', [(b'Server', b'nginx/1.18.0'), (b'Date', b'Sat, 05 Jul 2025 18:49:14 GMT'), (b'Content-Type', b'application/json'), (b'Content-Length', b'204'), (b'Connection', b'keep-alive'), (b'Strict-Transport-Security', b'max-age=31536000; includeSubDomains; preload'), (b'Access-Control-Allow-Origin', b'*'), (b'Access-Control-Expose-Headers', b'Content-Length,Content-Type,Date,Server,Connection')])
2025-07-05 19:49:13,251 - httpx - INFO - HTTP Request: POST https://api.telegram.org/bot7707158318:AAE8rWa4Q8Z_3avql6K0HAmXaooZAReoNF0/editMessageText "HTTP/1.1 400 Bad Request"
2025-07-05 19:49:13,252 - httpcore.http11 - DEBUG - receive_response_body.started request=<Request [b'POST']>
2025-07-05 19:49:13,253 - httpcore.http11 - DEBUG - receive_response_body.complete
2025-07-05 19:49:13,253 - httpcore.http11 - DEBUG - response_closed.started
2025-07-05 19:49:13,254 - httpcore.http11 - DEBUG - response_closed.complete
2025-07-05 19:49:13,255 - __main__ - ERROR - Error showing menu: Message is not modified: specified new message content and reply markup are exactly the same as a current content and reply markup of the message
2025-07-05 19:49:13,255 - telegram.ext.ExtBot - DEBUG - Entering: send_message
2025-07-05 19:49:13,259 - httpcore.http11 - DEBUG - send_request_headers.started request=<Request [b'POST']>
2025-07-05 19:49:13,259 - httpcore.http11 - DEBUG - send_request_headers.complete
2025-07-05 19:49:13,259 - httpcore.http11 - DEBUG - send_request_body.started request=<Request [b'POST']>
2025-07-05 19:49:13,261 - httpcore.http11 - DEBUG - send_request_body.complete
2025-07-05 19:49:13,261 - httpcore.http11 - DEBUG - receive_response_headers.started request=<Request [b'POST']>
2025-07-05 19:49:13,348 - httpcore.http11 - DEBUG - receive_response_headers.complete return_value=(b'HTTP/1.1', 200, b'OK', [(b'Server', b'nginx/1.18.0'), (b'Date', b'Sat, 05 Jul 2025 18:49:14 GMT'), (b'Content-Type', b'application/json'), (b'Content-Length', b'570'), (b'Connection', b'keep-alive'), (b'Strict-Transport-Security', b'max-age=31536000; includeSubDomains; preload'), (b'Access-Control-Allow-Origin', b'*'), (b'Access-Control-Allow-Methods', b'GET, POST, OPTIONS'), (b'Access-Control-Expose-Headers', b'Content-Length,Content-Type,Date,Server,Connection')])
2025-07-05 19:49:13,349 - httpx - INFO - HTTP Request: POST https://api.telegram.org/bot7707158318:AAE8rWa4Q8Z_3avql6K0HAmXaooZAReoNF0/sendMessage "HTTP/1.1 200 OK"
2025-07-05 19:49:13,351 - httpcore.http11 - DEBUG - receive_response_body.started request=<Request [b'POST']>
2025-07-05 19:49:13,351 - httpcore.http11 - DEBUG - receive_response_body.complete
2025-07-05 19:49:13,351 - httpcore.http11 - DEBUG - response_closed.started
2025-07-05 19:49:13,351 - httpcore.http11 - DEBUG - response_closed.complete
2025-07-05 19:49:13,353 - telegram.ext.ExtBot - DEBUG - Message(channel_chat_created=False, chat=Chat(first_name='Ghost', id=7049055170, last_name='Number1', type=<ChatType.PRIVATE>), date=datetime.datetime(2025, 7, 5, 18, 49, 14, tzinfo=<UTC>), delete_chat_photo=False, from_user=User(first_name='SPRD', id=7707158318, is_bot=True, username='tizi91Bot'), group_chat_created=False, message_id=12914, reply_markup=InlineKeyboardMarkup(inline_keyboard=((InlineKeyboardButton(callback_data='start_sniperx', text='🚀 Start SniperX'),), (InlineKeyboardButton(callback_data='stop_sniperx', text='🛑 Stop SniperX'), InlineKeyboardButton(callback_data='status_sniperx', text='📊 Status')), (InlineKeyboardButton(callback_data='show_balance', text='💰 Balance'),))), supergroup_chat_created=False, text='SniperX Bot Control Panel:')
2025-07-05 19:49:13,354 - telegram.ext.ExtBot - DEBUG - Exiting: send_message
2025-07-05 19:49:20,868 - httpcore.http11 - DEBUG - receive_response_headers.complete return_value=(b'HTTP/1.1', 200, b'OK', [(b'Server', b'nginx/1.18.0'), (b'Date', b'Sat, 05 Jul 2025 18:49:22 GMT'), (b'Content-Type', b'application/json'), (b'Content-Length', b'23'), (b'Connection', b'keep-alive'), (b'Strict-Transport-Security', b'max-age=31536000; includeSubDomains; preload'), (b'Access-Control-Allow-Origin', b'*'), (b'Access-Control-Allow-Methods', b'GET, POST, OPTIONS'), (b'Access-Control-Expose-Headers', b'Content-Length,Content-Type,Date,Server,Connection')])
2025-07-05 19:49:20,869 - httpx - INFO - HTTP Request: POST https://api.telegram.org/bot7707158318:AAE8rWa4Q8Z_3avql6K0HAmXaooZAReoNF0/getUpdates "HTTP/1.1 200 OK"
2025-07-05 19:49:20,870 - httpcore.http11 - DEBUG - receive_response_body.started request=<Request [b'POST']>
2025-07-05 19:49:20,871 - httpcore.http11 - DEBUG - receive_response_body.complete
2025-07-05 19:49:20,871 - httpcore.http11 - DEBUG - response_closed.started
2025-07-05 19:49:20,872 - httpcore.http11 - DEBUG - response_closed.complete
2025-07-05 19:49:20,872 - telegram.ext.ExtBot - DEBUG - No new updates found.
2025-07-05 19:49:20,873 - telegram.ext.ExtBot - DEBUG - ()
2025-07-05 19:49:20,873 - telegram.ext.ExtBot - DEBUG - Exiting: get_updates
2025-07-05 19:49:20,873 - telegram.ext.ExtBot - DEBUG - Entering: get_updates
2025-07-05 19:49:20,875 - httpcore.http11 - DEBUG - send_request_headers.started request=<Request [b'POST']>
2025-07-05 19:49:20,878 - httpcore.http11 - DEBUG - send_request_headers.complete
2025-07-05 19:49:20,878 - httpcore.http11 - DEBUG - send_request_body.started request=<Request [b'POST']>
2025-07-05 19:49:20,879 - httpcore.http11 - DEBUG - send_request_body.complete
2025-07-05 19:49:20,879 - httpcore.http11 - DEBUG - receive_response_headers.started request=<Request [b'POST']>
2025-07-05 19:49:31,007 - httpcore.http11 - DEBUG - receive_response_headers.complete return_value=(b'HTTP/1.1', 200, b'OK', [(b'Server', b'nginx/1.18.0'), (b'Date', b'Sat, 05 Jul 2025 18:49:32 GMT'), (b'Content-Type', b'application/json'), (b'Content-Length', b'23'), (b'Connection', b'keep-alive'), (b'Strict-Transport-Security', b'max-age=31536000; includeSubDomains; preload'), (b'Access-Control-Allow-Origin', b'*'), (b'Access-Control-Allow-Methods', b'GET, POST, OPTIONS'), (b'Access-Control-Expose-Headers', b'Content-Length,Content-Type,Date,Server,Connection')])
2025-07-05 19:49:31,007 - httpx - INFO - HTTP Request: POST https://api.telegram.org/bot7707158318:AAE8rWa4Q8Z_3avql6K0HAmXaooZAReoNF0/getUpdates "HTTP/1.1 200 OK"
2025-07-05 19:49:31,011 - httpcore.http11 - DEBUG - receive_response_body.started request=<Request [b'POST']>
2025-07-05 19:49:31,011 - httpcore.http11 - DEBUG - receive_response_body.complete
2025-07-05 19:49:31,011 - httpcore.http11 - DEBUG - response_closed.started
2025-07-05 19:49:31,011 - httpcore.http11 - DEBUG - response_closed.complete
2025-07-05 19:49:31,013 - telegram.ext.ExtBot - DEBUG - No new updates found.
2025-07-05 19:49:31,013 - telegram.ext.ExtBot - DEBUG - ()
2025-07-05 19:49:31,013 - telegram.ext.ExtBot - DEBUG - Exiting: get_updates
2025-07-05 19:49:31,014 - telegram.ext.ExtBot - DEBUG - Entering: get_updates
2025-07-05 19:49:31,016 - httpcore.http11 - DEBUG - send_request_headers.started request=<Request [b'POST']>
2025-07-05 19:49:31,019 - httpcore.http11 - DEBUG - send_request_headers.complete
2025-07-05 19:49:31,019 - httpcore.http11 - DEBUG - send_request_body.started request=<Request [b'POST']>
2025-07-05 19:49:31,021 - httpcore.http11 - DEBUG - send_request_body.complete
2025-07-05 19:49:31,021 - httpcore.http11 - DEBUG - receive_response_headers.started request=<Request [b'POST']>
