2025-07-06 10:35:47,905 - asyncio - DEBUG - Using proactor: IocpProactor
2025-07-06 10:35:47,905 - httpx - DEBUG - load_ssl_context verify=True cert=None trust_env=True http2=False
2025-07-06 10:35:47,905 - httpx - DEBUG - load_verify_locations cafile='c:\\Users\\Rachid Aitali\\OneDrive - 4JM Solutions Limited\\Desktop\\SniperX-V3-Best-Version-at-now\\.venv\\lib\\site-packages\\certifi\\cacert.pem'
2025-07-06 10:35:47,918 - httpx - DEBUG - load_ssl_context verify=True cert=None trust_env=True http2=False
2025-07-06 10:35:47,918 - httpx - DEBUG - load_verify_locations cafile='c:\\Users\\Rachid Aitali\\OneDrive - 4JM Solutions Limited\\Desktop\\SniperX-V3-Best-Version-at-now\\.venv\\lib\\site-packages\\certifi\\cacert.pem'
2025-07-06 10:35:47,926 - __main__ - INFO - Telegram Manager Bot started. Send /menu to interact.
2025-07-06 10:35:47,927 - telegram.ext.ExtBot - DEBUG - Entering: send_message
2025-07-06 10:35:47,931 - httpcore.connection - DEBUG - connect_tcp.started host='api.telegram.org' port=443 local_address=None timeout=5.0 socket_options=None
2025-07-06 10:35:47,999 - httpcore.connection - DEBUG - connect_tcp.complete return_value=<httpcore._backends.anyio.AnyIOStream object at 0x000001ADF4B6DE10>
2025-07-06 10:35:47,999 - httpcore.connection - DEBUG - start_tls.started ssl_context=<ssl.SSLContext object at 0x000001ADF4B110C0> server_hostname='api.telegram.org' timeout=5.0
2025-07-06 10:35:48,063 - httpcore.connection - DEBUG - start_tls.complete return_value=<httpcore._backends.anyio.AnyIOStream object at 0x000001ADF4B6D450>
2025-07-06 10:35:48,068 - httpcore.http11 - DEBUG - send_request_headers.started request=<Request [b'POST']>
2025-07-06 10:35:48,068 - httpcore.http11 - DEBUG - send_request_headers.complete
2025-07-06 10:35:48,068 - httpcore.http11 - DEBUG - send_request_body.started request=<Request [b'POST']>
2025-07-06 10:35:48,068 - httpcore.http11 - DEBUG - send_request_body.complete
2025-07-06 10:35:48,068 - httpcore.http11 - DEBUG - receive_response_headers.started request=<Request [b'POST']>
2025-07-06 10:35:48,156 - httpcore.http11 - DEBUG - receive_response_headers.complete return_value=(b'HTTP/1.1', 200, b'OK', [(b'Server', b'nginx/1.18.0'), (b'Date', b'Sun, 06 Jul 2025 09:35:48 GMT'), (b'Content-Type', b'application/json'), (b'Content-Length', b'352'), (b'Connection', b'keep-alive'), (b'Strict-Transport-Security', b'max-age=31536000; includeSubDomains; preload'), (b'Access-Control-Allow-Origin', b'*'), (b'Access-Control-Allow-Methods', b'GET, POST, OPTIONS'), (b'Access-Control-Expose-Headers', b'Content-Length,Content-Type,Date,Server,Connection')])
2025-07-06 10:35:48,163 - httpx - INFO - HTTP Request: POST https://api.telegram.org/bot7707158318:AAE8rWa4Q8Z_3avql6K0HAmXaooZAReoNF0/sendMessage "HTTP/1.1 200 OK"
2025-07-06 10:35:48,163 - httpcore.http11 - DEBUG - receive_response_body.started request=<Request [b'POST']>
2025-07-06 10:35:48,163 - httpcore.http11 - DEBUG - receive_response_body.complete
2025-07-06 10:35:48,163 - httpcore.http11 - DEBUG - response_closed.started
2025-07-06 10:35:48,163 - httpcore.http11 - DEBUG - response_closed.complete
2025-07-06 10:35:48,163 - telegram.ext.ExtBot - DEBUG - Message(channel_chat_created=False, chat=Chat(first_name='Ghost', id=7049055170, last_name='Number1', type=<ChatType.PRIVATE>), date=datetime.datetime(2025, 7, 6, 9, 35, 48, tzinfo=<UTC>), delete_chat_photo=False, entities=(MessageEntity(length=5, offset=36, type=<MessageEntityType.BOT_COMMAND>),), from_user=User(first_name='SPRD', id=7707158318, is_bot=True, username='tizi91Bot'), group_chat_created=False, message_id=13032, supergroup_chat_created=False, text='SniperX Control Bot is online! Send /menu to see options.')
2025-07-06 10:35:48,163 - telegram.ext.ExtBot - DEBUG - Exiting: send_message
2025-07-06 10:35:48,206 - telegram.ext.ExtBot - DEBUG - Entering: get_me
2025-07-06 10:35:48,213 - httpcore.http11 - DEBUG - send_request_headers.started request=<Request [b'POST']>
2025-07-06 10:35:48,213 - httpcore.http11 - DEBUG - send_request_headers.complete
2025-07-06 10:35:48,213 - httpcore.http11 - DEBUG - send_request_body.started request=<Request [b'POST']>
2025-07-06 10:35:48,213 - httpcore.http11 - DEBUG - send_request_body.complete
2025-07-06 10:35:48,213 - httpcore.http11 - DEBUG - receive_response_headers.started request=<Request [b'POST']>
2025-07-06 10:35:48,265 - httpcore.http11 - DEBUG - receive_response_headers.complete return_value=(b'HTTP/1.1', 200, b'OK', [(b'Server', b'nginx/1.18.0'), (b'Date', b'Sun, 06 Jul 2025 09:35:48 GMT'), (b'Content-Type', b'application/json'), (b'Content-Length', b'243'), (b'Connection', b'keep-alive'), (b'Strict-Transport-Security', b'max-age=31536000; includeSubDomains; preload'), (b'Access-Control-Allow-Origin', b'*'), (b'Access-Control-Allow-Methods', b'GET, POST, OPTIONS'), (b'Access-Control-Expose-Headers', b'Content-Length,Content-Type,Date,Server,Connection')])
2025-07-06 10:35:48,265 - httpx - INFO - HTTP Request: POST https://api.telegram.org/bot7707158318:AAE8rWa4Q8Z_3avql6K0HAmXaooZAReoNF0/getMe "HTTP/1.1 200 OK"
2025-07-06 10:35:48,266 - httpcore.http11 - DEBUG - receive_response_body.started request=<Request [b'POST']>
2025-07-06 10:35:48,266 - httpcore.http11 - DEBUG - receive_response_body.complete
2025-07-06 10:35:48,266 - httpcore.http11 - DEBUG - response_closed.started
2025-07-06 10:35:48,267 - httpcore.http11 - DEBUG - response_closed.complete
2025-07-06 10:35:48,267 - telegram.ext.ExtBot - DEBUG - User(api_kwargs={'can_connect_to_business': False, 'has_main_web_app': False}, can_join_groups=True, can_read_all_group_messages=False, first_name='SPRD', id=7707158318, is_bot=True, supports_inline_queries=False, username='tizi91Bot')
2025-07-06 10:35:48,267 - telegram.ext.ExtBot - DEBUG - Exiting: get_me
2025-07-06 10:35:48,267 - telegram.ext.ExtBot - DEBUG - This Bot is already initialized.
2025-07-06 10:35:48,267 - telegram.ext.Updater - DEBUG - Updater started (polling)
2025-07-06 10:35:48,267 - telegram.ext.Updater - DEBUG - Start network loop retry bootstrap del webhook
2025-07-06 10:35:48,267 - telegram.ext.Updater - DEBUG - Deleting webhook
2025-07-06 10:35:48,267 - telegram.ext.ExtBot - DEBUG - Entering: delete_webhook
2025-07-06 10:35:48,268 - httpcore.http11 - DEBUG - send_request_headers.started request=<Request [b'POST']>
2025-07-06 10:35:48,268 - httpcore.http11 - DEBUG - send_request_headers.complete
2025-07-06 10:35:48,268 - httpcore.http11 - DEBUG - send_request_body.started request=<Request [b'POST']>
2025-07-06 10:35:48,268 - httpcore.http11 - DEBUG - send_request_body.complete
2025-07-06 10:35:48,268 - httpcore.http11 - DEBUG - receive_response_headers.started request=<Request [b'POST']>
2025-07-06 10:35:48,319 - httpcore.http11 - DEBUG - receive_response_headers.complete return_value=(b'HTTP/1.1', 200, b'OK', [(b'Server', b'nginx/1.18.0'), (b'Date', b'Sun, 06 Jul 2025 09:35:48 GMT'), (b'Content-Type', b'application/json'), (b'Content-Length', b'68'), (b'Connection', b'keep-alive'), (b'Strict-Transport-Security', b'max-age=31536000; includeSubDomains; preload'), (b'Access-Control-Allow-Origin', b'*'), (b'Access-Control-Allow-Methods', b'GET, POST, OPTIONS'), (b'Access-Control-Expose-Headers', b'Content-Length,Content-Type,Date,Server,Connection')])
2025-07-06 10:35:48,319 - httpx - INFO - HTTP Request: POST https://api.telegram.org/bot7707158318:AAE8rWa4Q8Z_3avql6K0HAmXaooZAReoNF0/deleteWebhook "HTTP/1.1 200 OK"
2025-07-06 10:35:48,320 - httpcore.http11 - DEBUG - receive_response_body.started request=<Request [b'POST']>
2025-07-06 10:35:48,320 - httpcore.http11 - DEBUG - receive_response_body.complete
2025-07-06 10:35:48,320 - httpcore.http11 - DEBUG - response_closed.started
2025-07-06 10:35:48,320 - httpcore.http11 - DEBUG - response_closed.complete
2025-07-06 10:35:48,320 - telegram.ext.ExtBot - DEBUG - True
2025-07-06 10:35:48,320 - telegram.ext.ExtBot - DEBUG - Exiting: delete_webhook
2025-07-06 10:35:48,321 - telegram.ext.Updater - DEBUG - Bootstrap done
2025-07-06 10:35:48,321 - telegram.ext.Updater - DEBUG - Waiting for polling to start
2025-07-06 10:35:48,321 - telegram.ext.Updater - DEBUG - Polling updates from Telegram started
2025-07-06 10:35:48,321 - telegram.ext.Updater - DEBUG - Start network loop retry getting Updates
2025-07-06 10:35:48,321 - telegram.ext.ExtBot - DEBUG - Entering: get_updates
2025-07-06 10:35:48,321 - telegram.ext.Application - INFO - Application started
2025-07-06 10:35:48,322 - httpcore.connection - DEBUG - connect_tcp.started host='api.telegram.org' port=443 local_address=None timeout=5.0 socket_options=None
2025-07-06 10:35:48,370 - httpcore.connection - DEBUG - connect_tcp.complete return_value=<httpcore._backends.anyio.AnyIOStream object at 0x000001ADF4BBBA30>
2025-07-06 10:35:48,370 - httpcore.connection - DEBUG - start_tls.started ssl_context=<ssl.SSLContext object at 0x000001ADF4B11040> server_hostname='api.telegram.org' timeout=5.0
2025-07-06 10:35:48,438 - httpcore.connection - DEBUG - start_tls.complete return_value=<httpcore._backends.anyio.AnyIOStream object at 0x000001ADF4BBB8E0>
2025-07-06 10:35:48,438 - httpcore.http11 - DEBUG - send_request_headers.started request=<Request [b'POST']>
2025-07-06 10:35:48,438 - httpcore.http11 - DEBUG - send_request_headers.complete
2025-07-06 10:35:48,438 - httpcore.http11 - DEBUG - send_request_body.started request=<Request [b'POST']>
2025-07-06 10:35:48,438 - httpcore.http11 - DEBUG - send_request_body.complete
2025-07-06 10:35:48,438 - httpcore.http11 - DEBUG - receive_response_headers.started request=<Request [b'POST']>
2025-07-06 10:35:53,177 - httpcore.http11 - DEBUG - receive_response_headers.complete return_value=(b'HTTP/1.1', 200, b'OK', [(b'Server', b'nginx/1.18.0'), (b'Date', b'Sun, 06 Jul 2025 09:35:53 GMT'), (b'Content-Type', b'application/json'), (b'Content-Length', b'357'), (b'Connection', b'keep-alive'), (b'Strict-Transport-Security', b'max-age=31536000; includeSubDomains; preload'), (b'Access-Control-Allow-Origin', b'*'), (b'Access-Control-Allow-Methods', b'GET, POST, OPTIONS'), (b'Access-Control-Expose-Headers', b'Content-Length,Content-Type,Date,Server,Connection')])
2025-07-06 10:35:53,177 - httpx - INFO - HTTP Request: POST https://api.telegram.org/bot7707158318:AAE8rWa4Q8Z_3avql6K0HAmXaooZAReoNF0/getUpdates "HTTP/1.1 200 OK"
2025-07-06 10:35:53,178 - httpcore.http11 - DEBUG - receive_response_body.started request=<Request [b'POST']>
2025-07-06 10:35:53,178 - httpcore.http11 - DEBUG - receive_response_body.complete
2025-07-06 10:35:53,178 - httpcore.http11 - DEBUG - response_closed.started
2025-07-06 10:35:53,178 - httpcore.http11 - DEBUG - response_closed.complete
2025-07-06 10:35:53,178 - telegram.ext.ExtBot - DEBUG - Getting updates: [37530621]
2025-07-06 10:35:53,178 - telegram.ext.ExtBot - DEBUG - (Update(message=Message(channel_chat_created=False, chat=Chat(first_name='Ghost', id=7049055170, last_name='Number1', type=<ChatType.PRIVATE>), date=datetime.datetime(2025, 7, 6, 9, 35, 53, tzinfo=<UTC>), delete_chat_photo=False, entities=(MessageEntity(length=5, offset=0, type=<MessageEntityType.BOT_COMMAND>),), from_user=User(first_name='Ghost', id=7049055170, is_bot=False, language_code='en', last_name='Number1'), group_chat_created=False, message_id=13033, supergroup_chat_created=False, text='/menu'), update_id=37530621),)
2025-07-06 10:35:53,180 - telegram.ext.ExtBot - DEBUG - Exiting: get_updates
2025-07-06 10:35:53,180 - telegram.ext.ExtBot - DEBUG - Entering: get_updates
2025-07-06 10:35:53,180 - telegram.ext.Application - DEBUG - Processing update Update(message=Message(channel_chat_created=False, chat=Chat(first_name='Ghost', id=7049055170, last_name='Number1', type=<ChatType.PRIVATE>), date=datetime.datetime(2025, 7, 6, 9, 35, 53, tzinfo=<UTC>), delete_chat_photo=False, entities=(MessageEntity(length=5, offset=0, type=<MessageEntityType.BOT_COMMAND>),), from_user=User(first_name='Ghost', id=7049055170, is_bot=False, language_code='en', last_name='Number1'), group_chat_created=False, message_id=13033, supergroup_chat_created=False, text='/menu'), update_id=37530621)
2025-07-06 10:35:53,180 - telegram.ext.ExtBot - DEBUG - Entering: send_message
2025-07-06 10:35:53,182 - httpcore.http11 - DEBUG - send_request_headers.started request=<Request [b'POST']>
2025-07-06 10:35:53,182 - httpcore.http11 - DEBUG - send_request_headers.started request=<Request [b'POST']>
2025-07-06 10:35:53,182 - httpcore.http11 - DEBUG - send_request_headers.complete
2025-07-06 10:35:53,182 - httpcore.http11 - DEBUG - send_request_body.started request=<Request [b'POST']>
2025-07-06 10:35:53,182 - httpcore.http11 - DEBUG - send_request_headers.complete
2025-07-06 10:35:53,183 - httpcore.http11 - DEBUG - send_request_body.started request=<Request [b'POST']>
2025-07-06 10:35:53,183 - httpcore.http11 - DEBUG - send_request_body.complete
2025-07-06 10:35:53,183 - httpcore.http11 - DEBUG - receive_response_headers.started request=<Request [b'POST']>
2025-07-06 10:35:53,183 - httpcore.http11 - DEBUG - send_request_body.complete
2025-07-06 10:35:53,183 - httpcore.http11 - DEBUG - receive_response_headers.started request=<Request [b'POST']>
2025-07-06 10:35:53,269 - httpcore.http11 - DEBUG - receive_response_headers.complete return_value=(b'HTTP/1.1', 200, b'OK', [(b'Server', b'nginx/1.18.0'), (b'Date', b'Sun, 06 Jul 2025 09:35:53 GMT'), (b'Content-Type', b'application/json'), (b'Content-Length', b'570'), (b'Connection', b'keep-alive'), (b'Strict-Transport-Security', b'max-age=31536000; includeSubDomains; preload'), (b'Access-Control-Allow-Origin', b'*'), (b'Access-Control-Allow-Methods', b'GET, POST, OPTIONS'), (b'Access-Control-Expose-Headers', b'Content-Length,Content-Type,Date,Server,Connection')])
2025-07-06 10:35:53,269 - httpx - INFO - HTTP Request: POST https://api.telegram.org/bot7707158318:AAE8rWa4Q8Z_3avql6K0HAmXaooZAReoNF0/sendMessage "HTTP/1.1 200 OK"
2025-07-06 10:35:53,270 - httpcore.http11 - DEBUG - receive_response_body.started request=<Request [b'POST']>
2025-07-06 10:35:53,270 - httpcore.http11 - DEBUG - receive_response_body.complete
2025-07-06 10:35:53,270 - httpcore.http11 - DEBUG - response_closed.started
2025-07-06 10:35:53,270 - httpcore.http11 - DEBUG - response_closed.complete
2025-07-06 10:35:53,271 - telegram.ext.ExtBot - DEBUG - Message(channel_chat_created=False, chat=Chat(first_name='Ghost', id=7049055170, last_name='Number1', type=<ChatType.PRIVATE>), date=datetime.datetime(2025, 7, 6, 9, 35, 53, tzinfo=<UTC>), delete_chat_photo=False, from_user=User(first_name='SPRD', id=7707158318, is_bot=True, username='tizi91Bot'), group_chat_created=False, message_id=13034, reply_markup=InlineKeyboardMarkup(inline_keyboard=((InlineKeyboardButton(callback_data='start_sniperx', text='🚀 Start SniperX'),), (InlineKeyboardButton(callback_data='stop_sniperx', text='🛑 Stop SniperX'), InlineKeyboardButton(callback_data='status_sniperx', text='📊 Status')), (InlineKeyboardButton(callback_data='show_balance', text='💰 Balance'),))), supergroup_chat_created=False, text='SniperX Bot Control Panel:')
2025-07-06 10:35:53,271 - telegram.ext.ExtBot - DEBUG - Exiting: send_message
2025-07-06 10:35:55,121 - httpcore.http11 - DEBUG - receive_response_headers.complete return_value=(b'HTTP/1.1', 200, b'OK', [(b'Server', b'nginx/1.18.0'), (b'Date', b'Sun, 06 Jul 2025 09:35:55 GMT'), (b'Content-Type', b'application/json'), (b'Content-Length', b'818'), (b'Connection', b'keep-alive'), (b'Strict-Transport-Security', b'max-age=31536000; includeSubDomains; preload'), (b'Access-Control-Allow-Origin', b'*'), (b'Access-Control-Allow-Methods', b'GET, POST, OPTIONS'), (b'Access-Control-Expose-Headers', b'Content-Length,Content-Type,Date,Server,Connection')])
2025-07-06 10:35:55,121 - httpx - INFO - HTTP Request: POST https://api.telegram.org/bot7707158318:AAE8rWa4Q8Z_3avql6K0HAmXaooZAReoNF0/getUpdates "HTTP/1.1 200 OK"
2025-07-06 10:35:55,122 - httpcore.http11 - DEBUG - receive_response_body.started request=<Request [b'POST']>
2025-07-06 10:35:55,122 - httpcore.http11 - DEBUG - receive_response_body.complete
2025-07-06 10:35:55,122 - httpcore.http11 - DEBUG - response_closed.started
2025-07-06 10:35:55,122 - httpcore.http11 - DEBUG - response_closed.complete
2025-07-06 10:35:55,124 - telegram.ext.ExtBot - DEBUG - Getting updates: [37530622]
2025-07-06 10:35:55,124 - telegram.ext.ExtBot - DEBUG - (Update(callback_query=CallbackQuery(chat_instance='-1307310250263184334', data='start_sniperx', from_user=User(first_name='Ghost', id=7049055170, is_bot=False, language_code='en', last_name='Number1'), id='2605345312952660387', message=Message(channel_chat_created=False, chat=Chat(first_name='Ghost', id=7049055170, last_name='Number1', type=<ChatType.PRIVATE>), date=datetime.datetime(2025, 7, 6, 9, 35, 53, tzinfo=<UTC>), delete_chat_photo=False, from_user=User(first_name='SPRD', id=7707158318, is_bot=True, username='tizi91Bot'), group_chat_created=False, message_id=13034, reply_markup=InlineKeyboardMarkup(inline_keyboard=((InlineKeyboardButton(callback_data='start_sniperx', text='🚀 Start SniperX'),), (InlineKeyboardButton(callback_data='stop_sniperx', text='🛑 Stop SniperX'), InlineKeyboardButton(callback_data='status_sniperx', text='📊 Status')), (InlineKeyboardButton(callback_data='show_balance', text='💰 Balance'),))), supergroup_chat_created=False, text='SniperX Bot Control Panel:')), update_id=37530622),)
2025-07-06 10:35:55,125 - telegram.ext.ExtBot - DEBUG - Exiting: get_updates
2025-07-06 10:35:55,125 - telegram.ext.ExtBot - DEBUG - Entering: get_updates
2025-07-06 10:35:55,125 - telegram.ext.Application - DEBUG - Processing update Update(callback_query=CallbackQuery(chat_instance='-1307310250263184334', data='start_sniperx', from_user=User(first_name='Ghost', id=7049055170, is_bot=False, language_code='en', last_name='Number1'), id='2605345312952660387', message=Message(channel_chat_created=False, chat=Chat(first_name='Ghost', id=7049055170, last_name='Number1', type=<ChatType.PRIVATE>), date=datetime.datetime(2025, 7, 6, 9, 35, 53, tzinfo=<UTC>), delete_chat_photo=False, from_user=User(first_name='SPRD', id=7707158318, is_bot=True, username='tizi91Bot'), group_chat_created=False, message_id=13034, reply_markup=InlineKeyboardMarkup(inline_keyboard=((InlineKeyboardButton(callback_data='start_sniperx', text='🚀 Start SniperX'),), (InlineKeyboardButton(callback_data='stop_sniperx', text='🛑 Stop SniperX'), InlineKeyboardButton(callback_data='status_sniperx', text='📊 Status')), (InlineKeyboardButton(callback_data='show_balance', text='💰 Balance'),))), supergroup_chat_created=False, text='SniperX Bot Control Panel:')), update_id=37530622)
2025-07-06 10:35:55,126 - __main__ - INFO - Button callback received: Update(callback_query=CallbackQuery(chat_instance='-1307310250263184334', data='start_sniperx', from_user=User(first_name='Ghost', id=7049055170, is_bot=False, language_code='en', last_name='Number1'), id='2605345312952660387', message=Message(channel_chat_created=False, chat=Chat(first_name='Ghost', id=7049055170, last_name='Number1', type=<ChatType.PRIVATE>), date=datetime.datetime(2025, 7, 6, 9, 35, 53, tzinfo=<UTC>), delete_chat_photo=False, from_user=User(first_name='SPRD', id=7707158318, is_bot=True, username='tizi91Bot'), group_chat_created=False, message_id=13034, reply_markup=InlineKeyboardMarkup(inline_keyboard=((InlineKeyboardButton(callback_data='start_sniperx', text='🚀 Start SniperX'),), (InlineKeyboardButton(callback_data='stop_sniperx', text='🛑 Stop SniperX'), InlineKeyboardButton(callback_data='status_sniperx', text='📊 Status')), (InlineKeyboardButton(callback_data='show_balance', text='💰 Balance'),))), supergroup_chat_created=False, text='SniperX Bot Control Panel:')), update_id=37530622)
2025-07-06 10:35:55,127 - telegram.ext.ExtBot - DEBUG - Entering: answer_callback_query
2025-07-06 10:35:55,128 - httpcore.http11 - DEBUG - send_request_headers.started request=<Request [b'POST']>
2025-07-06 10:35:55,129 - httpcore.http11 - DEBUG - send_request_headers.started request=<Request [b'POST']>
2025-07-06 10:35:55,130 - httpcore.http11 - DEBUG - send_request_headers.complete
2025-07-06 10:35:55,130 - httpcore.http11 - DEBUG - send_request_body.started request=<Request [b'POST']>
2025-07-06 10:35:55,131 - httpcore.http11 - DEBUG - send_request_headers.complete
2025-07-06 10:35:55,131 - httpcore.http11 - DEBUG - send_request_body.started request=<Request [b'POST']>
2025-07-06 10:35:55,131 - httpcore.http11 - DEBUG - send_request_body.complete
2025-07-06 10:35:55,131 - httpcore.http11 - DEBUG - receive_response_headers.started request=<Request [b'POST']>
2025-07-06 10:35:55,132 - httpcore.http11 - DEBUG - send_request_body.complete
2025-07-06 10:35:55,132 - httpcore.http11 - DEBUG - receive_response_headers.started request=<Request [b'POST']>
2025-07-06 10:35:55,199 - httpcore.http11 - DEBUG - receive_response_headers.complete return_value=(b'HTTP/1.1', 200, b'OK', [(b'Server', b'nginx/1.18.0'), (b'Date', b'Sun, 06 Jul 2025 09:35:55 GMT'), (b'Content-Type', b'application/json'), (b'Content-Length', b'25'), (b'Connection', b'keep-alive'), (b'Strict-Transport-Security', b'max-age=31536000; includeSubDomains; preload'), (b'Access-Control-Allow-Origin', b'*'), (b'Access-Control-Allow-Methods', b'GET, POST, OPTIONS'), (b'Access-Control-Expose-Headers', b'Content-Length,Content-Type,Date,Server,Connection')])
2025-07-06 10:35:55,199 - httpx - INFO - HTTP Request: POST https://api.telegram.org/bot7707158318:AAE8rWa4Q8Z_3avql6K0HAmXaooZAReoNF0/answerCallbackQuery "HTTP/1.1 200 OK"
2025-07-06 10:35:55,200 - httpcore.http11 - DEBUG - receive_response_body.started request=<Request [b'POST']>
2025-07-06 10:35:55,200 - httpcore.http11 - DEBUG - receive_response_body.complete
2025-07-06 10:35:55,200 - httpcore.http11 - DEBUG - response_closed.started
2025-07-06 10:35:55,200 - httpcore.http11 - DEBUG - response_closed.complete
2025-07-06 10:35:55,200 - telegram.ext.ExtBot - DEBUG - True
2025-07-06 10:35:55,200 - telegram.ext.ExtBot - DEBUG - Exiting: answer_callback_query
2025-07-06 10:35:55,200 - __main__ - INFO - Processing action: start_sniperx
2025-07-06 10:35:55,202 - telegram.ext.ExtBot - DEBUG - Entering: send_message
2025-07-06 10:35:55,202 - httpcore.http11 - DEBUG - send_request_headers.started request=<Request [b'POST']>
2025-07-06 10:35:55,202 - httpcore.http11 - DEBUG - send_request_headers.complete
2025-07-06 10:35:55,202 - httpcore.http11 - DEBUG - send_request_body.started request=<Request [b'POST']>
2025-07-06 10:35:55,203 - httpcore.http11 - DEBUG - send_request_body.complete
2025-07-06 10:35:55,203 - httpcore.http11 - DEBUG - receive_response_headers.started request=<Request [b'POST']>
2025-07-06 10:35:55,270 - httpcore.http11 - DEBUG - receive_response_headers.complete return_value=(b'HTTP/1.1', 200, b'OK', [(b'Server', b'nginx/1.18.0'), (b'Date', b'Sun, 06 Jul 2025 09:35:55 GMT'), (b'Content-Type', b'application/json'), (b'Content-Length', b'262'), (b'Connection', b'keep-alive'), (b'Strict-Transport-Security', b'max-age=31536000; includeSubDomains; preload'), (b'Access-Control-Allow-Origin', b'*'), (b'Access-Control-Allow-Methods', b'GET, POST, OPTIONS'), (b'Access-Control-Expose-Headers', b'Content-Length,Content-Type,Date,Server,Connection')])
2025-07-06 10:35:55,270 - httpx - INFO - HTTP Request: POST https://api.telegram.org/bot7707158318:AAE8rWa4Q8Z_3avql6K0HAmXaooZAReoNF0/sendMessage "HTTP/1.1 200 OK"
2025-07-06 10:35:55,271 - httpcore.http11 - DEBUG - receive_response_body.started request=<Request [b'POST']>
2025-07-06 10:35:55,271 - httpcore.http11 - DEBUG - receive_response_body.complete
2025-07-06 10:35:55,271 - httpcore.http11 - DEBUG - response_closed.started
2025-07-06 10:35:55,271 - httpcore.http11 - DEBUG - response_closed.complete
2025-07-06 10:35:55,273 - telegram.ext.ExtBot - DEBUG - Message(channel_chat_created=False, chat=Chat(first_name='Ghost', id=7049055170, last_name='Number1', type=<ChatType.PRIVATE>), date=datetime.datetime(2025, 7, 6, 9, 35, 55, tzinfo=<UTC>), delete_chat_photo=False, from_user=User(first_name='SPRD', id=7707158318, is_bot=True, username='tizi91Bot'), group_chat_created=False, message_id=13035, supergroup_chat_created=False, text='Starting wallet manager...')
2025-07-06 10:35:55,273 - telegram.ext.ExtBot - DEBUG - Exiting: send_message
2025-07-06 10:35:57,302 - telegram.ext.ExtBot - DEBUG - Entering: send_message
2025-07-06 10:35:57,304 - httpcore.http11 - DEBUG - send_request_headers.started request=<Request [b'POST']>
2025-07-06 10:35:57,304 - httpcore.http11 - DEBUG - send_request_headers.complete
2025-07-06 10:35:57,304 - httpcore.http11 - DEBUG - send_request_body.started request=<Request [b'POST']>
2025-07-06 10:35:57,305 - httpcore.http11 - DEBUG - send_request_body.complete
2025-07-06 10:35:57,305 - httpcore.http11 - DEBUG - receive_response_headers.started request=<Request [b'POST']>
2025-07-06 10:35:57,378 - httpcore.http11 - DEBUG - receive_response_headers.complete return_value=(b'HTTP/1.1', 200, b'OK', [(b'Server', b'nginx/1.18.0'), (b'Date', b'Sun, 06 Jul 2025 09:35:57 GMT'), (b'Content-Type', b'application/json'), (b'Content-Length', b'267'), (b'Connection', b'keep-alive'), (b'Strict-Transport-Security', b'max-age=31536000; includeSubDomains; preload'), (b'Access-Control-Allow-Origin', b'*'), (b'Access-Control-Allow-Methods', b'GET, POST, OPTIONS'), (b'Access-Control-Expose-Headers', b'Content-Length,Content-Type,Date,Server,Connection')])
2025-07-06 10:35:57,378 - httpx - INFO - HTTP Request: POST https://api.telegram.org/bot7707158318:AAE8rWa4Q8Z_3avql6K0HAmXaooZAReoNF0/sendMessage "HTTP/1.1 200 OK"
2025-07-06 10:35:57,379 - httpcore.http11 - DEBUG - receive_response_body.started request=<Request [b'POST']>
2025-07-06 10:35:57,379 - httpcore.http11 - DEBUG - receive_response_body.complete
2025-07-06 10:35:57,379 - httpcore.http11 - DEBUG - response_closed.started
2025-07-06 10:35:57,381 - httpcore.http11 - DEBUG - response_closed.complete
2025-07-06 10:35:57,381 - telegram.ext.ExtBot - DEBUG - Message(channel_chat_created=False, chat=Chat(first_name='Ghost', id=7049055170, last_name='Number1', type=<ChatType.PRIVATE>), date=datetime.datetime(2025, 7, 6, 9, 35, 57, tzinfo=<UTC>), delete_chat_photo=False, from_user=User(first_name='SPRD', id=7707158318, is_bot=True, username='tizi91Bot'), group_chat_created=False, message_id=13036, supergroup_chat_created=False, text='Failed to start wallet manager.')
2025-07-06 10:35:57,382 - telegram.ext.ExtBot - DEBUG - Exiting: send_message
2025-07-06 10:35:57,382 - telegram.ext.ExtBot - DEBUG - Entering: edit_message_text
2025-07-06 10:35:57,382 - httpcore.http11 - DEBUG - send_request_headers.started request=<Request [b'POST']>
2025-07-06 10:35:57,383 - httpcore.http11 - DEBUG - send_request_headers.complete
2025-07-06 10:35:57,383 - httpcore.http11 - DEBUG - send_request_body.started request=<Request [b'POST']>
2025-07-06 10:35:57,383 - httpcore.http11 - DEBUG - send_request_body.complete
2025-07-06 10:35:57,383 - httpcore.http11 - DEBUG - receive_response_headers.started request=<Request [b'POST']>
2025-07-06 10:35:57,456 - httpcore.http11 - DEBUG - receive_response_headers.complete return_value=(b'HTTP/1.1', 400, b'Bad Request', [(b'Server', b'nginx/1.18.0'), (b'Date', b'Sun, 06 Jul 2025 09:35:57 GMT'), (b'Content-Type', b'application/json'), (b'Content-Length', b'204'), (b'Connection', b'keep-alive'), (b'Strict-Transport-Security', b'max-age=31536000; includeSubDomains; preload'), (b'Access-Control-Allow-Origin', b'*'), (b'Access-Control-Expose-Headers', b'Content-Length,Content-Type,Date,Server,Connection')])
2025-07-06 10:35:57,457 - httpx - INFO - HTTP Request: POST https://api.telegram.org/bot7707158318:AAE8rWa4Q8Z_3avql6K0HAmXaooZAReoNF0/editMessageText "HTTP/1.1 400 Bad Request"
2025-07-06 10:35:57,458 - httpcore.http11 - DEBUG - receive_response_body.started request=<Request [b'POST']>
2025-07-06 10:35:57,458 - httpcore.http11 - DEBUG - receive_response_body.complete
2025-07-06 10:35:57,458 - httpcore.http11 - DEBUG - response_closed.started
2025-07-06 10:35:57,458 - httpcore.http11 - DEBUG - response_closed.complete
2025-07-06 10:35:57,458 - __main__ - ERROR - Error showing menu: Message is not modified: specified new message content and reply markup are exactly the same as a current content and reply markup of the message
2025-07-06 10:35:57,459 - telegram.ext.ExtBot - DEBUG - Entering: send_message
2025-07-06 10:35:57,461 - httpcore.http11 - DEBUG - send_request_headers.started request=<Request [b'POST']>
2025-07-06 10:35:57,461 - httpcore.http11 - DEBUG - send_request_headers.complete
2025-07-06 10:35:57,461 - httpcore.http11 - DEBUG - send_request_body.started request=<Request [b'POST']>
2025-07-06 10:35:57,462 - httpcore.http11 - DEBUG - send_request_body.complete
2025-07-06 10:35:57,462 - httpcore.http11 - DEBUG - receive_response_headers.started request=<Request [b'POST']>
2025-07-06 10:35:57,528 - httpcore.http11 - DEBUG - receive_response_headers.complete return_value=(b'HTTP/1.1', 200, b'OK', [(b'Server', b'nginx/1.18.0'), (b'Date', b'Sun, 06 Jul 2025 09:35:57 GMT'), (b'Content-Type', b'application/json'), (b'Content-Length', b'570'), (b'Connection', b'keep-alive'), (b'Strict-Transport-Security', b'max-age=31536000; includeSubDomains; preload'), (b'Access-Control-Allow-Origin', b'*'), (b'Access-Control-Allow-Methods', b'GET, POST, OPTIONS'), (b'Access-Control-Expose-Headers', b'Content-Length,Content-Type,Date,Server,Connection')])
2025-07-06 10:35:57,529 - httpx - INFO - HTTP Request: POST https://api.telegram.org/bot7707158318:AAE8rWa4Q8Z_3avql6K0HAmXaooZAReoNF0/sendMessage "HTTP/1.1 200 OK"
2025-07-06 10:35:57,530 - httpcore.http11 - DEBUG - receive_response_body.started request=<Request [b'POST']>
2025-07-06 10:35:57,530 - httpcore.http11 - DEBUG - receive_response_body.complete
2025-07-06 10:35:57,531 - httpcore.http11 - DEBUG - response_closed.started
2025-07-06 10:35:57,531 - httpcore.http11 - DEBUG - response_closed.complete
2025-07-06 10:35:57,532 - telegram.ext.ExtBot - DEBUG - Message(channel_chat_created=False, chat=Chat(first_name='Ghost', id=7049055170, last_name='Number1', type=<ChatType.PRIVATE>), date=datetime.datetime(2025, 7, 6, 9, 35, 57, tzinfo=<UTC>), delete_chat_photo=False, from_user=User(first_name='SPRD', id=7707158318, is_bot=True, username='tizi91Bot'), group_chat_created=False, message_id=13037, reply_markup=InlineKeyboardMarkup(inline_keyboard=((InlineKeyboardButton(callback_data='start_sniperx', text='🚀 Start SniperX'),), (InlineKeyboardButton(callback_data='stop_sniperx', text='🛑 Stop SniperX'), InlineKeyboardButton(callback_data='status_sniperx', text='📊 Status')), (InlineKeyboardButton(callback_data='show_balance', text='💰 Balance'),))), supergroup_chat_created=False, text='SniperX Bot Control Panel:')
2025-07-06 10:35:57,532 - telegram.ext.ExtBot - DEBUG - Exiting: send_message
