2025-07-08 15:03:14,766 - asyncio - DEBUG - Using proactor: IocpProactor
2025-07-08 15:03:14,774 - httpx - DEBUG - load_ssl_context verify=True cert=None trust_env=True http2=False
2025-07-08 15:03:14,779 - httpx - DEBUG - load_verify_locations cafile='c:\\Users\\Rachid Aitali\\OneDrive - 4JM Solutions Limited\\Desktop\\SniperX-V3-Best-Version-at-now\\.venv\\lib\\site-packages\\certifi\\cacert.pem'
2025-07-08 15:03:14,793 - httpx - DEBUG - load_ssl_context verify=True cert=None trust_env=True http2=False
2025-07-08 15:03:14,795 - httpx - DEBUG - load_verify_locations cafile='c:\\Users\\Rachid Aitali\\OneDrive - 4JM Solutions Limited\\Desktop\\SniperX-V3-Best-Version-at-now\\.venv\\lib\\site-packages\\certifi\\cacert.pem'
2025-07-08 15:03:14,813 - __main__ - INFO - Telegram Manager Bot started. Send /menu to interact.
2025-07-08 15:03:14,813 - telegram.ext.ExtBot - DEBUG - Entering: send_message
2025-07-08 15:03:14,833 - httpcore.connection - DEBUG - connect_tcp.started host='api.telegram.org' port=443 local_address=None timeout=5.0 socket_options=None
2025-07-08 15:03:14,923 - httpcore.connection - DEBUG - connect_tcp.complete return_value=<httpcore._backends.anyio.AnyIOStream object at 0x0000016848812A10>
2025-07-08 15:03:14,923 - httpcore.connection - DEBUG - start_tls.started ssl_context=<ssl.SSLContext object at 0x00000168487C8340> server_hostname='api.telegram.org' timeout=5.0
2025-07-08 15:03:14,988 - httpcore.connection - DEBUG - start_tls.complete return_value=<httpcore._backends.anyio.AnyIOStream object at 0x0000016848812CB0>
2025-07-08 15:03:14,989 - httpcore.http11 - DEBUG - send_request_headers.started request=<Request [b'POST']>
2025-07-08 15:03:14,991 - httpcore.http11 - DEBUG - send_request_headers.complete
2025-07-08 15:03:14,991 - httpcore.http11 - DEBUG - send_request_body.started request=<Request [b'POST']>
2025-07-08 15:03:14,993 - httpcore.http11 - DEBUG - send_request_body.complete
2025-07-08 15:03:14,993 - httpcore.http11 - DEBUG - receive_response_headers.started request=<Request [b'POST']>
2025-07-08 15:03:15,103 - httpcore.http11 - DEBUG - receive_response_headers.complete return_value=(b'HTTP/1.1', 200, b'OK', [(b'Server', b'nginx/1.18.0'), (b'Date', b'Tue, 08 Jul 2025 14:03:16 GMT'), (b'Content-Type', b'application/json'), (b'Content-Length', b'352'), (b'Connection', b'keep-alive'), (b'Strict-Transport-Security', b'max-age=31536000; includeSubDomains; preload'), (b'Access-Control-Allow-Origin', b'*'), (b'Access-Control-Allow-Methods', b'GET, POST, OPTIONS'), (b'Access-Control-Expose-Headers', b'Content-Length,Content-Type,Date,Server,Connection')])
2025-07-08 15:03:15,107 - httpx - INFO - HTTP Request: POST https://api.telegram.org/bot7707158318:AAE8rWa4Q8Z_3avql6K0HAmXaooZAReoNF0/sendMessage "HTTP/1.1 200 OK"
2025-07-08 15:03:15,110 - httpcore.http11 - DEBUG - receive_response_body.started request=<Request [b'POST']>
2025-07-08 15:03:15,112 - httpcore.http11 - DEBUG - receive_response_body.complete
2025-07-08 15:03:15,113 - httpcore.http11 - DEBUG - response_closed.started
2025-07-08 15:03:15,113 - httpcore.http11 - DEBUG - response_closed.complete
2025-07-08 15:03:15,117 - telegram.ext.ExtBot - DEBUG - Message(channel_chat_created=False, chat=Chat(first_name='Ghost', id=7049055170, last_name='Number1', type=<ChatType.PRIVATE>), date=datetime.datetime(2025, 7, 8, 14, 3, 16, tzinfo=<UTC>), delete_chat_photo=False, entities=(MessageEntity(length=5, offset=36, type=<MessageEntityType.BOT_COMMAND>),), from_user=User(first_name='SPRD', id=7707158318, is_bot=True, username='tizi91Bot'), group_chat_created=False, message_id=13232, supergroup_chat_created=False, text='SniperX Control Bot is online! Send /menu to see options.')
2025-07-08 15:03:15,122 - telegram.ext.ExtBot - DEBUG - Exiting: send_message
2025-07-08 15:03:15,123 - telegram.ext.ExtBot - DEBUG - Entering: get_me
2025-07-08 15:03:15,126 - httpcore.http11 - DEBUG - send_request_headers.started request=<Request [b'POST']>
2025-07-08 15:03:15,127 - httpcore.http11 - DEBUG - send_request_headers.complete
2025-07-08 15:03:15,128 - httpcore.http11 - DEBUG - send_request_body.started request=<Request [b'POST']>
2025-07-08 15:03:15,128 - httpcore.http11 - DEBUG - send_request_body.complete
2025-07-08 15:03:15,129 - httpcore.http11 - DEBUG - receive_response_headers.started request=<Request [b'POST']>
2025-07-08 15:03:15,182 - httpcore.http11 - DEBUG - receive_response_headers.complete return_value=(b'HTTP/1.1', 200, b'OK', [(b'Server', b'nginx/1.18.0'), (b'Date', b'Tue, 08 Jul 2025 14:03:16 GMT'), (b'Content-Type', b'application/json'), (b'Content-Length', b'243'), (b'Connection', b'keep-alive'), (b'Strict-Transport-Security', b'max-age=31536000; includeSubDomains; preload'), (b'Access-Control-Allow-Origin', b'*'), (b'Access-Control-Allow-Methods', b'GET, POST, OPTIONS'), (b'Access-Control-Expose-Headers', b'Content-Length,Content-Type,Date,Server,Connection')])
2025-07-08 15:03:15,183 - httpx - INFO - HTTP Request: POST https://api.telegram.org/bot7707158318:AAE8rWa4Q8Z_3avql6K0HAmXaooZAReoNF0/getMe "HTTP/1.1 200 OK"
2025-07-08 15:03:15,185 - httpcore.http11 - DEBUG - receive_response_body.started request=<Request [b'POST']>
2025-07-08 15:03:15,185 - httpcore.http11 - DEBUG - receive_response_body.complete
2025-07-08 15:03:15,185 - httpcore.http11 - DEBUG - response_closed.started
2025-07-08 15:03:15,185 - httpcore.http11 - DEBUG - response_closed.complete
2025-07-08 15:03:15,185 - telegram.ext.ExtBot - DEBUG - User(api_kwargs={'can_connect_to_business': False, 'has_main_web_app': False}, can_join_groups=True, can_read_all_group_messages=False, first_name='SPRD', id=7707158318, is_bot=True, supports_inline_queries=False, username='tizi91Bot')
2025-07-08 15:03:15,185 - telegram.ext.ExtBot - DEBUG - Exiting: get_me
2025-07-08 15:03:15,189 - telegram.ext.ExtBot - DEBUG - This Bot is already initialized.
2025-07-08 15:03:15,189 - telegram.ext.Updater - DEBUG - Updater started (polling)
2025-07-08 15:03:15,189 - telegram.ext.Updater - DEBUG - Start network loop retry bootstrap del webhook
2025-07-08 15:03:15,189 - telegram.ext.Updater - DEBUG - Deleting webhook
2025-07-08 15:03:15,189 - telegram.ext.ExtBot - DEBUG - Entering: delete_webhook
2025-07-08 15:03:15,191 - httpcore.http11 - DEBUG - send_request_headers.started request=<Request [b'POST']>
2025-07-08 15:03:15,193 - httpcore.http11 - DEBUG - send_request_headers.complete
2025-07-08 15:03:15,193 - httpcore.http11 - DEBUG - send_request_body.started request=<Request [b'POST']>
2025-07-08 15:03:15,195 - httpcore.http11 - DEBUG - send_request_body.complete
2025-07-08 15:03:15,195 - httpcore.http11 - DEBUG - receive_response_headers.started request=<Request [b'POST']>
2025-07-08 15:03:15,247 - httpcore.http11 - DEBUG - receive_response_headers.complete return_value=(b'HTTP/1.1', 200, b'OK', [(b'Server', b'nginx/1.18.0'), (b'Date', b'Tue, 08 Jul 2025 14:03:16 GMT'), (b'Content-Type', b'application/json'), (b'Content-Length', b'68'), (b'Connection', b'keep-alive'), (b'Strict-Transport-Security', b'max-age=31536000; includeSubDomains; preload'), (b'Access-Control-Allow-Origin', b'*'), (b'Access-Control-Allow-Methods', b'GET, POST, OPTIONS'), (b'Access-Control-Expose-Headers', b'Content-Length,Content-Type,Date,Server,Connection')])
2025-07-08 15:03:15,249 - httpx - INFO - HTTP Request: POST https://api.telegram.org/bot7707158318:AAE8rWa4Q8Z_3avql6K0HAmXaooZAReoNF0/deleteWebhook "HTTP/1.1 200 OK"
2025-07-08 15:03:15,249 - httpcore.http11 - DEBUG - receive_response_body.started request=<Request [b'POST']>
2025-07-08 15:03:15,249 - httpcore.http11 - DEBUG - receive_response_body.complete
2025-07-08 15:03:15,249 - httpcore.http11 - DEBUG - response_closed.started
2025-07-08 15:03:15,253 - httpcore.http11 - DEBUG - response_closed.complete
2025-07-08 15:03:15,253 - telegram.ext.ExtBot - DEBUG - True
2025-07-08 15:03:15,253 - telegram.ext.ExtBot - DEBUG - Exiting: delete_webhook
2025-07-08 15:03:15,253 - telegram.ext.Updater - DEBUG - Bootstrap done
2025-07-08 15:03:15,253 - telegram.ext.Updater - DEBUG - Waiting for polling to start
2025-07-08 15:03:15,253 - telegram.ext.Updater - DEBUG - Polling updates from Telegram started
2025-07-08 15:03:15,253 - telegram.ext.Updater - DEBUG - Start network loop retry getting Updates
2025-07-08 15:03:15,253 - telegram.ext.ExtBot - DEBUG - Entering: get_updates
2025-07-08 15:03:15,263 - telegram.ext.Application - INFO - Application started
2025-07-08 15:03:15,265 - httpcore.connection - DEBUG - connect_tcp.started host='api.telegram.org' port=443 local_address=None timeout=5.0 socket_options=None
2025-07-08 15:03:15,320 - httpcore.connection - DEBUG - connect_tcp.complete return_value=<httpcore._backends.anyio.AnyIOStream object at 0x000001684885B130>
2025-07-08 15:03:15,320 - httpcore.connection - DEBUG - start_tls.started ssl_context=<ssl.SSLContext object at 0x00000168487C8240> server_hostname='api.telegram.org' timeout=5.0
2025-07-08 15:03:15,385 - httpcore.connection - DEBUG - start_tls.complete return_value=<httpcore._backends.anyio.AnyIOStream object at 0x000001684885AFE0>
2025-07-08 15:03:15,385 - httpcore.http11 - DEBUG - send_request_headers.started request=<Request [b'POST']>
2025-07-08 15:03:15,387 - httpcore.http11 - DEBUG - send_request_headers.complete
2025-07-08 15:03:15,387 - httpcore.http11 - DEBUG - send_request_body.started request=<Request [b'POST']>
2025-07-08 15:03:15,389 - httpcore.http11 - DEBUG - send_request_body.complete
2025-07-08 15:03:15,390 - httpcore.http11 - DEBUG - receive_response_headers.started request=<Request [b'POST']>
2025-07-08 15:03:19,766 - httpcore.http11 - DEBUG - receive_response_headers.complete return_value=(b'HTTP/1.1', 200, b'OK', [(b'Server', b'nginx/1.18.0'), (b'Date', b'Tue, 08 Jul 2025 14:03:21 GMT'), (b'Content-Type', b'application/json'), (b'Content-Length', b'357'), (b'Connection', b'keep-alive'), (b'Strict-Transport-Security', b'max-age=31536000; includeSubDomains; preload'), (b'Access-Control-Allow-Origin', b'*'), (b'Access-Control-Allow-Methods', b'GET, POST, OPTIONS'), (b'Access-Control-Expose-Headers', b'Content-Length,Content-Type,Date,Server,Connection')])
2025-07-08 15:03:19,768 - httpx - INFO - HTTP Request: POST https://api.telegram.org/bot7707158318:AAE8rWa4Q8Z_3avql6K0HAmXaooZAReoNF0/getUpdates "HTTP/1.1 200 OK"
2025-07-08 15:03:19,769 - httpcore.http11 - DEBUG - receive_response_body.started request=<Request [b'POST']>
2025-07-08 15:03:19,770 - httpcore.http11 - DEBUG - receive_response_body.complete
2025-07-08 15:03:19,771 - httpcore.http11 - DEBUG - response_closed.started
2025-07-08 15:03:19,771 - httpcore.http11 - DEBUG - response_closed.complete
2025-07-08 15:03:19,773 - telegram.ext.ExtBot - DEBUG - Getting updates: [37530703]
2025-07-08 15:03:19,776 - telegram.ext.ExtBot - DEBUG - (Update(message=Message(channel_chat_created=False, chat=Chat(first_name='Ghost', id=7049055170, last_name='Number1', type=<ChatType.PRIVATE>), date=datetime.datetime(2025, 7, 8, 14, 3, 21, tzinfo=<UTC>), delete_chat_photo=False, entities=(MessageEntity(length=5, offset=0, type=<MessageEntityType.BOT_COMMAND>),), from_user=User(first_name='Ghost', id=7049055170, is_bot=False, language_code='en', last_name='Number1'), group_chat_created=False, message_id=13233, supergroup_chat_created=False, text='/menu'), update_id=37530703),)
2025-07-08 15:03:19,778 - telegram.ext.ExtBot - DEBUG - Exiting: get_updates
2025-07-08 15:03:19,780 - telegram.ext.ExtBot - DEBUG - Entering: get_updates
2025-07-08 15:03:19,782 - telegram.ext.Application - DEBUG - Processing update Update(message=Message(channel_chat_created=False, chat=Chat(first_name='Ghost', id=7049055170, last_name='Number1', type=<ChatType.PRIVATE>), date=datetime.datetime(2025, 7, 8, 14, 3, 21, tzinfo=<UTC>), delete_chat_photo=False, entities=(MessageEntity(length=5, offset=0, type=<MessageEntityType.BOT_COMMAND>),), from_user=User(first_name='Ghost', id=7049055170, is_bot=False, language_code='en', last_name='Number1'), group_chat_created=False, message_id=13233, supergroup_chat_created=False, text='/menu'), update_id=37530703)
2025-07-08 15:03:19,785 - telegram.ext.ExtBot - DEBUG - Entering: send_message
2025-07-08 15:03:19,794 - httpcore.http11 - DEBUG - send_request_headers.started request=<Request [b'POST']>
2025-07-08 15:03:19,796 - httpcore.http11 - DEBUG - send_request_headers.started request=<Request [b'POST']>
2025-07-08 15:03:19,798 - httpcore.http11 - DEBUG - send_request_headers.complete
2025-07-08 15:03:19,798 - httpcore.http11 - DEBUG - send_request_body.started request=<Request [b'POST']>
2025-07-08 15:03:19,799 - httpcore.http11 - DEBUG - send_request_headers.complete
2025-07-08 15:03:19,800 - httpcore.http11 - DEBUG - send_request_body.started request=<Request [b'POST']>
2025-07-08 15:03:19,801 - httpcore.http11 - DEBUG - send_request_body.complete
2025-07-08 15:03:19,801 - httpcore.http11 - DEBUG - receive_response_headers.started request=<Request [b'POST']>
2025-07-08 15:03:19,803 - httpcore.http11 - DEBUG - send_request_body.complete
2025-07-08 15:03:19,805 - httpcore.http11 - DEBUG - receive_response_headers.started request=<Request [b'POST']>
2025-07-08 15:03:19,978 - httpcore.http11 - DEBUG - receive_response_headers.complete return_value=(b'HTTP/1.1', 200, b'OK', [(b'Server', b'nginx/1.18.0'), (b'Date', b'Tue, 08 Jul 2025 14:03:21 GMT'), (b'Content-Type', b'application/json'), (b'Content-Length', b'570'), (b'Connection', b'keep-alive'), (b'Strict-Transport-Security', b'max-age=31536000; includeSubDomains; preload'), (b'Access-Control-Allow-Origin', b'*'), (b'Access-Control-Allow-Methods', b'GET, POST, OPTIONS'), (b'Access-Control-Expose-Headers', b'Content-Length,Content-Type,Date,Server,Connection')])
2025-07-08 15:03:19,981 - httpx - INFO - HTTP Request: POST https://api.telegram.org/bot7707158318:AAE8rWa4Q8Z_3avql6K0HAmXaooZAReoNF0/sendMessage "HTTP/1.1 200 OK"
2025-07-08 15:03:19,983 - httpcore.http11 - DEBUG - receive_response_body.started request=<Request [b'POST']>
2025-07-08 15:03:19,984 - httpcore.http11 - DEBUG - receive_response_body.complete
2025-07-08 15:03:19,985 - httpcore.http11 - DEBUG - response_closed.started
2025-07-08 15:03:19,985 - httpcore.http11 - DEBUG - response_closed.complete
2025-07-08 15:03:19,989 - telegram.ext.ExtBot - DEBUG - Message(channel_chat_created=False, chat=Chat(first_name='Ghost', id=7049055170, last_name='Number1', type=<ChatType.PRIVATE>), date=datetime.datetime(2025, 7, 8, 14, 3, 21, tzinfo=<UTC>), delete_chat_photo=False, from_user=User(first_name='SPRD', id=7707158318, is_bot=True, username='tizi91Bot'), group_chat_created=False, message_id=13234, reply_markup=InlineKeyboardMarkup(inline_keyboard=((InlineKeyboardButton(callback_data='start_sniperx', text='🚀 Start SniperX'),), (InlineKeyboardButton(callback_data='stop_sniperx', text='🛑 Stop SniperX'), InlineKeyboardButton(callback_data='status_sniperx', text='📊 Status')), (InlineKeyboardButton(callback_data='show_balance', text='💰 Balance'),))), supergroup_chat_created=False, text='SniperX Bot Control Panel:')
2025-07-08 15:03:19,991 - telegram.ext.ExtBot - DEBUG - Exiting: send_message
2025-07-08 15:03:21,659 - httpcore.http11 - DEBUG - receive_response_headers.complete return_value=(b'HTTP/1.1', 200, b'OK', [(b'Server', b'nginx/1.18.0'), (b'Date', b'Tue, 08 Jul 2025 14:03:23 GMT'), (b'Content-Type', b'application/json'), (b'Content-Length', b'818'), (b'Connection', b'keep-alive'), (b'Strict-Transport-Security', b'max-age=31536000; includeSubDomains; preload'), (b'Access-Control-Allow-Origin', b'*'), (b'Access-Control-Allow-Methods', b'GET, POST, OPTIONS'), (b'Access-Control-Expose-Headers', b'Content-Length,Content-Type,Date,Server,Connection')])
2025-07-08 15:03:21,660 - httpx - INFO - HTTP Request: POST https://api.telegram.org/bot7707158318:AAE8rWa4Q8Z_3avql6K0HAmXaooZAReoNF0/getUpdates "HTTP/1.1 200 OK"
2025-07-08 15:03:21,661 - httpcore.http11 - DEBUG - receive_response_body.started request=<Request [b'POST']>
2025-07-08 15:03:21,662 - httpcore.http11 - DEBUG - receive_response_body.complete
2025-07-08 15:03:21,663 - httpcore.http11 - DEBUG - response_closed.started
2025-07-08 15:03:21,663 - httpcore.http11 - DEBUG - response_closed.complete
2025-07-08 15:03:21,664 - telegram.ext.ExtBot - DEBUG - Getting updates: [37530704]
2025-07-08 15:03:21,665 - telegram.ext.ExtBot - DEBUG - (Update(callback_query=CallbackQuery(chat_instance='-1307310250263184334', data='start_sniperx', from_user=User(first_name='Ghost', id=7049055170, is_bot=False, language_code='en', last_name='Number1'), id='2605345313608113014', message=Message(channel_chat_created=False, chat=Chat(first_name='Ghost', id=7049055170, last_name='Number1', type=<ChatType.PRIVATE>), date=datetime.datetime(2025, 7, 8, 14, 3, 21, tzinfo=<UTC>), delete_chat_photo=False, from_user=User(first_name='SPRD', id=7707158318, is_bot=True, username='tizi91Bot'), group_chat_created=False, message_id=13234, reply_markup=InlineKeyboardMarkup(inline_keyboard=((InlineKeyboardButton(callback_data='start_sniperx', text='🚀 Start SniperX'),), (InlineKeyboardButton(callback_data='stop_sniperx', text='🛑 Stop SniperX'), InlineKeyboardButton(callback_data='status_sniperx', text='📊 Status')), (InlineKeyboardButton(callback_data='show_balance', text='💰 Balance'),))), supergroup_chat_created=False, text='SniperX Bot Control Panel:')), update_id=37530704),)
2025-07-08 15:03:21,670 - telegram.ext.ExtBot - DEBUG - Exiting: get_updates
2025-07-08 15:03:21,670 - telegram.ext.ExtBot - DEBUG - Entering: get_updates
2025-07-08 15:03:21,671 - telegram.ext.Application - DEBUG - Processing update Update(callback_query=CallbackQuery(chat_instance='-1307310250263184334', data='start_sniperx', from_user=User(first_name='Ghost', id=7049055170, is_bot=False, language_code='en', last_name='Number1'), id='2605345313608113014', message=Message(channel_chat_created=False, chat=Chat(first_name='Ghost', id=7049055170, last_name='Number1', type=<ChatType.PRIVATE>), date=datetime.datetime(2025, 7, 8, 14, 3, 21, tzinfo=<UTC>), delete_chat_photo=False, from_user=User(first_name='SPRD', id=7707158318, is_bot=True, username='tizi91Bot'), group_chat_created=False, message_id=13234, reply_markup=InlineKeyboardMarkup(inline_keyboard=((InlineKeyboardButton(callback_data='start_sniperx', text='🚀 Start SniperX'),), (InlineKeyboardButton(callback_data='stop_sniperx', text='🛑 Stop SniperX'), InlineKeyboardButton(callback_data='status_sniperx', text='📊 Status')), (InlineKeyboardButton(callback_data='show_balance', text='💰 Balance'),))), supergroup_chat_created=False, text='SniperX Bot Control Panel:')), update_id=37530704)
2025-07-08 15:03:21,674 - __main__ - INFO - Button callback received: Update(callback_query=CallbackQuery(chat_instance='-1307310250263184334', data='start_sniperx', from_user=User(first_name='Ghost', id=7049055170, is_bot=False, language_code='en', last_name='Number1'), id='2605345313608113014', message=Message(channel_chat_created=False, chat=Chat(first_name='Ghost', id=7049055170, last_name='Number1', type=<ChatType.PRIVATE>), date=datetime.datetime(2025, 7, 8, 14, 3, 21, tzinfo=<UTC>), delete_chat_photo=False, from_user=User(first_name='SPRD', id=7707158318, is_bot=True, username='tizi91Bot'), group_chat_created=False, message_id=13234, reply_markup=InlineKeyboardMarkup(inline_keyboard=((InlineKeyboardButton(callback_data='start_sniperx', text='🚀 Start SniperX'),), (InlineKeyboardButton(callback_data='stop_sniperx', text='🛑 Stop SniperX'), InlineKeyboardButton(callback_data='status_sniperx', text='📊 Status')), (InlineKeyboardButton(callback_data='show_balance', text='💰 Balance'),))), supergroup_chat_created=False, text='SniperX Bot Control Panel:')), update_id=37530704)
2025-07-08 15:03:21,678 - telegram.ext.ExtBot - DEBUG - Entering: answer_callback_query
2025-07-08 15:03:21,689 - httpcore.http11 - DEBUG - send_request_headers.started request=<Request [b'POST']>
2025-07-08 15:03:21,689 - httpcore.http11 - DEBUG - send_request_headers.started request=<Request [b'POST']>
2025-07-08 15:03:21,693 - httpcore.http11 - DEBUG - send_request_headers.complete
2025-07-08 15:03:21,694 - httpcore.http11 - DEBUG - send_request_body.started request=<Request [b'POST']>
2025-07-08 15:03:21,696 - httpcore.http11 - DEBUG - send_request_headers.complete
2025-07-08 15:03:21,697 - httpcore.http11 - DEBUG - send_request_body.started request=<Request [b'POST']>
2025-07-08 15:03:21,698 - httpcore.http11 - DEBUG - send_request_body.complete
2025-07-08 15:03:21,699 - httpcore.http11 - DEBUG - receive_response_headers.started request=<Request [b'POST']>
2025-07-08 15:03:21,702 - httpcore.http11 - DEBUG - send_request_body.complete
2025-07-08 15:03:21,703 - httpcore.http11 - DEBUG - receive_response_headers.started request=<Request [b'POST']>
2025-07-08 15:03:21,762 - httpcore.http11 - DEBUG - receive_response_headers.complete return_value=(b'HTTP/1.1', 200, b'OK', [(b'Server', b'nginx/1.18.0'), (b'Date', b'Tue, 08 Jul 2025 14:03:23 GMT'), (b'Content-Type', b'application/json'), (b'Content-Length', b'25'), (b'Connection', b'keep-alive'), (b'Strict-Transport-Security', b'max-age=31536000; includeSubDomains; preload'), (b'Access-Control-Allow-Origin', b'*'), (b'Access-Control-Allow-Methods', b'GET, POST, OPTIONS'), (b'Access-Control-Expose-Headers', b'Content-Length,Content-Type,Date,Server,Connection')])
2025-07-08 15:03:21,763 - httpx - INFO - HTTP Request: POST https://api.telegram.org/bot7707158318:AAE8rWa4Q8Z_3avql6K0HAmXaooZAReoNF0/answerCallbackQuery "HTTP/1.1 200 OK"
2025-07-08 15:03:21,764 - httpcore.http11 - DEBUG - receive_response_body.started request=<Request [b'POST']>
2025-07-08 15:03:21,765 - httpcore.http11 - DEBUG - receive_response_body.complete
2025-07-08 15:03:21,766 - httpcore.http11 - DEBUG - response_closed.started
2025-07-08 15:03:21,767 - httpcore.http11 - DEBUG - response_closed.complete
2025-07-08 15:03:21,768 - telegram.ext.ExtBot - DEBUG - True
2025-07-08 15:03:21,768 - telegram.ext.ExtBot - DEBUG - Exiting: answer_callback_query
2025-07-08 15:03:21,768 - __main__ - INFO - Processing action: start_sniperx
2025-07-08 15:03:21,775 - telegram.ext.ExtBot - DEBUG - Entering: send_message
2025-07-08 15:03:21,778 - httpcore.http11 - DEBUG - send_request_headers.started request=<Request [b'POST']>
2025-07-08 15:03:21,780 - httpcore.http11 - DEBUG - send_request_headers.complete
2025-07-08 15:03:21,780 - httpcore.http11 - DEBUG - send_request_body.started request=<Request [b'POST']>
2025-07-08 15:03:21,781 - httpcore.http11 - DEBUG - send_request_body.complete
2025-07-08 15:03:21,781 - httpcore.http11 - DEBUG - receive_response_headers.started request=<Request [b'POST']>
2025-07-08 15:03:21,864 - httpcore.http11 - DEBUG - receive_response_headers.complete return_value=(b'HTTP/1.1', 200, b'OK', [(b'Server', b'nginx/1.18.0'), (b'Date', b'Tue, 08 Jul 2025 14:03:23 GMT'), (b'Content-Type', b'application/json'), (b'Content-Length', b'262'), (b'Connection', b'keep-alive'), (b'Strict-Transport-Security', b'max-age=31536000; includeSubDomains; preload'), (b'Access-Control-Allow-Origin', b'*'), (b'Access-Control-Allow-Methods', b'GET, POST, OPTIONS'), (b'Access-Control-Expose-Headers', b'Content-Length,Content-Type,Date,Server,Connection')])
2025-07-08 15:03:21,866 - httpx - INFO - HTTP Request: POST https://api.telegram.org/bot7707158318:AAE8rWa4Q8Z_3avql6K0HAmXaooZAReoNF0/sendMessage "HTTP/1.1 200 OK"
2025-07-08 15:03:21,867 - httpcore.http11 - DEBUG - receive_response_body.started request=<Request [b'POST']>
2025-07-08 15:03:21,868 - httpcore.http11 - DEBUG - receive_response_body.complete
2025-07-08 15:03:21,869 - httpcore.http11 - DEBUG - response_closed.started
2025-07-08 15:03:21,869 - httpcore.http11 - DEBUG - response_closed.complete
2025-07-08 15:03:21,873 - telegram.ext.ExtBot - DEBUG - Message(channel_chat_created=False, chat=Chat(first_name='Ghost', id=7049055170, last_name='Number1', type=<ChatType.PRIVATE>), date=datetime.datetime(2025, 7, 8, 14, 3, 23, tzinfo=<UTC>), delete_chat_photo=False, from_user=User(first_name='SPRD', id=7707158318, is_bot=True, username='tizi91Bot'), group_chat_created=False, message_id=13235, supergroup_chat_created=False, text='Starting wallet manager...')
2025-07-08 15:03:21,873 - telegram.ext.ExtBot - DEBUG - Exiting: send_message
2025-07-08 15:03:23,971 - telegram.ext.ExtBot - DEBUG - Entering: send_message
2025-07-08 15:03:23,975 - httpcore.http11 - DEBUG - send_request_headers.started request=<Request [b'POST']>
2025-07-08 15:03:23,977 - httpcore.http11 - DEBUG - send_request_headers.complete
2025-07-08 15:03:23,978 - httpcore.http11 - DEBUG - send_request_body.started request=<Request [b'POST']>
2025-07-08 15:03:23,979 - httpcore.http11 - DEBUG - send_request_body.complete
2025-07-08 15:03:23,979 - httpcore.http11 - DEBUG - receive_response_headers.started request=<Request [b'POST']>
2025-07-08 15:03:24,076 - httpcore.http11 - DEBUG - receive_response_headers.complete return_value=(b'HTTP/1.1', 200, b'OK', [(b'Server', b'nginx/1.18.0'), (b'Date', b'Tue, 08 Jul 2025 14:03:25 GMT'), (b'Content-Type', b'application/json'), (b'Content-Length', b'322'), (b'Connection', b'keep-alive'), (b'Strict-Transport-Security', b'max-age=31536000; includeSubDomains; preload'), (b'Access-Control-Allow-Origin', b'*'), (b'Access-Control-Allow-Methods', b'GET, POST, OPTIONS'), (b'Access-Control-Expose-Headers', b'Content-Length,Content-Type,Date,Server,Connection')])
2025-07-08 15:03:24,078 - httpx - INFO - HTTP Request: POST https://api.telegram.org/bot7707158318:AAE8rWa4Q8Z_3avql6K0HAmXaooZAReoNF0/sendMessage "HTTP/1.1 200 OK"
2025-07-08 15:03:24,079 - httpcore.http11 - DEBUG - receive_response_body.started request=<Request [b'POST']>
2025-07-08 15:03:24,080 - httpcore.http11 - DEBUG - receive_response_body.complete
2025-07-08 15:03:24,081 - httpcore.http11 - DEBUG - response_closed.started
2025-07-08 15:03:24,082 - httpcore.http11 - DEBUG - response_closed.complete
2025-07-08 15:03:24,083 - telegram.ext.ExtBot - DEBUG - Message(channel_chat_created=False, chat=Chat(first_name='Ghost', id=7049055170, last_name='Number1', type=<ChatType.PRIVATE>), date=datetime.datetime(2025, 7, 8, 14, 3, 25, tzinfo=<UTC>), delete_chat_photo=False, entities=(MessageEntity(length=5, offset=8, type=<MessageEntityType.URL>),), from_user=User(first_name='SPRD', id=7707158318, is_bot=True, username='tizi91Bot'), group_chat_created=False, message_id=13236, supergroup_chat_created=False, text='SniperX V2.py started with PID 9268.')
2025-07-08 15:03:24,085 - telegram.ext.ExtBot - DEBUG - Exiting: send_message
2025-07-08 15:03:24,085 - __main__ - INFO - SniperX V2.py started with PID 9268 by user tizi91Bot
2025-07-08 15:03:24,086 - telegram.ext.ExtBot - DEBUG - Entering: edit_message_text
2025-07-08 15:03:24,091 - httpcore.http11 - DEBUG - send_request_headers.started request=<Request [b'POST']>
2025-07-08 15:03:24,092 - httpcore.http11 - DEBUG - send_request_headers.complete
2025-07-08 15:03:24,093 - httpcore.http11 - DEBUG - send_request_body.started request=<Request [b'POST']>
2025-07-08 15:03:24,095 - httpcore.http11 - DEBUG - send_request_body.complete
2025-07-08 15:03:24,095 - httpcore.http11 - DEBUG - receive_response_headers.started request=<Request [b'POST']>
2025-07-08 15:03:24,172 - httpcore.http11 - DEBUG - receive_response_headers.complete return_value=(b'HTTP/1.1', 400, b'Bad Request', [(b'Server', b'nginx/1.18.0'), (b'Date', b'Tue, 08 Jul 2025 14:03:25 GMT'), (b'Content-Type', b'application/json'), (b'Content-Length', b'204'), (b'Connection', b'keep-alive'), (b'Strict-Transport-Security', b'max-age=31536000; includeSubDomains; preload'), (b'Access-Control-Allow-Origin', b'*'), (b'Access-Control-Expose-Headers', b'Content-Length,Content-Type,Date,Server,Connection')])
2025-07-08 15:03:24,174 - httpx - INFO - HTTP Request: POST https://api.telegram.org/bot7707158318:AAE8rWa4Q8Z_3avql6K0HAmXaooZAReoNF0/editMessageText "HTTP/1.1 400 Bad Request"
2025-07-08 15:03:24,178 - httpcore.http11 - DEBUG - receive_response_body.started request=<Request [b'POST']>
2025-07-08 15:03:24,179 - httpcore.http11 - DEBUG - receive_response_body.complete
2025-07-08 15:03:24,179 - httpcore.http11 - DEBUG - response_closed.started
2025-07-08 15:03:24,180 - httpcore.http11 - DEBUG - response_closed.complete
2025-07-08 15:03:24,181 - __main__ - ERROR - Error showing menu: Message is not modified: specified new message content and reply markup are exactly the same as a current content and reply markup of the message
2025-07-08 15:03:24,182 - telegram.ext.ExtBot - DEBUG - Entering: send_message
2025-07-08 15:03:24,186 - httpcore.http11 - DEBUG - send_request_headers.started request=<Request [b'POST']>
2025-07-08 15:03:24,188 - httpcore.http11 - DEBUG - send_request_headers.complete
2025-07-08 15:03:24,189 - httpcore.http11 - DEBUG - send_request_body.started request=<Request [b'POST']>
2025-07-08 15:03:24,190 - httpcore.http11 - DEBUG - send_request_body.complete
2025-07-08 15:03:24,190 - httpcore.http11 - DEBUG - receive_response_headers.started request=<Request [b'POST']>
2025-07-08 15:03:24,277 - httpcore.http11 - DEBUG - receive_response_headers.complete return_value=(b'HTTP/1.1', 200, b'OK', [(b'Server', b'nginx/1.18.0'), (b'Date', b'Tue, 08 Jul 2025 14:03:25 GMT'), (b'Content-Type', b'application/json'), (b'Content-Length', b'570'), (b'Connection', b'keep-alive'), (b'Strict-Transport-Security', b'max-age=31536000; includeSubDomains; preload'), (b'Access-Control-Allow-Origin', b'*'), (b'Access-Control-Allow-Methods', b'GET, POST, OPTIONS'), (b'Access-Control-Expose-Headers', b'Content-Length,Content-Type,Date,Server,Connection')])
2025-07-08 15:03:24,277 - httpx - INFO - HTTP Request: POST https://api.telegram.org/bot7707158318:AAE8rWa4Q8Z_3avql6K0HAmXaooZAReoNF0/sendMessage "HTTP/1.1 200 OK"
2025-07-08 15:03:24,278 - httpcore.http11 - DEBUG - receive_response_body.started request=<Request [b'POST']>
2025-07-08 15:03:24,279 - httpcore.http11 - DEBUG - receive_response_body.complete
2025-07-08 15:03:24,279 - httpcore.http11 - DEBUG - response_closed.started
2025-07-08 15:03:24,281 - httpcore.http11 - DEBUG - response_closed.complete
2025-07-08 15:03:24,283 - telegram.ext.ExtBot - DEBUG - Message(channel_chat_created=False, chat=Chat(first_name='Ghost', id=7049055170, last_name='Number1', type=<ChatType.PRIVATE>), date=datetime.datetime(2025, 7, 8, 14, 3, 25, tzinfo=<UTC>), delete_chat_photo=False, from_user=User(first_name='SPRD', id=7707158318, is_bot=True, username='tizi91Bot'), group_chat_created=False, message_id=13237, reply_markup=InlineKeyboardMarkup(inline_keyboard=((InlineKeyboardButton(callback_data='start_sniperx', text='🚀 Start SniperX'),), (InlineKeyboardButton(callback_data='stop_sniperx', text='🛑 Stop SniperX'), InlineKeyboardButton(callback_data='status_sniperx', text='📊 Status')), (InlineKeyboardButton(callback_data='show_balance', text='💰 Balance'),))), supergroup_chat_created=False, text='SniperX Bot Control Panel:')
2025-07-08 15:03:24,285 - telegram.ext.ExtBot - DEBUG - Exiting: send_message
2025-07-08 15:03:31,870 - httpcore.http11 - DEBUG - receive_response_headers.complete return_value=(b'HTTP/1.1', 200, b'OK', [(b'Server', b'nginx/1.18.0'), (b'Date', b'Tue, 08 Jul 2025 14:03:33 GMT'), (b'Content-Type', b'application/json'), (b'Content-Length', b'23'), (b'Connection', b'keep-alive'), (b'Strict-Transport-Security', b'max-age=31536000; includeSubDomains; preload'), (b'Access-Control-Allow-Origin', b'*'), (b'Access-Control-Allow-Methods', b'GET, POST, OPTIONS'), (b'Access-Control-Expose-Headers', b'Content-Length,Content-Type,Date,Server,Connection')])
2025-07-08 15:03:31,872 - httpx - INFO - HTTP Request: POST https://api.telegram.org/bot7707158318:AAE8rWa4Q8Z_3avql6K0HAmXaooZAReoNF0/getUpdates "HTTP/1.1 200 OK"
2025-07-08 15:03:31,873 - httpcore.http11 - DEBUG - receive_response_body.started request=<Request [b'POST']>
2025-07-08 15:03:31,874 - httpcore.http11 - DEBUG - receive_response_body.complete
2025-07-08 15:03:31,875 - httpcore.http11 - DEBUG - response_closed.started
2025-07-08 15:03:31,875 - httpcore.http11 - DEBUG - response_closed.complete
2025-07-08 15:03:31,877 - telegram.ext.ExtBot - DEBUG - No new updates found.
2025-07-08 15:03:31,877 - telegram.ext.ExtBot - DEBUG - ()
2025-07-08 15:03:31,877 - telegram.ext.ExtBot - DEBUG - Exiting: get_updates
2025-07-08 15:03:31,877 - telegram.ext.ExtBot - DEBUG - Entering: get_updates
2025-07-08 15:03:31,881 - httpcore.http11 - DEBUG - send_request_headers.started request=<Request [b'POST']>
2025-07-08 15:03:31,883 - httpcore.http11 - DEBUG - send_request_headers.complete
2025-07-08 15:03:31,883 - httpcore.http11 - DEBUG - send_request_body.started request=<Request [b'POST']>
2025-07-08 15:03:31,885 - httpcore.http11 - DEBUG - send_request_body.complete
2025-07-08 15:03:31,885 - httpcore.http11 - DEBUG - receive_response_headers.started request=<Request [b'POST']>
2025-07-08 15:03:41,935 - httpcore.http11 - DEBUG - receive_response_headers.complete return_value=(b'HTTP/1.1', 200, b'OK', [(b'Server', b'nginx/1.18.0'), (b'Date', b'Tue, 08 Jul 2025 14:03:43 GMT'), (b'Content-Type', b'application/json'), (b'Content-Length', b'23'), (b'Connection', b'keep-alive'), (b'Strict-Transport-Security', b'max-age=31536000; includeSubDomains; preload'), (b'Access-Control-Allow-Origin', b'*'), (b'Access-Control-Allow-Methods', b'GET, POST, OPTIONS'), (b'Access-Control-Expose-Headers', b'Content-Length,Content-Type,Date,Server,Connection')])
2025-07-08 15:03:41,936 - httpx - INFO - HTTP Request: POST https://api.telegram.org/bot7707158318:AAE8rWa4Q8Z_3avql6K0HAmXaooZAReoNF0/getUpdates "HTTP/1.1 200 OK"
2025-07-08 15:03:41,936 - httpcore.http11 - DEBUG - receive_response_body.started request=<Request [b'POST']>
2025-07-08 15:03:41,937 - httpcore.http11 - DEBUG - receive_response_body.complete
2025-07-08 15:03:41,938 - httpcore.http11 - DEBUG - response_closed.started
2025-07-08 15:03:41,939 - httpcore.http11 - DEBUG - response_closed.complete
2025-07-08 15:03:41,939 - telegram.ext.ExtBot - DEBUG - No new updates found.
2025-07-08 15:03:41,940 - telegram.ext.ExtBot - DEBUG - ()
2025-07-08 15:03:41,940 - telegram.ext.ExtBot - DEBUG - Exiting: get_updates
2025-07-08 15:03:41,940 - telegram.ext.ExtBot - DEBUG - Entering: get_updates
2025-07-08 15:03:41,942 - httpcore.http11 - DEBUG - send_request_headers.started request=<Request [b'POST']>
2025-07-08 15:03:41,943 - httpcore.http11 - DEBUG - send_request_headers.complete
2025-07-08 15:03:41,944 - httpcore.http11 - DEBUG - send_request_body.started request=<Request [b'POST']>
2025-07-08 15:03:41,945 - httpcore.http11 - DEBUG - send_request_body.complete
2025-07-08 15:03:41,945 - httpcore.http11 - DEBUG - receive_response_headers.started request=<Request [b'POST']>
2025-07-08 15:03:51,996 - httpcore.http11 - DEBUG - receive_response_headers.complete return_value=(b'HTTP/1.1', 200, b'OK', [(b'Server', b'nginx/1.18.0'), (b'Date', b'Tue, 08 Jul 2025 14:03:53 GMT'), (b'Content-Type', b'application/json'), (b'Content-Length', b'23'), (b'Connection', b'keep-alive'), (b'Strict-Transport-Security', b'max-age=31536000; includeSubDomains; preload'), (b'Access-Control-Allow-Origin', b'*'), (b'Access-Control-Allow-Methods', b'GET, POST, OPTIONS'), (b'Access-Control-Expose-Headers', b'Content-Length,Content-Type,Date,Server,Connection')])
2025-07-08 15:03:51,996 - httpx - INFO - HTTP Request: POST https://api.telegram.org/bot7707158318:AAE8rWa4Q8Z_3avql6K0HAmXaooZAReoNF0/getUpdates "HTTP/1.1 200 OK"
2025-07-08 15:03:51,996 - httpcore.http11 - DEBUG - receive_response_body.started request=<Request [b'POST']>
2025-07-08 15:03:51,996 - httpcore.http11 - DEBUG - receive_response_body.complete
2025-07-08 15:03:51,996 - httpcore.http11 - DEBUG - response_closed.started
2025-07-08 15:03:52,002 - httpcore.http11 - DEBUG - response_closed.complete
2025-07-08 15:03:52,003 - telegram.ext.ExtBot - DEBUG - No new updates found.
2025-07-08 15:03:52,003 - telegram.ext.ExtBot - DEBUG - ()
2025-07-08 15:03:52,003 - telegram.ext.ExtBot - DEBUG - Exiting: get_updates
2025-07-08 15:03:52,003 - telegram.ext.ExtBot - DEBUG - Entering: get_updates
2025-07-08 15:03:52,003 - httpcore.http11 - DEBUG - send_request_headers.started request=<Request [b'POST']>
2025-07-08 15:03:52,003 - httpcore.http11 - DEBUG - send_request_headers.complete
2025-07-08 15:03:52,003 - httpcore.http11 - DEBUG - send_request_body.started request=<Request [b'POST']>
2025-07-08 15:03:52,003 - httpcore.http11 - DEBUG - send_request_body.complete
2025-07-08 15:03:52,003 - httpcore.http11 - DEBUG - receive_response_headers.started request=<Request [b'POST']>
2025-07-08 15:04:02,159 - httpcore.http11 - DEBUG - receive_response_headers.complete return_value=(b'HTTP/1.1', 200, b'OK', [(b'Server', b'nginx/1.18.0'), (b'Date', b'Tue, 08 Jul 2025 14:04:03 GMT'), (b'Content-Type', b'application/json'), (b'Content-Length', b'23'), (b'Connection', b'keep-alive'), (b'Strict-Transport-Security', b'max-age=31536000; includeSubDomains; preload'), (b'Access-Control-Allow-Origin', b'*'), (b'Access-Control-Allow-Methods', b'GET, POST, OPTIONS'), (b'Access-Control-Expose-Headers', b'Content-Length,Content-Type,Date,Server,Connection')])
2025-07-08 15:04:02,161 - httpx - INFO - HTTP Request: POST https://api.telegram.org/bot7707158318:AAE8rWa4Q8Z_3avql6K0HAmXaooZAReoNF0/getUpdates "HTTP/1.1 200 OK"
2025-07-08 15:04:02,162 - httpcore.http11 - DEBUG - receive_response_body.started request=<Request [b'POST']>
2025-07-08 15:04:02,162 - httpcore.http11 - DEBUG - receive_response_body.complete
2025-07-08 15:04:02,162 - httpcore.http11 - DEBUG - response_closed.started
2025-07-08 15:04:02,162 - httpcore.http11 - DEBUG - response_closed.complete
2025-07-08 15:04:02,164 - telegram.ext.ExtBot - DEBUG - No new updates found.
2025-07-08 15:04:02,164 - telegram.ext.ExtBot - DEBUG - ()
2025-07-08 15:04:02,164 - telegram.ext.ExtBot - DEBUG - Exiting: get_updates
2025-07-08 15:04:02,164 - telegram.ext.ExtBot - DEBUG - Entering: get_updates
2025-07-08 15:04:02,166 - httpcore.http11 - DEBUG - send_request_headers.started request=<Request [b'POST']>
2025-07-08 15:04:02,167 - httpcore.http11 - DEBUG - send_request_headers.complete
2025-07-08 15:04:02,167 - httpcore.http11 - DEBUG - send_request_body.started request=<Request [b'POST']>
2025-07-08 15:04:02,167 - httpcore.http11 - DEBUG - send_request_body.complete
2025-07-08 15:04:02,167 - httpcore.http11 - DEBUG - receive_response_headers.started request=<Request [b'POST']>
2025-07-08 15:04:12,303 - httpcore.http11 - DEBUG - receive_response_headers.complete return_value=(b'HTTP/1.1', 200, b'OK', [(b'Server', b'nginx/1.18.0'), (b'Date', b'Tue, 08 Jul 2025 14:04:13 GMT'), (b'Content-Type', b'application/json'), (b'Content-Length', b'23'), (b'Connection', b'keep-alive'), (b'Strict-Transport-Security', b'max-age=31536000; includeSubDomains; preload'), (b'Access-Control-Allow-Origin', b'*'), (b'Access-Control-Allow-Methods', b'GET, POST, OPTIONS'), (b'Access-Control-Expose-Headers', b'Content-Length,Content-Type,Date,Server,Connection')])
2025-07-08 15:04:12,303 - httpx - INFO - HTTP Request: POST https://api.telegram.org/bot7707158318:AAE8rWa4Q8Z_3avql6K0HAmXaooZAReoNF0/getUpdates "HTTP/1.1 200 OK"
2025-07-08 15:04:12,303 - httpcore.http11 - DEBUG - receive_response_body.started request=<Request [b'POST']>
2025-07-08 15:04:12,303 - httpcore.http11 - DEBUG - receive_response_body.complete
2025-07-08 15:04:12,303 - httpcore.http11 - DEBUG - response_closed.started
2025-07-08 15:04:12,303 - httpcore.http11 - DEBUG - response_closed.complete
2025-07-08 15:04:12,308 - telegram.ext.ExtBot - DEBUG - No new updates found.
2025-07-08 15:04:12,308 - telegram.ext.ExtBot - DEBUG - ()
2025-07-08 15:04:12,308 - telegram.ext.ExtBot - DEBUG - Exiting: get_updates
2025-07-08 15:04:12,308 - telegram.ext.ExtBot - DEBUG - Entering: get_updates
2025-07-08 15:04:12,312 - httpcore.http11 - DEBUG - send_request_headers.started request=<Request [b'POST']>
2025-07-08 15:04:12,313 - httpcore.http11 - DEBUG - send_request_headers.complete
2025-07-08 15:04:12,313 - httpcore.http11 - DEBUG - send_request_body.started request=<Request [b'POST']>
2025-07-08 15:04:12,314 - httpcore.http11 - DEBUG - send_request_body.complete
2025-07-08 15:04:12,314 - httpcore.http11 - DEBUG - receive_response_headers.started request=<Request [b'POST']>
