2025-07-12 09:58:16,131 - asyncio - DEBUG - Using proactor: IocpProactor
2025-07-12 09:58:16,135 - httpx - DEBUG - load_ssl_context verify=True cert=None trust_env=True http2=False
2025-07-12 09:58:16,138 - httpx - DEBUG - load_verify_locations cafile='c:\\Users\\Rachid Aitali\\OneDrive - 4JM Solutions Limited\\Desktop\\SniperX-V3-Best-Version-at-now\\.venv\\lib\\site-packages\\certifi\\cacert.pem'
2025-07-12 09:58:16,147 - httpx - DEBUG - load_ssl_context verify=True cert=None trust_env=True http2=False
2025-07-12 09:58:16,147 - httpx - DEBUG - load_verify_locations cafile='c:\\Users\\Rachid Aitali\\OneDrive - 4JM Solutions Limited\\Desktop\\SniperX-V3-Best-Version-at-now\\.venv\\lib\\site-packages\\certifi\\cacert.pem'
2025-07-12 09:58:16,183 - __main__ - INFO - Telegram Manager Bot started. Send /menu to interact.
2025-07-12 09:58:16,184 - telegram.ext.ExtBot - DEBUG - Entering: send_message
2025-07-12 09:58:16,198 - httpcore.connection - DEBUG - connect_tcp.started host='api.telegram.org' port=443 local_address=None timeout=5.0 socket_options=None
2025-07-12 09:58:16,288 - httpcore.connection - DEBUG - connect_tcp.complete return_value=<httpcore._backends.anyio.AnyIOStream object at 0x000001E5C8ADEB30>
2025-07-12 09:58:16,288 - httpcore.connection - DEBUG - start_tls.started ssl_context=<ssl.SSLContext object at 0x000001E5C8A984C0> server_hostname='api.telegram.org' timeout=5.0
2025-07-12 09:58:16,350 - httpcore.connection - DEBUG - start_tls.complete return_value=<httpcore._backends.anyio.AnyIOStream object at 0x000001E5C8ADF2E0>
2025-07-12 09:58:16,352 - httpcore.http11 - DEBUG - send_request_headers.started request=<Request [b'POST']>
2025-07-12 09:58:16,352 - httpcore.http11 - DEBUG - send_request_headers.complete
2025-07-12 09:58:16,354 - httpcore.http11 - DEBUG - send_request_body.started request=<Request [b'POST']>
2025-07-12 09:58:16,354 - httpcore.http11 - DEBUG - send_request_body.complete
2025-07-12 09:58:16,354 - httpcore.http11 - DEBUG - receive_response_headers.started request=<Request [b'POST']>
2025-07-12 09:58:16,718 - httpcore.http11 - DEBUG - receive_response_headers.complete return_value=(b'HTTP/1.1', 200, b'OK', [(b'Server', b'nginx/1.18.0'), (b'Date', b'Sat, 12 Jul 2025 08:58:17 GMT'), (b'Content-Type', b'application/json'), (b'Content-Length', b'352'), (b'Connection', b'keep-alive'), (b'Strict-Transport-Security', b'max-age=31536000; includeSubDomains; preload'), (b'Access-Control-Allow-Origin', b'*'), (b'Access-Control-Allow-Methods', b'GET, POST, OPTIONS'), (b'Access-Control-Expose-Headers', b'Content-Length,Content-Type,Date,Server,Connection')])
2025-07-12 09:58:16,721 - httpx - INFO - HTTP Request: POST https://api.telegram.org/bot7707158318:AAE8rWa4Q8Z_3avql6K0HAmXaooZAReoNF0/sendMessage "HTTP/1.1 200 OK"
2025-07-12 09:58:16,724 - httpcore.http11 - DEBUG - receive_response_body.started request=<Request [b'POST']>
2025-07-12 09:58:16,724 - httpcore.http11 - DEBUG - receive_response_body.complete
2025-07-12 09:58:16,726 - httpcore.http11 - DEBUG - response_closed.started
2025-07-12 09:58:16,726 - httpcore.http11 - DEBUG - response_closed.complete
2025-07-12 09:58:16,729 - telegram.ext.ExtBot - DEBUG - Message(channel_chat_created=False, chat=Chat(first_name='Ghost', id=7049055170, last_name='Number1', type=<ChatType.PRIVATE>), date=datetime.datetime(2025, 7, 12, 8, 58, 17, tzinfo=<UTC>), delete_chat_photo=False, entities=(MessageEntity(length=5, offset=36, type=<MessageEntityType.BOT_COMMAND>),), from_user=User(first_name='SPRD', id=7707158318, is_bot=True, username='tizi91Bot'), group_chat_created=False, message_id=13600, supergroup_chat_created=False, text='SniperX Control Bot is online! Send /menu to see options.')
2025-07-12 09:58:16,733 - telegram.ext.ExtBot - DEBUG - Exiting: send_message
2025-07-12 09:58:16,733 - telegram.ext.ExtBot - DEBUG - Entering: get_me
2025-07-12 09:58:16,736 - httpcore.http11 - DEBUG - send_request_headers.started request=<Request [b'POST']>
2025-07-12 09:58:16,736 - httpcore.http11 - DEBUG - send_request_headers.complete
2025-07-12 09:58:16,736 - httpcore.http11 - DEBUG - send_request_body.started request=<Request [b'POST']>
2025-07-12 09:58:16,738 - httpcore.http11 - DEBUG - send_request_body.complete
2025-07-12 09:58:16,738 - httpcore.http11 - DEBUG - receive_response_headers.started request=<Request [b'POST']>
2025-07-12 09:58:16,788 - httpcore.http11 - DEBUG - receive_response_headers.complete return_value=(b'HTTP/1.1', 200, b'OK', [(b'Server', b'nginx/1.18.0'), (b'Date', b'Sat, 12 Jul 2025 08:58:17 GMT'), (b'Content-Type', b'application/json'), (b'Content-Length', b'243'), (b'Connection', b'keep-alive'), (b'Strict-Transport-Security', b'max-age=31536000; includeSubDomains; preload'), (b'Access-Control-Allow-Origin', b'*'), (b'Access-Control-Allow-Methods', b'GET, POST, OPTIONS'), (b'Access-Control-Expose-Headers', b'Content-Length,Content-Type,Date,Server,Connection')])
2025-07-12 09:58:16,788 - httpx - INFO - HTTP Request: POST https://api.telegram.org/bot7707158318:AAE8rWa4Q8Z_3avql6K0HAmXaooZAReoNF0/getMe "HTTP/1.1 200 OK"
2025-07-12 09:58:16,789 - httpcore.http11 - DEBUG - receive_response_body.started request=<Request [b'POST']>
2025-07-12 09:58:16,790 - httpcore.http11 - DEBUG - receive_response_body.complete
2025-07-12 09:58:16,790 - httpcore.http11 - DEBUG - response_closed.started
2025-07-12 09:58:16,790 - httpcore.http11 - DEBUG - response_closed.complete
2025-07-12 09:58:16,792 - telegram.ext.ExtBot - DEBUG - User(api_kwargs={'can_connect_to_business': False, 'has_main_web_app': False}, can_join_groups=True, can_read_all_group_messages=False, first_name='SPRD', id=7707158318, is_bot=True, supports_inline_queries=False, username='tizi91Bot')
2025-07-12 09:58:16,792 - telegram.ext.ExtBot - DEBUG - Exiting: get_me
2025-07-12 09:58:16,792 - telegram.ext.ExtBot - DEBUG - This Bot is already initialized.
2025-07-12 09:58:16,792 - telegram.ext.Updater - DEBUG - Updater started (polling)
2025-07-12 09:58:16,792 - telegram.ext.Updater - DEBUG - Start network loop retry bootstrap del webhook
2025-07-12 09:58:16,792 - telegram.ext.Updater - DEBUG - Deleting webhook
2025-07-12 09:58:16,792 - telegram.ext.ExtBot - DEBUG - Entering: delete_webhook
2025-07-12 09:58:16,794 - httpcore.http11 - DEBUG - send_request_headers.started request=<Request [b'POST']>
2025-07-12 09:58:16,794 - httpcore.http11 - DEBUG - send_request_headers.complete
2025-07-12 09:58:16,794 - httpcore.http11 - DEBUG - send_request_body.started request=<Request [b'POST']>
2025-07-12 09:58:16,794 - httpcore.http11 - DEBUG - send_request_body.complete
2025-07-12 09:58:16,794 - httpcore.http11 - DEBUG - receive_response_headers.started request=<Request [b'POST']>
2025-07-12 09:58:16,844 - httpcore.http11 - DEBUG - receive_response_headers.complete return_value=(b'HTTP/1.1', 200, b'OK', [(b'Server', b'nginx/1.18.0'), (b'Date', b'Sat, 12 Jul 2025 08:58:17 GMT'), (b'Content-Type', b'application/json'), (b'Content-Length', b'68'), (b'Connection', b'keep-alive'), (b'Strict-Transport-Security', b'max-age=31536000; includeSubDomains; preload'), (b'Access-Control-Allow-Origin', b'*'), (b'Access-Control-Allow-Methods', b'GET, POST, OPTIONS'), (b'Access-Control-Expose-Headers', b'Content-Length,Content-Type,Date,Server,Connection')])
2025-07-12 09:58:16,848 - httpx - INFO - HTTP Request: POST https://api.telegram.org/bot7707158318:AAE8rWa4Q8Z_3avql6K0HAmXaooZAReoNF0/deleteWebhook "HTTP/1.1 200 OK"
2025-07-12 09:58:16,848 - httpcore.http11 - DEBUG - receive_response_body.started request=<Request [b'POST']>
2025-07-12 09:58:16,848 - httpcore.http11 - DEBUG - receive_response_body.complete
2025-07-12 09:58:16,848 - httpcore.http11 - DEBUG - response_closed.started
2025-07-12 09:58:16,848 - httpcore.http11 - DEBUG - response_closed.complete
2025-07-12 09:58:16,848 - telegram.ext.ExtBot - DEBUG - True
2025-07-12 09:58:16,848 - telegram.ext.ExtBot - DEBUG - Exiting: delete_webhook
2025-07-12 09:58:16,848 - telegram.ext.Updater - DEBUG - Bootstrap done
2025-07-12 09:58:16,848 - telegram.ext.Updater - DEBUG - Waiting for polling to start
2025-07-12 09:58:16,848 - telegram.ext.Updater - DEBUG - Polling updates from Telegram started
2025-07-12 09:58:16,848 - telegram.ext.Updater - DEBUG - Start network loop retry getting Updates
2025-07-12 09:58:16,848 - telegram.ext.ExtBot - DEBUG - Entering: get_updates
2025-07-12 09:58:16,853 - telegram.ext.Application - INFO - Application started
2025-07-12 09:58:16,853 - httpcore.connection - DEBUG - connect_tcp.started host='api.telegram.org' port=443 local_address=None timeout=5.0 socket_options=None
2025-07-12 09:58:16,913 - httpcore.connection - DEBUG - connect_tcp.complete return_value=<httpcore._backends.anyio.AnyIOStream object at 0x000001E5C8B2B0D0>
2025-07-12 09:58:16,913 - httpcore.connection - DEBUG - start_tls.started ssl_context=<ssl.SSLContext object at 0x000001E5C8A983C0> server_hostname='api.telegram.org' timeout=5.0
2025-07-12 09:58:16,972 - httpcore.connection - DEBUG - start_tls.complete return_value=<httpcore._backends.anyio.AnyIOStream object at 0x000001E5C8B2AF80>
2025-07-12 09:58:16,973 - httpcore.http11 - DEBUG - send_request_headers.started request=<Request [b'POST']>
2025-07-12 09:58:16,973 - httpcore.http11 - DEBUG - send_request_headers.complete
2025-07-12 09:58:16,973 - httpcore.http11 - DEBUG - send_request_body.started request=<Request [b'POST']>
2025-07-12 09:58:16,973 - httpcore.http11 - DEBUG - send_request_body.complete
2025-07-12 09:58:16,973 - httpcore.http11 - DEBUG - receive_response_headers.started request=<Request [b'POST']>
2025-07-12 09:58:23,784 - httpcore.http11 - DEBUG - receive_response_headers.complete return_value=(b'HTTP/1.1', 200, b'OK', [(b'Server', b'nginx/1.18.0'), (b'Date', b'Sat, 12 Jul 2025 08:58:24 GMT'), (b'Content-Type', b'application/json'), (b'Content-Length', b'357'), (b'Connection', b'keep-alive'), (b'Strict-Transport-Security', b'max-age=31536000; includeSubDomains; preload'), (b'Access-Control-Allow-Origin', b'*'), (b'Access-Control-Allow-Methods', b'GET, POST, OPTIONS'), (b'Access-Control-Expose-Headers', b'Content-Length,Content-Type,Date,Server,Connection')])
2025-07-12 09:58:23,784 - httpx - INFO - HTTP Request: POST https://api.telegram.org/bot7707158318:AAE8rWa4Q8Z_3avql6K0HAmXaooZAReoNF0/getUpdates "HTTP/1.1 200 OK"
2025-07-12 09:58:23,785 - httpcore.http11 - DEBUG - receive_response_body.started request=<Request [b'POST']>
2025-07-12 09:58:23,786 - httpcore.http11 - DEBUG - receive_response_body.complete
2025-07-12 09:58:23,786 - httpcore.http11 - DEBUG - response_closed.started
2025-07-12 09:58:23,786 - httpcore.http11 - DEBUG - response_closed.complete
2025-07-12 09:58:23,786 - telegram.ext.ExtBot - DEBUG - Getting updates: [37530944]
2025-07-12 09:58:23,788 - telegram.ext.ExtBot - DEBUG - (Update(message=Message(channel_chat_created=False, chat=Chat(first_name='Ghost', id=7049055170, last_name='Number1', type=<ChatType.PRIVATE>), date=datetime.datetime(2025, 7, 12, 8, 58, 24, tzinfo=<UTC>), delete_chat_photo=False, entities=(MessageEntity(length=5, offset=0, type=<MessageEntityType.BOT_COMMAND>),), from_user=User(first_name='Ghost', id=7049055170, is_bot=False, language_code='en', last_name='Number1'), group_chat_created=False, message_id=13601, supergroup_chat_created=False, text='/menu'), update_id=37530944),)
2025-07-12 09:58:23,790 - telegram.ext.ExtBot - DEBUG - Exiting: get_updates
2025-07-12 09:58:23,790 - telegram.ext.ExtBot - DEBUG - Entering: get_updates
2025-07-12 09:58:23,790 - telegram.ext.Application - DEBUG - Processing update Update(message=Message(channel_chat_created=False, chat=Chat(first_name='Ghost', id=7049055170, last_name='Number1', type=<ChatType.PRIVATE>), date=datetime.datetime(2025, 7, 12, 8, 58, 24, tzinfo=<UTC>), delete_chat_photo=False, entities=(MessageEntity(length=5, offset=0, type=<MessageEntityType.BOT_COMMAND>),), from_user=User(first_name='Ghost', id=7049055170, is_bot=False, language_code='en', last_name='Number1'), group_chat_created=False, message_id=13601, supergroup_chat_created=False, text='/menu'), update_id=37530944)
2025-07-12 09:58:23,793 - telegram.ext.ExtBot - DEBUG - Entering: send_message
2025-07-12 09:58:23,797 - httpcore.connection - DEBUG - close.started
2025-07-12 09:58:23,799 - httpcore.connection - DEBUG - close.complete
2025-07-12 09:58:23,799 - httpcore.http11 - DEBUG - send_request_headers.started request=<Request [b'POST']>
2025-07-12 09:58:23,799 - httpcore.connection - DEBUG - connect_tcp.started host='api.telegram.org' port=443 local_address=None timeout=5.0 socket_options=None
2025-07-12 09:58:23,800 - httpcore.http11 - DEBUG - send_request_headers.complete
2025-07-12 09:58:23,800 - httpcore.http11 - DEBUG - send_request_body.started request=<Request [b'POST']>
2025-07-12 09:58:23,800 - httpcore.http11 - DEBUG - send_request_body.complete
2025-07-12 09:58:23,800 - httpcore.http11 - DEBUG - receive_response_headers.started request=<Request [b'POST']>
2025-07-12 09:58:23,858 - httpcore.connection - DEBUG - connect_tcp.complete return_value=<httpcore._backends.anyio.AnyIOStream object at 0x000001E5C8B29690>
2025-07-12 09:58:23,858 - httpcore.connection - DEBUG - start_tls.started ssl_context=<ssl.SSLContext object at 0x000001E5C8A984C0> server_hostname='api.telegram.org' timeout=5.0
2025-07-12 09:58:23,917 - httpcore.connection - DEBUG - start_tls.complete return_value=<httpcore._backends.anyio.AnyIOStream object at 0x000001E5C8B29AB0>
2025-07-12 09:58:23,918 - httpcore.http11 - DEBUG - send_request_headers.started request=<Request [b'POST']>
2025-07-12 09:58:23,920 - httpcore.http11 - DEBUG - send_request_headers.complete
2025-07-12 09:58:23,920 - httpcore.http11 - DEBUG - send_request_body.started request=<Request [b'POST']>
2025-07-12 09:58:23,920 - httpcore.http11 - DEBUG - send_request_body.complete
2025-07-12 09:58:23,920 - httpcore.http11 - DEBUG - receive_response_headers.started request=<Request [b'POST']>
2025-07-12 09:58:23,998 - httpcore.http11 - DEBUG - receive_response_headers.complete return_value=(b'HTTP/1.1', 200, b'OK', [(b'Server', b'nginx/1.18.0'), (b'Date', b'Sat, 12 Jul 2025 08:58:24 GMT'), (b'Content-Type', b'application/json'), (b'Content-Length', b'570'), (b'Connection', b'keep-alive'), (b'Strict-Transport-Security', b'max-age=31536000; includeSubDomains; preload'), (b'Access-Control-Allow-Origin', b'*'), (b'Access-Control-Allow-Methods', b'GET, POST, OPTIONS'), (b'Access-Control-Expose-Headers', b'Content-Length,Content-Type,Date,Server,Connection')])
2025-07-12 09:58:24,004 - httpx - INFO - HTTP Request: POST https://api.telegram.org/bot7707158318:AAE8rWa4Q8Z_3avql6K0HAmXaooZAReoNF0/sendMessage "HTTP/1.1 200 OK"
2025-07-12 09:58:24,004 - httpcore.http11 - DEBUG - receive_response_body.started request=<Request [b'POST']>
2025-07-12 09:58:24,005 - httpcore.http11 - DEBUG - receive_response_body.complete
2025-07-12 09:58:24,005 - httpcore.http11 - DEBUG - response_closed.started
2025-07-12 09:58:24,005 - httpcore.http11 - DEBUG - response_closed.complete
2025-07-12 09:58:24,007 - telegram.ext.ExtBot - DEBUG - Message(channel_chat_created=False, chat=Chat(first_name='Ghost', id=7049055170, last_name='Number1', type=<ChatType.PRIVATE>), date=datetime.datetime(2025, 7, 12, 8, 58, 24, tzinfo=<UTC>), delete_chat_photo=False, from_user=User(first_name='SPRD', id=7707158318, is_bot=True, username='tizi91Bot'), group_chat_created=False, message_id=13602, reply_markup=InlineKeyboardMarkup(inline_keyboard=((InlineKeyboardButton(callback_data='start_sniperx', text='🚀 Start SniperX'),), (InlineKeyboardButton(callback_data='stop_sniperx', text='🛑 Stop SniperX'), InlineKeyboardButton(callback_data='status_sniperx', text='📊 Status')), (InlineKeyboardButton(callback_data='show_balance', text='💰 Balance'),))), supergroup_chat_created=False, text='SniperX Bot Control Panel:')
2025-07-12 09:58:24,008 - telegram.ext.ExtBot - DEBUG - Exiting: send_message
2025-07-12 09:58:25,319 - httpcore.http11 - DEBUG - receive_response_headers.complete return_value=(b'HTTP/1.1', 200, b'OK', [(b'Server', b'nginx/1.18.0'), (b'Date', b'Sat, 12 Jul 2025 08:58:25 GMT'), (b'Content-Type', b'application/json'), (b'Content-Length', b'818'), (b'Connection', b'keep-alive'), (b'Strict-Transport-Security', b'max-age=31536000; includeSubDomains; preload'), (b'Access-Control-Allow-Origin', b'*'), (b'Access-Control-Allow-Methods', b'GET, POST, OPTIONS'), (b'Access-Control-Expose-Headers', b'Content-Length,Content-Type,Date,Server,Connection')])
2025-07-12 09:58:25,319 - httpx - INFO - HTTP Request: POST https://api.telegram.org/bot7707158318:AAE8rWa4Q8Z_3avql6K0HAmXaooZAReoNF0/getUpdates "HTTP/1.1 200 OK"
2025-07-12 09:58:25,321 - httpcore.http11 - DEBUG - receive_response_body.started request=<Request [b'POST']>
2025-07-12 09:58:25,322 - httpcore.http11 - DEBUG - receive_response_body.complete
2025-07-12 09:58:25,322 - httpcore.http11 - DEBUG - response_closed.started
2025-07-12 09:58:25,322 - httpcore.http11 - DEBUG - response_closed.complete
2025-07-12 09:58:25,323 - telegram.ext.ExtBot - DEBUG - Getting updates: [37530945]
2025-07-12 09:58:25,324 - telegram.ext.ExtBot - DEBUG - (Update(callback_query=CallbackQuery(chat_instance='-1307310250263184334', data='start_sniperx', from_user=User(first_name='Ghost', id=7049055170, is_bot=False, language_code='en', last_name='Number1'), id='2605345313733509856', message=Message(channel_chat_created=False, chat=Chat(first_name='Ghost', id=7049055170, last_name='Number1', type=<ChatType.PRIVATE>), date=datetime.datetime(2025, 7, 12, 8, 58, 24, tzinfo=<UTC>), delete_chat_photo=False, from_user=User(first_name='SPRD', id=7707158318, is_bot=True, username='tizi91Bot'), group_chat_created=False, message_id=13602, reply_markup=InlineKeyboardMarkup(inline_keyboard=((InlineKeyboardButton(callback_data='start_sniperx', text='🚀 Start SniperX'),), (InlineKeyboardButton(callback_data='stop_sniperx', text='🛑 Stop SniperX'), InlineKeyboardButton(callback_data='status_sniperx', text='📊 Status')), (InlineKeyboardButton(callback_data='show_balance', text='💰 Balance'),))), supergroup_chat_created=False, text='SniperX Bot Control Panel:')), update_id=37530945),)
2025-07-12 09:58:25,325 - telegram.ext.ExtBot - DEBUG - Exiting: get_updates
2025-07-12 09:58:25,325 - telegram.ext.ExtBot - DEBUG - Entering: get_updates
2025-07-12 09:58:25,327 - telegram.ext.Application - DEBUG - Processing update Update(callback_query=CallbackQuery(chat_instance='-1307310250263184334', data='start_sniperx', from_user=User(first_name='Ghost', id=7049055170, is_bot=False, language_code='en', last_name='Number1'), id='2605345313733509856', message=Message(channel_chat_created=False, chat=Chat(first_name='Ghost', id=7049055170, last_name='Number1', type=<ChatType.PRIVATE>), date=datetime.datetime(2025, 7, 12, 8, 58, 24, tzinfo=<UTC>), delete_chat_photo=False, from_user=User(first_name='SPRD', id=7707158318, is_bot=True, username='tizi91Bot'), group_chat_created=False, message_id=13602, reply_markup=InlineKeyboardMarkup(inline_keyboard=((InlineKeyboardButton(callback_data='start_sniperx', text='🚀 Start SniperX'),), (InlineKeyboardButton(callback_data='stop_sniperx', text='🛑 Stop SniperX'), InlineKeyboardButton(callback_data='status_sniperx', text='📊 Status')), (InlineKeyboardButton(callback_data='show_balance', text='💰 Balance'),))), supergroup_chat_created=False, text='SniperX Bot Control Panel:')), update_id=37530945)
2025-07-12 09:58:25,330 - __main__ - INFO - Button callback received: Update(callback_query=CallbackQuery(chat_instance='-1307310250263184334', data='start_sniperx', from_user=User(first_name='Ghost', id=7049055170, is_bot=False, language_code='en', last_name='Number1'), id='2605345313733509856', message=Message(channel_chat_created=False, chat=Chat(first_name='Ghost', id=7049055170, last_name='Number1', type=<ChatType.PRIVATE>), date=datetime.datetime(2025, 7, 12, 8, 58, 24, tzinfo=<UTC>), delete_chat_photo=False, from_user=User(first_name='SPRD', id=7707158318, is_bot=True, username='tizi91Bot'), group_chat_created=False, message_id=13602, reply_markup=InlineKeyboardMarkup(inline_keyboard=((InlineKeyboardButton(callback_data='start_sniperx', text='🚀 Start SniperX'),), (InlineKeyboardButton(callback_data='stop_sniperx', text='🛑 Stop SniperX'), InlineKeyboardButton(callback_data='status_sniperx', text='📊 Status')), (InlineKeyboardButton(callback_data='show_balance', text='💰 Balance'),))), supergroup_chat_created=False, text='SniperX Bot Control Panel:')), update_id=37530945)
2025-07-12 09:58:25,330 - telegram.ext.ExtBot - DEBUG - Entering: answer_callback_query
2025-07-12 09:58:25,339 - httpcore.http11 - DEBUG - send_request_headers.started request=<Request [b'POST']>
2025-07-12 09:58:25,339 - httpcore.http11 - DEBUG - send_request_headers.started request=<Request [b'POST']>
2025-07-12 09:58:25,341 - httpcore.http11 - DEBUG - send_request_headers.complete
2025-07-12 09:58:25,341 - httpcore.http11 - DEBUG - send_request_body.started request=<Request [b'POST']>
2025-07-12 09:58:25,341 - httpcore.http11 - DEBUG - send_request_headers.complete
2025-07-12 09:58:25,341 - httpcore.http11 - DEBUG - send_request_body.started request=<Request [b'POST']>
2025-07-12 09:58:25,343 - httpcore.http11 - DEBUG - send_request_body.complete
2025-07-12 09:58:25,343 - httpcore.http11 - DEBUG - receive_response_headers.started request=<Request [b'POST']>
2025-07-12 09:58:25,343 - httpcore.http11 - DEBUG - send_request_body.complete
2025-07-12 09:58:25,345 - httpcore.http11 - DEBUG - receive_response_headers.started request=<Request [b'POST']>
2025-07-12 09:58:25,403 - httpcore.http11 - DEBUG - receive_response_headers.complete return_value=(b'HTTP/1.1', 200, b'OK', [(b'Server', b'nginx/1.18.0'), (b'Date', b'Sat, 12 Jul 2025 08:58:26 GMT'), (b'Content-Type', b'application/json'), (b'Content-Length', b'25'), (b'Connection', b'keep-alive'), (b'Strict-Transport-Security', b'max-age=31536000; includeSubDomains; preload'), (b'Access-Control-Allow-Origin', b'*'), (b'Access-Control-Allow-Methods', b'GET, POST, OPTIONS'), (b'Access-Control-Expose-Headers', b'Content-Length,Content-Type,Date,Server,Connection')])
2025-07-12 09:58:25,405 - httpx - INFO - HTTP Request: POST https://api.telegram.org/bot7707158318:AAE8rWa4Q8Z_3avql6K0HAmXaooZAReoNF0/answerCallbackQuery "HTTP/1.1 200 OK"
2025-07-12 09:58:25,405 - httpcore.http11 - DEBUG - receive_response_body.started request=<Request [b'POST']>
2025-07-12 09:58:25,406 - httpcore.http11 - DEBUG - receive_response_body.complete
2025-07-12 09:58:25,406 - httpcore.http11 - DEBUG - response_closed.started
2025-07-12 09:58:25,406 - httpcore.http11 - DEBUG - response_closed.complete
2025-07-12 09:58:25,406 - telegram.ext.ExtBot - DEBUG - True
2025-07-12 09:58:25,406 - telegram.ext.ExtBot - DEBUG - Exiting: answer_callback_query
2025-07-12 09:58:25,408 - __main__ - INFO - Processing action: start_sniperx
2025-07-12 09:58:25,412 - telegram.ext.ExtBot - DEBUG - Entering: send_message
2025-07-12 09:58:25,415 - httpcore.http11 - DEBUG - send_request_headers.started request=<Request [b'POST']>
2025-07-12 09:58:25,415 - httpcore.http11 - DEBUG - send_request_headers.complete
2025-07-12 09:58:25,416 - httpcore.http11 - DEBUG - send_request_body.started request=<Request [b'POST']>
2025-07-12 09:58:25,416 - httpcore.http11 - DEBUG - send_request_body.complete
2025-07-12 09:58:25,416 - httpcore.http11 - DEBUG - receive_response_headers.started request=<Request [b'POST']>
2025-07-12 09:58:25,488 - httpcore.http11 - DEBUG - receive_response_headers.complete return_value=(b'HTTP/1.1', 200, b'OK', [(b'Server', b'nginx/1.18.0'), (b'Date', b'Sat, 12 Jul 2025 08:58:26 GMT'), (b'Content-Type', b'application/json'), (b'Content-Length', b'262'), (b'Connection', b'keep-alive'), (b'Strict-Transport-Security', b'max-age=31536000; includeSubDomains; preload'), (b'Access-Control-Allow-Origin', b'*'), (b'Access-Control-Allow-Methods', b'GET, POST, OPTIONS'), (b'Access-Control-Expose-Headers', b'Content-Length,Content-Type,Date,Server,Connection')])
2025-07-12 09:58:25,488 - httpx - INFO - HTTP Request: POST https://api.telegram.org/bot7707158318:AAE8rWa4Q8Z_3avql6K0HAmXaooZAReoNF0/sendMessage "HTTP/1.1 200 OK"
2025-07-12 09:58:25,490 - httpcore.http11 - DEBUG - receive_response_body.started request=<Request [b'POST']>
2025-07-12 09:58:25,490 - httpcore.http11 - DEBUG - receive_response_body.complete
2025-07-12 09:58:25,490 - httpcore.http11 - DEBUG - response_closed.started
2025-07-12 09:58:25,490 - httpcore.http11 - DEBUG - response_closed.complete
2025-07-12 09:58:25,493 - telegram.ext.ExtBot - DEBUG - Message(channel_chat_created=False, chat=Chat(first_name='Ghost', id=7049055170, last_name='Number1', type=<ChatType.PRIVATE>), date=datetime.datetime(2025, 7, 12, 8, 58, 26, tzinfo=<UTC>), delete_chat_photo=False, from_user=User(first_name='SPRD', id=7707158318, is_bot=True, username='tizi91Bot'), group_chat_created=False, message_id=13603, supergroup_chat_created=False, text='Starting wallet manager...')
2025-07-12 09:58:25,493 - telegram.ext.ExtBot - DEBUG - Exiting: send_message
2025-07-12 09:58:27,623 - telegram.ext.ExtBot - DEBUG - Entering: send_message
2025-07-12 09:58:27,626 - httpcore.http11 - DEBUG - send_request_headers.started request=<Request [b'POST']>
2025-07-12 09:58:27,626 - httpcore.http11 - DEBUG - send_request_headers.complete
2025-07-12 09:58:27,629 - httpcore.http11 - DEBUG - send_request_body.started request=<Request [b'POST']>
2025-07-12 09:58:27,645 - httpcore.http11 - DEBUG - send_request_body.complete
2025-07-12 09:58:27,645 - httpcore.http11 - DEBUG - receive_response_headers.started request=<Request [b'POST']>
2025-07-12 09:58:27,728 - httpcore.http11 - DEBUG - receive_response_headers.complete return_value=(b'HTTP/1.1', 200, b'OK', [(b'Server', b'nginx/1.18.0'), (b'Date', b'Sat, 12 Jul 2025 08:58:28 GMT'), (b'Content-Type', b'application/json'), (b'Content-Length', b'323'), (b'Connection', b'keep-alive'), (b'Strict-Transport-Security', b'max-age=31536000; includeSubDomains; preload'), (b'Access-Control-Allow-Origin', b'*'), (b'Access-Control-Allow-Methods', b'GET, POST, OPTIONS'), (b'Access-Control-Expose-Headers', b'Content-Length,Content-Type,Date,Server,Connection')])
2025-07-12 09:58:27,729 - httpx - INFO - HTTP Request: POST https://api.telegram.org/bot7707158318:AAE8rWa4Q8Z_3avql6K0HAmXaooZAReoNF0/sendMessage "HTTP/1.1 200 OK"
2025-07-12 09:58:27,730 - httpcore.http11 - DEBUG - receive_response_body.started request=<Request [b'POST']>
2025-07-12 09:58:27,731 - httpcore.http11 - DEBUG - receive_response_body.complete
2025-07-12 09:58:27,731 - httpcore.http11 - DEBUG - response_closed.started
2025-07-12 09:58:27,731 - httpcore.http11 - DEBUG - response_closed.complete
2025-07-12 09:58:27,732 - telegram.ext.ExtBot - DEBUG - Message(channel_chat_created=False, chat=Chat(first_name='Ghost', id=7049055170, last_name='Number1', type=<ChatType.PRIVATE>), date=datetime.datetime(2025, 7, 12, 8, 58, 28, tzinfo=<UTC>), delete_chat_photo=False, entities=(MessageEntity(length=5, offset=8, type=<MessageEntityType.URL>),), from_user=User(first_name='SPRD', id=7707158318, is_bot=True, username='tizi91Bot'), group_chat_created=False, message_id=13604, supergroup_chat_created=False, text='SniperX V2.py started with PID 16760.')
2025-07-12 09:58:27,733 - telegram.ext.ExtBot - DEBUG - Exiting: send_message
2025-07-12 09:58:27,733 - __main__ - INFO - SniperX V2.py started with PID 16760 by user tizi91Bot
2025-07-12 09:58:27,735 - telegram.ext.ExtBot - DEBUG - Entering: edit_message_text
2025-07-12 09:58:27,739 - httpcore.http11 - DEBUG - send_request_headers.started request=<Request [b'POST']>
2025-07-12 09:58:27,740 - httpcore.http11 - DEBUG - send_request_headers.complete
2025-07-12 09:58:27,741 - httpcore.http11 - DEBUG - send_request_body.started request=<Request [b'POST']>
2025-07-12 09:58:27,744 - httpcore.http11 - DEBUG - send_request_body.complete
2025-07-12 09:58:27,744 - httpcore.http11 - DEBUG - receive_response_headers.started request=<Request [b'POST']>
2025-07-12 09:58:27,811 - httpcore.http11 - DEBUG - receive_response_headers.complete return_value=(b'HTTP/1.1', 400, b'Bad Request', [(b'Server', b'nginx/1.18.0'), (b'Date', b'Sat, 12 Jul 2025 08:58:28 GMT'), (b'Content-Type', b'application/json'), (b'Content-Length', b'204'), (b'Connection', b'keep-alive'), (b'Strict-Transport-Security', b'max-age=31536000; includeSubDomains; preload'), (b'Access-Control-Allow-Origin', b'*'), (b'Access-Control-Expose-Headers', b'Content-Length,Content-Type,Date,Server,Connection')])
2025-07-12 09:58:27,812 - httpx - INFO - HTTP Request: POST https://api.telegram.org/bot7707158318:AAE8rWa4Q8Z_3avql6K0HAmXaooZAReoNF0/editMessageText "HTTP/1.1 400 Bad Request"
2025-07-12 09:58:27,812 - httpcore.http11 - DEBUG - receive_response_body.started request=<Request [b'POST']>
2025-07-12 09:58:27,813 - httpcore.http11 - DEBUG - receive_response_body.complete
2025-07-12 09:58:27,813 - httpcore.http11 - DEBUG - response_closed.started
2025-07-12 09:58:27,813 - httpcore.http11 - DEBUG - response_closed.complete
2025-07-12 09:58:27,815 - __main__ - ERROR - Error showing menu: Message is not modified: specified new message content and reply markup are exactly the same as a current content and reply markup of the message
2025-07-12 09:58:27,815 - telegram.ext.ExtBot - DEBUG - Entering: send_message
2025-07-12 09:58:27,818 - httpcore.http11 - DEBUG - send_request_headers.started request=<Request [b'POST']>
2025-07-12 09:58:27,819 - httpcore.http11 - DEBUG - send_request_headers.complete
2025-07-12 09:58:27,819 - httpcore.http11 - DEBUG - send_request_body.started request=<Request [b'POST']>
2025-07-12 09:58:27,819 - httpcore.http11 - DEBUG - send_request_body.complete
2025-07-12 09:58:27,822 - httpcore.http11 - DEBUG - receive_response_headers.started request=<Request [b'POST']>
2025-07-12 09:58:27,897 - httpcore.http11 - DEBUG - receive_response_headers.complete return_value=(b'HTTP/1.1', 200, b'OK', [(b'Server', b'nginx/1.18.0'), (b'Date', b'Sat, 12 Jul 2025 08:58:28 GMT'), (b'Content-Type', b'application/json'), (b'Content-Length', b'570'), (b'Connection', b'keep-alive'), (b'Strict-Transport-Security', b'max-age=31536000; includeSubDomains; preload'), (b'Access-Control-Allow-Origin', b'*'), (b'Access-Control-Allow-Methods', b'GET, POST, OPTIONS'), (b'Access-Control-Expose-Headers', b'Content-Length,Content-Type,Date,Server,Connection')])
2025-07-12 09:58:27,901 - httpx - INFO - HTTP Request: POST https://api.telegram.org/bot7707158318:AAE8rWa4Q8Z_3avql6K0HAmXaooZAReoNF0/sendMessage "HTTP/1.1 200 OK"
2025-07-12 09:58:27,901 - httpcore.http11 - DEBUG - receive_response_body.started request=<Request [b'POST']>
2025-07-12 09:58:27,902 - httpcore.http11 - DEBUG - receive_response_body.complete
2025-07-12 09:58:27,902 - httpcore.http11 - DEBUG - response_closed.started
2025-07-12 09:58:27,903 - httpcore.http11 - DEBUG - response_closed.complete
2025-07-12 09:58:27,904 - telegram.ext.ExtBot - DEBUG - Message(channel_chat_created=False, chat=Chat(first_name='Ghost', id=7049055170, last_name='Number1', type=<ChatType.PRIVATE>), date=datetime.datetime(2025, 7, 12, 8, 58, 28, tzinfo=<UTC>), delete_chat_photo=False, from_user=User(first_name='SPRD', id=7707158318, is_bot=True, username='tizi91Bot'), group_chat_created=False, message_id=13605, reply_markup=InlineKeyboardMarkup(inline_keyboard=((InlineKeyboardButton(callback_data='start_sniperx', text='🚀 Start SniperX'),), (InlineKeyboardButton(callback_data='stop_sniperx', text='🛑 Stop SniperX'), InlineKeyboardButton(callback_data='status_sniperx', text='📊 Status')), (InlineKeyboardButton(callback_data='show_balance', text='💰 Balance'),))), supergroup_chat_created=False, text='SniperX Bot Control Panel:')
2025-07-12 09:58:27,904 - telegram.ext.ExtBot - DEBUG - Exiting: send_message
2025-07-12 09:58:35,453 - httpcore.http11 - DEBUG - receive_response_headers.complete return_value=(b'HTTP/1.1', 200, b'OK', [(b'Server', b'nginx/1.18.0'), (b'Date', b'Sat, 12 Jul 2025 08:58:36 GMT'), (b'Content-Type', b'application/json'), (b'Content-Length', b'23'), (b'Connection', b'keep-alive'), (b'Strict-Transport-Security', b'max-age=31536000; includeSubDomains; preload'), (b'Access-Control-Allow-Origin', b'*'), (b'Access-Control-Allow-Methods', b'GET, POST, OPTIONS'), (b'Access-Control-Expose-Headers', b'Content-Length,Content-Type,Date,Server,Connection')])
2025-07-12 09:58:35,458 - httpx - INFO - HTTP Request: POST https://api.telegram.org/bot7707158318:AAE8rWa4Q8Z_3avql6K0HAmXaooZAReoNF0/getUpdates "HTTP/1.1 200 OK"
2025-07-12 09:58:35,458 - httpcore.http11 - DEBUG - receive_response_body.started request=<Request [b'POST']>
2025-07-12 09:58:35,458 - httpcore.http11 - DEBUG - receive_response_body.complete
2025-07-12 09:58:35,458 - httpcore.http11 - DEBUG - response_closed.started
2025-07-12 09:58:35,458 - httpcore.http11 - DEBUG - response_closed.complete
2025-07-12 09:58:35,461 - telegram.ext.ExtBot - DEBUG - No new updates found.
2025-07-12 09:58:35,461 - telegram.ext.ExtBot - DEBUG - ()
2025-07-12 09:58:35,461 - telegram.ext.ExtBot - DEBUG - Exiting: get_updates
2025-07-12 09:58:35,462 - telegram.ext.ExtBot - DEBUG - Entering: get_updates
2025-07-12 09:58:35,464 - httpcore.http11 - DEBUG - send_request_headers.started request=<Request [b'POST']>
2025-07-12 09:58:35,465 - httpcore.http11 - DEBUG - send_request_headers.complete
2025-07-12 09:58:35,465 - httpcore.http11 - DEBUG - send_request_body.started request=<Request [b'POST']>
2025-07-12 09:58:35,465 - httpcore.http11 - DEBUG - send_request_body.complete
2025-07-12 09:58:35,465 - httpcore.http11 - DEBUG - receive_response_headers.started request=<Request [b'POST']>
2025-07-12 09:58:45,594 - httpcore.http11 - DEBUG - receive_response_headers.complete return_value=(b'HTTP/1.1', 200, b'OK', [(b'Server', b'nginx/1.18.0'), (b'Date', b'Sat, 12 Jul 2025 08:58:46 GMT'), (b'Content-Type', b'application/json'), (b'Content-Length', b'23'), (b'Connection', b'keep-alive'), (b'Strict-Transport-Security', b'max-age=31536000; includeSubDomains; preload'), (b'Access-Control-Allow-Origin', b'*'), (b'Access-Control-Allow-Methods', b'GET, POST, OPTIONS'), (b'Access-Control-Expose-Headers', b'Content-Length,Content-Type,Date,Server,Connection')])
2025-07-12 09:58:45,597 - httpx - INFO - HTTP Request: POST https://api.telegram.org/bot7707158318:AAE8rWa4Q8Z_3avql6K0HAmXaooZAReoNF0/getUpdates "HTTP/1.1 200 OK"
2025-07-12 09:58:45,598 - httpcore.http11 - DEBUG - receive_response_body.started request=<Request [b'POST']>
2025-07-12 09:58:45,599 - httpcore.http11 - DEBUG - receive_response_body.complete
2025-07-12 09:58:45,599 - httpcore.http11 - DEBUG - response_closed.started
2025-07-12 09:58:45,600 - httpcore.http11 - DEBUG - response_closed.complete
2025-07-12 09:58:45,600 - telegram.ext.ExtBot - DEBUG - No new updates found.
2025-07-12 09:58:45,600 - telegram.ext.ExtBot - DEBUG - ()
2025-07-12 09:58:45,600 - telegram.ext.ExtBot - DEBUG - Exiting: get_updates
2025-07-12 09:58:45,601 - telegram.ext.ExtBot - DEBUG - Entering: get_updates
2025-07-12 09:58:45,606 - httpcore.http11 - DEBUG - send_request_headers.started request=<Request [b'POST']>
2025-07-12 09:58:45,607 - httpcore.http11 - DEBUG - send_request_headers.complete
2025-07-12 09:58:45,608 - httpcore.http11 - DEBUG - send_request_body.started request=<Request [b'POST']>
2025-07-12 09:58:45,608 - httpcore.http11 - DEBUG - send_request_body.complete
2025-07-12 09:58:45,608 - httpcore.http11 - DEBUG - receive_response_headers.started request=<Request [b'POST']>
2025-07-12 09:58:55,736 - httpcore.http11 - DEBUG - receive_response_headers.complete return_value=(b'HTTP/1.1', 200, b'OK', [(b'Server', b'nginx/1.18.0'), (b'Date', b'Sat, 12 Jul 2025 08:58:56 GMT'), (b'Content-Type', b'application/json'), (b'Content-Length', b'23'), (b'Connection', b'keep-alive'), (b'Strict-Transport-Security', b'max-age=31536000; includeSubDomains; preload'), (b'Access-Control-Allow-Origin', b'*'), (b'Access-Control-Allow-Methods', b'GET, POST, OPTIONS'), (b'Access-Control-Expose-Headers', b'Content-Length,Content-Type,Date,Server,Connection')])
2025-07-12 09:58:55,738 - httpx - INFO - HTTP Request: POST https://api.telegram.org/bot7707158318:AAE8rWa4Q8Z_3avql6K0HAmXaooZAReoNF0/getUpdates "HTTP/1.1 200 OK"
2025-07-12 09:58:55,738 - httpcore.http11 - DEBUG - receive_response_body.started request=<Request [b'POST']>
2025-07-12 09:58:55,740 - httpcore.http11 - DEBUG - receive_response_body.complete
2025-07-12 09:58:55,740 - httpcore.http11 - DEBUG - response_closed.started
2025-07-12 09:58:55,741 - httpcore.http11 - DEBUG - response_closed.complete
2025-07-12 09:58:55,741 - telegram.ext.ExtBot - DEBUG - No new updates found.
2025-07-12 09:58:55,741 - telegram.ext.ExtBot - DEBUG - ()
2025-07-12 09:58:55,743 - telegram.ext.ExtBot - DEBUG - Exiting: get_updates
2025-07-12 09:58:55,743 - telegram.ext.ExtBot - DEBUG - Entering: get_updates
2025-07-12 09:58:55,746 - httpcore.http11 - DEBUG - send_request_headers.started request=<Request [b'POST']>
2025-07-12 09:58:55,748 - httpcore.http11 - DEBUG - send_request_headers.complete
2025-07-12 09:58:55,748 - httpcore.http11 - DEBUG - send_request_body.started request=<Request [b'POST']>
2025-07-12 09:58:55,749 - httpcore.http11 - DEBUG - send_request_body.complete
2025-07-12 09:58:55,749 - httpcore.http11 - DEBUG - receive_response_headers.started request=<Request [b'POST']>
2025-07-12 09:59:05,800 - httpcore.http11 - DEBUG - receive_response_headers.complete return_value=(b'HTTP/1.1', 200, b'OK', [(b'Server', b'nginx/1.18.0'), (b'Date', b'Sat, 12 Jul 2025 08:59:06 GMT'), (b'Content-Type', b'application/json'), (b'Content-Length', b'23'), (b'Connection', b'keep-alive'), (b'Strict-Transport-Security', b'max-age=31536000; includeSubDomains; preload'), (b'Access-Control-Allow-Origin', b'*'), (b'Access-Control-Allow-Methods', b'GET, POST, OPTIONS'), (b'Access-Control-Expose-Headers', b'Content-Length,Content-Type,Date,Server,Connection')])
2025-07-12 09:59:05,802 - httpx - INFO - HTTP Request: POST https://api.telegram.org/bot7707158318:AAE8rWa4Q8Z_3avql6K0HAmXaooZAReoNF0/getUpdates "HTTP/1.1 200 OK"
2025-07-12 09:59:05,802 - httpcore.http11 - DEBUG - receive_response_body.started request=<Request [b'POST']>
2025-07-12 09:59:05,804 - httpcore.http11 - DEBUG - receive_response_body.complete
2025-07-12 09:59:05,804 - httpcore.http11 - DEBUG - response_closed.started
2025-07-12 09:59:05,805 - httpcore.http11 - DEBUG - response_closed.complete
2025-07-12 09:59:05,805 - telegram.ext.ExtBot - DEBUG - No new updates found.
2025-07-12 09:59:05,805 - telegram.ext.ExtBot - DEBUG - ()
2025-07-12 09:59:05,805 - telegram.ext.ExtBot - DEBUG - Exiting: get_updates
2025-07-12 09:59:05,805 - telegram.ext.ExtBot - DEBUG - Entering: get_updates
2025-07-12 09:59:05,809 - httpcore.http11 - DEBUG - send_request_headers.started request=<Request [b'POST']>
2025-07-12 09:59:05,811 - httpcore.http11 - DEBUG - send_request_headers.complete
2025-07-12 09:59:05,811 - httpcore.http11 - DEBUG - send_request_body.started request=<Request [b'POST']>
2025-07-12 09:59:05,811 - httpcore.http11 - DEBUG - send_request_body.complete
2025-07-12 09:59:05,811 - httpcore.http11 - DEBUG - receive_response_headers.started request=<Request [b'POST']>
