2025-07-10 20:13:55,188 - asyncio - DEBUG - Using proactor: IocpProactor
2025-07-10 20:13:55,194 - httpx - DEBUG - load_ssl_context verify=True cert=None trust_env=True http2=False
2025-07-10 20:13:55,201 - httpx - DEBUG - load_verify_locations cafile='c:\\Users\\Rachid Aitali\\OneDrive - 4JM Solutions Limited\\Desktop\\SniperX-V3-Best-Version-at-now\\.venv\\lib\\site-packages\\certifi\\cacert.pem'
2025-07-10 20:13:55,217 - httpx - DEBUG - load_ssl_context verify=True cert=None trust_env=True http2=False
2025-07-10 20:13:55,218 - httpx - DEBUG - load_verify_locations cafile='c:\\Users\\Rachid Aitali\\OneDrive - 4JM Solutions Limited\\Desktop\\SniperX-V3-Best-Version-at-now\\.venv\\lib\\site-packages\\certifi\\cacert.pem'
2025-07-10 20:13:55,231 - __main__ - INFO - Telegram Manager Bot started. Send /menu to interact.
2025-07-10 20:13:55,233 - telegram.ext.ExtBot - DEBUG - Entering: send_message
2025-07-10 20:13:55,262 - httpcore.connection - DEBUG - connect_tcp.started host='api.telegram.org' port=443 local_address=None timeout=5.0 socket_options=None
2025-07-10 20:13:55,416 - httpcore.connection - DEBUG - connect_tcp.complete return_value=<httpcore._backends.anyio.AnyIOStream object at 0x00000268B0C0EB30>
2025-07-10 20:13:55,416 - httpcore.connection - DEBUG - start_tls.started ssl_context=<ssl.SSLContext object at 0x00000268B0BC4540> server_hostname='api.telegram.org' timeout=5.0
2025-07-10 20:13:55,735 - httpcore.connection - DEBUG - start_tls.complete return_value=<httpcore._backends.anyio.AnyIOStream object at 0x00000268B0C0F2B0>
2025-07-10 20:13:55,737 - httpcore.http11 - DEBUG - send_request_headers.started request=<Request [b'POST']>
2025-07-10 20:13:55,739 - httpcore.http11 - DEBUG - send_request_headers.complete
2025-07-10 20:13:55,739 - httpcore.http11 - DEBUG - send_request_body.started request=<Request [b'POST']>
2025-07-10 20:13:55,740 - httpcore.http11 - DEBUG - send_request_body.complete
2025-07-10 20:13:55,741 - httpcore.http11 - DEBUG - receive_response_headers.started request=<Request [b'POST']>
2025-07-10 20:13:55,922 - httpcore.http11 - DEBUG - receive_response_headers.complete return_value=(b'HTTP/1.1', 200, b'OK', [(b'Server', b'nginx/1.18.0'), (b'Date', b'Thu, 10 Jul 2025 19:13:56 GMT'), (b'Content-Type', b'application/json'), (b'Content-Length', b'352'), (b'Connection', b'keep-alive'), (b'Strict-Transport-Security', b'max-age=31536000; includeSubDomains; preload'), (b'Access-Control-Allow-Origin', b'*'), (b'Access-Control-Allow-Methods', b'GET, POST, OPTIONS'), (b'Access-Control-Expose-Headers', b'Content-Length,Content-Type,Date,Server,Connection')])
2025-07-10 20:13:55,925 - httpx - INFO - HTTP Request: POST https://api.telegram.org/bot7707158318:AAE8rWa4Q8Z_3avql6K0HAmXaooZAReoNF0/sendMessage "HTTP/1.1 200 OK"
2025-07-10 20:13:55,927 - httpcore.http11 - DEBUG - receive_response_body.started request=<Request [b'POST']>
2025-07-10 20:13:55,928 - httpcore.http11 - DEBUG - receive_response_body.complete
2025-07-10 20:13:55,929 - httpcore.http11 - DEBUG - response_closed.started
2025-07-10 20:13:55,929 - httpcore.http11 - DEBUG - response_closed.complete
2025-07-10 20:13:55,934 - telegram.ext.ExtBot - DEBUG - Message(channel_chat_created=False, chat=Chat(first_name='Ghost', id=7049055170, last_name='Number1', type=<ChatType.PRIVATE>), date=datetime.datetime(2025, 7, 10, 19, 13, 56, tzinfo=<UTC>), delete_chat_photo=False, entities=(MessageEntity(length=5, offset=36, type=<MessageEntityType.BOT_COMMAND>),), from_user=User(first_name='SPRD', id=7707158318, is_bot=True, username='tizi91Bot'), group_chat_created=False, message_id=13539, supergroup_chat_created=False, text='SniperX Control Bot is online! Send /menu to see options.')
2025-07-10 20:13:55,937 - telegram.ext.ExtBot - DEBUG - Exiting: send_message
2025-07-10 20:13:55,939 - telegram.ext.ExtBot - DEBUG - Entering: get_me
2025-07-10 20:13:55,942 - httpcore.http11 - DEBUG - send_request_headers.started request=<Request [b'POST']>
2025-07-10 20:13:55,943 - httpcore.http11 - DEBUG - send_request_headers.complete
2025-07-10 20:13:55,943 - httpcore.http11 - DEBUG - send_request_body.started request=<Request [b'POST']>
2025-07-10 20:13:55,943 - httpcore.http11 - DEBUG - send_request_body.complete
2025-07-10 20:13:55,943 - httpcore.http11 - DEBUG - receive_response_headers.started request=<Request [b'POST']>
2025-07-10 20:13:56,067 - httpcore.http11 - DEBUG - receive_response_headers.complete return_value=(b'HTTP/1.1', 200, b'OK', [(b'Server', b'nginx/1.18.0'), (b'Date', b'Thu, 10 Jul 2025 19:13:56 GMT'), (b'Content-Type', b'application/json'), (b'Content-Length', b'243'), (b'Connection', b'keep-alive'), (b'Strict-Transport-Security', b'max-age=31536000; includeSubDomains; preload'), (b'Access-Control-Allow-Origin', b'*'), (b'Access-Control-Allow-Methods', b'GET, POST, OPTIONS'), (b'Access-Control-Expose-Headers', b'Content-Length,Content-Type,Date,Server,Connection')])
2025-07-10 20:13:56,068 - httpx - INFO - HTTP Request: POST https://api.telegram.org/bot7707158318:AAE8rWa4Q8Z_3avql6K0HAmXaooZAReoNF0/getMe "HTTP/1.1 200 OK"
2025-07-10 20:13:56,072 - httpcore.http11 - DEBUG - receive_response_body.started request=<Request [b'POST']>
2025-07-10 20:13:56,073 - httpcore.http11 - DEBUG - receive_response_body.complete
2025-07-10 20:13:56,073 - httpcore.http11 - DEBUG - response_closed.started
2025-07-10 20:13:56,074 - httpcore.http11 - DEBUG - response_closed.complete
2025-07-10 20:13:56,075 - telegram.ext.ExtBot - DEBUG - User(api_kwargs={'can_connect_to_business': False, 'has_main_web_app': False}, can_join_groups=True, can_read_all_group_messages=False, first_name='SPRD', id=7707158318, is_bot=True, supports_inline_queries=False, username='tizi91Bot')
2025-07-10 20:13:56,075 - telegram.ext.ExtBot - DEBUG - Exiting: get_me
2025-07-10 20:13:56,076 - telegram.ext.ExtBot - DEBUG - This Bot is already initialized.
2025-07-10 20:13:56,076 - telegram.ext.Updater - DEBUG - Updater started (polling)
2025-07-10 20:13:56,076 - telegram.ext.Updater - DEBUG - Start network loop retry bootstrap del webhook
2025-07-10 20:13:56,077 - telegram.ext.Updater - DEBUG - Deleting webhook
2025-07-10 20:13:56,077 - telegram.ext.ExtBot - DEBUG - Entering: delete_webhook
2025-07-10 20:13:56,079 - httpcore.http11 - DEBUG - send_request_headers.started request=<Request [b'POST']>
2025-07-10 20:13:56,080 - httpcore.http11 - DEBUG - send_request_headers.complete
2025-07-10 20:13:56,080 - httpcore.http11 - DEBUG - send_request_body.started request=<Request [b'POST']>
2025-07-10 20:13:56,081 - httpcore.http11 - DEBUG - send_request_body.complete
2025-07-10 20:13:56,081 - httpcore.http11 - DEBUG - receive_response_headers.started request=<Request [b'POST']>
2025-07-10 20:13:56,172 - httpcore.http11 - DEBUG - receive_response_headers.complete return_value=(b'HTTP/1.1', 200, b'OK', [(b'Server', b'nginx/1.18.0'), (b'Date', b'Thu, 10 Jul 2025 19:13:56 GMT'), (b'Content-Type', b'application/json'), (b'Content-Length', b'68'), (b'Connection', b'keep-alive'), (b'Strict-Transport-Security', b'max-age=31536000; includeSubDomains; preload'), (b'Access-Control-Allow-Origin', b'*'), (b'Access-Control-Allow-Methods', b'GET, POST, OPTIONS'), (b'Access-Control-Expose-Headers', b'Content-Length,Content-Type,Date,Server,Connection')])
2025-07-10 20:13:56,173 - httpx - INFO - HTTP Request: POST https://api.telegram.org/bot7707158318:AAE8rWa4Q8Z_3avql6K0HAmXaooZAReoNF0/deleteWebhook "HTTP/1.1 200 OK"
2025-07-10 20:13:56,174 - httpcore.http11 - DEBUG - receive_response_body.started request=<Request [b'POST']>
2025-07-10 20:13:56,175 - httpcore.http11 - DEBUG - receive_response_body.complete
2025-07-10 20:13:56,175 - httpcore.http11 - DEBUG - response_closed.started
2025-07-10 20:13:56,176 - httpcore.http11 - DEBUG - response_closed.complete
2025-07-10 20:13:56,176 - telegram.ext.ExtBot - DEBUG - True
2025-07-10 20:13:56,177 - telegram.ext.ExtBot - DEBUG - Exiting: delete_webhook
2025-07-10 20:13:56,177 - telegram.ext.Updater - DEBUG - Bootstrap done
2025-07-10 20:13:56,177 - telegram.ext.Updater - DEBUG - Waiting for polling to start
2025-07-10 20:13:56,177 - telegram.ext.Updater - DEBUG - Polling updates from Telegram started
2025-07-10 20:13:56,178 - telegram.ext.Updater - DEBUG - Start network loop retry getting Updates
2025-07-10 20:13:56,178 - telegram.ext.ExtBot - DEBUG - Entering: get_updates
2025-07-10 20:13:56,181 - telegram.ext.Application - INFO - Application started
2025-07-10 20:13:56,184 - httpcore.connection - DEBUG - connect_tcp.started host='api.telegram.org' port=443 local_address=None timeout=5.0 socket_options=None
2025-07-10 20:13:56,274 - httpcore.connection - DEBUG - connect_tcp.complete return_value=<httpcore._backends.anyio.AnyIOStream object at 0x00000268B0C5B100>
2025-07-10 20:13:56,274 - httpcore.connection - DEBUG - start_tls.started ssl_context=<ssl.SSLContext object at 0x00000268B0BC4440> server_hostname='api.telegram.org' timeout=5.0
2025-07-10 20:13:56,376 - httpcore.connection - DEBUG - start_tls.complete return_value=<httpcore._backends.anyio.AnyIOStream object at 0x00000268B0C5AFB0>
2025-07-10 20:13:56,376 - httpcore.http11 - DEBUG - send_request_headers.started request=<Request [b'POST']>
2025-07-10 20:13:56,378 - httpcore.http11 - DEBUG - send_request_headers.complete
2025-07-10 20:13:56,378 - httpcore.http11 - DEBUG - send_request_body.started request=<Request [b'POST']>
2025-07-10 20:13:56,379 - httpcore.http11 - DEBUG - send_request_body.complete
2025-07-10 20:13:56,379 - httpcore.http11 - DEBUG - receive_response_headers.started request=<Request [b'POST']>
2025-07-10 20:14:01,318 - httpcore.http11 - DEBUG - receive_response_headers.complete return_value=(b'HTTP/1.1', 200, b'OK', [(b'Server', b'nginx/1.18.0'), (b'Date', b'Thu, 10 Jul 2025 19:14:02 GMT'), (b'Content-Type', b'application/json'), (b'Content-Length', b'357'), (b'Connection', b'keep-alive'), (b'Strict-Transport-Security', b'max-age=31536000; includeSubDomains; preload'), (b'Access-Control-Allow-Origin', b'*'), (b'Access-Control-Allow-Methods', b'GET, POST, OPTIONS'), (b'Access-Control-Expose-Headers', b'Content-Length,Content-Type,Date,Server,Connection')])
2025-07-10 20:14:01,321 - httpx - INFO - HTTP Request: POST https://api.telegram.org/bot7707158318:AAE8rWa4Q8Z_3avql6K0HAmXaooZAReoNF0/getUpdates "HTTP/1.1 200 OK"
2025-07-10 20:14:01,322 - httpcore.http11 - DEBUG - receive_response_body.started request=<Request [b'POST']>
2025-07-10 20:14:01,323 - httpcore.http11 - DEBUG - receive_response_body.complete
2025-07-10 20:14:01,324 - httpcore.http11 - DEBUG - response_closed.started
2025-07-10 20:14:01,324 - httpcore.http11 - DEBUG - response_closed.complete
2025-07-10 20:14:01,326 - telegram.ext.ExtBot - DEBUG - Getting updates: [37530839]
2025-07-10 20:14:01,329 - telegram.ext.ExtBot - DEBUG - (Update(message=Message(channel_chat_created=False, chat=Chat(first_name='Ghost', id=7049055170, last_name='Number1', type=<ChatType.PRIVATE>), date=datetime.datetime(2025, 7, 10, 19, 14, 2, tzinfo=<UTC>), delete_chat_photo=False, entities=(MessageEntity(length=5, offset=0, type=<MessageEntityType.BOT_COMMAND>),), from_user=User(first_name='Ghost', id=7049055170, is_bot=False, language_code='en', last_name='Number1'), group_chat_created=False, message_id=13540, supergroup_chat_created=False, text='/menu'), update_id=37530839),)
2025-07-10 20:14:01,331 - telegram.ext.ExtBot - DEBUG - Exiting: get_updates
2025-07-10 20:14:01,331 - telegram.ext.ExtBot - DEBUG - Entering: get_updates
2025-07-10 20:14:01,333 - telegram.ext.Application - DEBUG - Processing update Update(message=Message(channel_chat_created=False, chat=Chat(first_name='Ghost', id=7049055170, last_name='Number1', type=<ChatType.PRIVATE>), date=datetime.datetime(2025, 7, 10, 19, 14, 2, tzinfo=<UTC>), delete_chat_photo=False, entities=(MessageEntity(length=5, offset=0, type=<MessageEntityType.BOT_COMMAND>),), from_user=User(first_name='Ghost', id=7049055170, is_bot=False, language_code='en', last_name='Number1'), group_chat_created=False, message_id=13540, supergroup_chat_created=False, text='/menu'), update_id=37530839)
2025-07-10 20:14:01,338 - telegram.ext.ExtBot - DEBUG - Entering: send_message
2025-07-10 20:14:01,342 - httpcore.connection - DEBUG - close.started
2025-07-10 20:14:01,345 - httpcore.connection - DEBUG - close.complete
2025-07-10 20:14:01,346 - httpcore.http11 - DEBUG - send_request_headers.started request=<Request [b'POST']>
2025-07-10 20:14:01,347 - httpcore.connection - DEBUG - connect_tcp.started host='api.telegram.org' port=443 local_address=None timeout=5.0 socket_options=None
2025-07-10 20:14:01,348 - httpcore.http11 - DEBUG - send_request_headers.complete
2025-07-10 20:14:01,348 - httpcore.http11 - DEBUG - send_request_body.started request=<Request [b'POST']>
2025-07-10 20:14:01,351 - httpcore.http11 - DEBUG - send_request_body.complete
2025-07-10 20:14:01,352 - httpcore.http11 - DEBUG - receive_response_headers.started request=<Request [b'POST']>
2025-07-10 20:14:01,575 - httpcore.connection - DEBUG - connect_tcp.complete return_value=<httpcore._backends.anyio.AnyIOStream object at 0x00000268B0C596C0>
2025-07-10 20:14:01,575 - httpcore.connection - DEBUG - start_tls.started ssl_context=<ssl.SSLContext object at 0x00000268B0BC4540> server_hostname='api.telegram.org' timeout=5.0
2025-07-10 20:14:01,726 - httpcore.connection - DEBUG - start_tls.complete return_value=<httpcore._backends.anyio.AnyIOStream object at 0x00000268B0C59AE0>
2025-07-10 20:14:01,727 - httpcore.http11 - DEBUG - send_request_headers.started request=<Request [b'POST']>
2025-07-10 20:14:01,728 - httpcore.http11 - DEBUG - send_request_headers.complete
2025-07-10 20:14:01,729 - httpcore.http11 - DEBUG - send_request_body.started request=<Request [b'POST']>
2025-07-10 20:14:01,730 - httpcore.http11 - DEBUG - send_request_body.complete
2025-07-10 20:14:01,730 - httpcore.http11 - DEBUG - receive_response_headers.started request=<Request [b'POST']>
2025-07-10 20:14:02,053 - httpcore.http11 - DEBUG - receive_response_headers.complete return_value=(b'HTTP/1.1', 200, b'OK', [(b'Server', b'nginx/1.18.0'), (b'Date', b'Thu, 10 Jul 2025 19:14:02 GMT'), (b'Content-Type', b'application/json'), (b'Content-Length', b'570'), (b'Connection', b'keep-alive'), (b'Strict-Transport-Security', b'max-age=31536000; includeSubDomains; preload'), (b'Access-Control-Allow-Origin', b'*'), (b'Access-Control-Allow-Methods', b'GET, POST, OPTIONS'), (b'Access-Control-Expose-Headers', b'Content-Length,Content-Type,Date,Server,Connection')])
2025-07-10 20:14:02,054 - httpx - INFO - HTTP Request: POST https://api.telegram.org/bot7707158318:AAE8rWa4Q8Z_3avql6K0HAmXaooZAReoNF0/sendMessage "HTTP/1.1 200 OK"
2025-07-10 20:14:02,054 - httpcore.http11 - DEBUG - receive_response_body.started request=<Request [b'POST']>
2025-07-10 20:14:02,056 - httpcore.http11 - DEBUG - receive_response_body.complete
2025-07-10 20:14:02,057 - httpcore.http11 - DEBUG - response_closed.started
2025-07-10 20:14:02,057 - httpcore.http11 - DEBUG - response_closed.complete
2025-07-10 20:14:02,059 - telegram.ext.ExtBot - DEBUG - Message(channel_chat_created=False, chat=Chat(first_name='Ghost', id=7049055170, last_name='Number1', type=<ChatType.PRIVATE>), date=datetime.datetime(2025, 7, 10, 19, 14, 2, tzinfo=<UTC>), delete_chat_photo=False, from_user=User(first_name='SPRD', id=7707158318, is_bot=True, username='tizi91Bot'), group_chat_created=False, message_id=13541, reply_markup=InlineKeyboardMarkup(inline_keyboard=((InlineKeyboardButton(callback_data='start_sniperx', text='🚀 Start SniperX'),), (InlineKeyboardButton(callback_data='stop_sniperx', text='🛑 Stop SniperX'), InlineKeyboardButton(callback_data='status_sniperx', text='📊 Status')), (InlineKeyboardButton(callback_data='show_balance', text='💰 Balance'),))), supergroup_chat_created=False, text='SniperX Bot Control Panel:')
2025-07-10 20:14:02,061 - telegram.ext.ExtBot - DEBUG - Exiting: send_message
2025-07-10 20:14:05,512 - httpcore.http11 - DEBUG - receive_response_headers.complete return_value=(b'HTTP/1.1', 200, b'OK', [(b'Server', b'nginx/1.18.0'), (b'Date', b'Thu, 10 Jul 2025 19:14:06 GMT'), (b'Content-Type', b'application/json'), (b'Content-Length', b'818'), (b'Connection', b'keep-alive'), (b'Strict-Transport-Security', b'max-age=31536000; includeSubDomains; preload'), (b'Access-Control-Allow-Origin', b'*'), (b'Access-Control-Allow-Methods', b'GET, POST, OPTIONS'), (b'Access-Control-Expose-Headers', b'Content-Length,Content-Type,Date,Server,Connection')])
2025-07-10 20:14:05,513 - httpx - INFO - HTTP Request: POST https://api.telegram.org/bot7707158318:AAE8rWa4Q8Z_3avql6K0HAmXaooZAReoNF0/getUpdates "HTTP/1.1 200 OK"
2025-07-10 20:14:05,517 - httpcore.http11 - DEBUG - receive_response_body.started request=<Request [b'POST']>
2025-07-10 20:14:05,518 - httpcore.http11 - DEBUG - receive_response_body.complete
2025-07-10 20:14:05,518 - httpcore.http11 - DEBUG - response_closed.started
2025-07-10 20:14:05,518 - httpcore.http11 - DEBUG - response_closed.complete
2025-07-10 20:14:05,519 - telegram.ext.ExtBot - DEBUG - Getting updates: [37530840]
2025-07-10 20:14:05,521 - telegram.ext.ExtBot - DEBUG - (Update(callback_query=CallbackQuery(chat_instance='-1307310250263184334', data='start_sniperx', from_user=User(first_name='Ghost', id=7049055170, is_bot=False, language_code='en', last_name='Number1'), id='2605345316254913296', message=Message(channel_chat_created=False, chat=Chat(first_name='Ghost', id=7049055170, last_name='Number1', type=<ChatType.PRIVATE>), date=datetime.datetime(2025, 7, 10, 19, 14, 2, tzinfo=<UTC>), delete_chat_photo=False, from_user=User(first_name='SPRD', id=7707158318, is_bot=True, username='tizi91Bot'), group_chat_created=False, message_id=13541, reply_markup=InlineKeyboardMarkup(inline_keyboard=((InlineKeyboardButton(callback_data='start_sniperx', text='🚀 Start SniperX'),), (InlineKeyboardButton(callback_data='stop_sniperx', text='🛑 Stop SniperX'), InlineKeyboardButton(callback_data='status_sniperx', text='📊 Status')), (InlineKeyboardButton(callback_data='show_balance', text='💰 Balance'),))), supergroup_chat_created=False, text='SniperX Bot Control Panel:')), update_id=37530840),)
2025-07-10 20:14:05,523 - telegram.ext.ExtBot - DEBUG - Exiting: get_updates
2025-07-10 20:14:05,524 - telegram.ext.ExtBot - DEBUG - Entering: get_updates
2025-07-10 20:14:05,526 - telegram.ext.Application - DEBUG - Processing update Update(callback_query=CallbackQuery(chat_instance='-1307310250263184334', data='start_sniperx', from_user=User(first_name='Ghost', id=7049055170, is_bot=False, language_code='en', last_name='Number1'), id='2605345316254913296', message=Message(channel_chat_created=False, chat=Chat(first_name='Ghost', id=7049055170, last_name='Number1', type=<ChatType.PRIVATE>), date=datetime.datetime(2025, 7, 10, 19, 14, 2, tzinfo=<UTC>), delete_chat_photo=False, from_user=User(first_name='SPRD', id=7707158318, is_bot=True, username='tizi91Bot'), group_chat_created=False, message_id=13541, reply_markup=InlineKeyboardMarkup(inline_keyboard=((InlineKeyboardButton(callback_data='start_sniperx', text='🚀 Start SniperX'),), (InlineKeyboardButton(callback_data='stop_sniperx', text='🛑 Stop SniperX'), InlineKeyboardButton(callback_data='status_sniperx', text='📊 Status')), (InlineKeyboardButton(callback_data='show_balance', text='💰 Balance'),))), supergroup_chat_created=False, text='SniperX Bot Control Panel:')), update_id=37530840)
2025-07-10 20:14:05,529 - __main__ - INFO - Button callback received: Update(callback_query=CallbackQuery(chat_instance='-1307310250263184334', data='start_sniperx', from_user=User(first_name='Ghost', id=7049055170, is_bot=False, language_code='en', last_name='Number1'), id='2605345316254913296', message=Message(channel_chat_created=False, chat=Chat(first_name='Ghost', id=7049055170, last_name='Number1', type=<ChatType.PRIVATE>), date=datetime.datetime(2025, 7, 10, 19, 14, 2, tzinfo=<UTC>), delete_chat_photo=False, from_user=User(first_name='SPRD', id=7707158318, is_bot=True, username='tizi91Bot'), group_chat_created=False, message_id=13541, reply_markup=InlineKeyboardMarkup(inline_keyboard=((InlineKeyboardButton(callback_data='start_sniperx', text='🚀 Start SniperX'),), (InlineKeyboardButton(callback_data='stop_sniperx', text='🛑 Stop SniperX'), InlineKeyboardButton(callback_data='status_sniperx', text='📊 Status')), (InlineKeyboardButton(callback_data='show_balance', text='💰 Balance'),))), supergroup_chat_created=False, text='SniperX Bot Control Panel:')), update_id=37530840)
2025-07-10 20:14:05,572 - telegram.ext.ExtBot - DEBUG - Entering: answer_callback_query
2025-07-10 20:14:05,584 - httpcore.http11 - DEBUG - send_request_headers.started request=<Request [b'POST']>
2025-07-10 20:14:05,591 - httpcore.http11 - DEBUG - send_request_headers.started request=<Request [b'POST']>
2025-07-10 20:14:05,607 - httpcore.http11 - DEBUG - send_request_headers.complete
2025-07-10 20:14:05,607 - httpcore.http11 - DEBUG - send_request_body.started request=<Request [b'POST']>
2025-07-10 20:14:05,608 - httpcore.http11 - DEBUG - send_request_headers.complete
2025-07-10 20:14:05,608 - httpcore.http11 - DEBUG - send_request_body.started request=<Request [b'POST']>
2025-07-10 20:14:05,611 - httpcore.http11 - DEBUG - send_request_body.complete
2025-07-10 20:14:05,611 - httpcore.http11 - DEBUG - receive_response_headers.started request=<Request [b'POST']>
2025-07-10 20:14:05,612 - httpcore.http11 - DEBUG - send_request_body.complete
2025-07-10 20:14:05,613 - httpcore.http11 - DEBUG - receive_response_headers.started request=<Request [b'POST']>
2025-07-10 20:14:06,665 - httpcore.http11 - DEBUG - receive_response_headers.complete return_value=(b'HTTP/1.1', 200, b'OK', [(b'Server', b'nginx/1.18.0'), (b'Date', b'Thu, 10 Jul 2025 19:14:06 GMT'), (b'Content-Type', b'application/json'), (b'Content-Length', b'25'), (b'Connection', b'keep-alive'), (b'Strict-Transport-Security', b'max-age=31536000; includeSubDomains; preload'), (b'Access-Control-Allow-Origin', b'*'), (b'Access-Control-Allow-Methods', b'GET, POST, OPTIONS'), (b'Access-Control-Expose-Headers', b'Content-Length,Content-Type,Date,Server,Connection')])
2025-07-10 20:14:06,668 - httpx - INFO - HTTP Request: POST https://api.telegram.org/bot7707158318:AAE8rWa4Q8Z_3avql6K0HAmXaooZAReoNF0/answerCallbackQuery "HTTP/1.1 200 OK"
2025-07-10 20:14:06,671 - httpcore.http11 - DEBUG - receive_response_body.started request=<Request [b'POST']>
2025-07-10 20:14:06,671 - httpcore.http11 - DEBUG - receive_response_body.complete
2025-07-10 20:14:06,672 - httpcore.http11 - DEBUG - response_closed.started
2025-07-10 20:14:06,673 - httpcore.http11 - DEBUG - response_closed.complete
2025-07-10 20:14:06,674 - telegram.ext.ExtBot - DEBUG - True
2025-07-10 20:14:06,674 - telegram.ext.ExtBot - DEBUG - Exiting: answer_callback_query
2025-07-10 20:14:06,675 - __main__ - INFO - Processing action: start_sniperx
2025-07-10 20:14:06,680 - telegram.ext.ExtBot - DEBUG - Entering: send_message
2025-07-10 20:14:06,687 - httpcore.http11 - DEBUG - send_request_headers.started request=<Request [b'POST']>
2025-07-10 20:14:06,689 - httpcore.http11 - DEBUG - send_request_headers.complete
2025-07-10 20:14:06,690 - httpcore.http11 - DEBUG - send_request_body.started request=<Request [b'POST']>
2025-07-10 20:14:06,692 - httpcore.http11 - DEBUG - send_request_body.complete
2025-07-10 20:14:06,692 - httpcore.http11 - DEBUG - receive_response_headers.started request=<Request [b'POST']>
2025-07-10 20:14:06,894 - httpcore.http11 - DEBUG - receive_response_headers.complete return_value=(b'HTTP/1.1', 200, b'OK', [(b'Server', b'nginx/1.18.0'), (b'Date', b'Thu, 10 Jul 2025 19:14:07 GMT'), (b'Content-Type', b'application/json'), (b'Content-Length', b'262'), (b'Connection', b'keep-alive'), (b'Strict-Transport-Security', b'max-age=31536000; includeSubDomains; preload'), (b'Access-Control-Allow-Origin', b'*'), (b'Access-Control-Allow-Methods', b'GET, POST, OPTIONS'), (b'Access-Control-Expose-Headers', b'Content-Length,Content-Type,Date,Server,Connection')])
2025-07-10 20:14:06,895 - httpx - INFO - HTTP Request: POST https://api.telegram.org/bot7707158318:AAE8rWa4Q8Z_3avql6K0HAmXaooZAReoNF0/sendMessage "HTTP/1.1 200 OK"
2025-07-10 20:14:06,896 - httpcore.http11 - DEBUG - receive_response_body.started request=<Request [b'POST']>
2025-07-10 20:14:06,898 - httpcore.http11 - DEBUG - receive_response_body.complete
2025-07-10 20:14:06,899 - httpcore.http11 - DEBUG - response_closed.started
2025-07-10 20:14:06,900 - httpcore.http11 - DEBUG - response_closed.complete
2025-07-10 20:14:06,903 - telegram.ext.ExtBot - DEBUG - Message(channel_chat_created=False, chat=Chat(first_name='Ghost', id=7049055170, last_name='Number1', type=<ChatType.PRIVATE>), date=datetime.datetime(2025, 7, 10, 19, 14, 7, tzinfo=<UTC>), delete_chat_photo=False, from_user=User(first_name='SPRD', id=7707158318, is_bot=True, username='tizi91Bot'), group_chat_created=False, message_id=13542, supergroup_chat_created=False, text='Starting wallet manager...')
2025-07-10 20:14:06,905 - telegram.ext.ExtBot - DEBUG - Exiting: send_message
2025-07-10 20:14:09,039 - telegram.ext.ExtBot - DEBUG - Entering: send_message
2025-07-10 20:14:09,043 - httpcore.http11 - DEBUG - send_request_headers.started request=<Request [b'POST']>
2025-07-10 20:14:09,045 - httpcore.http11 - DEBUG - send_request_headers.complete
2025-07-10 20:14:09,045 - httpcore.http11 - DEBUG - send_request_body.started request=<Request [b'POST']>
2025-07-10 20:14:09,046 - httpcore.http11 - DEBUG - send_request_body.complete
2025-07-10 20:14:09,046 - httpcore.http11 - DEBUG - receive_response_headers.started request=<Request [b'POST']>
2025-07-10 20:14:09,249 - httpcore.http11 - DEBUG - receive_response_headers.complete return_value=(b'HTTP/1.1', 200, b'OK', [(b'Server', b'nginx/1.18.0'), (b'Date', b'Thu, 10 Jul 2025 19:14:09 GMT'), (b'Content-Type', b'application/json'), (b'Content-Length', b'322'), (b'Connection', b'keep-alive'), (b'Strict-Transport-Security', b'max-age=31536000; includeSubDomains; preload'), (b'Access-Control-Allow-Origin', b'*'), (b'Access-Control-Allow-Methods', b'GET, POST, OPTIONS'), (b'Access-Control-Expose-Headers', b'Content-Length,Content-Type,Date,Server,Connection')])
2025-07-10 20:14:09,250 - httpx - INFO - HTTP Request: POST https://api.telegram.org/bot7707158318:AAE8rWa4Q8Z_3avql6K0HAmXaooZAReoNF0/sendMessage "HTTP/1.1 200 OK"
2025-07-10 20:14:09,251 - httpcore.http11 - DEBUG - receive_response_body.started request=<Request [b'POST']>
2025-07-10 20:14:09,252 - httpcore.http11 - DEBUG - receive_response_body.complete
2025-07-10 20:14:09,253 - httpcore.http11 - DEBUG - response_closed.started
2025-07-10 20:14:09,253 - httpcore.http11 - DEBUG - response_closed.complete
2025-07-10 20:14:09,255 - telegram.ext.ExtBot - DEBUG - Message(channel_chat_created=False, chat=Chat(first_name='Ghost', id=7049055170, last_name='Number1', type=<ChatType.PRIVATE>), date=datetime.datetime(2025, 7, 10, 19, 14, 9, tzinfo=<UTC>), delete_chat_photo=False, entities=(MessageEntity(length=5, offset=8, type=<MessageEntityType.URL>),), from_user=User(first_name='SPRD', id=7707158318, is_bot=True, username='tizi91Bot'), group_chat_created=False, message_id=13543, supergroup_chat_created=False, text='SniperX V2.py started with PID 2564.')
2025-07-10 20:14:09,256 - telegram.ext.ExtBot - DEBUG - Exiting: send_message
2025-07-10 20:14:09,256 - __main__ - INFO - SniperX V2.py started with PID 2564 by user tizi91Bot
2025-07-10 20:14:09,259 - telegram.ext.ExtBot - DEBUG - Entering: edit_message_text
2025-07-10 20:14:09,263 - httpcore.http11 - DEBUG - send_request_headers.started request=<Request [b'POST']>
2025-07-10 20:14:09,265 - httpcore.http11 - DEBUG - send_request_headers.complete
2025-07-10 20:14:09,266 - httpcore.http11 - DEBUG - send_request_body.started request=<Request [b'POST']>
2025-07-10 20:14:09,267 - httpcore.http11 - DEBUG - send_request_body.complete
2025-07-10 20:14:09,267 - httpcore.http11 - DEBUG - receive_response_headers.started request=<Request [b'POST']>
2025-07-10 20:14:09,574 - httpcore.http11 - DEBUG - receive_response_headers.complete return_value=(b'HTTP/1.1', 400, b'Bad Request', [(b'Server', b'nginx/1.18.0'), (b'Date', b'Thu, 10 Jul 2025 19:14:10 GMT'), (b'Content-Type', b'application/json'), (b'Content-Length', b'204'), (b'Connection', b'keep-alive'), (b'Strict-Transport-Security', b'max-age=31536000; includeSubDomains; preload'), (b'Access-Control-Allow-Origin', b'*'), (b'Access-Control-Expose-Headers', b'Content-Length,Content-Type,Date,Server,Connection')])
2025-07-10 20:14:09,576 - httpx - INFO - HTTP Request: POST https://api.telegram.org/bot7707158318:AAE8rWa4Q8Z_3avql6K0HAmXaooZAReoNF0/editMessageText "HTTP/1.1 400 Bad Request"
2025-07-10 20:14:09,578 - httpcore.http11 - DEBUG - receive_response_body.started request=<Request [b'POST']>
2025-07-10 20:14:09,579 - httpcore.http11 - DEBUG - receive_response_body.complete
2025-07-10 20:14:09,579 - httpcore.http11 - DEBUG - response_closed.started
2025-07-10 20:14:09,580 - httpcore.http11 - DEBUG - response_closed.complete
2025-07-10 20:14:09,582 - __main__ - ERROR - Error showing menu: Message is not modified: specified new message content and reply markup are exactly the same as a current content and reply markup of the message
2025-07-10 20:14:09,583 - telegram.ext.ExtBot - DEBUG - Entering: send_message
2025-07-10 20:14:09,587 - httpcore.http11 - DEBUG - send_request_headers.started request=<Request [b'POST']>
2025-07-10 20:14:09,590 - httpcore.http11 - DEBUG - send_request_headers.complete
2025-07-10 20:14:09,590 - httpcore.http11 - DEBUG - send_request_body.started request=<Request [b'POST']>
2025-07-10 20:14:09,592 - httpcore.http11 - DEBUG - send_request_body.complete
2025-07-10 20:14:09,592 - httpcore.http11 - DEBUG - receive_response_headers.started request=<Request [b'POST']>
2025-07-10 20:14:09,834 - httpcore.http11 - DEBUG - receive_response_headers.complete return_value=(b'HTTP/1.1', 200, b'OK', [(b'Server', b'nginx/1.18.0'), (b'Date', b'Thu, 10 Jul 2025 19:14:10 GMT'), (b'Content-Type', b'application/json'), (b'Content-Length', b'570'), (b'Connection', b'keep-alive'), (b'Strict-Transport-Security', b'max-age=31536000; includeSubDomains; preload'), (b'Access-Control-Allow-Origin', b'*'), (b'Access-Control-Allow-Methods', b'GET, POST, OPTIONS'), (b'Access-Control-Expose-Headers', b'Content-Length,Content-Type,Date,Server,Connection')])
2025-07-10 20:14:09,836 - httpx - INFO - HTTP Request: POST https://api.telegram.org/bot7707158318:AAE8rWa4Q8Z_3avql6K0HAmXaooZAReoNF0/sendMessage "HTTP/1.1 200 OK"
2025-07-10 20:14:09,838 - httpcore.http11 - DEBUG - receive_response_body.started request=<Request [b'POST']>
2025-07-10 20:14:09,839 - httpcore.http11 - DEBUG - receive_response_body.complete
2025-07-10 20:14:09,839 - httpcore.http11 - DEBUG - response_closed.started
2025-07-10 20:14:09,840 - httpcore.http11 - DEBUG - response_closed.complete
2025-07-10 20:14:09,843 - telegram.ext.ExtBot - DEBUG - Message(channel_chat_created=False, chat=Chat(first_name='Ghost', id=7049055170, last_name='Number1', type=<ChatType.PRIVATE>), date=datetime.datetime(2025, 7, 10, 19, 14, 10, tzinfo=<UTC>), delete_chat_photo=False, from_user=User(first_name='SPRD', id=7707158318, is_bot=True, username='tizi91Bot'), group_chat_created=False, message_id=13544, reply_markup=InlineKeyboardMarkup(inline_keyboard=((InlineKeyboardButton(callback_data='start_sniperx', text='🚀 Start SniperX'),), (InlineKeyboardButton(callback_data='stop_sniperx', text='🛑 Stop SniperX'), InlineKeyboardButton(callback_data='status_sniperx', text='📊 Status')), (InlineKeyboardButton(callback_data='show_balance', text='💰 Balance'),))), supergroup_chat_created=False, text='SniperX Bot Control Panel:')
2025-07-10 20:14:09,845 - telegram.ext.ExtBot - DEBUG - Exiting: send_message
2025-07-10 20:14:15,785 - httpcore.http11 - DEBUG - receive_response_headers.complete return_value=(b'HTTP/1.1', 200, b'OK', [(b'Server', b'nginx/1.18.0'), (b'Date', b'Thu, 10 Jul 2025 19:14:16 GMT'), (b'Content-Type', b'application/json'), (b'Content-Length', b'23'), (b'Connection', b'keep-alive'), (b'Strict-Transport-Security', b'max-age=31536000; includeSubDomains; preload'), (b'Access-Control-Allow-Origin', b'*'), (b'Access-Control-Allow-Methods', b'GET, POST, OPTIONS'), (b'Access-Control-Expose-Headers', b'Content-Length,Content-Type,Date,Server,Connection')])
2025-07-10 20:14:15,787 - httpx - INFO - HTTP Request: POST https://api.telegram.org/bot7707158318:AAE8rWa4Q8Z_3avql6K0HAmXaooZAReoNF0/getUpdates "HTTP/1.1 200 OK"
2025-07-10 20:14:15,788 - httpcore.http11 - DEBUG - receive_response_body.started request=<Request [b'POST']>
2025-07-10 20:14:15,788 - httpcore.http11 - DEBUG - receive_response_body.complete
2025-07-10 20:14:15,788 - httpcore.http11 - DEBUG - response_closed.started
2025-07-10 20:14:15,790 - httpcore.http11 - DEBUG - response_closed.complete
2025-07-10 20:14:15,790 - telegram.ext.ExtBot - DEBUG - No new updates found.
2025-07-10 20:14:15,791 - telegram.ext.ExtBot - DEBUG - ()
2025-07-10 20:14:15,791 - telegram.ext.ExtBot - DEBUG - Exiting: get_updates
2025-07-10 20:14:15,792 - telegram.ext.ExtBot - DEBUG - Entering: get_updates
2025-07-10 20:14:15,798 - httpcore.http11 - DEBUG - send_request_headers.started request=<Request [b'POST']>
2025-07-10 20:14:15,801 - httpcore.http11 - DEBUG - send_request_headers.complete
2025-07-10 20:14:15,801 - httpcore.http11 - DEBUG - send_request_body.started request=<Request [b'POST']>
2025-07-10 20:14:15,803 - httpcore.http11 - DEBUG - send_request_body.complete
2025-07-10 20:14:15,804 - httpcore.http11 - DEBUG - receive_response_headers.started request=<Request [b'POST']>
2025-07-10 20:14:25,933 - httpcore.http11 - DEBUG - receive_response_headers.complete return_value=(b'HTTP/1.1', 200, b'OK', [(b'Server', b'nginx/1.18.0'), (b'Date', b'Thu, 10 Jul 2025 19:14:26 GMT'), (b'Content-Type', b'application/json'), (b'Content-Length', b'23'), (b'Connection', b'keep-alive'), (b'Strict-Transport-Security', b'max-age=31536000; includeSubDomains; preload'), (b'Access-Control-Allow-Origin', b'*'), (b'Access-Control-Allow-Methods', b'GET, POST, OPTIONS'), (b'Access-Control-Expose-Headers', b'Content-Length,Content-Type,Date,Server,Connection')])
2025-07-10 20:14:25,937 - httpx - INFO - HTTP Request: POST https://api.telegram.org/bot7707158318:AAE8rWa4Q8Z_3avql6K0HAmXaooZAReoNF0/getUpdates "HTTP/1.1 200 OK"
2025-07-10 20:14:25,937 - httpcore.http11 - DEBUG - receive_response_body.started request=<Request [b'POST']>
2025-07-10 20:14:25,937 - httpcore.http11 - DEBUG - receive_response_body.complete
2025-07-10 20:14:25,937 - httpcore.http11 - DEBUG - response_closed.started
2025-07-10 20:14:25,939 - httpcore.http11 - DEBUG - response_closed.complete
2025-07-10 20:14:25,940 - telegram.ext.ExtBot - DEBUG - No new updates found.
2025-07-10 20:14:25,940 - telegram.ext.ExtBot - DEBUG - ()
2025-07-10 20:14:25,941 - telegram.ext.ExtBot - DEBUG - Exiting: get_updates
2025-07-10 20:14:25,941 - telegram.ext.ExtBot - DEBUG - Entering: get_updates
2025-07-10 20:14:25,941 - httpcore.http11 - DEBUG - send_request_headers.started request=<Request [b'POST']>
2025-07-10 20:14:25,944 - httpcore.http11 - DEBUG - send_request_headers.complete
2025-07-10 20:14:25,945 - httpcore.http11 - DEBUG - send_request_body.started request=<Request [b'POST']>
2025-07-10 20:14:25,945 - httpcore.http11 - DEBUG - send_request_body.complete
2025-07-10 20:14:25,945 - httpcore.http11 - DEBUG - receive_response_headers.started request=<Request [b'POST']>
2025-07-10 20:14:36,044 - httpcore.http11 - DEBUG - receive_response_headers.complete return_value=(b'HTTP/1.1', 200, b'OK', [(b'Server', b'nginx/1.18.0'), (b'Date', b'Thu, 10 Jul 2025 19:14:36 GMT'), (b'Content-Type', b'application/json'), (b'Content-Length', b'23'), (b'Connection', b'keep-alive'), (b'Strict-Transport-Security', b'max-age=31536000; includeSubDomains; preload'), (b'Access-Control-Allow-Origin', b'*'), (b'Access-Control-Allow-Methods', b'GET, POST, OPTIONS'), (b'Access-Control-Expose-Headers', b'Content-Length,Content-Type,Date,Server,Connection')])
2025-07-10 20:14:36,046 - httpx - INFO - HTTP Request: POST https://api.telegram.org/bot7707158318:AAE8rWa4Q8Z_3avql6K0HAmXaooZAReoNF0/getUpdates "HTTP/1.1 200 OK"
2025-07-10 20:14:36,047 - httpcore.http11 - DEBUG - receive_response_body.started request=<Request [b'POST']>
2025-07-10 20:14:36,047 - httpcore.http11 - DEBUG - receive_response_body.complete
2025-07-10 20:14:36,048 - httpcore.http11 - DEBUG - response_closed.started
2025-07-10 20:14:36,048 - httpcore.http11 - DEBUG - response_closed.complete
2025-07-10 20:14:36,048 - telegram.ext.ExtBot - DEBUG - No new updates found.
2025-07-10 20:14:36,050 - telegram.ext.ExtBot - DEBUG - ()
2025-07-10 20:14:36,050 - telegram.ext.ExtBot - DEBUG - Exiting: get_updates
2025-07-10 20:14:36,051 - telegram.ext.ExtBot - DEBUG - Entering: get_updates
2025-07-10 20:14:36,053 - httpcore.http11 - DEBUG - send_request_headers.started request=<Request [b'POST']>
2025-07-10 20:14:36,054 - httpcore.http11 - DEBUG - send_request_headers.complete
2025-07-10 20:14:36,054 - httpcore.http11 - DEBUG - send_request_body.started request=<Request [b'POST']>
2025-07-10 20:14:36,056 - httpcore.http11 - DEBUG - send_request_body.complete
2025-07-10 20:14:36,056 - httpcore.http11 - DEBUG - receive_response_headers.started request=<Request [b'POST']>
2025-07-10 20:14:46,151 - httpcore.http11 - DEBUG - receive_response_headers.complete return_value=(b'HTTP/1.1', 200, b'OK', [(b'Server', b'nginx/1.18.0'), (b'Date', b'Thu, 10 Jul 2025 19:14:46 GMT'), (b'Content-Type', b'application/json'), (b'Content-Length', b'23'), (b'Connection', b'keep-alive'), (b'Strict-Transport-Security', b'max-age=31536000; includeSubDomains; preload'), (b'Access-Control-Allow-Origin', b'*'), (b'Access-Control-Allow-Methods', b'GET, POST, OPTIONS'), (b'Access-Control-Expose-Headers', b'Content-Length,Content-Type,Date,Server,Connection')])
2025-07-10 20:14:46,152 - httpx - INFO - HTTP Request: POST https://api.telegram.org/bot7707158318:AAE8rWa4Q8Z_3avql6K0HAmXaooZAReoNF0/getUpdates "HTTP/1.1 200 OK"
2025-07-10 20:14:46,153 - httpcore.http11 - DEBUG - receive_response_body.started request=<Request [b'POST']>
2025-07-10 20:14:46,153 - httpcore.http11 - DEBUG - receive_response_body.complete
2025-07-10 20:14:46,153 - httpcore.http11 - DEBUG - response_closed.started
2025-07-10 20:14:46,155 - httpcore.http11 - DEBUG - response_closed.complete
2025-07-10 20:14:46,155 - telegram.ext.ExtBot - DEBUG - No new updates found.
2025-07-10 20:14:46,155 - telegram.ext.ExtBot - DEBUG - ()
2025-07-10 20:14:46,155 - telegram.ext.ExtBot - DEBUG - Exiting: get_updates
2025-07-10 20:14:46,155 - telegram.ext.ExtBot - DEBUG - Entering: get_updates
2025-07-10 20:14:46,156 - httpcore.http11 - DEBUG - send_request_headers.started request=<Request [b'POST']>
2025-07-10 20:14:46,156 - httpcore.http11 - DEBUG - send_request_headers.complete
2025-07-10 20:14:46,156 - httpcore.http11 - DEBUG - send_request_body.started request=<Request [b'POST']>
2025-07-10 20:14:46,156 - httpcore.http11 - DEBUG - send_request_body.complete
2025-07-10 20:14:46,159 - httpcore.http11 - DEBUG - receive_response_headers.started request=<Request [b'POST']>
