2025-07-06 14:34:57,113 - asyncio - DEBUG - Using proactor: IocpProactor
2025-07-06 14:34:57,117 - httpx - DEBUG - load_ssl_context verify=True cert=None trust_env=True http2=False
2025-07-06 14:34:57,117 - httpx - DEBUG - load_verify_locations cafile='c:\\Users\\Rachid Aitali\\OneDrive - 4JM Solutions Limited\\Desktop\\SniperX-V3-Best-Version-at-now\\.venv\\lib\\site-packages\\certifi\\cacert.pem'
2025-07-06 14:34:57,125 - httpx - DEBUG - load_ssl_context verify=True cert=None trust_env=True http2=False
2025-07-06 14:34:57,125 - httpx - DEBUG - load_verify_locations cafile='c:\\Users\\Rachid Aitali\\OneDrive - 4JM Solutions Limited\\Desktop\\SniperX-V3-Best-Version-at-now\\.venv\\lib\\site-packages\\certifi\\cacert.pem'
2025-07-06 14:34:57,141 - __main__ - INFO - Telegram Manager Bot started. Send /menu to interact.
2025-07-06 14:34:57,142 - telegram.ext.ExtBot - DEBUG - Entering: send_message
2025-07-06 14:34:57,148 - httpcore.connection - DEBUG - connect_tcp.started host='api.telegram.org' port=443 local_address=None timeout=5.0 socket_options=None
2025-07-06 14:34:57,215 - httpcore.connection - DEBUG - connect_tcp.complete return_value=<httpcore._backends.anyio.AnyIOStream object at 0x000002ECDE2EF010>
2025-07-06 14:34:57,215 - httpcore.connection - DEBUG - start_tls.started ssl_context=<ssl.SSLContext object at 0x000002ECDE2A83C0> server_hostname='api.telegram.org' timeout=5.0
2025-07-06 14:34:57,275 - httpcore.connection - DEBUG - start_tls.complete return_value=<httpcore._backends.anyio.AnyIOStream object at 0x000002ECDE2EEC80>
2025-07-06 14:34:57,276 - httpcore.http11 - DEBUG - send_request_headers.started request=<Request [b'POST']>
2025-07-06 14:34:57,276 - httpcore.http11 - DEBUG - send_request_headers.complete
2025-07-06 14:34:57,276 - httpcore.http11 - DEBUG - send_request_body.started request=<Request [b'POST']>
2025-07-06 14:34:57,276 - httpcore.http11 - DEBUG - send_request_body.complete
2025-07-06 14:34:57,276 - httpcore.http11 - DEBUG - receive_response_headers.started request=<Request [b'POST']>
2025-07-06 14:34:57,438 - httpcore.http11 - DEBUG - receive_response_headers.complete return_value=(b'HTTP/1.1', 200, b'OK', [(b'Server', b'nginx/1.18.0'), (b'Date', b'Sun, 06 Jul 2025 13:34:57 GMT'), (b'Content-Type', b'application/json'), (b'Content-Length', b'352'), (b'Connection', b'keep-alive'), (b'Strict-Transport-Security', b'max-age=31536000; includeSubDomains; preload'), (b'Access-Control-Allow-Origin', b'*'), (b'Access-Control-Allow-Methods', b'GET, POST, OPTIONS'), (b'Access-Control-Expose-Headers', b'Content-Length,Content-Type,Date,Server,Connection')])
2025-07-06 14:34:57,441 - httpx - INFO - HTTP Request: POST https://api.telegram.org/bot7707158318:AAE8rWa4Q8Z_3avql6K0HAmXaooZAReoNF0/sendMessage "HTTP/1.1 200 OK"
2025-07-06 14:34:57,444 - httpcore.http11 - DEBUG - receive_response_body.started request=<Request [b'POST']>
2025-07-06 14:34:57,444 - httpcore.http11 - DEBUG - receive_response_body.complete
2025-07-06 14:34:57,446 - httpcore.http11 - DEBUG - response_closed.started
2025-07-06 14:34:57,447 - httpcore.http11 - DEBUG - response_closed.complete
2025-07-06 14:34:57,452 - telegram.ext.ExtBot - DEBUG - Message(channel_chat_created=False, chat=Chat(first_name='Ghost', id=7049055170, last_name='Number1', type=<ChatType.PRIVATE>), date=datetime.datetime(2025, 7, 6, 13, 34, 57, tzinfo=<UTC>), delete_chat_photo=False, entities=(MessageEntity(length=5, offset=36, type=<MessageEntityType.BOT_COMMAND>),), from_user=User(first_name='SPRD', id=7707158318, is_bot=True, username='tizi91Bot'), group_chat_created=False, message_id=13100, supergroup_chat_created=False, text='SniperX Control Bot is online! Send /menu to see options.')
2025-07-06 14:34:57,456 - telegram.ext.ExtBot - DEBUG - Exiting: send_message
2025-07-06 14:34:57,458 - telegram.ext.ExtBot - DEBUG - Entering: get_me
2025-07-06 14:34:57,461 - httpcore.http11 - DEBUG - send_request_headers.started request=<Request [b'POST']>
2025-07-06 14:34:57,463 - httpcore.http11 - DEBUG - send_request_headers.complete
2025-07-06 14:34:57,463 - httpcore.http11 - DEBUG - send_request_body.started request=<Request [b'POST']>
2025-07-06 14:34:57,464 - httpcore.http11 - DEBUG - send_request_body.complete
2025-07-06 14:34:57,464 - httpcore.http11 - DEBUG - receive_response_headers.started request=<Request [b'POST']>
2025-07-06 14:34:57,513 - httpcore.http11 - DEBUG - receive_response_headers.complete return_value=(b'HTTP/1.1', 200, b'OK', [(b'Server', b'nginx/1.18.0'), (b'Date', b'Sun, 06 Jul 2025 13:34:57 GMT'), (b'Content-Type', b'application/json'), (b'Content-Length', b'243'), (b'Connection', b'keep-alive'), (b'Strict-Transport-Security', b'max-age=31536000; includeSubDomains; preload'), (b'Access-Control-Allow-Origin', b'*'), (b'Access-Control-Allow-Methods', b'GET, POST, OPTIONS'), (b'Access-Control-Expose-Headers', b'Content-Length,Content-Type,Date,Server,Connection')])
2025-07-06 14:34:57,514 - httpx - INFO - HTTP Request: POST https://api.telegram.org/bot7707158318:AAE8rWa4Q8Z_3avql6K0HAmXaooZAReoNF0/getMe "HTTP/1.1 200 OK"
2025-07-06 14:34:57,515 - httpcore.http11 - DEBUG - receive_response_body.started request=<Request [b'POST']>
2025-07-06 14:34:57,515 - httpcore.http11 - DEBUG - receive_response_body.complete
2025-07-06 14:34:57,515 - httpcore.http11 - DEBUG - response_closed.started
2025-07-06 14:34:57,516 - httpcore.http11 - DEBUG - response_closed.complete
2025-07-06 14:34:57,517 - telegram.ext.ExtBot - DEBUG - User(api_kwargs={'can_connect_to_business': False, 'has_main_web_app': False}, can_join_groups=True, can_read_all_group_messages=False, first_name='SPRD', id=7707158318, is_bot=True, supports_inline_queries=False, username='tizi91Bot')
2025-07-06 14:34:57,517 - telegram.ext.ExtBot - DEBUG - Exiting: get_me
2025-07-06 14:34:57,517 - telegram.ext.ExtBot - DEBUG - This Bot is already initialized.
2025-07-06 14:34:57,518 - telegram.ext.Updater - DEBUG - Updater started (polling)
2025-07-06 14:34:57,518 - telegram.ext.Updater - DEBUG - Start network loop retry bootstrap del webhook
2025-07-06 14:34:57,518 - telegram.ext.Updater - DEBUG - Deleting webhook
2025-07-06 14:34:57,518 - telegram.ext.ExtBot - DEBUG - Entering: delete_webhook
2025-07-06 14:34:57,519 - httpcore.http11 - DEBUG - send_request_headers.started request=<Request [b'POST']>
2025-07-06 14:34:57,520 - httpcore.http11 - DEBUG - send_request_headers.complete
2025-07-06 14:34:57,521 - httpcore.http11 - DEBUG - send_request_body.started request=<Request [b'POST']>
2025-07-06 14:34:57,521 - httpcore.http11 - DEBUG - send_request_body.complete
2025-07-06 14:34:57,522 - httpcore.http11 - DEBUG - receive_response_headers.started request=<Request [b'POST']>
2025-07-06 14:34:57,567 - httpcore.http11 - DEBUG - receive_response_headers.complete return_value=(b'HTTP/1.1', 200, b'OK', [(b'Server', b'nginx/1.18.0'), (b'Date', b'Sun, 06 Jul 2025 13:34:58 GMT'), (b'Content-Type', b'application/json'), (b'Content-Length', b'68'), (b'Connection', b'keep-alive'), (b'Strict-Transport-Security', b'max-age=31536000; includeSubDomains; preload'), (b'Access-Control-Allow-Origin', b'*'), (b'Access-Control-Allow-Methods', b'GET, POST, OPTIONS'), (b'Access-Control-Expose-Headers', b'Content-Length,Content-Type,Date,Server,Connection')])
2025-07-06 14:34:57,571 - httpx - INFO - HTTP Request: POST https://api.telegram.org/bot7707158318:AAE8rWa4Q8Z_3avql6K0HAmXaooZAReoNF0/deleteWebhook "HTTP/1.1 200 OK"
2025-07-06 14:34:57,572 - httpcore.http11 - DEBUG - receive_response_body.started request=<Request [b'POST']>
2025-07-06 14:34:57,572 - httpcore.http11 - DEBUG - receive_response_body.complete
2025-07-06 14:34:57,572 - httpcore.http11 - DEBUG - response_closed.started
2025-07-06 14:34:57,573 - httpcore.http11 - DEBUG - response_closed.complete
2025-07-06 14:34:57,573 - telegram.ext.ExtBot - DEBUG - True
2025-07-06 14:34:57,573 - telegram.ext.ExtBot - DEBUG - Exiting: delete_webhook
2025-07-06 14:34:57,574 - telegram.ext.Updater - DEBUG - Bootstrap done
2025-07-06 14:34:57,574 - telegram.ext.Updater - DEBUG - Waiting for polling to start
2025-07-06 14:34:57,574 - telegram.ext.Updater - DEBUG - Polling updates from Telegram started
2025-07-06 14:34:57,574 - telegram.ext.Updater - DEBUG - Start network loop retry getting Updates
2025-07-06 14:34:57,574 - telegram.ext.ExtBot - DEBUG - Entering: get_updates
2025-07-06 14:34:57,577 - telegram.ext.Application - INFO - Application started
2025-07-06 14:34:57,578 - httpcore.connection - DEBUG - connect_tcp.started host='api.telegram.org' port=443 local_address=None timeout=5.0 socket_options=None
2025-07-06 14:34:57,627 - httpcore.connection - DEBUG - connect_tcp.complete return_value=<httpcore._backends.anyio.AnyIOStream object at 0x000002ECDE3371C0>
2025-07-06 14:34:57,627 - httpcore.connection - DEBUG - start_tls.started ssl_context=<ssl.SSLContext object at 0x000002ECDE2A82C0> server_hostname='api.telegram.org' timeout=5.0
2025-07-06 14:34:57,681 - httpcore.connection - DEBUG - start_tls.complete return_value=<httpcore._backends.anyio.AnyIOStream object at 0x000002ECDE337070>
2025-07-06 14:34:57,681 - httpcore.http11 - DEBUG - send_request_headers.started request=<Request [b'POST']>
2025-07-06 14:34:57,681 - httpcore.http11 - DEBUG - send_request_headers.complete
2025-07-06 14:34:57,681 - httpcore.http11 - DEBUG - send_request_body.started request=<Request [b'POST']>
2025-07-06 14:34:57,685 - httpcore.http11 - DEBUG - send_request_body.complete
2025-07-06 14:34:57,685 - httpcore.http11 - DEBUG - receive_response_headers.started request=<Request [b'POST']>
2025-07-06 14:35:01,246 - httpcore.http11 - DEBUG - receive_response_headers.complete return_value=(b'HTTP/1.1', 200, b'OK', [(b'Server', b'nginx/1.18.0'), (b'Date', b'Sun, 06 Jul 2025 13:35:01 GMT'), (b'Content-Type', b'application/json'), (b'Content-Length', b'357'), (b'Connection', b'keep-alive'), (b'Strict-Transport-Security', b'max-age=31536000; includeSubDomains; preload'), (b'Access-Control-Allow-Origin', b'*'), (b'Access-Control-Allow-Methods', b'GET, POST, OPTIONS'), (b'Access-Control-Expose-Headers', b'Content-Length,Content-Type,Date,Server,Connection')])
2025-07-06 14:35:01,248 - httpx - INFO - HTTP Request: POST https://api.telegram.org/bot7707158318:AAE8rWa4Q8Z_3avql6K0HAmXaooZAReoNF0/getUpdates "HTTP/1.1 200 OK"
2025-07-06 14:35:01,248 - httpcore.http11 - DEBUG - receive_response_body.started request=<Request [b'POST']>
2025-07-06 14:35:01,248 - httpcore.http11 - DEBUG - receive_response_body.complete
2025-07-06 14:35:01,248 - httpcore.http11 - DEBUG - response_closed.started
2025-07-06 14:35:01,248 - httpcore.http11 - DEBUG - response_closed.complete
2025-07-06 14:35:01,249 - telegram.ext.ExtBot - DEBUG - Getting updates: [37530647]
2025-07-06 14:35:01,250 - telegram.ext.ExtBot - DEBUG - (Update(message=Message(channel_chat_created=False, chat=Chat(first_name='Ghost', id=7049055170, last_name='Number1', type=<ChatType.PRIVATE>), date=datetime.datetime(2025, 7, 6, 13, 35, 1, tzinfo=<UTC>), delete_chat_photo=False, entities=(MessageEntity(length=5, offset=0, type=<MessageEntityType.BOT_COMMAND>),), from_user=User(first_name='Ghost', id=7049055170, is_bot=False, language_code='en', last_name='Number1'), group_chat_created=False, message_id=13101, supergroup_chat_created=False, text='/menu'), update_id=37530647),)
2025-07-06 14:35:01,250 - telegram.ext.ExtBot - DEBUG - Exiting: get_updates
2025-07-06 14:35:01,250 - telegram.ext.ExtBot - DEBUG - Entering: get_updates
2025-07-06 14:35:01,251 - telegram.ext.Application - DEBUG - Processing update Update(message=Message(channel_chat_created=False, chat=Chat(first_name='Ghost', id=7049055170, last_name='Number1', type=<ChatType.PRIVATE>), date=datetime.datetime(2025, 7, 6, 13, 35, 1, tzinfo=<UTC>), delete_chat_photo=False, entities=(MessageEntity(length=5, offset=0, type=<MessageEntityType.BOT_COMMAND>),), from_user=User(first_name='Ghost', id=7049055170, is_bot=False, language_code='en', last_name='Number1'), group_chat_created=False, message_id=13101, supergroup_chat_created=False, text='/menu'), update_id=37530647)
2025-07-06 14:35:01,252 - telegram.ext.ExtBot - DEBUG - Entering: send_message
2025-07-06 14:35:01,253 - httpcore.http11 - DEBUG - send_request_headers.started request=<Request [b'POST']>
2025-07-06 14:35:01,255 - httpcore.http11 - DEBUG - send_request_headers.started request=<Request [b'POST']>
2025-07-06 14:35:01,256 - httpcore.http11 - DEBUG - send_request_headers.complete
2025-07-06 14:35:01,256 - httpcore.http11 - DEBUG - send_request_body.started request=<Request [b'POST']>
2025-07-06 14:35:01,257 - httpcore.http11 - DEBUG - send_request_headers.complete
2025-07-06 14:35:01,257 - httpcore.http11 - DEBUG - send_request_body.started request=<Request [b'POST']>
2025-07-06 14:35:01,257 - httpcore.http11 - DEBUG - send_request_body.complete
2025-07-06 14:35:01,258 - httpcore.http11 - DEBUG - receive_response_headers.started request=<Request [b'POST']>
2025-07-06 14:35:01,258 - httpcore.http11 - DEBUG - send_request_body.complete
2025-07-06 14:35:01,258 - httpcore.http11 - DEBUG - receive_response_headers.started request=<Request [b'POST']>
2025-07-06 14:35:01,354 - httpcore.http11 - DEBUG - receive_response_headers.complete return_value=(b'HTTP/1.1', 200, b'OK', [(b'Server', b'nginx/1.18.0'), (b'Date', b'Sun, 06 Jul 2025 13:35:01 GMT'), (b'Content-Type', b'application/json'), (b'Content-Length', b'570'), (b'Connection', b'keep-alive'), (b'Strict-Transport-Security', b'max-age=31536000; includeSubDomains; preload'), (b'Access-Control-Allow-Origin', b'*'), (b'Access-Control-Allow-Methods', b'GET, POST, OPTIONS'), (b'Access-Control-Expose-Headers', b'Content-Length,Content-Type,Date,Server,Connection')])
2025-07-06 14:35:01,355 - httpx - INFO - HTTP Request: POST https://api.telegram.org/bot7707158318:AAE8rWa4Q8Z_3avql6K0HAmXaooZAReoNF0/sendMessage "HTTP/1.1 200 OK"
2025-07-06 14:35:01,355 - httpcore.http11 - DEBUG - receive_response_body.started request=<Request [b'POST']>
2025-07-06 14:35:01,356 - httpcore.http11 - DEBUG - receive_response_body.complete
2025-07-06 14:35:01,356 - httpcore.http11 - DEBUG - response_closed.started
2025-07-06 14:35:01,357 - httpcore.http11 - DEBUG - response_closed.complete
2025-07-06 14:35:01,358 - telegram.ext.ExtBot - DEBUG - Message(channel_chat_created=False, chat=Chat(first_name='Ghost', id=7049055170, last_name='Number1', type=<ChatType.PRIVATE>), date=datetime.datetime(2025, 7, 6, 13, 35, 1, tzinfo=<UTC>), delete_chat_photo=False, from_user=User(first_name='SPRD', id=7707158318, is_bot=True, username='tizi91Bot'), group_chat_created=False, message_id=13102, reply_markup=InlineKeyboardMarkup(inline_keyboard=((InlineKeyboardButton(callback_data='start_sniperx', text='🚀 Start SniperX'),), (InlineKeyboardButton(callback_data='stop_sniperx', text='🛑 Stop SniperX'), InlineKeyboardButton(callback_data='status_sniperx', text='📊 Status')), (InlineKeyboardButton(callback_data='show_balance', text='💰 Balance'),))), supergroup_chat_created=False, text='SniperX Bot Control Panel:')
2025-07-06 14:35:01,359 - telegram.ext.ExtBot - DEBUG - Exiting: send_message
2025-07-06 14:35:03,057 - httpcore.http11 - DEBUG - receive_response_headers.complete return_value=(b'HTTP/1.1', 200, b'OK', [(b'Server', b'nginx/1.18.0'), (b'Date', b'Sun, 06 Jul 2025 13:35:03 GMT'), (b'Content-Type', b'application/json'), (b'Content-Length', b'818'), (b'Connection', b'keep-alive'), (b'Strict-Transport-Security', b'max-age=31536000; includeSubDomains; preload'), (b'Access-Control-Allow-Origin', b'*'), (b'Access-Control-Allow-Methods', b'GET, POST, OPTIONS'), (b'Access-Control-Expose-Headers', b'Content-Length,Content-Type,Date,Server,Connection')])
2025-07-06 14:35:03,058 - httpx - INFO - HTTP Request: POST https://api.telegram.org/bot7707158318:AAE8rWa4Q8Z_3avql6K0HAmXaooZAReoNF0/getUpdates "HTTP/1.1 200 OK"
2025-07-06 14:35:03,059 - httpcore.http11 - DEBUG - receive_response_body.started request=<Request [b'POST']>
2025-07-06 14:35:03,059 - httpcore.http11 - DEBUG - receive_response_body.complete
2025-07-06 14:35:03,059 - httpcore.http11 - DEBUG - response_closed.started
2025-07-06 14:35:03,060 - httpcore.http11 - DEBUG - response_closed.complete
2025-07-06 14:35:03,060 - telegram.ext.ExtBot - DEBUG - Getting updates: [37530648]
2025-07-06 14:35:03,061 - telegram.ext.ExtBot - DEBUG - (Update(callback_query=CallbackQuery(chat_instance='-1307310250263184334', data='start_sniperx', from_user=User(first_name='Ghost', id=7049055170, is_bot=False, language_code='en', last_name='Number1'), id='2605345315833747743', message=Message(channel_chat_created=False, chat=Chat(first_name='Ghost', id=7049055170, last_name='Number1', type=<ChatType.PRIVATE>), date=datetime.datetime(2025, 7, 6, 13, 35, 1, tzinfo=<UTC>), delete_chat_photo=False, from_user=User(first_name='SPRD', id=7707158318, is_bot=True, username='tizi91Bot'), group_chat_created=False, message_id=13102, reply_markup=InlineKeyboardMarkup(inline_keyboard=((InlineKeyboardButton(callback_data='start_sniperx', text='🚀 Start SniperX'),), (InlineKeyboardButton(callback_data='stop_sniperx', text='🛑 Stop SniperX'), InlineKeyboardButton(callback_data='status_sniperx', text='📊 Status')), (InlineKeyboardButton(callback_data='show_balance', text='💰 Balance'),))), supergroup_chat_created=False, text='SniperX Bot Control Panel:')), update_id=37530648),)
2025-07-06 14:35:03,063 - telegram.ext.ExtBot - DEBUG - Exiting: get_updates
2025-07-06 14:35:03,063 - telegram.ext.ExtBot - DEBUG - Entering: get_updates
2025-07-06 14:35:03,064 - telegram.ext.Application - DEBUG - Processing update Update(callback_query=CallbackQuery(chat_instance='-1307310250263184334', data='start_sniperx', from_user=User(first_name='Ghost', id=7049055170, is_bot=False, language_code='en', last_name='Number1'), id='2605345315833747743', message=Message(channel_chat_created=False, chat=Chat(first_name='Ghost', id=7049055170, last_name='Number1', type=<ChatType.PRIVATE>), date=datetime.datetime(2025, 7, 6, 13, 35, 1, tzinfo=<UTC>), delete_chat_photo=False, from_user=User(first_name='SPRD', id=7707158318, is_bot=True, username='tizi91Bot'), group_chat_created=False, message_id=13102, reply_markup=InlineKeyboardMarkup(inline_keyboard=((InlineKeyboardButton(callback_data='start_sniperx', text='🚀 Start SniperX'),), (InlineKeyboardButton(callback_data='stop_sniperx', text='🛑 Stop SniperX'), InlineKeyboardButton(callback_data='status_sniperx', text='📊 Status')), (InlineKeyboardButton(callback_data='show_balance', text='💰 Balance'),))), supergroup_chat_created=False, text='SniperX Bot Control Panel:')), update_id=37530648)
2025-07-06 14:35:03,065 - __main__ - INFO - Button callback received: Update(callback_query=CallbackQuery(chat_instance='-1307310250263184334', data='start_sniperx', from_user=User(first_name='Ghost', id=7049055170, is_bot=False, language_code='en', last_name='Number1'), id='2605345315833747743', message=Message(channel_chat_created=False, chat=Chat(first_name='Ghost', id=7049055170, last_name='Number1', type=<ChatType.PRIVATE>), date=datetime.datetime(2025, 7, 6, 13, 35, 1, tzinfo=<UTC>), delete_chat_photo=False, from_user=User(first_name='SPRD', id=7707158318, is_bot=True, username='tizi91Bot'), group_chat_created=False, message_id=13102, reply_markup=InlineKeyboardMarkup(inline_keyboard=((InlineKeyboardButton(callback_data='start_sniperx', text='🚀 Start SniperX'),), (InlineKeyboardButton(callback_data='stop_sniperx', text='🛑 Stop SniperX'), InlineKeyboardButton(callback_data='status_sniperx', text='📊 Status')), (InlineKeyboardButton(callback_data='show_balance', text='💰 Balance'),))), supergroup_chat_created=False, text='SniperX Bot Control Panel:')), update_id=37530648)
2025-07-06 14:35:03,065 - telegram.ext.ExtBot - DEBUG - Entering: answer_callback_query
2025-07-06 14:35:03,068 - httpcore.http11 - DEBUG - send_request_headers.started request=<Request [b'POST']>
2025-07-06 14:35:03,069 - httpcore.http11 - DEBUG - send_request_headers.started request=<Request [b'POST']>
2025-07-06 14:35:03,069 - httpcore.http11 - DEBUG - send_request_headers.complete
2025-07-06 14:35:03,069 - httpcore.http11 - DEBUG - send_request_body.started request=<Request [b'POST']>
2025-07-06 14:35:03,070 - httpcore.http11 - DEBUG - send_request_headers.complete
2025-07-06 14:35:03,070 - httpcore.http11 - DEBUG - send_request_body.started request=<Request [b'POST']>
2025-07-06 14:35:03,071 - httpcore.http11 - DEBUG - send_request_body.complete
2025-07-06 14:35:03,071 - httpcore.http11 - DEBUG - receive_response_headers.started request=<Request [b'POST']>
2025-07-06 14:35:03,071 - httpcore.http11 - DEBUG - send_request_body.complete
2025-07-06 14:35:03,071 - httpcore.http11 - DEBUG - receive_response_headers.started request=<Request [b'POST']>
2025-07-06 14:35:03,306 - httpcore.http11 - DEBUG - receive_response_headers.complete return_value=(b'HTTP/1.1', 200, b'OK', [(b'Server', b'nginx/1.18.0'), (b'Date', b'Sun, 06 Jul 2025 13:35:03 GMT'), (b'Content-Type', b'application/json'), (b'Content-Length', b'25'), (b'Connection', b'keep-alive'), (b'Strict-Transport-Security', b'max-age=31536000; includeSubDomains; preload'), (b'Access-Control-Allow-Origin', b'*'), (b'Access-Control-Allow-Methods', b'GET, POST, OPTIONS'), (b'Access-Control-Expose-Headers', b'Content-Length,Content-Type,Date,Server,Connection')])
2025-07-06 14:35:03,307 - httpx - INFO - HTTP Request: POST https://api.telegram.org/bot7707158318:AAE8rWa4Q8Z_3avql6K0HAmXaooZAReoNF0/answerCallbackQuery "HTTP/1.1 200 OK"
2025-07-06 14:35:03,308 - httpcore.http11 - DEBUG - receive_response_body.started request=<Request [b'POST']>
2025-07-06 14:35:03,308 - httpcore.http11 - DEBUG - receive_response_body.complete
2025-07-06 14:35:03,308 - httpcore.http11 - DEBUG - response_closed.started
2025-07-06 14:35:03,309 - httpcore.http11 - DEBUG - response_closed.complete
2025-07-06 14:35:03,309 - telegram.ext.ExtBot - DEBUG - True
2025-07-06 14:35:03,309 - telegram.ext.ExtBot - DEBUG - Exiting: answer_callback_query
2025-07-06 14:35:03,309 - __main__ - INFO - Processing action: start_sniperx
2025-07-06 14:35:03,311 - telegram.ext.ExtBot - DEBUG - Entering: send_message
2025-07-06 14:35:03,313 - httpcore.http11 - DEBUG - send_request_headers.started request=<Request [b'POST']>
2025-07-06 14:35:03,313 - httpcore.http11 - DEBUG - send_request_headers.complete
2025-07-06 14:35:03,313 - httpcore.http11 - DEBUG - send_request_body.started request=<Request [b'POST']>
2025-07-06 14:35:03,313 - httpcore.http11 - DEBUG - send_request_body.complete
2025-07-06 14:35:03,313 - httpcore.http11 - DEBUG - receive_response_headers.started request=<Request [b'POST']>
2025-07-06 14:35:03,612 - httpcore.http11 - DEBUG - receive_response_headers.complete return_value=(b'HTTP/1.1', 200, b'OK', [(b'Server', b'nginx/1.18.0'), (b'Date', b'Sun, 06 Jul 2025 13:35:04 GMT'), (b'Content-Type', b'application/json'), (b'Content-Length', b'262'), (b'Connection', b'keep-alive'), (b'Strict-Transport-Security', b'max-age=31536000; includeSubDomains; preload'), (b'Access-Control-Allow-Origin', b'*'), (b'Access-Control-Allow-Methods', b'GET, POST, OPTIONS'), (b'Access-Control-Expose-Headers', b'Content-Length,Content-Type,Date,Server,Connection')])
2025-07-06 14:35:03,613 - httpx - INFO - HTTP Request: POST https://api.telegram.org/bot7707158318:AAE8rWa4Q8Z_3avql6K0HAmXaooZAReoNF0/sendMessage "HTTP/1.1 200 OK"
2025-07-06 14:35:03,615 - httpcore.http11 - DEBUG - receive_response_body.started request=<Request [b'POST']>
2025-07-06 14:35:03,615 - httpcore.http11 - DEBUG - receive_response_body.complete
2025-07-06 14:35:03,616 - httpcore.http11 - DEBUG - response_closed.started
2025-07-06 14:35:03,616 - httpcore.http11 - DEBUG - response_closed.complete
2025-07-06 14:35:03,616 - telegram.ext.ExtBot - DEBUG - Message(channel_chat_created=False, chat=Chat(first_name='Ghost', id=7049055170, last_name='Number1', type=<ChatType.PRIVATE>), date=datetime.datetime(2025, 7, 6, 13, 35, 4, tzinfo=<UTC>), delete_chat_photo=False, from_user=User(first_name='SPRD', id=7707158318, is_bot=True, username='tizi91Bot'), group_chat_created=False, message_id=13103, supergroup_chat_created=False, text='Starting wallet manager...')
2025-07-06 14:35:03,618 - telegram.ext.ExtBot - DEBUG - Exiting: send_message
2025-07-06 14:35:05,704 - telegram.ext.ExtBot - DEBUG - Entering: send_message
2025-07-06 14:35:05,706 - httpcore.http11 - DEBUG - send_request_headers.started request=<Request [b'POST']>
2025-07-06 14:35:05,707 - httpcore.http11 - DEBUG - send_request_headers.complete
2025-07-06 14:35:05,707 - httpcore.http11 - DEBUG - send_request_body.started request=<Request [b'POST']>
2025-07-06 14:35:05,709 - httpcore.http11 - DEBUG - send_request_body.complete
2025-07-06 14:35:05,709 - httpcore.http11 - DEBUG - receive_response_headers.started request=<Request [b'POST']>
2025-07-06 14:35:05,786 - httpcore.http11 - DEBUG - receive_response_headers.complete return_value=(b'HTTP/1.1', 200, b'OK', [(b'Server', b'nginx/1.18.0'), (b'Date', b'Sun, 06 Jul 2025 13:35:06 GMT'), (b'Content-Type', b'application/json'), (b'Content-Length', b'323'), (b'Connection', b'keep-alive'), (b'Strict-Transport-Security', b'max-age=31536000; includeSubDomains; preload'), (b'Access-Control-Allow-Origin', b'*'), (b'Access-Control-Allow-Methods', b'GET, POST, OPTIONS'), (b'Access-Control-Expose-Headers', b'Content-Length,Content-Type,Date,Server,Connection')])
2025-07-06 14:35:05,787 - httpx - INFO - HTTP Request: POST https://api.telegram.org/bot7707158318:AAE8rWa4Q8Z_3avql6K0HAmXaooZAReoNF0/sendMessage "HTTP/1.1 200 OK"
2025-07-06 14:35:05,787 - httpcore.http11 - DEBUG - receive_response_body.started request=<Request [b'POST']>
2025-07-06 14:35:05,787 - httpcore.http11 - DEBUG - receive_response_body.complete
2025-07-06 14:35:05,787 - httpcore.http11 - DEBUG - response_closed.started
2025-07-06 14:35:05,788 - httpcore.http11 - DEBUG - response_closed.complete
2025-07-06 14:35:05,788 - telegram.ext.ExtBot - DEBUG - Message(channel_chat_created=False, chat=Chat(first_name='Ghost', id=7049055170, last_name='Number1', type=<ChatType.PRIVATE>), date=datetime.datetime(2025, 7, 6, 13, 35, 6, tzinfo=<UTC>), delete_chat_photo=False, entities=(MessageEntity(length=5, offset=8, type=<MessageEntityType.URL>),), from_user=User(first_name='SPRD', id=7707158318, is_bot=True, username='tizi91Bot'), group_chat_created=False, message_id=13104, supergroup_chat_created=False, text='SniperX V2.py started with PID 48784.')
2025-07-06 14:35:05,788 - telegram.ext.ExtBot - DEBUG - Exiting: send_message
2025-07-06 14:35:05,789 - __main__ - INFO - SniperX V2.py started with PID 48784 by user tizi91Bot
2025-07-06 14:35:05,789 - telegram.ext.ExtBot - DEBUG - Entering: edit_message_text
2025-07-06 14:35:05,793 - httpcore.http11 - DEBUG - send_request_headers.started request=<Request [b'POST']>
2025-07-06 14:35:05,793 - httpcore.http11 - DEBUG - send_request_headers.complete
2025-07-06 14:35:05,794 - httpcore.http11 - DEBUG - send_request_body.started request=<Request [b'POST']>
2025-07-06 14:35:05,794 - httpcore.http11 - DEBUG - send_request_body.complete
2025-07-06 14:35:05,794 - httpcore.http11 - DEBUG - receive_response_headers.started request=<Request [b'POST']>
2025-07-06 14:35:05,852 - httpcore.http11 - DEBUG - receive_response_headers.complete return_value=(b'HTTP/1.1', 400, b'Bad Request', [(b'Server', b'nginx/1.18.0'), (b'Date', b'Sun, 06 Jul 2025 13:35:06 GMT'), (b'Content-Type', b'application/json'), (b'Content-Length', b'204'), (b'Connection', b'keep-alive'), (b'Strict-Transport-Security', b'max-age=31536000; includeSubDomains; preload'), (b'Access-Control-Allow-Origin', b'*'), (b'Access-Control-Expose-Headers', b'Content-Length,Content-Type,Date,Server,Connection')])
2025-07-06 14:35:05,853 - httpx - INFO - HTTP Request: POST https://api.telegram.org/bot7707158318:AAE8rWa4Q8Z_3avql6K0HAmXaooZAReoNF0/editMessageText "HTTP/1.1 400 Bad Request"
2025-07-06 14:35:05,854 - httpcore.http11 - DEBUG - receive_response_body.started request=<Request [b'POST']>
2025-07-06 14:35:05,855 - httpcore.http11 - DEBUG - receive_response_body.complete
2025-07-06 14:35:05,855 - httpcore.http11 - DEBUG - response_closed.started
2025-07-06 14:35:05,855 - httpcore.http11 - DEBUG - response_closed.complete
2025-07-06 14:35:05,855 - __main__ - ERROR - Error showing menu: Message is not modified: specified new message content and reply markup are exactly the same as a current content and reply markup of the message
2025-07-06 14:35:05,856 - telegram.ext.ExtBot - DEBUG - Entering: send_message
2025-07-06 14:35:05,858 - httpcore.http11 - DEBUG - send_request_headers.started request=<Request [b'POST']>
2025-07-06 14:35:05,859 - httpcore.http11 - DEBUG - send_request_headers.complete
2025-07-06 14:35:05,859 - httpcore.http11 - DEBUG - send_request_body.started request=<Request [b'POST']>
2025-07-06 14:35:05,860 - httpcore.http11 - DEBUG - send_request_body.complete
2025-07-06 14:35:05,860 - httpcore.http11 - DEBUG - receive_response_headers.started request=<Request [b'POST']>
2025-07-06 14:35:05,934 - httpcore.http11 - DEBUG - receive_response_headers.complete return_value=(b'HTTP/1.1', 200, b'OK', [(b'Server', b'nginx/1.18.0'), (b'Date', b'Sun, 06 Jul 2025 13:35:06 GMT'), (b'Content-Type', b'application/json'), (b'Content-Length', b'570'), (b'Connection', b'keep-alive'), (b'Strict-Transport-Security', b'max-age=31536000; includeSubDomains; preload'), (b'Access-Control-Allow-Origin', b'*'), (b'Access-Control-Allow-Methods', b'GET, POST, OPTIONS'), (b'Access-Control-Expose-Headers', b'Content-Length,Content-Type,Date,Server,Connection')])
2025-07-06 14:35:05,937 - httpx - INFO - HTTP Request: POST https://api.telegram.org/bot7707158318:AAE8rWa4Q8Z_3avql6K0HAmXaooZAReoNF0/sendMessage "HTTP/1.1 200 OK"
2025-07-06 14:35:05,938 - httpcore.http11 - DEBUG - receive_response_body.started request=<Request [b'POST']>
2025-07-06 14:35:05,938 - httpcore.http11 - DEBUG - receive_response_body.complete
2025-07-06 14:35:05,938 - httpcore.http11 - DEBUG - response_closed.started
2025-07-06 14:35:05,938 - httpcore.http11 - DEBUG - response_closed.complete
2025-07-06 14:35:05,940 - telegram.ext.ExtBot - DEBUG - Message(channel_chat_created=False, chat=Chat(first_name='Ghost', id=7049055170, last_name='Number1', type=<ChatType.PRIVATE>), date=datetime.datetime(2025, 7, 6, 13, 35, 6, tzinfo=<UTC>), delete_chat_photo=False, from_user=User(first_name='SPRD', id=7707158318, is_bot=True, username='tizi91Bot'), group_chat_created=False, message_id=13105, reply_markup=InlineKeyboardMarkup(inline_keyboard=((InlineKeyboardButton(callback_data='start_sniperx', text='🚀 Start SniperX'),), (InlineKeyboardButton(callback_data='stop_sniperx', text='🛑 Stop SniperX'), InlineKeyboardButton(callback_data='status_sniperx', text='📊 Status')), (InlineKeyboardButton(callback_data='show_balance', text='💰 Balance'),))), supergroup_chat_created=False, text='SniperX Bot Control Panel:')
2025-07-06 14:35:05,940 - telegram.ext.ExtBot - DEBUG - Exiting: send_message
2025-07-06 14:35:13,119 - httpcore.http11 - DEBUG - receive_response_headers.complete return_value=(b'HTTP/1.1', 200, b'OK', [(b'Server', b'nginx/1.18.0'), (b'Date', b'Sun, 06 Jul 2025 13:35:13 GMT'), (b'Content-Type', b'application/json'), (b'Content-Length', b'23'), (b'Connection', b'keep-alive'), (b'Strict-Transport-Security', b'max-age=31536000; includeSubDomains; preload'), (b'Access-Control-Allow-Origin', b'*'), (b'Access-Control-Allow-Methods', b'GET, POST, OPTIONS'), (b'Access-Control-Expose-Headers', b'Content-Length,Content-Type,Date,Server,Connection')])
2025-07-06 14:35:13,120 - httpx - INFO - HTTP Request: POST https://api.telegram.org/bot7707158318:AAE8rWa4Q8Z_3avql6K0HAmXaooZAReoNF0/getUpdates "HTTP/1.1 200 OK"
2025-07-06 14:35:13,121 - httpcore.http11 - DEBUG - receive_response_body.started request=<Request [b'POST']>
2025-07-06 14:35:13,122 - httpcore.http11 - DEBUG - receive_response_body.complete
2025-07-06 14:35:13,122 - httpcore.http11 - DEBUG - response_closed.started
2025-07-06 14:35:13,123 - httpcore.http11 - DEBUG - response_closed.complete
2025-07-06 14:35:13,123 - telegram.ext.ExtBot - DEBUG - No new updates found.
2025-07-06 14:35:13,123 - telegram.ext.ExtBot - DEBUG - ()
2025-07-06 14:35:13,123 - telegram.ext.ExtBot - DEBUG - Exiting: get_updates
2025-07-06 14:35:13,123 - telegram.ext.ExtBot - DEBUG - Entering: get_updates
2025-07-06 14:35:13,126 - httpcore.http11 - DEBUG - send_request_headers.started request=<Request [b'POST']>
2025-07-06 14:35:13,127 - httpcore.http11 - DEBUG - send_request_headers.complete
2025-07-06 14:35:13,127 - httpcore.http11 - DEBUG - send_request_body.started request=<Request [b'POST']>
2025-07-06 14:35:13,127 - httpcore.http11 - DEBUG - send_request_body.complete
2025-07-06 14:35:13,127 - httpcore.http11 - DEBUG - receive_response_headers.started request=<Request [b'POST']>
2025-07-06 14:35:23,181 - httpcore.http11 - DEBUG - receive_response_headers.complete return_value=(b'HTTP/1.1', 200, b'OK', [(b'Server', b'nginx/1.18.0'), (b'Date', b'Sun, 06 Jul 2025 13:35:23 GMT'), (b'Content-Type', b'application/json'), (b'Content-Length', b'23'), (b'Connection', b'keep-alive'), (b'Strict-Transport-Security', b'max-age=31536000; includeSubDomains; preload'), (b'Access-Control-Allow-Origin', b'*'), (b'Access-Control-Allow-Methods', b'GET, POST, OPTIONS'), (b'Access-Control-Expose-Headers', b'Content-Length,Content-Type,Date,Server,Connection')])
2025-07-06 14:35:23,182 - httpx - INFO - HTTP Request: POST https://api.telegram.org/bot7707158318:AAE8rWa4Q8Z_3avql6K0HAmXaooZAReoNF0/getUpdates "HTTP/1.1 200 OK"
2025-07-06 14:35:23,183 - httpcore.http11 - DEBUG - receive_response_body.started request=<Request [b'POST']>
2025-07-06 14:35:23,183 - httpcore.http11 - DEBUG - receive_response_body.complete
2025-07-06 14:35:23,183 - httpcore.http11 - DEBUG - response_closed.started
2025-07-06 14:35:23,185 - httpcore.http11 - DEBUG - response_closed.complete
2025-07-06 14:35:23,185 - telegram.ext.ExtBot - DEBUG - No new updates found.
2025-07-06 14:35:23,185 - telegram.ext.ExtBot - DEBUG - ()
2025-07-06 14:35:23,185 - telegram.ext.ExtBot - DEBUG - Exiting: get_updates
2025-07-06 14:35:23,186 - telegram.ext.ExtBot - DEBUG - Entering: get_updates
2025-07-06 14:35:23,188 - httpcore.http11 - DEBUG - send_request_headers.started request=<Request [b'POST']>
2025-07-06 14:35:23,188 - httpcore.http11 - DEBUG - send_request_headers.complete
2025-07-06 14:35:23,188 - httpcore.http11 - DEBUG - send_request_body.started request=<Request [b'POST']>
2025-07-06 14:35:23,189 - httpcore.http11 - DEBUG - send_request_body.complete
2025-07-06 14:35:23,189 - httpcore.http11 - DEBUG - receive_response_headers.started request=<Request [b'POST']>
2025-07-06 14:35:33,240 - httpcore.http11 - DEBUG - receive_response_headers.complete return_value=(b'HTTP/1.1', 200, b'OK', [(b'Server', b'nginx/1.18.0'), (b'Date', b'Sun, 06 Jul 2025 13:35:33 GMT'), (b'Content-Type', b'application/json'), (b'Content-Length', b'23'), (b'Connection', b'keep-alive'), (b'Strict-Transport-Security', b'max-age=31536000; includeSubDomains; preload'), (b'Access-Control-Allow-Origin', b'*'), (b'Access-Control-Allow-Methods', b'GET, POST, OPTIONS'), (b'Access-Control-Expose-Headers', b'Content-Length,Content-Type,Date,Server,Connection')])
2025-07-06 14:35:33,242 - httpx - INFO - HTTP Request: POST https://api.telegram.org/bot7707158318:AAE8rWa4Q8Z_3avql6K0HAmXaooZAReoNF0/getUpdates "HTTP/1.1 200 OK"
2025-07-06 14:35:33,243 - httpcore.http11 - DEBUG - receive_response_body.started request=<Request [b'POST']>
2025-07-06 14:35:33,244 - httpcore.http11 - DEBUG - receive_response_body.complete
2025-07-06 14:35:33,245 - httpcore.http11 - DEBUG - response_closed.started
2025-07-06 14:35:33,245 - httpcore.http11 - DEBUG - response_closed.complete
2025-07-06 14:35:33,246 - telegram.ext.ExtBot - DEBUG - No new updates found.
2025-07-06 14:35:33,246 - telegram.ext.ExtBot - DEBUG - ()
2025-07-06 14:35:33,246 - telegram.ext.ExtBot - DEBUG - Exiting: get_updates
2025-07-06 14:35:33,246 - telegram.ext.ExtBot - DEBUG - Entering: get_updates
2025-07-06 14:35:33,248 - httpcore.http11 - DEBUG - send_request_headers.started request=<Request [b'POST']>
2025-07-06 14:35:33,249 - httpcore.http11 - DEBUG - send_request_headers.complete
2025-07-06 14:35:33,250 - httpcore.http11 - DEBUG - send_request_body.started request=<Request [b'POST']>
2025-07-06 14:35:33,250 - httpcore.http11 - DEBUG - send_request_body.complete
2025-07-06 14:35:33,250 - httpcore.http11 - DEBUG - receive_response_headers.started request=<Request [b'POST']>
2025-07-06 14:35:43,299 - httpcore.http11 - DEBUG - receive_response_headers.complete return_value=(b'HTTP/1.1', 200, b'OK', [(b'Server', b'nginx/1.18.0'), (b'Date', b'Sun, 06 Jul 2025 13:35:43 GMT'), (b'Content-Type', b'application/json'), (b'Content-Length', b'23'), (b'Connection', b'keep-alive'), (b'Strict-Transport-Security', b'max-age=31536000; includeSubDomains; preload'), (b'Access-Control-Allow-Origin', b'*'), (b'Access-Control-Allow-Methods', b'GET, POST, OPTIONS'), (b'Access-Control-Expose-Headers', b'Content-Length,Content-Type,Date,Server,Connection')])
2025-07-06 14:35:43,299 - httpx - INFO - HTTP Request: POST https://api.telegram.org/bot7707158318:AAE8rWa4Q8Z_3avql6K0HAmXaooZAReoNF0/getUpdates "HTTP/1.1 200 OK"
2025-07-06 14:35:43,300 - httpcore.http11 - DEBUG - receive_response_body.started request=<Request [b'POST']>
2025-07-06 14:35:43,300 - httpcore.http11 - DEBUG - receive_response_body.complete
2025-07-06 14:35:43,300 - httpcore.http11 - DEBUG - response_closed.started
2025-07-06 14:35:43,301 - httpcore.http11 - DEBUG - response_closed.complete
2025-07-06 14:35:43,301 - telegram.ext.ExtBot - DEBUG - No new updates found.
2025-07-06 14:35:43,302 - telegram.ext.ExtBot - DEBUG - ()
2025-07-06 14:35:43,302 - telegram.ext.ExtBot - DEBUG - Exiting: get_updates
2025-07-06 14:35:43,302 - telegram.ext.ExtBot - DEBUG - Entering: get_updates
2025-07-06 14:35:43,303 - httpcore.http11 - DEBUG - send_request_headers.started request=<Request [b'POST']>
2025-07-06 14:35:43,303 - httpcore.http11 - DEBUG - send_request_headers.complete
2025-07-06 14:35:43,305 - httpcore.http11 - DEBUG - send_request_body.started request=<Request [b'POST']>
2025-07-06 14:35:43,305 - httpcore.http11 - DEBUG - send_request_body.complete
2025-07-06 14:35:43,305 - httpcore.http11 - DEBUG - receive_response_headers.started request=<Request [b'POST']>
2025-07-06 14:35:53,357 - httpcore.http11 - DEBUG - receive_response_headers.complete return_value=(b'HTTP/1.1', 200, b'OK', [(b'Server', b'nginx/1.18.0'), (b'Date', b'Sun, 06 Jul 2025 13:35:53 GMT'), (b'Content-Type', b'application/json'), (b'Content-Length', b'23'), (b'Connection', b'keep-alive'), (b'Strict-Transport-Security', b'max-age=31536000; includeSubDomains; preload'), (b'Access-Control-Allow-Origin', b'*'), (b'Access-Control-Allow-Methods', b'GET, POST, OPTIONS'), (b'Access-Control-Expose-Headers', b'Content-Length,Content-Type,Date,Server,Connection')])
2025-07-06 14:35:53,358 - httpx - INFO - HTTP Request: POST https://api.telegram.org/bot7707158318:AAE8rWa4Q8Z_3avql6K0HAmXaooZAReoNF0/getUpdates "HTTP/1.1 200 OK"
2025-07-06 14:35:53,359 - httpcore.http11 - DEBUG - receive_response_body.started request=<Request [b'POST']>
2025-07-06 14:35:53,361 - httpcore.http11 - DEBUG - receive_response_body.complete
2025-07-06 14:35:53,362 - httpcore.http11 - DEBUG - response_closed.started
2025-07-06 14:35:53,363 - httpcore.http11 - DEBUG - response_closed.complete
2025-07-06 14:35:53,365 - telegram.ext.ExtBot - DEBUG - No new updates found.
2025-07-06 14:35:53,366 - telegram.ext.ExtBot - DEBUG - ()
2025-07-06 14:35:53,366 - telegram.ext.ExtBot - DEBUG - Exiting: get_updates
2025-07-06 14:35:53,366 - telegram.ext.ExtBot - DEBUG - Entering: get_updates
2025-07-06 14:35:53,372 - httpcore.http11 - DEBUG - send_request_headers.started request=<Request [b'POST']>
2025-07-06 14:35:53,375 - httpcore.http11 - DEBUG - send_request_headers.complete
2025-07-06 14:35:53,375 - httpcore.http11 - DEBUG - send_request_body.started request=<Request [b'POST']>
2025-07-06 14:35:53,377 - httpcore.http11 - DEBUG - send_request_body.complete
2025-07-06 14:35:53,377 - httpcore.http11 - DEBUG - receive_response_headers.started request=<Request [b'POST']>
2025-07-06 14:36:03,459 - httpcore.http11 - DEBUG - receive_response_headers.complete return_value=(b'HTTP/1.1', 200, b'OK', [(b'Server', b'nginx/1.18.0'), (b'Date', b'Sun, 06 Jul 2025 13:36:03 GMT'), (b'Content-Type', b'application/json'), (b'Content-Length', b'23'), (b'Connection', b'keep-alive'), (b'Strict-Transport-Security', b'max-age=31536000; includeSubDomains; preload'), (b'Access-Control-Allow-Origin', b'*'), (b'Access-Control-Allow-Methods', b'GET, POST, OPTIONS'), (b'Access-Control-Expose-Headers', b'Content-Length,Content-Type,Date,Server,Connection')])
2025-07-06 14:36:03,460 - httpx - INFO - HTTP Request: POST https://api.telegram.org/bot7707158318:AAE8rWa4Q8Z_3avql6K0HAmXaooZAReoNF0/getUpdates "HTTP/1.1 200 OK"
2025-07-06 14:36:03,462 - httpcore.http11 - DEBUG - receive_response_body.started request=<Request [b'POST']>
2025-07-06 14:36:03,463 - httpcore.http11 - DEBUG - receive_response_body.complete
2025-07-06 14:36:03,463 - httpcore.http11 - DEBUG - response_closed.started
2025-07-06 14:36:03,464 - httpcore.http11 - DEBUG - response_closed.complete
2025-07-06 14:36:03,465 - telegram.ext.ExtBot - DEBUG - No new updates found.
2025-07-06 14:36:03,465 - telegram.ext.ExtBot - DEBUG - ()
2025-07-06 14:36:03,465 - telegram.ext.ExtBot - DEBUG - Exiting: get_updates
2025-07-06 14:36:03,465 - telegram.ext.ExtBot - DEBUG - Entering: get_updates
2025-07-06 14:36:03,467 - httpcore.http11 - DEBUG - send_request_headers.started request=<Request [b'POST']>
2025-07-06 14:36:03,468 - httpcore.http11 - DEBUG - send_request_headers.complete
2025-07-06 14:36:03,468 - httpcore.http11 - DEBUG - send_request_body.started request=<Request [b'POST']>
2025-07-06 14:36:03,470 - httpcore.http11 - DEBUG - send_request_body.complete
2025-07-06 14:36:03,470 - httpcore.http11 - DEBUG - receive_response_headers.started request=<Request [b'POST']>
2025-07-06 14:36:13,520 - httpcore.http11 - DEBUG - receive_response_headers.complete return_value=(b'HTTP/1.1', 200, b'OK', [(b'Server', b'nginx/1.18.0'), (b'Date', b'Sun, 06 Jul 2025 13:36:13 GMT'), (b'Content-Type', b'application/json'), (b'Content-Length', b'23'), (b'Connection', b'keep-alive'), (b'Strict-Transport-Security', b'max-age=31536000; includeSubDomains; preload'), (b'Access-Control-Allow-Origin', b'*'), (b'Access-Control-Allow-Methods', b'GET, POST, OPTIONS'), (b'Access-Control-Expose-Headers', b'Content-Length,Content-Type,Date,Server,Connection')])
2025-07-06 14:36:13,520 - httpx - INFO - HTTP Request: POST https://api.telegram.org/bot7707158318:AAE8rWa4Q8Z_3avql6K0HAmXaooZAReoNF0/getUpdates "HTTP/1.1 200 OK"
2025-07-06 14:36:13,522 - httpcore.http11 - DEBUG - receive_response_body.started request=<Request [b'POST']>
2025-07-06 14:36:13,523 - httpcore.http11 - DEBUG - receive_response_body.complete
2025-07-06 14:36:13,523 - httpcore.http11 - DEBUG - response_closed.started
2025-07-06 14:36:13,524 - httpcore.http11 - DEBUG - response_closed.complete
2025-07-06 14:36:13,524 - telegram.ext.ExtBot - DEBUG - No new updates found.
2025-07-06 14:36:13,524 - telegram.ext.ExtBot - DEBUG - ()
2025-07-06 14:36:13,524 - telegram.ext.ExtBot - DEBUG - Exiting: get_updates
2025-07-06 14:36:13,524 - telegram.ext.ExtBot - DEBUG - Entering: get_updates
2025-07-06 14:36:13,527 - httpcore.http11 - DEBUG - send_request_headers.started request=<Request [b'POST']>
2025-07-06 14:36:13,527 - httpcore.http11 - DEBUG - send_request_headers.complete
2025-07-06 14:36:13,527 - httpcore.http11 - DEBUG - send_request_body.started request=<Request [b'POST']>
2025-07-06 14:36:13,527 - httpcore.http11 - DEBUG - send_request_body.complete
2025-07-06 14:36:13,527 - httpcore.http11 - DEBUG - receive_response_headers.started request=<Request [b'POST']>
2025-07-06 14:36:23,577 - httpcore.http11 - DEBUG - receive_response_headers.complete return_value=(b'HTTP/1.1', 200, b'OK', [(b'Server', b'nginx/1.18.0'), (b'Date', b'Sun, 06 Jul 2025 13:36:24 GMT'), (b'Content-Type', b'application/json'), (b'Content-Length', b'23'), (b'Connection', b'keep-alive'), (b'Strict-Transport-Security', b'max-age=31536000; includeSubDomains; preload'), (b'Access-Control-Allow-Origin', b'*'), (b'Access-Control-Allow-Methods', b'GET, POST, OPTIONS'), (b'Access-Control-Expose-Headers', b'Content-Length,Content-Type,Date,Server,Connection')])
2025-07-06 14:36:23,578 - httpx - INFO - HTTP Request: POST https://api.telegram.org/bot7707158318:AAE8rWa4Q8Z_3avql6K0HAmXaooZAReoNF0/getUpdates "HTTP/1.1 200 OK"
2025-07-06 14:36:23,579 - httpcore.http11 - DEBUG - receive_response_body.started request=<Request [b'POST']>
2025-07-06 14:36:23,579 - httpcore.http11 - DEBUG - receive_response_body.complete
2025-07-06 14:36:23,580 - httpcore.http11 - DEBUG - response_closed.started
2025-07-06 14:36:23,580 - httpcore.http11 - DEBUG - response_closed.complete
2025-07-06 14:36:23,580 - telegram.ext.ExtBot - DEBUG - No new updates found.
2025-07-06 14:36:23,580 - telegram.ext.ExtBot - DEBUG - ()
2025-07-06 14:36:23,580 - telegram.ext.ExtBot - DEBUG - Exiting: get_updates
2025-07-06 14:36:23,580 - telegram.ext.ExtBot - DEBUG - Entering: get_updates
2025-07-06 14:36:23,580 - httpcore.http11 - DEBUG - send_request_headers.started request=<Request [b'POST']>
2025-07-06 14:36:23,580 - httpcore.http11 - DEBUG - send_request_headers.complete
2025-07-06 14:36:23,580 - httpcore.http11 - DEBUG - send_request_body.started request=<Request [b'POST']>
2025-07-06 14:36:23,582 - httpcore.http11 - DEBUG - send_request_body.complete
2025-07-06 14:36:23,582 - httpcore.http11 - DEBUG - receive_response_headers.started request=<Request [b'POST']>
2025-07-06 14:36:33,630 - httpcore.http11 - DEBUG - receive_response_headers.complete return_value=(b'HTTP/1.1', 200, b'OK', [(b'Server', b'nginx/1.18.0'), (b'Date', b'Sun, 06 Jul 2025 13:36:34 GMT'), (b'Content-Type', b'application/json'), (b'Content-Length', b'23'), (b'Connection', b'keep-alive'), (b'Strict-Transport-Security', b'max-age=31536000; includeSubDomains; preload'), (b'Access-Control-Allow-Origin', b'*'), (b'Access-Control-Allow-Methods', b'GET, POST, OPTIONS'), (b'Access-Control-Expose-Headers', b'Content-Length,Content-Type,Date,Server,Connection')])
2025-07-06 14:36:33,632 - httpx - INFO - HTTP Request: POST https://api.telegram.org/bot7707158318:AAE8rWa4Q8Z_3avql6K0HAmXaooZAReoNF0/getUpdates "HTTP/1.1 200 OK"
2025-07-06 14:36:33,632 - httpcore.http11 - DEBUG - receive_response_body.started request=<Request [b'POST']>
2025-07-06 14:36:33,632 - httpcore.http11 - DEBUG - receive_response_body.complete
2025-07-06 14:36:33,632 - httpcore.http11 - DEBUG - response_closed.started
2025-07-06 14:36:33,632 - httpcore.http11 - DEBUG - response_closed.complete
2025-07-06 14:36:33,632 - telegram.ext.ExtBot - DEBUG - No new updates found.
2025-07-06 14:36:33,635 - telegram.ext.ExtBot - DEBUG - ()
2025-07-06 14:36:33,635 - telegram.ext.ExtBot - DEBUG - Exiting: get_updates
2025-07-06 14:36:33,635 - telegram.ext.ExtBot - DEBUG - Entering: get_updates
2025-07-06 14:36:33,636 - httpcore.http11 - DEBUG - send_request_headers.started request=<Request [b'POST']>
2025-07-06 14:36:33,638 - httpcore.http11 - DEBUG - send_request_headers.complete
2025-07-06 14:36:33,638 - httpcore.http11 - DEBUG - send_request_body.started request=<Request [b'POST']>
2025-07-06 14:36:33,638 - httpcore.http11 - DEBUG - send_request_body.complete
2025-07-06 14:36:33,639 - httpcore.http11 - DEBUG - receive_response_headers.started request=<Request [b'POST']>
2025-07-06 14:36:43,686 - httpcore.http11 - DEBUG - receive_response_headers.complete return_value=(b'HTTP/1.1', 200, b'OK', [(b'Server', b'nginx/1.18.0'), (b'Date', b'Sun, 06 Jul 2025 13:36:44 GMT'), (b'Content-Type', b'application/json'), (b'Content-Length', b'23'), (b'Connection', b'keep-alive'), (b'Strict-Transport-Security', b'max-age=31536000; includeSubDomains; preload'), (b'Access-Control-Allow-Origin', b'*'), (b'Access-Control-Allow-Methods', b'GET, POST, OPTIONS'), (b'Access-Control-Expose-Headers', b'Content-Length,Content-Type,Date,Server,Connection')])
2025-07-06 14:36:43,688 - httpx - INFO - HTTP Request: POST https://api.telegram.org/bot7707158318:AAE8rWa4Q8Z_3avql6K0HAmXaooZAReoNF0/getUpdates "HTTP/1.1 200 OK"
2025-07-06 14:36:43,688 - httpcore.http11 - DEBUG - receive_response_body.started request=<Request [b'POST']>
2025-07-06 14:36:43,689 - httpcore.http11 - DEBUG - receive_response_body.complete
2025-07-06 14:36:43,689 - httpcore.http11 - DEBUG - response_closed.started
2025-07-06 14:36:43,689 - httpcore.http11 - DEBUG - response_closed.complete
2025-07-06 14:36:43,689 - telegram.ext.ExtBot - DEBUG - No new updates found.
2025-07-06 14:36:43,689 - telegram.ext.ExtBot - DEBUG - ()
2025-07-06 14:36:43,689 - telegram.ext.ExtBot - DEBUG - Exiting: get_updates
2025-07-06 14:36:43,689 - telegram.ext.ExtBot - DEBUG - Entering: get_updates
2025-07-06 14:36:43,689 - httpcore.http11 - DEBUG - send_request_headers.started request=<Request [b'POST']>
2025-07-06 14:36:43,689 - httpcore.http11 - DEBUG - send_request_headers.complete
2025-07-06 14:36:43,692 - httpcore.http11 - DEBUG - send_request_body.started request=<Request [b'POST']>
2025-07-06 14:36:43,692 - httpcore.http11 - DEBUG - send_request_body.complete
2025-07-06 14:36:43,692 - httpcore.http11 - DEBUG - receive_response_headers.started request=<Request [b'POST']>
2025-07-06 14:36:53,741 - httpcore.http11 - DEBUG - receive_response_headers.complete return_value=(b'HTTP/1.1', 200, b'OK', [(b'Server', b'nginx/1.18.0'), (b'Date', b'Sun, 06 Jul 2025 13:36:54 GMT'), (b'Content-Type', b'application/json'), (b'Content-Length', b'23'), (b'Connection', b'keep-alive'), (b'Strict-Transport-Security', b'max-age=31536000; includeSubDomains; preload'), (b'Access-Control-Allow-Origin', b'*'), (b'Access-Control-Allow-Methods', b'GET, POST, OPTIONS'), (b'Access-Control-Expose-Headers', b'Content-Length,Content-Type,Date,Server,Connection')])
2025-07-06 14:36:53,741 - httpx - INFO - HTTP Request: POST https://api.telegram.org/bot7707158318:AAE8rWa4Q8Z_3avql6K0HAmXaooZAReoNF0/getUpdates "HTTP/1.1 200 OK"
2025-07-06 14:36:53,743 - httpcore.http11 - DEBUG - receive_response_body.started request=<Request [b'POST']>
2025-07-06 14:36:53,744 - httpcore.http11 - DEBUG - receive_response_body.complete
2025-07-06 14:36:53,744 - httpcore.http11 - DEBUG - response_closed.started
2025-07-06 14:36:53,745 - httpcore.http11 - DEBUG - response_closed.complete
2025-07-06 14:36:53,745 - telegram.ext.ExtBot - DEBUG - No new updates found.
2025-07-06 14:36:53,745 - telegram.ext.ExtBot - DEBUG - ()
2025-07-06 14:36:53,745 - telegram.ext.ExtBot - DEBUG - Exiting: get_updates
2025-07-06 14:36:53,745 - telegram.ext.ExtBot - DEBUG - Entering: get_updates
2025-07-06 14:36:53,747 - httpcore.http11 - DEBUG - send_request_headers.started request=<Request [b'POST']>
2025-07-06 14:36:53,749 - httpcore.http11 - DEBUG - send_request_headers.complete
2025-07-06 14:36:53,749 - httpcore.http11 - DEBUG - send_request_body.started request=<Request [b'POST']>
2025-07-06 14:36:53,750 - httpcore.http11 - DEBUG - send_request_body.complete
2025-07-06 14:36:53,750 - httpcore.http11 - DEBUG - receive_response_headers.started request=<Request [b'POST']>
2025-07-06 14:37:03,817 - httpcore.http11 - DEBUG - receive_response_headers.complete return_value=(b'HTTP/1.1', 200, b'OK', [(b'Server', b'nginx/1.18.0'), (b'Date', b'Sun, 06 Jul 2025 13:37:04 GMT'), (b'Content-Type', b'application/json'), (b'Content-Length', b'23'), (b'Connection', b'keep-alive'), (b'Strict-Transport-Security', b'max-age=31536000; includeSubDomains; preload'), (b'Access-Control-Allow-Origin', b'*'), (b'Access-Control-Allow-Methods', b'GET, POST, OPTIONS'), (b'Access-Control-Expose-Headers', b'Content-Length,Content-Type,Date,Server,Connection')])
2025-07-06 14:37:03,820 - httpx - INFO - HTTP Request: POST https://api.telegram.org/bot7707158318:AAE8rWa4Q8Z_3avql6K0HAmXaooZAReoNF0/getUpdates "HTTP/1.1 200 OK"
2025-07-06 14:37:03,820 - httpcore.http11 - DEBUG - receive_response_body.started request=<Request [b'POST']>
2025-07-06 14:37:03,820 - httpcore.http11 - DEBUG - receive_response_body.complete
2025-07-06 14:37:03,820 - httpcore.http11 - DEBUG - response_closed.started
2025-07-06 14:37:03,820 - httpcore.http11 - DEBUG - response_closed.complete
2025-07-06 14:37:03,823 - telegram.ext.ExtBot - DEBUG - No new updates found.
2025-07-06 14:37:03,823 - telegram.ext.ExtBot - DEBUG - ()
2025-07-06 14:37:03,823 - telegram.ext.ExtBot - DEBUG - Exiting: get_updates
2025-07-06 14:37:03,823 - telegram.ext.ExtBot - DEBUG - Entering: get_updates
2025-07-06 14:37:03,825 - httpcore.http11 - DEBUG - send_request_headers.started request=<Request [b'POST']>
2025-07-06 14:37:03,825 - httpcore.http11 - DEBUG - send_request_headers.complete
2025-07-06 14:37:03,825 - httpcore.http11 - DEBUG - send_request_body.started request=<Request [b'POST']>
2025-07-06 14:37:03,826 - httpcore.http11 - DEBUG - send_request_body.complete
2025-07-06 14:37:03,826 - httpcore.http11 - DEBUG - receive_response_headers.started request=<Request [b'POST']>
2025-07-06 14:37:13,877 - httpcore.http11 - DEBUG - receive_response_headers.complete return_value=(b'HTTP/1.1', 200, b'OK', [(b'Server', b'nginx/1.18.0'), (b'Date', b'Sun, 06 Jul 2025 13:37:14 GMT'), (b'Content-Type', b'application/json'), (b'Content-Length', b'23'), (b'Connection', b'keep-alive'), (b'Strict-Transport-Security', b'max-age=31536000; includeSubDomains; preload'), (b'Access-Control-Allow-Origin', b'*'), (b'Access-Control-Allow-Methods', b'GET, POST, OPTIONS'), (b'Access-Control-Expose-Headers', b'Content-Length,Content-Type,Date,Server,Connection')])
2025-07-06 14:37:13,877 - httpx - INFO - HTTP Request: POST https://api.telegram.org/bot7707158318:AAE8rWa4Q8Z_3avql6K0HAmXaooZAReoNF0/getUpdates "HTTP/1.1 200 OK"
2025-07-06 14:37:13,879 - httpcore.http11 - DEBUG - receive_response_body.started request=<Request [b'POST']>
2025-07-06 14:37:13,879 - httpcore.http11 - DEBUG - receive_response_body.complete
2025-07-06 14:37:13,879 - httpcore.http11 - DEBUG - response_closed.started
2025-07-06 14:37:13,879 - httpcore.http11 - DEBUG - response_closed.complete
2025-07-06 14:37:13,879 - telegram.ext.ExtBot - DEBUG - No new updates found.
2025-07-06 14:37:13,879 - telegram.ext.ExtBot - DEBUG - ()
2025-07-06 14:37:13,879 - telegram.ext.ExtBot - DEBUG - Exiting: get_updates
2025-07-06 14:37:13,879 - telegram.ext.ExtBot - DEBUG - Entering: get_updates
2025-07-06 14:37:13,880 - httpcore.http11 - DEBUG - send_request_headers.started request=<Request [b'POST']>
2025-07-06 14:37:13,880 - httpcore.http11 - DEBUG - send_request_headers.complete
2025-07-06 14:37:13,880 - httpcore.http11 - DEBUG - send_request_body.started request=<Request [b'POST']>
2025-07-06 14:37:13,880 - httpcore.http11 - DEBUG - send_request_body.complete
2025-07-06 14:37:13,880 - httpcore.http11 - DEBUG - receive_response_headers.started request=<Request [b'POST']>
2025-07-06 14:37:23,930 - httpcore.http11 - DEBUG - receive_response_headers.complete return_value=(b'HTTP/1.1', 200, b'OK', [(b'Server', b'nginx/1.18.0'), (b'Date', b'Sun, 06 Jul 2025 13:37:24 GMT'), (b'Content-Type', b'application/json'), (b'Content-Length', b'23'), (b'Connection', b'keep-alive'), (b'Strict-Transport-Security', b'max-age=31536000; includeSubDomains; preload'), (b'Access-Control-Allow-Origin', b'*'), (b'Access-Control-Allow-Methods', b'GET, POST, OPTIONS'), (b'Access-Control-Expose-Headers', b'Content-Length,Content-Type,Date,Server,Connection')])
2025-07-06 14:37:23,931 - httpx - INFO - HTTP Request: POST https://api.telegram.org/bot7707158318:AAE8rWa4Q8Z_3avql6K0HAmXaooZAReoNF0/getUpdates "HTTP/1.1 200 OK"
2025-07-06 14:37:23,931 - httpcore.http11 - DEBUG - receive_response_body.started request=<Request [b'POST']>
2025-07-06 14:37:23,931 - httpcore.http11 - DEBUG - receive_response_body.complete
2025-07-06 14:37:23,931 - httpcore.http11 - DEBUG - response_closed.started
2025-07-06 14:37:23,931 - httpcore.http11 - DEBUG - response_closed.complete
2025-07-06 14:37:23,931 - telegram.ext.ExtBot - DEBUG - No new updates found.
2025-07-06 14:37:23,931 - telegram.ext.ExtBot - DEBUG - ()
2025-07-06 14:37:23,931 - telegram.ext.ExtBot - DEBUG - Exiting: get_updates
2025-07-06 14:37:23,931 - telegram.ext.ExtBot - DEBUG - Entering: get_updates
2025-07-06 14:37:23,933 - httpcore.http11 - DEBUG - send_request_headers.started request=<Request [b'POST']>
2025-07-06 14:37:23,933 - httpcore.http11 - DEBUG - send_request_headers.complete
2025-07-06 14:37:23,933 - httpcore.http11 - DEBUG - send_request_body.started request=<Request [b'POST']>
2025-07-06 14:37:23,935 - httpcore.http11 - DEBUG - send_request_body.complete
2025-07-06 14:37:23,935 - httpcore.http11 - DEBUG - receive_response_headers.started request=<Request [b'POST']>
2025-07-06 14:37:33,985 - httpcore.http11 - DEBUG - receive_response_headers.complete return_value=(b'HTTP/1.1', 200, b'OK', [(b'Server', b'nginx/1.18.0'), (b'Date', b'Sun, 06 Jul 2025 13:37:34 GMT'), (b'Content-Type', b'application/json'), (b'Content-Length', b'23'), (b'Connection', b'keep-alive'), (b'Strict-Transport-Security', b'max-age=31536000; includeSubDomains; preload'), (b'Access-Control-Allow-Origin', b'*'), (b'Access-Control-Allow-Methods', b'GET, POST, OPTIONS'), (b'Access-Control-Expose-Headers', b'Content-Length,Content-Type,Date,Server,Connection')])
2025-07-06 14:37:33,986 - httpx - INFO - HTTP Request: POST https://api.telegram.org/bot7707158318:AAE8rWa4Q8Z_3avql6K0HAmXaooZAReoNF0/getUpdates "HTTP/1.1 200 OK"
2025-07-06 14:37:33,988 - httpcore.http11 - DEBUG - receive_response_body.started request=<Request [b'POST']>
2025-07-06 14:37:33,988 - httpcore.http11 - DEBUG - receive_response_body.complete
2025-07-06 14:37:33,988 - httpcore.http11 - DEBUG - response_closed.started
2025-07-06 14:37:33,988 - httpcore.http11 - DEBUG - response_closed.complete
2025-07-06 14:37:33,990 - telegram.ext.ExtBot - DEBUG - No new updates found.
2025-07-06 14:37:33,990 - telegram.ext.ExtBot - DEBUG - ()
2025-07-06 14:37:33,990 - telegram.ext.ExtBot - DEBUG - Exiting: get_updates
2025-07-06 14:37:33,990 - telegram.ext.ExtBot - DEBUG - Entering: get_updates
2025-07-06 14:37:33,991 - httpcore.http11 - DEBUG - send_request_headers.started request=<Request [b'POST']>
2025-07-06 14:37:33,994 - httpcore.http11 - DEBUG - send_request_headers.complete
2025-07-06 14:37:33,994 - httpcore.http11 - DEBUG - send_request_body.started request=<Request [b'POST']>
2025-07-06 14:37:33,995 - httpcore.http11 - DEBUG - send_request_body.complete
2025-07-06 14:37:33,995 - httpcore.http11 - DEBUG - receive_response_headers.started request=<Request [b'POST']>
2025-07-06 14:37:44,046 - httpcore.http11 - DEBUG - receive_response_headers.complete return_value=(b'HTTP/1.1', 200, b'OK', [(b'Server', b'nginx/1.18.0'), (b'Date', b'Sun, 06 Jul 2025 13:37:44 GMT'), (b'Content-Type', b'application/json'), (b'Content-Length', b'23'), (b'Connection', b'keep-alive'), (b'Strict-Transport-Security', b'max-age=31536000; includeSubDomains; preload'), (b'Access-Control-Allow-Origin', b'*'), (b'Access-Control-Allow-Methods', b'GET, POST, OPTIONS'), (b'Access-Control-Expose-Headers', b'Content-Length,Content-Type,Date,Server,Connection')])
2025-07-06 14:37:44,047 - httpx - INFO - HTTP Request: POST https://api.telegram.org/bot7707158318:AAE8rWa4Q8Z_3avql6K0HAmXaooZAReoNF0/getUpdates "HTTP/1.1 200 OK"
2025-07-06 14:37:44,048 - httpcore.http11 - DEBUG - receive_response_body.started request=<Request [b'POST']>
2025-07-06 14:37:44,048 - httpcore.http11 - DEBUG - receive_response_body.complete
2025-07-06 14:37:44,049 - httpcore.http11 - DEBUG - response_closed.started
2025-07-06 14:37:44,049 - httpcore.http11 - DEBUG - response_closed.complete
2025-07-06 14:37:44,049 - telegram.ext.ExtBot - DEBUG - No new updates found.
2025-07-06 14:37:44,049 - telegram.ext.ExtBot - DEBUG - ()
2025-07-06 14:37:44,049 - telegram.ext.ExtBot - DEBUG - Exiting: get_updates
2025-07-06 14:37:44,049 - telegram.ext.ExtBot - DEBUG - Entering: get_updates
2025-07-06 14:37:44,052 - httpcore.http11 - DEBUG - send_request_headers.started request=<Request [b'POST']>
2025-07-06 14:37:44,053 - httpcore.http11 - DEBUG - send_request_headers.complete
2025-07-06 14:37:44,053 - httpcore.http11 - DEBUG - send_request_body.started request=<Request [b'POST']>
2025-07-06 14:37:44,053 - httpcore.http11 - DEBUG - send_request_body.complete
2025-07-06 14:37:44,055 - httpcore.http11 - DEBUG - receive_response_headers.started request=<Request [b'POST']>
2025-07-06 14:37:54,102 - httpcore.http11 - DEBUG - receive_response_headers.complete return_value=(b'HTTP/1.1', 200, b'OK', [(b'Server', b'nginx/1.18.0'), (b'Date', b'Sun, 06 Jul 2025 13:37:54 GMT'), (b'Content-Type', b'application/json'), (b'Content-Length', b'23'), (b'Connection', b'keep-alive'), (b'Strict-Transport-Security', b'max-age=31536000; includeSubDomains; preload'), (b'Access-Control-Allow-Origin', b'*'), (b'Access-Control-Allow-Methods', b'GET, POST, OPTIONS'), (b'Access-Control-Expose-Headers', b'Content-Length,Content-Type,Date,Server,Connection')])
2025-07-06 14:37:54,103 - httpx - INFO - HTTP Request: POST https://api.telegram.org/bot7707158318:AAE8rWa4Q8Z_3avql6K0HAmXaooZAReoNF0/getUpdates "HTTP/1.1 200 OK"
2025-07-06 14:37:54,103 - httpcore.http11 - DEBUG - receive_response_body.started request=<Request [b'POST']>
2025-07-06 14:37:54,103 - httpcore.http11 - DEBUG - receive_response_body.complete
2025-07-06 14:37:54,103 - httpcore.http11 - DEBUG - response_closed.started
2025-07-06 14:37:54,103 - httpcore.http11 - DEBUG - response_closed.complete
2025-07-06 14:37:54,105 - telegram.ext.ExtBot - DEBUG - No new updates found.
2025-07-06 14:37:54,105 - telegram.ext.ExtBot - DEBUG - ()
2025-07-06 14:37:54,105 - telegram.ext.ExtBot - DEBUG - Exiting: get_updates
2025-07-06 14:37:54,105 - telegram.ext.ExtBot - DEBUG - Entering: get_updates
2025-07-06 14:37:54,105 - httpcore.http11 - DEBUG - send_request_headers.started request=<Request [b'POST']>
2025-07-06 14:37:54,105 - httpcore.http11 - DEBUG - send_request_headers.complete
2025-07-06 14:37:54,105 - httpcore.http11 - DEBUG - send_request_body.started request=<Request [b'POST']>
2025-07-06 14:37:54,107 - httpcore.http11 - DEBUG - send_request_body.complete
2025-07-06 14:37:54,107 - httpcore.http11 - DEBUG - receive_response_headers.started request=<Request [b'POST']>
2025-07-06 14:38:04,168 - httpcore.http11 - DEBUG - receive_response_headers.complete return_value=(b'HTTP/1.1', 200, b'OK', [(b'Server', b'nginx/1.18.0'), (b'Date', b'Sun, 06 Jul 2025 13:38:04 GMT'), (b'Content-Type', b'application/json'), (b'Content-Length', b'23'), (b'Connection', b'keep-alive'), (b'Strict-Transport-Security', b'max-age=31536000; includeSubDomains; preload'), (b'Access-Control-Allow-Origin', b'*'), (b'Access-Control-Allow-Methods', b'GET, POST, OPTIONS'), (b'Access-Control-Expose-Headers', b'Content-Length,Content-Type,Date,Server,Connection')])
2025-07-06 14:38:04,171 - httpx - INFO - HTTP Request: POST https://api.telegram.org/bot7707158318:AAE8rWa4Q8Z_3avql6K0HAmXaooZAReoNF0/getUpdates "HTTP/1.1 200 OK"
2025-07-06 14:38:04,173 - httpcore.http11 - DEBUG - receive_response_body.started request=<Request [b'POST']>
2025-07-06 14:38:04,173 - httpcore.http11 - DEBUG - receive_response_body.complete
2025-07-06 14:38:04,173 - httpcore.http11 - DEBUG - response_closed.started
2025-07-06 14:38:04,173 - httpcore.http11 - DEBUG - response_closed.complete
2025-07-06 14:38:04,175 - telegram.ext.ExtBot - DEBUG - No new updates found.
2025-07-06 14:38:04,175 - telegram.ext.ExtBot - DEBUG - ()
2025-07-06 14:38:04,176 - telegram.ext.ExtBot - DEBUG - Exiting: get_updates
2025-07-06 14:38:04,176 - telegram.ext.ExtBot - DEBUG - Entering: get_updates
2025-07-06 14:38:04,178 - httpcore.http11 - DEBUG - send_request_headers.started request=<Request [b'POST']>
2025-07-06 14:38:04,180 - httpcore.http11 - DEBUG - send_request_headers.complete
2025-07-06 14:38:04,180 - httpcore.http11 - DEBUG - send_request_body.started request=<Request [b'POST']>
2025-07-06 14:38:04,180 - httpcore.http11 - DEBUG - send_request_body.complete
2025-07-06 14:38:04,180 - httpcore.http11 - DEBUG - receive_response_headers.started request=<Request [b'POST']>
2025-07-06 14:38:14,247 - httpcore.http11 - DEBUG - receive_response_headers.complete return_value=(b'HTTP/1.1', 200, b'OK', [(b'Server', b'nginx/1.18.0'), (b'Date', b'Sun, 06 Jul 2025 13:38:14 GMT'), (b'Content-Type', b'application/json'), (b'Content-Length', b'23'), (b'Connection', b'keep-alive'), (b'Strict-Transport-Security', b'max-age=31536000; includeSubDomains; preload'), (b'Access-Control-Allow-Origin', b'*'), (b'Access-Control-Allow-Methods', b'GET, POST, OPTIONS'), (b'Access-Control-Expose-Headers', b'Content-Length,Content-Type,Date,Server,Connection')])
2025-07-06 14:38:14,247 - httpx - INFO - HTTP Request: POST https://api.telegram.org/bot7707158318:AAE8rWa4Q8Z_3avql6K0HAmXaooZAReoNF0/getUpdates "HTTP/1.1 200 OK"
2025-07-06 14:38:14,247 - httpcore.http11 - DEBUG - receive_response_body.started request=<Request [b'POST']>
2025-07-06 14:38:14,249 - httpcore.http11 - DEBUG - receive_response_body.complete
2025-07-06 14:38:14,249 - httpcore.http11 - DEBUG - response_closed.started
2025-07-06 14:38:14,249 - httpcore.http11 - DEBUG - response_closed.complete
2025-07-06 14:38:14,249 - telegram.ext.ExtBot - DEBUG - No new updates found.
2025-07-06 14:38:14,249 - telegram.ext.ExtBot - DEBUG - ()
2025-07-06 14:38:14,249 - telegram.ext.ExtBot - DEBUG - Exiting: get_updates
2025-07-06 14:38:14,249 - telegram.ext.ExtBot - DEBUG - Entering: get_updates
2025-07-06 14:38:14,250 - httpcore.http11 - DEBUG - send_request_headers.started request=<Request [b'POST']>
2025-07-06 14:38:14,251 - httpcore.http11 - DEBUG - send_request_headers.complete
2025-07-06 14:38:14,251 - httpcore.http11 - DEBUG - send_request_body.started request=<Request [b'POST']>
2025-07-06 14:38:14,251 - httpcore.http11 - DEBUG - send_request_body.complete
2025-07-06 14:38:14,251 - httpcore.http11 - DEBUG - receive_response_headers.started request=<Request [b'POST']>
2025-07-06 14:38:24,301 - httpcore.http11 - DEBUG - receive_response_headers.complete return_value=(b'HTTP/1.1', 200, b'OK', [(b'Server', b'nginx/1.18.0'), (b'Date', b'Sun, 06 Jul 2025 13:38:24 GMT'), (b'Content-Type', b'application/json'), (b'Content-Length', b'23'), (b'Connection', b'keep-alive'), (b'Strict-Transport-Security', b'max-age=31536000; includeSubDomains; preload'), (b'Access-Control-Allow-Origin', b'*'), (b'Access-Control-Allow-Methods', b'GET, POST, OPTIONS'), (b'Access-Control-Expose-Headers', b'Content-Length,Content-Type,Date,Server,Connection')])
2025-07-06 14:38:24,302 - httpx - INFO - HTTP Request: POST https://api.telegram.org/bot7707158318:AAE8rWa4Q8Z_3avql6K0HAmXaooZAReoNF0/getUpdates "HTTP/1.1 200 OK"
2025-07-06 14:38:24,303 - httpcore.http11 - DEBUG - receive_response_body.started request=<Request [b'POST']>
2025-07-06 14:38:24,303 - httpcore.http11 - DEBUG - receive_response_body.complete
2025-07-06 14:38:24,303 - httpcore.http11 - DEBUG - response_closed.started
2025-07-06 14:38:24,303 - httpcore.http11 - DEBUG - response_closed.complete
2025-07-06 14:38:24,305 - telegram.ext.ExtBot - DEBUG - No new updates found.
2025-07-06 14:38:24,305 - telegram.ext.ExtBot - DEBUG - ()
2025-07-06 14:38:24,305 - telegram.ext.ExtBot - DEBUG - Exiting: get_updates
2025-07-06 14:38:24,305 - telegram.ext.ExtBot - DEBUG - Entering: get_updates
2025-07-06 14:38:24,305 - httpcore.http11 - DEBUG - send_request_headers.started request=<Request [b'POST']>
2025-07-06 14:38:24,305 - httpcore.http11 - DEBUG - send_request_headers.complete
2025-07-06 14:38:24,305 - httpcore.http11 - DEBUG - send_request_body.started request=<Request [b'POST']>
2025-07-06 14:38:24,305 - httpcore.http11 - DEBUG - send_request_body.complete
2025-07-06 14:38:24,305 - httpcore.http11 - DEBUG - receive_response_headers.started request=<Request [b'POST']>
2025-07-06 14:38:34,355 - httpcore.http11 - DEBUG - receive_response_headers.complete return_value=(b'HTTP/1.1', 200, b'OK', [(b'Server', b'nginx/1.18.0'), (b'Date', b'Sun, 06 Jul 2025 13:38:34 GMT'), (b'Content-Type', b'application/json'), (b'Content-Length', b'23'), (b'Connection', b'keep-alive'), (b'Strict-Transport-Security', b'max-age=31536000; includeSubDomains; preload'), (b'Access-Control-Allow-Origin', b'*'), (b'Access-Control-Allow-Methods', b'GET, POST, OPTIONS'), (b'Access-Control-Expose-Headers', b'Content-Length,Content-Type,Date,Server,Connection')])
2025-07-06 14:38:34,366 - httpx - INFO - HTTP Request: POST https://api.telegram.org/bot7707158318:AAE8rWa4Q8Z_3avql6K0HAmXaooZAReoNF0/getUpdates "HTTP/1.1 200 OK"
2025-07-06 14:38:34,367 - httpcore.http11 - DEBUG - receive_response_body.started request=<Request [b'POST']>
2025-07-06 14:38:34,367 - httpcore.http11 - DEBUG - receive_response_body.complete
2025-07-06 14:38:34,367 - httpcore.http11 - DEBUG - response_closed.started
2025-07-06 14:38:34,367 - httpcore.http11 - DEBUG - response_closed.complete
2025-07-06 14:38:34,367 - telegram.ext.ExtBot - DEBUG - No new updates found.
2025-07-06 14:38:34,370 - telegram.ext.ExtBot - DEBUG - ()
2025-07-06 14:38:34,370 - telegram.ext.ExtBot - DEBUG - Exiting: get_updates
2025-07-06 14:38:34,370 - telegram.ext.ExtBot - DEBUG - Entering: get_updates
2025-07-06 14:38:34,372 - httpcore.http11 - DEBUG - send_request_headers.started request=<Request [b'POST']>
2025-07-06 14:38:34,376 - httpcore.http11 - DEBUG - send_request_headers.complete
2025-07-06 14:38:34,376 - httpcore.http11 - DEBUG - send_request_body.started request=<Request [b'POST']>
2025-07-06 14:38:34,377 - httpcore.http11 - DEBUG - send_request_body.complete
2025-07-06 14:38:34,377 - httpcore.http11 - DEBUG - receive_response_headers.started request=<Request [b'POST']>
2025-07-06 14:38:44,435 - httpcore.http11 - DEBUG - receive_response_headers.complete return_value=(b'HTTP/1.1', 200, b'OK', [(b'Server', b'nginx/1.18.0'), (b'Date', b'Sun, 06 Jul 2025 13:38:44 GMT'), (b'Content-Type', b'application/json'), (b'Content-Length', b'23'), (b'Connection', b'keep-alive'), (b'Strict-Transport-Security', b'max-age=31536000; includeSubDomains; preload'), (b'Access-Control-Allow-Origin', b'*'), (b'Access-Control-Allow-Methods', b'GET, POST, OPTIONS'), (b'Access-Control-Expose-Headers', b'Content-Length,Content-Type,Date,Server,Connection')])
2025-07-06 14:38:44,436 - httpx - INFO - HTTP Request: POST https://api.telegram.org/bot7707158318:AAE8rWa4Q8Z_3avql6K0HAmXaooZAReoNF0/getUpdates "HTTP/1.1 200 OK"
2025-07-06 14:38:44,437 - httpcore.http11 - DEBUG - receive_response_body.started request=<Request [b'POST']>
2025-07-06 14:38:44,437 - httpcore.http11 - DEBUG - receive_response_body.complete
2025-07-06 14:38:44,437 - httpcore.http11 - DEBUG - response_closed.started
2025-07-06 14:38:44,437 - httpcore.http11 - DEBUG - response_closed.complete
2025-07-06 14:38:44,439 - telegram.ext.ExtBot - DEBUG - No new updates found.
2025-07-06 14:38:44,439 - telegram.ext.ExtBot - DEBUG - ()
2025-07-06 14:38:44,439 - telegram.ext.ExtBot - DEBUG - Exiting: get_updates
2025-07-06 14:38:44,439 - telegram.ext.ExtBot - DEBUG - Entering: get_updates
2025-07-06 14:38:44,439 - httpcore.http11 - DEBUG - send_request_headers.started request=<Request [b'POST']>
2025-07-06 14:38:44,441 - httpcore.http11 - DEBUG - send_request_headers.complete
2025-07-06 14:38:44,441 - httpcore.http11 - DEBUG - send_request_body.started request=<Request [b'POST']>
2025-07-06 14:38:44,441 - httpcore.http11 - DEBUG - send_request_body.complete
2025-07-06 14:38:44,441 - httpcore.http11 - DEBUG - receive_response_headers.started request=<Request [b'POST']>
2025-07-06 14:38:54,492 - httpcore.http11 - DEBUG - receive_response_headers.complete return_value=(b'HTTP/1.1', 200, b'OK', [(b'Server', b'nginx/1.18.0'), (b'Date', b'Sun, 06 Jul 2025 13:38:54 GMT'), (b'Content-Type', b'application/json'), (b'Content-Length', b'23'), (b'Connection', b'keep-alive'), (b'Strict-Transport-Security', b'max-age=31536000; includeSubDomains; preload'), (b'Access-Control-Allow-Origin', b'*'), (b'Access-Control-Allow-Methods', b'GET, POST, OPTIONS'), (b'Access-Control-Expose-Headers', b'Content-Length,Content-Type,Date,Server,Connection')])
2025-07-06 14:38:54,492 - httpx - INFO - HTTP Request: POST https://api.telegram.org/bot7707158318:AAE8rWa4Q8Z_3avql6K0HAmXaooZAReoNF0/getUpdates "HTTP/1.1 200 OK"
2025-07-06 14:38:54,492 - httpcore.http11 - DEBUG - receive_response_body.started request=<Request [b'POST']>
2025-07-06 14:38:54,492 - httpcore.http11 - DEBUG - receive_response_body.complete
2025-07-06 14:38:54,492 - httpcore.http11 - DEBUG - response_closed.started
2025-07-06 14:38:54,495 - httpcore.http11 - DEBUG - response_closed.complete
2025-07-06 14:38:54,495 - telegram.ext.ExtBot - DEBUG - No new updates found.
2025-07-06 14:38:54,495 - telegram.ext.ExtBot - DEBUG - ()
2025-07-06 14:38:54,495 - telegram.ext.ExtBot - DEBUG - Exiting: get_updates
2025-07-06 14:38:54,495 - telegram.ext.ExtBot - DEBUG - Entering: get_updates
2025-07-06 14:38:54,497 - httpcore.http11 - DEBUG - send_request_headers.started request=<Request [b'POST']>
2025-07-06 14:38:54,499 - httpcore.http11 - DEBUG - send_request_headers.complete
2025-07-06 14:38:54,500 - httpcore.http11 - DEBUG - send_request_body.started request=<Request [b'POST']>
2025-07-06 14:38:54,500 - httpcore.http11 - DEBUG - send_request_body.complete
2025-07-06 14:38:54,500 - httpcore.http11 - DEBUG - receive_response_headers.started request=<Request [b'POST']>
2025-07-06 14:39:04,552 - httpcore.http11 - DEBUG - receive_response_headers.complete return_value=(b'HTTP/1.1', 200, b'OK', [(b'Server', b'nginx/1.18.0'), (b'Date', b'Sun, 06 Jul 2025 13:39:05 GMT'), (b'Content-Type', b'application/json'), (b'Content-Length', b'23'), (b'Connection', b'keep-alive'), (b'Strict-Transport-Security', b'max-age=31536000; includeSubDomains; preload'), (b'Access-Control-Allow-Origin', b'*'), (b'Access-Control-Allow-Methods', b'GET, POST, OPTIONS'), (b'Access-Control-Expose-Headers', b'Content-Length,Content-Type,Date,Server,Connection')])
2025-07-06 14:39:04,553 - httpx - INFO - HTTP Request: POST https://api.telegram.org/bot7707158318:AAE8rWa4Q8Z_3avql6K0HAmXaooZAReoNF0/getUpdates "HTTP/1.1 200 OK"
2025-07-06 14:39:04,554 - httpcore.http11 - DEBUG - receive_response_body.started request=<Request [b'POST']>
2025-07-06 14:39:04,554 - httpcore.http11 - DEBUG - receive_response_body.complete
2025-07-06 14:39:04,554 - httpcore.http11 - DEBUG - response_closed.started
2025-07-06 14:39:04,554 - httpcore.http11 - DEBUG - response_closed.complete
2025-07-06 14:39:04,555 - telegram.ext.ExtBot - DEBUG - No new updates found.
2025-07-06 14:39:04,555 - telegram.ext.ExtBot - DEBUG - ()
2025-07-06 14:39:04,555 - telegram.ext.ExtBot - DEBUG - Exiting: get_updates
2025-07-06 14:39:04,555 - telegram.ext.ExtBot - DEBUG - Entering: get_updates
2025-07-06 14:39:04,555 - httpcore.http11 - DEBUG - send_request_headers.started request=<Request [b'POST']>
2025-07-06 14:39:04,557 - httpcore.http11 - DEBUG - send_request_headers.complete
2025-07-06 14:39:04,557 - httpcore.http11 - DEBUG - send_request_body.started request=<Request [b'POST']>
2025-07-06 14:39:04,557 - httpcore.http11 - DEBUG - send_request_body.complete
2025-07-06 14:39:04,557 - httpcore.http11 - DEBUG - receive_response_headers.started request=<Request [b'POST']>
2025-07-06 14:39:14,607 - httpcore.http11 - DEBUG - receive_response_headers.complete return_value=(b'HTTP/1.1', 200, b'OK', [(b'Server', b'nginx/1.18.0'), (b'Date', b'Sun, 06 Jul 2025 13:39:15 GMT'), (b'Content-Type', b'application/json'), (b'Content-Length', b'23'), (b'Connection', b'keep-alive'), (b'Strict-Transport-Security', b'max-age=31536000; includeSubDomains; preload'), (b'Access-Control-Allow-Origin', b'*'), (b'Access-Control-Allow-Methods', b'GET, POST, OPTIONS'), (b'Access-Control-Expose-Headers', b'Content-Length,Content-Type,Date,Server,Connection')])
2025-07-06 14:39:14,607 - httpx - INFO - HTTP Request: POST https://api.telegram.org/bot7707158318:AAE8rWa4Q8Z_3avql6K0HAmXaooZAReoNF0/getUpdates "HTTP/1.1 200 OK"
2025-07-06 14:39:14,607 - httpcore.http11 - DEBUG - receive_response_body.started request=<Request [b'POST']>
2025-07-06 14:39:14,607 - httpcore.http11 - DEBUG - receive_response_body.complete
2025-07-06 14:39:14,607 - httpcore.http11 - DEBUG - response_closed.started
2025-07-06 14:39:14,607 - httpcore.http11 - DEBUG - response_closed.complete
2025-07-06 14:39:14,612 - telegram.ext.ExtBot - DEBUG - No new updates found.
2025-07-06 14:39:14,612 - telegram.ext.ExtBot - DEBUG - ()
2025-07-06 14:39:14,612 - telegram.ext.ExtBot - DEBUG - Exiting: get_updates
2025-07-06 14:39:14,612 - telegram.ext.ExtBot - DEBUG - Entering: get_updates
2025-07-06 14:39:14,614 - httpcore.http11 - DEBUG - send_request_headers.started request=<Request [b'POST']>
2025-07-06 14:39:14,616 - httpcore.http11 - DEBUG - send_request_headers.complete
2025-07-06 14:39:14,616 - httpcore.http11 - DEBUG - send_request_body.started request=<Request [b'POST']>
2025-07-06 14:39:14,617 - httpcore.http11 - DEBUG - send_request_body.complete
2025-07-06 14:39:14,617 - httpcore.http11 - DEBUG - receive_response_headers.started request=<Request [b'POST']>
2025-07-06 14:39:24,662 - httpcore.http11 - DEBUG - receive_response_headers.complete return_value=(b'HTTP/1.1', 200, b'OK', [(b'Server', b'nginx/1.18.0'), (b'Date', b'Sun, 06 Jul 2025 13:39:25 GMT'), (b'Content-Type', b'application/json'), (b'Content-Length', b'23'), (b'Connection', b'keep-alive'), (b'Strict-Transport-Security', b'max-age=31536000; includeSubDomains; preload'), (b'Access-Control-Allow-Origin', b'*'), (b'Access-Control-Allow-Methods', b'GET, POST, OPTIONS'), (b'Access-Control-Expose-Headers', b'Content-Length,Content-Type,Date,Server,Connection')])
2025-07-06 14:39:24,668 - httpx - INFO - HTTP Request: POST https://api.telegram.org/bot7707158318:AAE8rWa4Q8Z_3avql6K0HAmXaooZAReoNF0/getUpdates "HTTP/1.1 200 OK"
2025-07-06 14:39:24,668 - httpcore.http11 - DEBUG - receive_response_body.started request=<Request [b'POST']>
2025-07-06 14:39:24,668 - httpcore.http11 - DEBUG - receive_response_body.complete
2025-07-06 14:39:24,668 - httpcore.http11 - DEBUG - response_closed.started
2025-07-06 14:39:24,670 - httpcore.http11 - DEBUG - response_closed.complete
2025-07-06 14:39:24,670 - telegram.ext.ExtBot - DEBUG - No new updates found.
2025-07-06 14:39:24,670 - telegram.ext.ExtBot - DEBUG - ()
2025-07-06 14:39:24,670 - telegram.ext.ExtBot - DEBUG - Exiting: get_updates
2025-07-06 14:39:24,670 - telegram.ext.ExtBot - DEBUG - Entering: get_updates
2025-07-06 14:39:24,672 - httpcore.http11 - DEBUG - send_request_headers.started request=<Request [b'POST']>
2025-07-06 14:39:24,674 - httpcore.http11 - DEBUG - send_request_headers.complete
2025-07-06 14:39:24,674 - httpcore.http11 - DEBUG - send_request_body.started request=<Request [b'POST']>
2025-07-06 14:39:24,675 - httpcore.http11 - DEBUG - send_request_body.complete
2025-07-06 14:39:24,676 - httpcore.http11 - DEBUG - receive_response_headers.started request=<Request [b'POST']>
2025-07-06 14:39:34,720 - httpcore.http11 - DEBUG - receive_response_headers.complete return_value=(b'HTTP/1.1', 200, b'OK', [(b'Server', b'nginx/1.18.0'), (b'Date', b'Sun, 06 Jul 2025 13:39:35 GMT'), (b'Content-Type', b'application/json'), (b'Content-Length', b'23'), (b'Connection', b'keep-alive'), (b'Strict-Transport-Security', b'max-age=31536000; includeSubDomains; preload'), (b'Access-Control-Allow-Origin', b'*'), (b'Access-Control-Allow-Methods', b'GET, POST, OPTIONS'), (b'Access-Control-Expose-Headers', b'Content-Length,Content-Type,Date,Server,Connection')])
2025-07-06 14:39:34,727 - httpx - INFO - HTTP Request: POST https://api.telegram.org/bot7707158318:AAE8rWa4Q8Z_3avql6K0HAmXaooZAReoNF0/getUpdates "HTTP/1.1 200 OK"
2025-07-06 14:39:34,727 - httpcore.http11 - DEBUG - receive_response_body.started request=<Request [b'POST']>
2025-07-06 14:39:34,728 - httpcore.http11 - DEBUG - receive_response_body.complete
2025-07-06 14:39:34,728 - httpcore.http11 - DEBUG - response_closed.started
2025-07-06 14:39:34,729 - httpcore.http11 - DEBUG - response_closed.complete
2025-07-06 14:39:34,729 - telegram.ext.ExtBot - DEBUG - No new updates found.
2025-07-06 14:39:34,730 - telegram.ext.ExtBot - DEBUG - ()
2025-07-06 14:39:34,730 - telegram.ext.ExtBot - DEBUG - Exiting: get_updates
2025-07-06 14:39:34,730 - telegram.ext.ExtBot - DEBUG - Entering: get_updates
2025-07-06 14:39:34,730 - httpcore.http11 - DEBUG - send_request_headers.started request=<Request [b'POST']>
2025-07-06 14:39:34,733 - httpcore.http11 - DEBUG - send_request_headers.complete
2025-07-06 14:39:34,733 - httpcore.http11 - DEBUG - send_request_body.started request=<Request [b'POST']>
2025-07-06 14:39:34,735 - httpcore.http11 - DEBUG - send_request_body.complete
2025-07-06 14:39:34,735 - httpcore.http11 - DEBUG - receive_response_headers.started request=<Request [b'POST']>
2025-07-06 14:39:44,783 - httpcore.http11 - DEBUG - receive_response_headers.complete return_value=(b'HTTP/1.1', 200, b'OK', [(b'Server', b'nginx/1.18.0'), (b'Date', b'Sun, 06 Jul 2025 13:39:45 GMT'), (b'Content-Type', b'application/json'), (b'Content-Length', b'23'), (b'Connection', b'keep-alive'), (b'Strict-Transport-Security', b'max-age=31536000; includeSubDomains; preload'), (b'Access-Control-Allow-Origin', b'*'), (b'Access-Control-Allow-Methods', b'GET, POST, OPTIONS'), (b'Access-Control-Expose-Headers', b'Content-Length,Content-Type,Date,Server,Connection')])
2025-07-06 14:39:44,785 - httpx - INFO - HTTP Request: POST https://api.telegram.org/bot7707158318:AAE8rWa4Q8Z_3avql6K0HAmXaooZAReoNF0/getUpdates "HTTP/1.1 200 OK"
2025-07-06 14:39:44,786 - httpcore.http11 - DEBUG - receive_response_body.started request=<Request [b'POST']>
2025-07-06 14:39:44,786 - httpcore.http11 - DEBUG - receive_response_body.complete
2025-07-06 14:39:44,787 - httpcore.http11 - DEBUG - response_closed.started
2025-07-06 14:39:44,788 - httpcore.http11 - DEBUG - response_closed.complete
2025-07-06 14:39:44,788 - telegram.ext.ExtBot - DEBUG - No new updates found.
2025-07-06 14:39:44,788 - telegram.ext.ExtBot - DEBUG - ()
2025-07-06 14:39:44,788 - telegram.ext.ExtBot - DEBUG - Exiting: get_updates
2025-07-06 14:39:44,788 - telegram.ext.ExtBot - DEBUG - Entering: get_updates
2025-07-06 14:39:44,791 - httpcore.http11 - DEBUG - send_request_headers.started request=<Request [b'POST']>
2025-07-06 14:39:44,792 - httpcore.http11 - DEBUG - send_request_headers.complete
2025-07-06 14:39:44,792 - httpcore.http11 - DEBUG - send_request_body.started request=<Request [b'POST']>
2025-07-06 14:39:44,794 - httpcore.http11 - DEBUG - send_request_body.complete
2025-07-06 14:39:44,794 - httpcore.http11 - DEBUG - receive_response_headers.started request=<Request [b'POST']>
2025-07-06 14:39:54,843 - httpcore.http11 - DEBUG - receive_response_headers.complete return_value=(b'HTTP/1.1', 200, b'OK', [(b'Server', b'nginx/1.18.0'), (b'Date', b'Sun, 06 Jul 2025 13:39:55 GMT'), (b'Content-Type', b'application/json'), (b'Content-Length', b'23'), (b'Connection', b'keep-alive'), (b'Strict-Transport-Security', b'max-age=31536000; includeSubDomains; preload'), (b'Access-Control-Allow-Origin', b'*'), (b'Access-Control-Allow-Methods', b'GET, POST, OPTIONS'), (b'Access-Control-Expose-Headers', b'Content-Length,Content-Type,Date,Server,Connection')])
2025-07-06 14:39:54,844 - httpx - INFO - HTTP Request: POST https://api.telegram.org/bot7707158318:AAE8rWa4Q8Z_3avql6K0HAmXaooZAReoNF0/getUpdates "HTTP/1.1 200 OK"
2025-07-06 14:39:54,845 - httpcore.http11 - DEBUG - receive_response_body.started request=<Request [b'POST']>
2025-07-06 14:39:54,846 - httpcore.http11 - DEBUG - receive_response_body.complete
2025-07-06 14:39:54,846 - httpcore.http11 - DEBUG - response_closed.started
2025-07-06 14:39:54,846 - httpcore.http11 - DEBUG - response_closed.complete
2025-07-06 14:39:54,846 - telegram.ext.ExtBot - DEBUG - No new updates found.
2025-07-06 14:39:54,848 - telegram.ext.ExtBot - DEBUG - ()
2025-07-06 14:39:54,848 - telegram.ext.ExtBot - DEBUG - Exiting: get_updates
2025-07-06 14:39:54,848 - telegram.ext.ExtBot - DEBUG - Entering: get_updates
2025-07-06 14:39:54,850 - httpcore.http11 - DEBUG - send_request_headers.started request=<Request [b'POST']>
2025-07-06 14:39:54,850 - httpcore.http11 - DEBUG - send_request_headers.complete
2025-07-06 14:39:54,850 - httpcore.http11 - DEBUG - send_request_body.started request=<Request [b'POST']>
2025-07-06 14:39:54,851 - httpcore.http11 - DEBUG - send_request_body.complete
2025-07-06 14:39:54,851 - httpcore.http11 - DEBUG - receive_response_headers.started request=<Request [b'POST']>
2025-07-06 14:40:04,902 - httpcore.http11 - DEBUG - receive_response_headers.complete return_value=(b'HTTP/1.1', 200, b'OK', [(b'Server', b'nginx/1.18.0'), (b'Date', b'Sun, 06 Jul 2025 13:40:05 GMT'), (b'Content-Type', b'application/json'), (b'Content-Length', b'23'), (b'Connection', b'keep-alive'), (b'Strict-Transport-Security', b'max-age=31536000; includeSubDomains; preload'), (b'Access-Control-Allow-Origin', b'*'), (b'Access-Control-Allow-Methods', b'GET, POST, OPTIONS'), (b'Access-Control-Expose-Headers', b'Content-Length,Content-Type,Date,Server,Connection')])
2025-07-06 14:40:04,903 - httpx - INFO - HTTP Request: POST https://api.telegram.org/bot7707158318:AAE8rWa4Q8Z_3avql6K0HAmXaooZAReoNF0/getUpdates "HTTP/1.1 200 OK"
2025-07-06 14:40:04,903 - httpcore.http11 - DEBUG - receive_response_body.started request=<Request [b'POST']>
2025-07-06 14:40:04,905 - httpcore.http11 - DEBUG - receive_response_body.complete
2025-07-06 14:40:04,905 - httpcore.http11 - DEBUG - response_closed.started
2025-07-06 14:40:04,906 - httpcore.http11 - DEBUG - response_closed.complete
2025-07-06 14:40:04,906 - telegram.ext.ExtBot - DEBUG - No new updates found.
2025-07-06 14:40:04,906 - telegram.ext.ExtBot - DEBUG - ()
2025-07-06 14:40:04,906 - telegram.ext.ExtBot - DEBUG - Exiting: get_updates
2025-07-06 14:40:04,906 - telegram.ext.ExtBot - DEBUG - Entering: get_updates
2025-07-06 14:40:04,909 - httpcore.http11 - DEBUG - send_request_headers.started request=<Request [b'POST']>
2025-07-06 14:40:04,909 - httpcore.http11 - DEBUG - send_request_headers.complete
2025-07-06 14:40:04,911 - httpcore.http11 - DEBUG - send_request_body.started request=<Request [b'POST']>
2025-07-06 14:40:04,911 - httpcore.http11 - DEBUG - send_request_body.complete
2025-07-06 14:40:04,911 - httpcore.http11 - DEBUG - receive_response_headers.started request=<Request [b'POST']>
