2025-07-10 14:23:06,586 - asyncio - DEBUG - Using proactor: IocpProactor
2025-07-10 14:23:06,590 - httpx - DEBUG - load_ssl_context verify=True cert=None trust_env=True http2=False
2025-07-10 14:23:06,595 - httpx - DEBUG - load_verify_locations cafile='c:\\Users\\Rachid Aitali\\OneDrive - 4JM Solutions Limited\\Desktop\\SniperX-V3-Best-Version-at-now\\.venv\\lib\\site-packages\\certifi\\cacert.pem'
2025-07-10 14:23:06,616 - httpx - DEBUG - load_ssl_context verify=True cert=None trust_env=True http2=False
2025-07-10 14:23:06,616 - httpx - DEBUG - load_verify_locations cafile='c:\\Users\\Rachid Aitali\\OneDrive - 4JM Solutions Limited\\Desktop\\SniperX-V3-Best-Version-at-now\\.venv\\lib\\site-packages\\certifi\\cacert.pem'
2025-07-10 14:23:06,653 - __main__ - INFO - Telegram Manager Bot started. Send /menu to interact.
2025-07-10 14:23:06,656 - telegram.ext.ExtBot - DEBUG - Entering: send_message
2025-07-10 14:23:06,683 - httpcore.connection - DEBUG - connect_tcp.started host='api.telegram.org' port=443 local_address=None timeout=5.0 socket_options=None
2025-07-10 14:23:06,783 - httpcore.connection - DEBUG - connect_tcp.complete return_value=<httpcore._backends.anyio.AnyIOStream object at 0x00000167195FED40>
2025-07-10 14:23:06,783 - httpcore.connection - DEBUG - start_tls.started ssl_context=<ssl.SSLContext object at 0x00000167195B84C0> server_hostname='api.telegram.org' timeout=5.0
2025-07-10 14:23:06,868 - httpcore.connection - DEBUG - start_tls.complete return_value=<httpcore._backends.anyio.AnyIOStream object at 0x00000167195FEC80>
2025-07-10 14:23:06,872 - httpcore.http11 - DEBUG - send_request_headers.started request=<Request [b'POST']>
2025-07-10 14:23:06,875 - httpcore.http11 - DEBUG - send_request_headers.complete
2025-07-10 14:23:06,875 - httpcore.http11 - DEBUG - send_request_body.started request=<Request [b'POST']>
2025-07-10 14:23:06,876 - httpcore.http11 - DEBUG - send_request_body.complete
2025-07-10 14:23:06,876 - httpcore.http11 - DEBUG - receive_response_headers.started request=<Request [b'POST']>
2025-07-10 14:23:06,983 - httpcore.http11 - DEBUG - receive_response_headers.complete return_value=(b'HTTP/1.1', 200, b'OK', [(b'Server', b'nginx/1.18.0'), (b'Date', b'Thu, 10 Jul 2025 13:23:07 GMT'), (b'Content-Type', b'application/json'), (b'Content-Length', b'352'), (b'Connection', b'keep-alive'), (b'Strict-Transport-Security', b'max-age=31536000; includeSubDomains; preload'), (b'Access-Control-Allow-Origin', b'*'), (b'Access-Control-Allow-Methods', b'GET, POST, OPTIONS'), (b'Access-Control-Expose-Headers', b'Content-Length,Content-Type,Date,Server,Connection')])
2025-07-10 14:23:06,986 - httpx - INFO - HTTP Request: POST https://api.telegram.org/bot7707158318:AAE8rWa4Q8Z_3avql6K0HAmXaooZAReoNF0/sendMessage "HTTP/1.1 200 OK"
2025-07-10 14:23:06,988 - httpcore.http11 - DEBUG - receive_response_body.started request=<Request [b'POST']>
2025-07-10 14:23:06,990 - httpcore.http11 - DEBUG - receive_response_body.complete
2025-07-10 14:23:06,990 - httpcore.http11 - DEBUG - response_closed.started
2025-07-10 14:23:06,990 - httpcore.http11 - DEBUG - response_closed.complete
2025-07-10 14:23:06,992 - telegram.ext.ExtBot - DEBUG - Message(channel_chat_created=False, chat=Chat(first_name='Ghost', id=7049055170, last_name='Number1', type=<ChatType.PRIVATE>), date=datetime.datetime(2025, 7, 10, 13, 23, 7, tzinfo=<UTC>), delete_chat_photo=False, entities=(MessageEntity(length=5, offset=36, type=<MessageEntityType.BOT_COMMAND>),), from_user=User(first_name='SPRD', id=7707158318, is_bot=True, username='tizi91Bot'), group_chat_created=False, message_id=13467, supergroup_chat_created=False, text='SniperX Control Bot is online! Send /menu to see options.')
2025-07-10 14:23:06,998 - telegram.ext.ExtBot - DEBUG - Exiting: send_message
2025-07-10 14:23:06,998 - telegram.ext.ExtBot - DEBUG - Entering: get_me
2025-07-10 14:23:07,003 - httpcore.http11 - DEBUG - send_request_headers.started request=<Request [b'POST']>
2025-07-10 14:23:07,003 - httpcore.http11 - DEBUG - send_request_headers.complete
2025-07-10 14:23:07,003 - httpcore.http11 - DEBUG - send_request_body.started request=<Request [b'POST']>
2025-07-10 14:23:07,006 - httpcore.http11 - DEBUG - send_request_body.complete
2025-07-10 14:23:07,006 - httpcore.http11 - DEBUG - receive_response_headers.started request=<Request [b'POST']>
2025-07-10 14:23:07,061 - httpcore.http11 - DEBUG - receive_response_headers.complete return_value=(b'HTTP/1.1', 200, b'OK', [(b'Server', b'nginx/1.18.0'), (b'Date', b'Thu, 10 Jul 2025 13:23:07 GMT'), (b'Content-Type', b'application/json'), (b'Content-Length', b'243'), (b'Connection', b'keep-alive'), (b'Strict-Transport-Security', b'max-age=31536000; includeSubDomains; preload'), (b'Access-Control-Allow-Origin', b'*'), (b'Access-Control-Allow-Methods', b'GET, POST, OPTIONS'), (b'Access-Control-Expose-Headers', b'Content-Length,Content-Type,Date,Server,Connection')])
2025-07-10 14:23:07,063 - httpx - INFO - HTTP Request: POST https://api.telegram.org/bot7707158318:AAE8rWa4Q8Z_3avql6K0HAmXaooZAReoNF0/getMe "HTTP/1.1 200 OK"
2025-07-10 14:23:07,066 - httpcore.http11 - DEBUG - receive_response_body.started request=<Request [b'POST']>
2025-07-10 14:23:07,066 - httpcore.http11 - DEBUG - receive_response_body.complete
2025-07-10 14:23:07,066 - httpcore.http11 - DEBUG - response_closed.started
2025-07-10 14:23:07,068 - httpcore.http11 - DEBUG - response_closed.complete
2025-07-10 14:23:07,071 - telegram.ext.ExtBot - DEBUG - User(api_kwargs={'can_connect_to_business': False, 'has_main_web_app': False}, can_join_groups=True, can_read_all_group_messages=False, first_name='SPRD', id=7707158318, is_bot=True, supports_inline_queries=False, username='tizi91Bot')
2025-07-10 14:23:07,071 - telegram.ext.ExtBot - DEBUG - Exiting: get_me
2025-07-10 14:23:07,071 - telegram.ext.ExtBot - DEBUG - This Bot is already initialized.
2025-07-10 14:23:07,071 - telegram.ext.Updater - DEBUG - Updater started (polling)
2025-07-10 14:23:07,071 - telegram.ext.Updater - DEBUG - Start network loop retry bootstrap del webhook
2025-07-10 14:23:07,071 - telegram.ext.Updater - DEBUG - Deleting webhook
2025-07-10 14:23:07,071 - telegram.ext.ExtBot - DEBUG - Entering: delete_webhook
2025-07-10 14:23:07,074 - httpcore.http11 - DEBUG - send_request_headers.started request=<Request [b'POST']>
2025-07-10 14:23:07,074 - httpcore.http11 - DEBUG - send_request_headers.complete
2025-07-10 14:23:07,074 - httpcore.http11 - DEBUG - send_request_body.started request=<Request [b'POST']>
2025-07-10 14:23:07,074 - httpcore.http11 - DEBUG - send_request_body.complete
2025-07-10 14:23:07,077 - httpcore.http11 - DEBUG - receive_response_headers.started request=<Request [b'POST']>
2025-07-10 14:23:07,131 - httpcore.http11 - DEBUG - receive_response_headers.complete return_value=(b'HTTP/1.1', 200, b'OK', [(b'Server', b'nginx/1.18.0'), (b'Date', b'Thu, 10 Jul 2025 13:23:07 GMT'), (b'Content-Type', b'application/json'), (b'Content-Length', b'68'), (b'Connection', b'keep-alive'), (b'Strict-Transport-Security', b'max-age=31536000; includeSubDomains; preload'), (b'Access-Control-Allow-Origin', b'*'), (b'Access-Control-Allow-Methods', b'GET, POST, OPTIONS'), (b'Access-Control-Expose-Headers', b'Content-Length,Content-Type,Date,Server,Connection')])
2025-07-10 14:23:07,131 - httpx - INFO - HTTP Request: POST https://api.telegram.org/bot7707158318:AAE8rWa4Q8Z_3avql6K0HAmXaooZAReoNF0/deleteWebhook "HTTP/1.1 200 OK"
2025-07-10 14:23:07,135 - httpcore.http11 - DEBUG - receive_response_body.started request=<Request [b'POST']>
2025-07-10 14:23:07,135 - httpcore.http11 - DEBUG - receive_response_body.complete
2025-07-10 14:23:07,137 - httpcore.http11 - DEBUG - response_closed.started
2025-07-10 14:23:07,137 - httpcore.http11 - DEBUG - response_closed.complete
2025-07-10 14:23:07,138 - telegram.ext.ExtBot - DEBUG - True
2025-07-10 14:23:07,138 - telegram.ext.ExtBot - DEBUG - Exiting: delete_webhook
2025-07-10 14:23:07,138 - telegram.ext.Updater - DEBUG - Bootstrap done
2025-07-10 14:23:07,138 - telegram.ext.Updater - DEBUG - Waiting for polling to start
2025-07-10 14:23:07,138 - telegram.ext.Updater - DEBUG - Polling updates from Telegram started
2025-07-10 14:23:07,139 - telegram.ext.Updater - DEBUG - Start network loop retry getting Updates
2025-07-10 14:23:07,139 - telegram.ext.ExtBot - DEBUG - Entering: get_updates
2025-07-10 14:23:07,143 - telegram.ext.Application - INFO - Application started
2025-07-10 14:23:07,150 - httpcore.connection - DEBUG - connect_tcp.started host='api.telegram.org' port=443 local_address=None timeout=5.0 socket_options=None
2025-07-10 14:23:07,203 - httpcore.connection - DEBUG - connect_tcp.complete return_value=<httpcore._backends.anyio.AnyIOStream object at 0x0000016719647190>
2025-07-10 14:23:07,206 - httpcore.connection - DEBUG - start_tls.started ssl_context=<ssl.SSLContext object at 0x00000167195B83C0> server_hostname='api.telegram.org' timeout=5.0
2025-07-10 14:23:07,269 - httpcore.connection - DEBUG - start_tls.complete return_value=<httpcore._backends.anyio.AnyIOStream object at 0x0000016719647040>
2025-07-10 14:23:07,269 - httpcore.http11 - DEBUG - send_request_headers.started request=<Request [b'POST']>
2025-07-10 14:23:07,269 - httpcore.http11 - DEBUG - send_request_headers.complete
2025-07-10 14:23:07,274 - httpcore.http11 - DEBUG - send_request_body.started request=<Request [b'POST']>
2025-07-10 14:23:07,274 - httpcore.http11 - DEBUG - send_request_body.complete
2025-07-10 14:23:07,274 - httpcore.http11 - DEBUG - receive_response_headers.started request=<Request [b'POST']>
2025-07-10 14:23:10,449 - httpcore.http11 - DEBUG - receive_response_headers.complete return_value=(b'HTTP/1.1', 200, b'OK', [(b'Server', b'nginx/1.18.0'), (b'Date', b'Thu, 10 Jul 2025 13:23:11 GMT'), (b'Content-Type', b'application/json'), (b'Content-Length', b'357'), (b'Connection', b'keep-alive'), (b'Strict-Transport-Security', b'max-age=31536000; includeSubDomains; preload'), (b'Access-Control-Allow-Origin', b'*'), (b'Access-Control-Allow-Methods', b'GET, POST, OPTIONS'), (b'Access-Control-Expose-Headers', b'Content-Length,Content-Type,Date,Server,Connection')])
2025-07-10 14:23:10,450 - httpx - INFO - HTTP Request: POST https://api.telegram.org/bot7707158318:AAE8rWa4Q8Z_3avql6K0HAmXaooZAReoNF0/getUpdates "HTTP/1.1 200 OK"
2025-07-10 14:23:10,455 - httpcore.http11 - DEBUG - receive_response_body.started request=<Request [b'POST']>
2025-07-10 14:23:10,457 - httpcore.http11 - DEBUG - receive_response_body.complete
2025-07-10 14:23:10,457 - httpcore.http11 - DEBUG - response_closed.started
2025-07-10 14:23:10,457 - httpcore.http11 - DEBUG - response_closed.complete
2025-07-10 14:23:10,458 - telegram.ext.ExtBot - DEBUG - Getting updates: [37530815]
2025-07-10 14:23:10,460 - telegram.ext.ExtBot - DEBUG - (Update(message=Message(channel_chat_created=False, chat=Chat(first_name='Ghost', id=7049055170, last_name='Number1', type=<ChatType.PRIVATE>), date=datetime.datetime(2025, 7, 10, 13, 23, 11, tzinfo=<UTC>), delete_chat_photo=False, entities=(MessageEntity(length=5, offset=0, type=<MessageEntityType.BOT_COMMAND>),), from_user=User(first_name='Ghost', id=7049055170, is_bot=False, language_code='en', last_name='Number1'), group_chat_created=False, message_id=13468, supergroup_chat_created=False, text='/menu'), update_id=37530815),)
2025-07-10 14:23:10,462 - telegram.ext.ExtBot - DEBUG - Exiting: get_updates
2025-07-10 14:23:10,462 - telegram.ext.ExtBot - DEBUG - Entering: get_updates
2025-07-10 14:23:10,465 - telegram.ext.Application - DEBUG - Processing update Update(message=Message(channel_chat_created=False, chat=Chat(first_name='Ghost', id=7049055170, last_name='Number1', type=<ChatType.PRIVATE>), date=datetime.datetime(2025, 7, 10, 13, 23, 11, tzinfo=<UTC>), delete_chat_photo=False, entities=(MessageEntity(length=5, offset=0, type=<MessageEntityType.BOT_COMMAND>),), from_user=User(first_name='Ghost', id=7049055170, is_bot=False, language_code='en', last_name='Number1'), group_chat_created=False, message_id=13468, supergroup_chat_created=False, text='/menu'), update_id=37530815)
2025-07-10 14:23:10,468 - telegram.ext.ExtBot - DEBUG - Entering: send_message
2025-07-10 14:23:10,473 - httpcore.http11 - DEBUG - send_request_headers.started request=<Request [b'POST']>
2025-07-10 14:23:10,474 - httpcore.http11 - DEBUG - send_request_headers.started request=<Request [b'POST']>
2025-07-10 14:23:10,475 - httpcore.http11 - DEBUG - send_request_headers.complete
2025-07-10 14:23:10,475 - httpcore.http11 - DEBUG - send_request_body.started request=<Request [b'POST']>
2025-07-10 14:23:10,476 - httpcore.http11 - DEBUG - send_request_headers.complete
2025-07-10 14:23:10,477 - httpcore.http11 - DEBUG - send_request_body.started request=<Request [b'POST']>
2025-07-10 14:23:10,478 - httpcore.http11 - DEBUG - send_request_body.complete
2025-07-10 14:23:10,479 - httpcore.http11 - DEBUG - receive_response_headers.started request=<Request [b'POST']>
2025-07-10 14:23:10,480 - httpcore.http11 - DEBUG - send_request_body.complete
2025-07-10 14:23:10,480 - httpcore.http11 - DEBUG - receive_response_headers.started request=<Request [b'POST']>
2025-07-10 14:23:10,559 - httpcore.http11 - DEBUG - receive_response_headers.complete return_value=(b'HTTP/1.1', 200, b'OK', [(b'Server', b'nginx/1.18.0'), (b'Date', b'Thu, 10 Jul 2025 13:23:11 GMT'), (b'Content-Type', b'application/json'), (b'Content-Length', b'570'), (b'Connection', b'keep-alive'), (b'Strict-Transport-Security', b'max-age=31536000; includeSubDomains; preload'), (b'Access-Control-Allow-Origin', b'*'), (b'Access-Control-Allow-Methods', b'GET, POST, OPTIONS'), (b'Access-Control-Expose-Headers', b'Content-Length,Content-Type,Date,Server,Connection')])
2025-07-10 14:23:10,559 - httpx - INFO - HTTP Request: POST https://api.telegram.org/bot7707158318:AAE8rWa4Q8Z_3avql6K0HAmXaooZAReoNF0/sendMessage "HTTP/1.1 200 OK"
2025-07-10 14:23:10,564 - httpcore.http11 - DEBUG - receive_response_body.started request=<Request [b'POST']>
2025-07-10 14:23:10,565 - httpcore.http11 - DEBUG - receive_response_body.complete
2025-07-10 14:23:10,566 - httpcore.http11 - DEBUG - response_closed.started
2025-07-10 14:23:10,566 - httpcore.http11 - DEBUG - response_closed.complete
2025-07-10 14:23:10,568 - telegram.ext.ExtBot - DEBUG - Message(channel_chat_created=False, chat=Chat(first_name='Ghost', id=7049055170, last_name='Number1', type=<ChatType.PRIVATE>), date=datetime.datetime(2025, 7, 10, 13, 23, 11, tzinfo=<UTC>), delete_chat_photo=False, from_user=User(first_name='SPRD', id=7707158318, is_bot=True, username='tizi91Bot'), group_chat_created=False, message_id=13469, reply_markup=InlineKeyboardMarkup(inline_keyboard=((InlineKeyboardButton(callback_data='start_sniperx', text='🚀 Start SniperX'),), (InlineKeyboardButton(callback_data='stop_sniperx', text='🛑 Stop SniperX'), InlineKeyboardButton(callback_data='status_sniperx', text='📊 Status')), (InlineKeyboardButton(callback_data='show_balance', text='💰 Balance'),))), supergroup_chat_created=False, text='SniperX Bot Control Panel:')
2025-07-10 14:23:10,570 - telegram.ext.ExtBot - DEBUG - Exiting: send_message
2025-07-10 14:23:11,849 - httpcore.http11 - DEBUG - receive_response_headers.complete return_value=(b'HTTP/1.1', 200, b'OK', [(b'Server', b'nginx/1.18.0'), (b'Date', b'Thu, 10 Jul 2025 13:23:12 GMT'), (b'Content-Type', b'application/json'), (b'Content-Length', b'818'), (b'Connection', b'keep-alive'), (b'Strict-Transport-Security', b'max-age=31536000; includeSubDomains; preload'), (b'Access-Control-Allow-Origin', b'*'), (b'Access-Control-Allow-Methods', b'GET, POST, OPTIONS'), (b'Access-Control-Expose-Headers', b'Content-Length,Content-Type,Date,Server,Connection')])
2025-07-10 14:23:11,850 - httpx - INFO - HTTP Request: POST https://api.telegram.org/bot7707158318:AAE8rWa4Q8Z_3avql6K0HAmXaooZAReoNF0/getUpdates "HTTP/1.1 200 OK"
2025-07-10 14:23:11,851 - httpcore.http11 - DEBUG - receive_response_body.started request=<Request [b'POST']>
2025-07-10 14:23:11,852 - httpcore.http11 - DEBUG - receive_response_body.complete
2025-07-10 14:23:11,853 - httpcore.http11 - DEBUG - response_closed.started
2025-07-10 14:23:11,853 - httpcore.http11 - DEBUG - response_closed.complete
2025-07-10 14:23:11,853 - telegram.ext.ExtBot - DEBUG - Getting updates: [37530816]
2025-07-10 14:23:11,855 - telegram.ext.ExtBot - DEBUG - (Update(callback_query=CallbackQuery(chat_instance='-1307310250263184334', data='start_sniperx', from_user=User(first_name='Ghost', id=7049055170, is_bot=False, language_code='en', last_name='Number1'), id='2605345314514450559', message=Message(channel_chat_created=False, chat=Chat(first_name='Ghost', id=7049055170, last_name='Number1', type=<ChatType.PRIVATE>), date=datetime.datetime(2025, 7, 10, 13, 23, 11, tzinfo=<UTC>), delete_chat_photo=False, from_user=User(first_name='SPRD', id=7707158318, is_bot=True, username='tizi91Bot'), group_chat_created=False, message_id=13469, reply_markup=InlineKeyboardMarkup(inline_keyboard=((InlineKeyboardButton(callback_data='start_sniperx', text='🚀 Start SniperX'),), (InlineKeyboardButton(callback_data='stop_sniperx', text='🛑 Stop SniperX'), InlineKeyboardButton(callback_data='status_sniperx', text='📊 Status')), (InlineKeyboardButton(callback_data='show_balance', text='💰 Balance'),))), supergroup_chat_created=False, text='SniperX Bot Control Panel:')), update_id=37530816),)
2025-07-10 14:23:11,856 - telegram.ext.ExtBot - DEBUG - Exiting: get_updates
2025-07-10 14:23:11,856 - telegram.ext.ExtBot - DEBUG - Entering: get_updates
2025-07-10 14:23:11,858 - telegram.ext.Application - DEBUG - Processing update Update(callback_query=CallbackQuery(chat_instance='-1307310250263184334', data='start_sniperx', from_user=User(first_name='Ghost', id=7049055170, is_bot=False, language_code='en', last_name='Number1'), id='2605345314514450559', message=Message(channel_chat_created=False, chat=Chat(first_name='Ghost', id=7049055170, last_name='Number1', type=<ChatType.PRIVATE>), date=datetime.datetime(2025, 7, 10, 13, 23, 11, tzinfo=<UTC>), delete_chat_photo=False, from_user=User(first_name='SPRD', id=7707158318, is_bot=True, username='tizi91Bot'), group_chat_created=False, message_id=13469, reply_markup=InlineKeyboardMarkup(inline_keyboard=((InlineKeyboardButton(callback_data='start_sniperx', text='🚀 Start SniperX'),), (InlineKeyboardButton(callback_data='stop_sniperx', text='🛑 Stop SniperX'), InlineKeyboardButton(callback_data='status_sniperx', text='📊 Status')), (InlineKeyboardButton(callback_data='show_balance', text='💰 Balance'),))), supergroup_chat_created=False, text='SniperX Bot Control Panel:')), update_id=37530816)
2025-07-10 14:23:11,862 - __main__ - INFO - Button callback received: Update(callback_query=CallbackQuery(chat_instance='-1307310250263184334', data='start_sniperx', from_user=User(first_name='Ghost', id=7049055170, is_bot=False, language_code='en', last_name='Number1'), id='2605345314514450559', message=Message(channel_chat_created=False, chat=Chat(first_name='Ghost', id=7049055170, last_name='Number1', type=<ChatType.PRIVATE>), date=datetime.datetime(2025, 7, 10, 13, 23, 11, tzinfo=<UTC>), delete_chat_photo=False, from_user=User(first_name='SPRD', id=7707158318, is_bot=True, username='tizi91Bot'), group_chat_created=False, message_id=13469, reply_markup=InlineKeyboardMarkup(inline_keyboard=((InlineKeyboardButton(callback_data='start_sniperx', text='🚀 Start SniperX'),), (InlineKeyboardButton(callback_data='stop_sniperx', text='🛑 Stop SniperX'), InlineKeyboardButton(callback_data='status_sniperx', text='📊 Status')), (InlineKeyboardButton(callback_data='show_balance', text='💰 Balance'),))), supergroup_chat_created=False, text='SniperX Bot Control Panel:')), update_id=37530816)
2025-07-10 14:23:11,866 - telegram.ext.ExtBot - DEBUG - Entering: answer_callback_query
2025-07-10 14:23:11,874 - httpcore.http11 - DEBUG - send_request_headers.started request=<Request [b'POST']>
2025-07-10 14:23:11,875 - httpcore.http11 - DEBUG - send_request_headers.started request=<Request [b'POST']>
2025-07-10 14:23:11,876 - httpcore.http11 - DEBUG - send_request_headers.complete
2025-07-10 14:23:11,876 - httpcore.http11 - DEBUG - send_request_body.started request=<Request [b'POST']>
2025-07-10 14:23:11,877 - httpcore.http11 - DEBUG - send_request_headers.complete
2025-07-10 14:23:11,877 - httpcore.http11 - DEBUG - send_request_body.started request=<Request [b'POST']>
2025-07-10 14:23:11,878 - httpcore.http11 - DEBUG - send_request_body.complete
2025-07-10 14:23:11,878 - httpcore.http11 - DEBUG - receive_response_headers.started request=<Request [b'POST']>
2025-07-10 14:23:11,878 - httpcore.http11 - DEBUG - send_request_body.complete
2025-07-10 14:23:11,878 - httpcore.http11 - DEBUG - receive_response_headers.started request=<Request [b'POST']>
2025-07-10 14:23:11,939 - httpcore.http11 - DEBUG - receive_response_headers.complete return_value=(b'HTTP/1.1', 200, b'OK', [(b'Server', b'nginx/1.18.0'), (b'Date', b'Thu, 10 Jul 2025 13:23:12 GMT'), (b'Content-Type', b'application/json'), (b'Content-Length', b'25'), (b'Connection', b'keep-alive'), (b'Strict-Transport-Security', b'max-age=31536000; includeSubDomains; preload'), (b'Access-Control-Allow-Origin', b'*'), (b'Access-Control-Allow-Methods', b'GET, POST, OPTIONS'), (b'Access-Control-Expose-Headers', b'Content-Length,Content-Type,Date,Server,Connection')])
2025-07-10 14:23:11,941 - httpx - INFO - HTTP Request: POST https://api.telegram.org/bot7707158318:AAE8rWa4Q8Z_3avql6K0HAmXaooZAReoNF0/answerCallbackQuery "HTTP/1.1 200 OK"
2025-07-10 14:23:11,946 - httpcore.http11 - DEBUG - receive_response_body.started request=<Request [b'POST']>
2025-07-10 14:23:11,947 - httpcore.http11 - DEBUG - receive_response_body.complete
2025-07-10 14:23:11,948 - httpcore.http11 - DEBUG - response_closed.started
2025-07-10 14:23:11,948 - httpcore.http11 - DEBUG - response_closed.complete
2025-07-10 14:23:11,949 - telegram.ext.ExtBot - DEBUG - True
2025-07-10 14:23:11,949 - telegram.ext.ExtBot - DEBUG - Exiting: answer_callback_query
2025-07-10 14:23:11,949 - __main__ - INFO - Processing action: start_sniperx
2025-07-10 14:23:11,956 - telegram.ext.ExtBot - DEBUG - Entering: send_message
2025-07-10 14:23:11,961 - httpcore.http11 - DEBUG - send_request_headers.started request=<Request [b'POST']>
2025-07-10 14:23:11,963 - httpcore.http11 - DEBUG - send_request_headers.complete
2025-07-10 14:23:11,965 - httpcore.http11 - DEBUG - send_request_body.started request=<Request [b'POST']>
2025-07-10 14:23:11,966 - httpcore.http11 - DEBUG - send_request_body.complete
2025-07-10 14:23:11,967 - httpcore.http11 - DEBUG - receive_response_headers.started request=<Request [b'POST']>
2025-07-10 14:23:12,045 - httpcore.http11 - DEBUG - receive_response_headers.complete return_value=(b'HTTP/1.1', 200, b'OK', [(b'Server', b'nginx/1.18.0'), (b'Date', b'Thu, 10 Jul 2025 13:23:12 GMT'), (b'Content-Type', b'application/json'), (b'Content-Length', b'262'), (b'Connection', b'keep-alive'), (b'Strict-Transport-Security', b'max-age=31536000; includeSubDomains; preload'), (b'Access-Control-Allow-Origin', b'*'), (b'Access-Control-Allow-Methods', b'GET, POST, OPTIONS'), (b'Access-Control-Expose-Headers', b'Content-Length,Content-Type,Date,Server,Connection')])
2025-07-10 14:23:12,048 - httpx - INFO - HTTP Request: POST https://api.telegram.org/bot7707158318:AAE8rWa4Q8Z_3avql6K0HAmXaooZAReoNF0/sendMessage "HTTP/1.1 200 OK"
2025-07-10 14:23:12,049 - httpcore.http11 - DEBUG - receive_response_body.started request=<Request [b'POST']>
2025-07-10 14:23:12,050 - httpcore.http11 - DEBUG - receive_response_body.complete
2025-07-10 14:23:12,051 - httpcore.http11 - DEBUG - response_closed.started
2025-07-10 14:23:12,051 - httpcore.http11 - DEBUG - response_closed.complete
2025-07-10 14:23:12,054 - telegram.ext.ExtBot - DEBUG - Message(channel_chat_created=False, chat=Chat(first_name='Ghost', id=7049055170, last_name='Number1', type=<ChatType.PRIVATE>), date=datetime.datetime(2025, 7, 10, 13, 23, 12, tzinfo=<UTC>), delete_chat_photo=False, from_user=User(first_name='SPRD', id=7707158318, is_bot=True, username='tizi91Bot'), group_chat_created=False, message_id=13470, supergroup_chat_created=False, text='Starting wallet manager...')
2025-07-10 14:23:12,055 - telegram.ext.ExtBot - DEBUG - Exiting: send_message
2025-07-10 14:23:14,141 - telegram.ext.ExtBot - DEBUG - Entering: send_message
2025-07-10 14:23:14,146 - httpcore.http11 - DEBUG - send_request_headers.started request=<Request [b'POST']>
2025-07-10 14:23:14,147 - httpcore.http11 - DEBUG - send_request_headers.complete
2025-07-10 14:23:14,148 - httpcore.http11 - DEBUG - send_request_body.started request=<Request [b'POST']>
2025-07-10 14:23:14,149 - httpcore.http11 - DEBUG - send_request_body.complete
2025-07-10 14:23:14,150 - httpcore.http11 - DEBUG - receive_response_headers.started request=<Request [b'POST']>
2025-07-10 14:23:14,228 - httpcore.http11 - DEBUG - receive_response_headers.complete return_value=(b'HTTP/1.1', 200, b'OK', [(b'Server', b'nginx/1.18.0'), (b'Date', b'Thu, 10 Jul 2025 13:23:14 GMT'), (b'Content-Type', b'application/json'), (b'Content-Length', b'323'), (b'Connection', b'keep-alive'), (b'Strict-Transport-Security', b'max-age=31536000; includeSubDomains; preload'), (b'Access-Control-Allow-Origin', b'*'), (b'Access-Control-Allow-Methods', b'GET, POST, OPTIONS'), (b'Access-Control-Expose-Headers', b'Content-Length,Content-Type,Date,Server,Connection')])
2025-07-10 14:23:14,230 - httpx - INFO - HTTP Request: POST https://api.telegram.org/bot7707158318:AAE8rWa4Q8Z_3avql6K0HAmXaooZAReoNF0/sendMessage "HTTP/1.1 200 OK"
2025-07-10 14:23:14,230 - httpcore.http11 - DEBUG - receive_response_body.started request=<Request [b'POST']>
2025-07-10 14:23:14,231 - httpcore.http11 - DEBUG - receive_response_body.complete
2025-07-10 14:23:14,231 - httpcore.http11 - DEBUG - response_closed.started
2025-07-10 14:23:14,232 - httpcore.http11 - DEBUG - response_closed.complete
2025-07-10 14:23:14,234 - telegram.ext.ExtBot - DEBUG - Message(channel_chat_created=False, chat=Chat(first_name='Ghost', id=7049055170, last_name='Number1', type=<ChatType.PRIVATE>), date=datetime.datetime(2025, 7, 10, 13, 23, 14, tzinfo=<UTC>), delete_chat_photo=False, entities=(MessageEntity(length=5, offset=8, type=<MessageEntityType.URL>),), from_user=User(first_name='SPRD', id=7707158318, is_bot=True, username='tizi91Bot'), group_chat_created=False, message_id=13471, supergroup_chat_created=False, text='SniperX V2.py started with PID 18060.')
2025-07-10 14:23:14,235 - telegram.ext.ExtBot - DEBUG - Exiting: send_message
2025-07-10 14:23:14,236 - __main__ - INFO - SniperX V2.py started with PID 18060 by user tizi91Bot
2025-07-10 14:23:14,236 - telegram.ext.ExtBot - DEBUG - Entering: edit_message_text
2025-07-10 14:23:14,241 - httpcore.http11 - DEBUG - send_request_headers.started request=<Request [b'POST']>
2025-07-10 14:23:14,243 - httpcore.http11 - DEBUG - send_request_headers.complete
2025-07-10 14:23:14,243 - httpcore.http11 - DEBUG - send_request_body.started request=<Request [b'POST']>
2025-07-10 14:23:14,245 - httpcore.http11 - DEBUG - send_request_body.complete
2025-07-10 14:23:14,245 - httpcore.http11 - DEBUG - receive_response_headers.started request=<Request [b'POST']>
2025-07-10 14:23:14,324 - httpcore.http11 - DEBUG - receive_response_headers.complete return_value=(b'HTTP/1.1', 400, b'Bad Request', [(b'Server', b'nginx/1.18.0'), (b'Date', b'Thu, 10 Jul 2025 13:23:14 GMT'), (b'Content-Type', b'application/json'), (b'Content-Length', b'204'), (b'Connection', b'keep-alive'), (b'Strict-Transport-Security', b'max-age=31536000; includeSubDomains; preload'), (b'Access-Control-Allow-Origin', b'*'), (b'Access-Control-Expose-Headers', b'Content-Length,Content-Type,Date,Server,Connection')])
2025-07-10 14:23:14,326 - httpx - INFO - HTTP Request: POST https://api.telegram.org/bot7707158318:AAE8rWa4Q8Z_3avql6K0HAmXaooZAReoNF0/editMessageText "HTTP/1.1 400 Bad Request"
2025-07-10 14:23:14,326 - httpcore.http11 - DEBUG - receive_response_body.started request=<Request [b'POST']>
2025-07-10 14:23:14,328 - httpcore.http11 - DEBUG - receive_response_body.complete
2025-07-10 14:23:14,328 - httpcore.http11 - DEBUG - response_closed.started
2025-07-10 14:23:14,329 - httpcore.http11 - DEBUG - response_closed.complete
2025-07-10 14:23:14,330 - __main__ - ERROR - Error showing menu: Message is not modified: specified new message content and reply markup are exactly the same as a current content and reply markup of the message
2025-07-10 14:23:14,330 - telegram.ext.ExtBot - DEBUG - Entering: send_message
2025-07-10 14:23:14,333 - httpcore.http11 - DEBUG - send_request_headers.started request=<Request [b'POST']>
2025-07-10 14:23:14,335 - httpcore.http11 - DEBUG - send_request_headers.complete
2025-07-10 14:23:14,336 - httpcore.http11 - DEBUG - send_request_body.started request=<Request [b'POST']>
2025-07-10 14:23:14,336 - httpcore.http11 - DEBUG - send_request_body.complete
2025-07-10 14:23:14,337 - httpcore.http11 - DEBUG - receive_response_headers.started request=<Request [b'POST']>
2025-07-10 14:23:14,436 - httpcore.http11 - DEBUG - receive_response_headers.complete return_value=(b'HTTP/1.1', 200, b'OK', [(b'Server', b'nginx/1.18.0'), (b'Date', b'Thu, 10 Jul 2025 13:23:15 GMT'), (b'Content-Type', b'application/json'), (b'Content-Length', b'570'), (b'Connection', b'keep-alive'), (b'Strict-Transport-Security', b'max-age=31536000; includeSubDomains; preload'), (b'Access-Control-Allow-Origin', b'*'), (b'Access-Control-Allow-Methods', b'GET, POST, OPTIONS'), (b'Access-Control-Expose-Headers', b'Content-Length,Content-Type,Date,Server,Connection')])
2025-07-10 14:23:14,437 - httpx - INFO - HTTP Request: POST https://api.telegram.org/bot7707158318:AAE8rWa4Q8Z_3avql6K0HAmXaooZAReoNF0/sendMessage "HTTP/1.1 200 OK"
2025-07-10 14:23:14,438 - httpcore.http11 - DEBUG - receive_response_body.started request=<Request [b'POST']>
2025-07-10 14:23:14,440 - httpcore.http11 - DEBUG - receive_response_body.complete
2025-07-10 14:23:14,440 - httpcore.http11 - DEBUG - response_closed.started
2025-07-10 14:23:14,441 - httpcore.http11 - DEBUG - response_closed.complete
2025-07-10 14:23:14,443 - telegram.ext.ExtBot - DEBUG - Message(channel_chat_created=False, chat=Chat(first_name='Ghost', id=7049055170, last_name='Number1', type=<ChatType.PRIVATE>), date=datetime.datetime(2025, 7, 10, 13, 23, 15, tzinfo=<UTC>), delete_chat_photo=False, from_user=User(first_name='SPRD', id=7707158318, is_bot=True, username='tizi91Bot'), group_chat_created=False, message_id=13472, reply_markup=InlineKeyboardMarkup(inline_keyboard=((InlineKeyboardButton(callback_data='start_sniperx', text='🚀 Start SniperX'),), (InlineKeyboardButton(callback_data='stop_sniperx', text='🛑 Stop SniperX'), InlineKeyboardButton(callback_data='status_sniperx', text='📊 Status')), (InlineKeyboardButton(callback_data='show_balance', text='💰 Balance'),))), supergroup_chat_created=False, text='SniperX Bot Control Panel:')
2025-07-10 14:23:14,446 - telegram.ext.ExtBot - DEBUG - Exiting: send_message
2025-07-10 14:23:21,928 - httpcore.http11 - DEBUG - receive_response_headers.complete return_value=(b'HTTP/1.1', 200, b'OK', [(b'Server', b'nginx/1.18.0'), (b'Date', b'Thu, 10 Jul 2025 13:23:22 GMT'), (b'Content-Type', b'application/json'), (b'Content-Length', b'23'), (b'Connection', b'keep-alive'), (b'Strict-Transport-Security', b'max-age=31536000; includeSubDomains; preload'), (b'Access-Control-Allow-Origin', b'*'), (b'Access-Control-Allow-Methods', b'GET, POST, OPTIONS'), (b'Access-Control-Expose-Headers', b'Content-Length,Content-Type,Date,Server,Connection')])
2025-07-10 14:23:21,929 - httpx - INFO - HTTP Request: POST https://api.telegram.org/bot7707158318:AAE8rWa4Q8Z_3avql6K0HAmXaooZAReoNF0/getUpdates "HTTP/1.1 200 OK"
2025-07-10 14:23:21,930 - httpcore.http11 - DEBUG - receive_response_body.started request=<Request [b'POST']>
2025-07-10 14:23:21,931 - httpcore.http11 - DEBUG - receive_response_body.complete
2025-07-10 14:23:21,932 - httpcore.http11 - DEBUG - response_closed.started
2025-07-10 14:23:21,932 - httpcore.http11 - DEBUG - response_closed.complete
2025-07-10 14:23:21,934 - telegram.ext.ExtBot - DEBUG - No new updates found.
2025-07-10 14:23:21,934 - telegram.ext.ExtBot - DEBUG - ()
2025-07-10 14:23:21,934 - telegram.ext.ExtBot - DEBUG - Exiting: get_updates
2025-07-10 14:23:21,934 - telegram.ext.ExtBot - DEBUG - Entering: get_updates
2025-07-10 14:23:21,936 - httpcore.http11 - DEBUG - send_request_headers.started request=<Request [b'POST']>
2025-07-10 14:23:21,939 - httpcore.http11 - DEBUG - send_request_headers.complete
2025-07-10 14:23:21,939 - httpcore.http11 - DEBUG - send_request_body.started request=<Request [b'POST']>
2025-07-10 14:23:21,941 - httpcore.http11 - DEBUG - send_request_body.complete
2025-07-10 14:23:21,941 - httpcore.http11 - DEBUG - receive_response_headers.started request=<Request [b'POST']>
2025-07-10 14:23:32,072 - httpcore.http11 - DEBUG - receive_response_headers.complete return_value=(b'HTTP/1.1', 200, b'OK', [(b'Server', b'nginx/1.18.0'), (b'Date', b'Thu, 10 Jul 2025 13:23:32 GMT'), (b'Content-Type', b'application/json'), (b'Content-Length', b'23'), (b'Connection', b'keep-alive'), (b'Strict-Transport-Security', b'max-age=31536000; includeSubDomains; preload'), (b'Access-Control-Allow-Origin', b'*'), (b'Access-Control-Allow-Methods', b'GET, POST, OPTIONS'), (b'Access-Control-Expose-Headers', b'Content-Length,Content-Type,Date,Server,Connection')])
2025-07-10 14:23:32,074 - httpx - INFO - HTTP Request: POST https://api.telegram.org/bot7707158318:AAE8rWa4Q8Z_3avql6K0HAmXaooZAReoNF0/getUpdates "HTTP/1.1 200 OK"
2025-07-10 14:23:32,075 - httpcore.http11 - DEBUG - receive_response_body.started request=<Request [b'POST']>
2025-07-10 14:23:32,076 - httpcore.http11 - DEBUG - receive_response_body.complete
2025-07-10 14:23:32,076 - httpcore.http11 - DEBUG - response_closed.started
2025-07-10 14:23:32,077 - httpcore.http11 - DEBUG - response_closed.complete
2025-07-10 14:23:32,078 - telegram.ext.ExtBot - DEBUG - No new updates found.
2025-07-10 14:23:32,078 - telegram.ext.ExtBot - DEBUG - ()
2025-07-10 14:23:32,078 - telegram.ext.ExtBot - DEBUG - Exiting: get_updates
2025-07-10 14:23:32,079 - telegram.ext.ExtBot - DEBUG - Entering: get_updates
2025-07-10 14:23:32,082 - httpcore.http11 - DEBUG - send_request_headers.started request=<Request [b'POST']>
2025-07-10 14:23:32,083 - httpcore.http11 - DEBUG - send_request_headers.complete
2025-07-10 14:23:32,084 - httpcore.http11 - DEBUG - send_request_body.started request=<Request [b'POST']>
2025-07-10 14:23:32,085 - httpcore.http11 - DEBUG - send_request_body.complete
2025-07-10 14:23:32,085 - httpcore.http11 - DEBUG - receive_response_headers.started request=<Request [b'POST']>
2025-07-10 14:23:42,136 - httpcore.http11 - DEBUG - receive_response_headers.complete return_value=(b'HTTP/1.1', 200, b'OK', [(b'Server', b'nginx/1.18.0'), (b'Date', b'Thu, 10 Jul 2025 13:23:42 GMT'), (b'Content-Type', b'application/json'), (b'Content-Length', b'23'), (b'Connection', b'keep-alive'), (b'Strict-Transport-Security', b'max-age=31536000; includeSubDomains; preload'), (b'Access-Control-Allow-Origin', b'*'), (b'Access-Control-Allow-Methods', b'GET, POST, OPTIONS'), (b'Access-Control-Expose-Headers', b'Content-Length,Content-Type,Date,Server,Connection')])
2025-07-10 14:23:42,136 - httpx - INFO - HTTP Request: POST https://api.telegram.org/bot7707158318:AAE8rWa4Q8Z_3avql6K0HAmXaooZAReoNF0/getUpdates "HTTP/1.1 200 OK"
2025-07-10 14:23:42,138 - httpcore.http11 - DEBUG - receive_response_body.started request=<Request [b'POST']>
2025-07-10 14:23:42,138 - httpcore.http11 - DEBUG - receive_response_body.complete
2025-07-10 14:23:42,140 - httpcore.http11 - DEBUG - response_closed.started
2025-07-10 14:23:42,140 - httpcore.http11 - DEBUG - response_closed.complete
2025-07-10 14:23:42,140 - telegram.ext.ExtBot - DEBUG - No new updates found.
2025-07-10 14:23:42,140 - telegram.ext.ExtBot - DEBUG - ()
2025-07-10 14:23:42,140 - telegram.ext.ExtBot - DEBUG - Exiting: get_updates
2025-07-10 14:23:42,140 - telegram.ext.ExtBot - DEBUG - Entering: get_updates
2025-07-10 14:23:42,144 - httpcore.http11 - DEBUG - send_request_headers.started request=<Request [b'POST']>
2025-07-10 14:23:42,146 - httpcore.http11 - DEBUG - send_request_headers.complete
2025-07-10 14:23:42,146 - httpcore.http11 - DEBUG - send_request_body.started request=<Request [b'POST']>
2025-07-10 14:23:42,148 - httpcore.http11 - DEBUG - send_request_body.complete
2025-07-10 14:23:42,148 - httpcore.http11 - DEBUG - receive_response_headers.started request=<Request [b'POST']>
2025-07-10 14:23:52,197 - httpcore.http11 - DEBUG - receive_response_headers.complete return_value=(b'HTTP/1.1', 200, b'OK', [(b'Server', b'nginx/1.18.0'), (b'Date', b'Thu, 10 Jul 2025 13:23:52 GMT'), (b'Content-Type', b'application/json'), (b'Content-Length', b'23'), (b'Connection', b'keep-alive'), (b'Strict-Transport-Security', b'max-age=31536000; includeSubDomains; preload'), (b'Access-Control-Allow-Origin', b'*'), (b'Access-Control-Allow-Methods', b'GET, POST, OPTIONS'), (b'Access-Control-Expose-Headers', b'Content-Length,Content-Type,Date,Server,Connection')])
2025-07-10 14:23:52,199 - httpx - INFO - HTTP Request: POST https://api.telegram.org/bot7707158318:AAE8rWa4Q8Z_3avql6K0HAmXaooZAReoNF0/getUpdates "HTTP/1.1 200 OK"
2025-07-10 14:23:52,199 - httpcore.http11 - DEBUG - receive_response_body.started request=<Request [b'POST']>
2025-07-10 14:23:52,199 - httpcore.http11 - DEBUG - receive_response_body.complete
2025-07-10 14:23:52,199 - httpcore.http11 - DEBUG - response_closed.started
2025-07-10 14:23:52,199 - httpcore.http11 - DEBUG - response_closed.complete
2025-07-10 14:23:52,199 - telegram.ext.ExtBot - DEBUG - No new updates found.
2025-07-10 14:23:52,199 - telegram.ext.ExtBot - DEBUG - ()
2025-07-10 14:23:52,199 - telegram.ext.ExtBot - DEBUG - Exiting: get_updates
2025-07-10 14:23:52,203 - telegram.ext.ExtBot - DEBUG - Entering: get_updates
2025-07-10 14:23:52,203 - httpcore.http11 - DEBUG - send_request_headers.started request=<Request [b'POST']>
2025-07-10 14:23:52,203 - httpcore.http11 - DEBUG - send_request_headers.complete
2025-07-10 14:23:52,206 - httpcore.http11 - DEBUG - send_request_body.started request=<Request [b'POST']>
2025-07-10 14:23:52,206 - httpcore.http11 - DEBUG - send_request_body.complete
2025-07-10 14:23:52,206 - httpcore.http11 - DEBUG - receive_response_headers.started request=<Request [b'POST']>
2025-07-10 14:24:02,278 - httpcore.http11 - DEBUG - receive_response_headers.complete return_value=(b'HTTP/1.1', 200, b'OK', [(b'Server', b'nginx/1.18.0'), (b'Date', b'Thu, 10 Jul 2025 13:24:02 GMT'), (b'Content-Type', b'application/json'), (b'Content-Length', b'23'), (b'Connection', b'keep-alive'), (b'Strict-Transport-Security', b'max-age=31536000; includeSubDomains; preload'), (b'Access-Control-Allow-Origin', b'*'), (b'Access-Control-Allow-Methods', b'GET, POST, OPTIONS'), (b'Access-Control-Expose-Headers', b'Content-Length,Content-Type,Date,Server,Connection')])
2025-07-10 14:24:02,279 - httpx - INFO - HTTP Request: POST https://api.telegram.org/bot7707158318:AAE8rWa4Q8Z_3avql6K0HAmXaooZAReoNF0/getUpdates "HTTP/1.1 200 OK"
2025-07-10 14:24:02,279 - httpcore.http11 - DEBUG - receive_response_body.started request=<Request [b'POST']>
2025-07-10 14:24:02,282 - httpcore.http11 - DEBUG - receive_response_body.complete
2025-07-10 14:24:02,282 - httpcore.http11 - DEBUG - response_closed.started
2025-07-10 14:24:02,282 - httpcore.http11 - DEBUG - response_closed.complete
2025-07-10 14:24:02,283 - telegram.ext.ExtBot - DEBUG - No new updates found.
2025-07-10 14:24:02,283 - telegram.ext.ExtBot - DEBUG - ()
2025-07-10 14:24:02,283 - telegram.ext.ExtBot - DEBUG - Exiting: get_updates
2025-07-10 14:24:02,283 - telegram.ext.ExtBot - DEBUG - Entering: get_updates
2025-07-10 14:24:02,286 - httpcore.http11 - DEBUG - send_request_headers.started request=<Request [b'POST']>
2025-07-10 14:24:02,288 - httpcore.http11 - DEBUG - send_request_headers.complete
2025-07-10 14:24:02,288 - httpcore.http11 - DEBUG - send_request_body.started request=<Request [b'POST']>
2025-07-10 14:24:02,290 - httpcore.http11 - DEBUG - send_request_body.complete
2025-07-10 14:24:02,290 - httpcore.http11 - DEBUG - receive_response_headers.started request=<Request [b'POST']>
2025-07-10 14:24:12,390 - httpcore.http11 - DEBUG - receive_response_headers.complete return_value=(b'HTTP/1.1', 200, b'OK', [(b'Server', b'nginx/1.18.0'), (b'Date', b'Thu, 10 Jul 2025 13:24:12 GMT'), (b'Content-Type', b'application/json'), (b'Content-Length', b'23'), (b'Connection', b'keep-alive'), (b'Strict-Transport-Security', b'max-age=31536000; includeSubDomains; preload'), (b'Access-Control-Allow-Origin', b'*'), (b'Access-Control-Allow-Methods', b'GET, POST, OPTIONS'), (b'Access-Control-Expose-Headers', b'Content-Length,Content-Type,Date,Server,Connection')])
2025-07-10 14:24:12,390 - httpx - INFO - HTTP Request: POST https://api.telegram.org/bot7707158318:AAE8rWa4Q8Z_3avql6K0HAmXaooZAReoNF0/getUpdates "HTTP/1.1 200 OK"
2025-07-10 14:24:12,390 - httpcore.http11 - DEBUG - receive_response_body.started request=<Request [b'POST']>
2025-07-10 14:24:12,390 - httpcore.http11 - DEBUG - receive_response_body.complete
2025-07-10 14:24:12,390 - httpcore.http11 - DEBUG - response_closed.started
2025-07-10 14:24:12,394 - httpcore.http11 - DEBUG - response_closed.complete
2025-07-10 14:24:12,394 - telegram.ext.ExtBot - DEBUG - No new updates found.
2025-07-10 14:24:12,394 - telegram.ext.ExtBot - DEBUG - ()
2025-07-10 14:24:12,394 - telegram.ext.ExtBot - DEBUG - Exiting: get_updates
2025-07-10 14:24:12,394 - telegram.ext.ExtBot - DEBUG - Entering: get_updates
2025-07-10 14:24:12,400 - httpcore.http11 - DEBUG - send_request_headers.started request=<Request [b'POST']>
2025-07-10 14:24:12,400 - httpcore.http11 - DEBUG - send_request_headers.complete
2025-07-10 14:24:12,402 - httpcore.http11 - DEBUG - send_request_body.started request=<Request [b'POST']>
2025-07-10 14:24:12,403 - httpcore.http11 - DEBUG - send_request_body.complete
2025-07-10 14:24:12,403 - httpcore.http11 - DEBUG - receive_response_headers.started request=<Request [b'POST']>
2025-07-10 14:24:22,455 - httpcore.http11 - DEBUG - receive_response_headers.complete return_value=(b'HTTP/1.1', 200, b'OK', [(b'Server', b'nginx/1.18.0'), (b'Date', b'Thu, 10 Jul 2025 13:24:23 GMT'), (b'Content-Type', b'application/json'), (b'Content-Length', b'23'), (b'Connection', b'keep-alive'), (b'Strict-Transport-Security', b'max-age=31536000; includeSubDomains; preload'), (b'Access-Control-Allow-Origin', b'*'), (b'Access-Control-Allow-Methods', b'GET, POST, OPTIONS'), (b'Access-Control-Expose-Headers', b'Content-Length,Content-Type,Date,Server,Connection')])
2025-07-10 14:24:22,455 - httpx - INFO - HTTP Request: POST https://api.telegram.org/bot7707158318:AAE8rWa4Q8Z_3avql6K0HAmXaooZAReoNF0/getUpdates "HTTP/1.1 200 OK"
2025-07-10 14:24:22,458 - httpcore.http11 - DEBUG - receive_response_body.started request=<Request [b'POST']>
2025-07-10 14:24:22,458 - httpcore.http11 - DEBUG - receive_response_body.complete
2025-07-10 14:24:22,458 - httpcore.http11 - DEBUG - response_closed.started
2025-07-10 14:24:22,458 - httpcore.http11 - DEBUG - response_closed.complete
2025-07-10 14:24:22,461 - telegram.ext.ExtBot - DEBUG - No new updates found.
2025-07-10 14:24:22,461 - telegram.ext.ExtBot - DEBUG - ()
2025-07-10 14:24:22,461 - telegram.ext.ExtBot - DEBUG - Exiting: get_updates
2025-07-10 14:24:22,461 - telegram.ext.ExtBot - DEBUG - Entering: get_updates
2025-07-10 14:24:22,465 - httpcore.http11 - DEBUG - send_request_headers.started request=<Request [b'POST']>
2025-07-10 14:24:22,466 - httpcore.http11 - DEBUG - send_request_headers.complete
2025-07-10 14:24:22,467 - httpcore.http11 - DEBUG - send_request_body.started request=<Request [b'POST']>
2025-07-10 14:24:22,467 - httpcore.http11 - DEBUG - send_request_body.complete
2025-07-10 14:24:22,467 - httpcore.http11 - DEBUG - receive_response_headers.started request=<Request [b'POST']>
2025-07-10 14:24:32,516 - httpcore.http11 - DEBUG - receive_response_headers.complete return_value=(b'HTTP/1.1', 200, b'OK', [(b'Server', b'nginx/1.18.0'), (b'Date', b'Thu, 10 Jul 2025 13:24:33 GMT'), (b'Content-Type', b'application/json'), (b'Content-Length', b'23'), (b'Connection', b'keep-alive'), (b'Strict-Transport-Security', b'max-age=31536000; includeSubDomains; preload'), (b'Access-Control-Allow-Origin', b'*'), (b'Access-Control-Allow-Methods', b'GET, POST, OPTIONS'), (b'Access-Control-Expose-Headers', b'Content-Length,Content-Type,Date,Server,Connection')])
2025-07-10 14:24:32,519 - httpx - INFO - HTTP Request: POST https://api.telegram.org/bot7707158318:AAE8rWa4Q8Z_3avql6K0HAmXaooZAReoNF0/getUpdates "HTTP/1.1 200 OK"
2025-07-10 14:24:32,519 - httpcore.http11 - DEBUG - receive_response_body.started request=<Request [b'POST']>
2025-07-10 14:24:32,519 - httpcore.http11 - DEBUG - receive_response_body.complete
2025-07-10 14:24:32,519 - httpcore.http11 - DEBUG - response_closed.started
2025-07-10 14:24:32,519 - httpcore.http11 - DEBUG - response_closed.complete
2025-07-10 14:24:32,519 - telegram.ext.ExtBot - DEBUG - No new updates found.
2025-07-10 14:24:32,519 - telegram.ext.ExtBot - DEBUG - ()
2025-07-10 14:24:32,519 - telegram.ext.ExtBot - DEBUG - Exiting: get_updates
2025-07-10 14:24:32,519 - telegram.ext.ExtBot - DEBUG - Entering: get_updates
2025-07-10 14:24:32,524 - httpcore.http11 - DEBUG - send_request_headers.started request=<Request [b'POST']>
2025-07-10 14:24:32,526 - httpcore.http11 - DEBUG - send_request_headers.complete
2025-07-10 14:24:32,527 - httpcore.http11 - DEBUG - send_request_body.started request=<Request [b'POST']>
2025-07-10 14:24:32,528 - httpcore.http11 - DEBUG - send_request_body.complete
2025-07-10 14:24:32,528 - httpcore.http11 - DEBUG - receive_response_headers.started request=<Request [b'POST']>
2025-07-10 14:24:42,634 - httpcore.http11 - DEBUG - receive_response_headers.complete return_value=(b'HTTP/1.1', 200, b'OK', [(b'Server', b'nginx/1.18.0'), (b'Date', b'Thu, 10 Jul 2025 13:24:43 GMT'), (b'Content-Type', b'application/json'), (b'Content-Length', b'23'), (b'Connection', b'keep-alive'), (b'Strict-Transport-Security', b'max-age=31536000; includeSubDomains; preload'), (b'Access-Control-Allow-Origin', b'*'), (b'Access-Control-Allow-Methods', b'GET, POST, OPTIONS'), (b'Access-Control-Expose-Headers', b'Content-Length,Content-Type,Date,Server,Connection')])
2025-07-10 14:24:42,635 - httpx - INFO - HTTP Request: POST https://api.telegram.org/bot7707158318:AAE8rWa4Q8Z_3avql6K0HAmXaooZAReoNF0/getUpdates "HTTP/1.1 200 OK"
2025-07-10 14:24:42,636 - httpcore.http11 - DEBUG - receive_response_body.started request=<Request [b'POST']>
2025-07-10 14:24:42,636 - httpcore.http11 - DEBUG - receive_response_body.complete
2025-07-10 14:24:42,638 - httpcore.http11 - DEBUG - response_closed.started
2025-07-10 14:24:42,638 - httpcore.http11 - DEBUG - response_closed.complete
2025-07-10 14:24:42,638 - telegram.ext.ExtBot - DEBUG - No new updates found.
2025-07-10 14:24:42,638 - telegram.ext.ExtBot - DEBUG - ()
2025-07-10 14:24:42,638 - telegram.ext.ExtBot - DEBUG - Exiting: get_updates
2025-07-10 14:24:42,639 - telegram.ext.ExtBot - DEBUG - Entering: get_updates
2025-07-10 14:24:42,640 - httpcore.http11 - DEBUG - send_request_headers.started request=<Request [b'POST']>
2025-07-10 14:24:42,640 - httpcore.http11 - DEBUG - send_request_headers.complete
2025-07-10 14:24:42,640 - httpcore.http11 - DEBUG - send_request_body.started request=<Request [b'POST']>
2025-07-10 14:24:42,644 - httpcore.http11 - DEBUG - send_request_body.complete
2025-07-10 14:24:42,644 - httpcore.http11 - DEBUG - receive_response_headers.started request=<Request [b'POST']>
2025-07-10 14:24:52,761 - httpcore.http11 - DEBUG - receive_response_headers.complete return_value=(b'HTTP/1.1', 200, b'OK', [(b'Server', b'nginx/1.18.0'), (b'Date', b'Thu, 10 Jul 2025 13:24:53 GMT'), (b'Content-Type', b'application/json'), (b'Content-Length', b'23'), (b'Connection', b'keep-alive'), (b'Strict-Transport-Security', b'max-age=31536000; includeSubDomains; preload'), (b'Access-Control-Allow-Origin', b'*'), (b'Access-Control-Allow-Methods', b'GET, POST, OPTIONS'), (b'Access-Control-Expose-Headers', b'Content-Length,Content-Type,Date,Server,Connection')])
2025-07-10 14:24:52,763 - httpx - INFO - HTTP Request: POST https://api.telegram.org/bot7707158318:AAE8rWa4Q8Z_3avql6K0HAmXaooZAReoNF0/getUpdates "HTTP/1.1 200 OK"
2025-07-10 14:24:52,764 - httpcore.http11 - DEBUG - receive_response_body.started request=<Request [b'POST']>
2025-07-10 14:24:52,765 - httpcore.http11 - DEBUG - receive_response_body.complete
2025-07-10 14:24:52,765 - httpcore.http11 - DEBUG - response_closed.started
2025-07-10 14:24:52,765 - httpcore.http11 - DEBUG - response_closed.complete
2025-07-10 14:24:52,767 - telegram.ext.ExtBot - DEBUG - No new updates found.
2025-07-10 14:24:52,767 - telegram.ext.ExtBot - DEBUG - ()
2025-07-10 14:24:52,767 - telegram.ext.ExtBot - DEBUG - Exiting: get_updates
2025-07-10 14:24:52,767 - telegram.ext.ExtBot - DEBUG - Entering: get_updates
2025-07-10 14:24:52,770 - httpcore.http11 - DEBUG - send_request_headers.started request=<Request [b'POST']>
2025-07-10 14:24:52,770 - httpcore.http11 - DEBUG - send_request_headers.complete
2025-07-10 14:24:52,771 - httpcore.http11 - DEBUG - send_request_body.started request=<Request [b'POST']>
2025-07-10 14:24:52,771 - httpcore.http11 - DEBUG - send_request_body.complete
2025-07-10 14:24:52,771 - httpcore.http11 - DEBUG - receive_response_headers.started request=<Request [b'POST']>
2025-07-10 14:25:02,899 - httpcore.http11 - DEBUG - receive_response_headers.complete return_value=(b'HTTP/1.1', 200, b'OK', [(b'Server', b'nginx/1.18.0'), (b'Date', b'Thu, 10 Jul 2025 13:25:03 GMT'), (b'Content-Type', b'application/json'), (b'Content-Length', b'23'), (b'Connection', b'keep-alive'), (b'Strict-Transport-Security', b'max-age=31536000; includeSubDomains; preload'), (b'Access-Control-Allow-Origin', b'*'), (b'Access-Control-Allow-Methods', b'GET, POST, OPTIONS'), (b'Access-Control-Expose-Headers', b'Content-Length,Content-Type,Date,Server,Connection')])
2025-07-10 14:25:02,902 - httpx - INFO - HTTP Request: POST https://api.telegram.org/bot7707158318:AAE8rWa4Q8Z_3avql6K0HAmXaooZAReoNF0/getUpdates "HTTP/1.1 200 OK"
2025-07-10 14:25:02,904 - httpcore.http11 - DEBUG - receive_response_body.started request=<Request [b'POST']>
2025-07-10 14:25:02,904 - httpcore.http11 - DEBUG - receive_response_body.complete
2025-07-10 14:25:02,906 - httpcore.http11 - DEBUG - response_closed.started
2025-07-10 14:25:02,906 - httpcore.http11 - DEBUG - response_closed.complete
2025-07-10 14:25:02,906 - telegram.ext.ExtBot - DEBUG - No new updates found.
2025-07-10 14:25:02,906 - telegram.ext.ExtBot - DEBUG - ()
2025-07-10 14:25:02,906 - telegram.ext.ExtBot - DEBUG - Exiting: get_updates
2025-07-10 14:25:02,909 - telegram.ext.ExtBot - DEBUG - Entering: get_updates
2025-07-10 14:25:02,915 - httpcore.http11 - DEBUG - send_request_headers.started request=<Request [b'POST']>
2025-07-10 14:25:02,916 - httpcore.http11 - DEBUG - send_request_headers.complete
2025-07-10 14:25:02,916 - httpcore.http11 - DEBUG - send_request_body.started request=<Request [b'POST']>
2025-07-10 14:25:02,921 - httpcore.http11 - DEBUG - send_request_body.complete
2025-07-10 14:25:02,921 - httpcore.http11 - DEBUG - receive_response_headers.started request=<Request [b'POST']>
2025-07-10 14:25:13,034 - httpcore.http11 - DEBUG - receive_response_headers.complete return_value=(b'HTTP/1.1', 200, b'OK', [(b'Server', b'nginx/1.18.0'), (b'Date', b'Thu, 10 Jul 2025 13:25:13 GMT'), (b'Content-Type', b'application/json'), (b'Content-Length', b'23'), (b'Connection', b'keep-alive'), (b'Strict-Transport-Security', b'max-age=31536000; includeSubDomains; preload'), (b'Access-Control-Allow-Origin', b'*'), (b'Access-Control-Allow-Methods', b'GET, POST, OPTIONS'), (b'Access-Control-Expose-Headers', b'Content-Length,Content-Type,Date,Server,Connection')])
2025-07-10 14:25:13,036 - httpx - INFO - HTTP Request: POST https://api.telegram.org/bot7707158318:AAE8rWa4Q8Z_3avql6K0HAmXaooZAReoNF0/getUpdates "HTTP/1.1 200 OK"
2025-07-10 14:25:13,036 - httpcore.http11 - DEBUG - receive_response_body.started request=<Request [b'POST']>
2025-07-10 14:25:13,038 - httpcore.http11 - DEBUG - receive_response_body.complete
2025-07-10 14:25:13,039 - httpcore.http11 - DEBUG - response_closed.started
2025-07-10 14:25:13,041 - httpcore.http11 - DEBUG - response_closed.complete
2025-07-10 14:25:13,041 - telegram.ext.ExtBot - DEBUG - No new updates found.
2025-07-10 14:25:13,041 - telegram.ext.ExtBot - DEBUG - ()
2025-07-10 14:25:13,041 - telegram.ext.ExtBot - DEBUG - Exiting: get_updates
2025-07-10 14:25:13,041 - telegram.ext.ExtBot - DEBUG - Entering: get_updates
2025-07-10 14:25:13,045 - httpcore.http11 - DEBUG - send_request_headers.started request=<Request [b'POST']>
2025-07-10 14:25:13,045 - httpcore.http11 - DEBUG - send_request_headers.complete
2025-07-10 14:25:13,045 - httpcore.http11 - DEBUG - send_request_body.started request=<Request [b'POST']>
2025-07-10 14:25:13,045 - httpcore.http11 - DEBUG - send_request_body.complete
2025-07-10 14:25:13,045 - httpcore.http11 - DEBUG - receive_response_headers.started request=<Request [b'POST']>
2025-07-10 14:25:23,174 - httpcore.http11 - DEBUG - receive_response_headers.complete return_value=(b'HTTP/1.1', 200, b'OK', [(b'Server', b'nginx/1.18.0'), (b'Date', b'Thu, 10 Jul 2025 13:25:23 GMT'), (b'Content-Type', b'application/json'), (b'Content-Length', b'23'), (b'Connection', b'keep-alive'), (b'Strict-Transport-Security', b'max-age=31536000; includeSubDomains; preload'), (b'Access-Control-Allow-Origin', b'*'), (b'Access-Control-Allow-Methods', b'GET, POST, OPTIONS'), (b'Access-Control-Expose-Headers', b'Content-Length,Content-Type,Date,Server,Connection')])
2025-07-10 14:25:23,174 - httpx - INFO - HTTP Request: POST https://api.telegram.org/bot7707158318:AAE8rWa4Q8Z_3avql6K0HAmXaooZAReoNF0/getUpdates "HTTP/1.1 200 OK"
2025-07-10 14:25:23,176 - httpcore.http11 - DEBUG - receive_response_body.started request=<Request [b'POST']>
2025-07-10 14:25:23,178 - httpcore.http11 - DEBUG - receive_response_body.complete
2025-07-10 14:25:23,178 - httpcore.http11 - DEBUG - response_closed.started
2025-07-10 14:25:23,179 - httpcore.http11 - DEBUG - response_closed.complete
2025-07-10 14:25:23,179 - telegram.ext.ExtBot - DEBUG - No new updates found.
2025-07-10 14:25:23,179 - telegram.ext.ExtBot - DEBUG - ()
2025-07-10 14:25:23,179 - telegram.ext.ExtBot - DEBUG - Exiting: get_updates
2025-07-10 14:25:23,181 - telegram.ext.ExtBot - DEBUG - Entering: get_updates
2025-07-10 14:25:23,183 - httpcore.http11 - DEBUG - send_request_headers.started request=<Request [b'POST']>
2025-07-10 14:25:23,185 - httpcore.http11 - DEBUG - send_request_headers.complete
2025-07-10 14:25:23,185 - httpcore.http11 - DEBUG - send_request_body.started request=<Request [b'POST']>
2025-07-10 14:25:23,187 - httpcore.http11 - DEBUG - send_request_body.complete
2025-07-10 14:25:23,187 - httpcore.http11 - DEBUG - receive_response_headers.started request=<Request [b'POST']>
2025-07-10 14:25:33,310 - httpcore.http11 - DEBUG - receive_response_headers.complete return_value=(b'HTTP/1.1', 200, b'OK', [(b'Server', b'nginx/1.18.0'), (b'Date', b'Thu, 10 Jul 2025 13:25:33 GMT'), (b'Content-Type', b'application/json'), (b'Content-Length', b'23'), (b'Connection', b'keep-alive'), (b'Strict-Transport-Security', b'max-age=31536000; includeSubDomains; preload'), (b'Access-Control-Allow-Origin', b'*'), (b'Access-Control-Allow-Methods', b'GET, POST, OPTIONS'), (b'Access-Control-Expose-Headers', b'Content-Length,Content-Type,Date,Server,Connection')])
2025-07-10 14:25:33,312 - httpx - INFO - HTTP Request: POST https://api.telegram.org/bot7707158318:AAE8rWa4Q8Z_3avql6K0HAmXaooZAReoNF0/getUpdates "HTTP/1.1 200 OK"
2025-07-10 14:25:33,312 - httpcore.http11 - DEBUG - receive_response_body.started request=<Request [b'POST']>
2025-07-10 14:25:33,314 - httpcore.http11 - DEBUG - receive_response_body.complete
2025-07-10 14:25:33,314 - httpcore.http11 - DEBUG - response_closed.started
2025-07-10 14:25:33,314 - httpcore.http11 - DEBUG - response_closed.complete
2025-07-10 14:25:33,315 - telegram.ext.ExtBot - DEBUG - No new updates found.
2025-07-10 14:25:33,315 - telegram.ext.ExtBot - DEBUG - ()
2025-07-10 14:25:33,316 - telegram.ext.ExtBot - DEBUG - Exiting: get_updates
2025-07-10 14:25:33,316 - telegram.ext.ExtBot - DEBUG - Entering: get_updates
2025-07-10 14:25:33,316 - httpcore.http11 - DEBUG - send_request_headers.started request=<Request [b'POST']>
2025-07-10 14:25:33,319 - httpcore.http11 - DEBUG - send_request_headers.complete
2025-07-10 14:25:33,319 - httpcore.http11 - DEBUG - send_request_body.started request=<Request [b'POST']>
2025-07-10 14:25:33,319 - httpcore.http11 - DEBUG - send_request_body.complete
2025-07-10 14:25:33,319 - httpcore.http11 - DEBUG - receive_response_headers.started request=<Request [b'POST']>
2025-07-10 14:25:43,449 - httpcore.http11 - DEBUG - receive_response_headers.complete return_value=(b'HTTP/1.1', 200, b'OK', [(b'Server', b'nginx/1.18.0'), (b'Date', b'Thu, 10 Jul 2025 13:25:43 GMT'), (b'Content-Type', b'application/json'), (b'Content-Length', b'23'), (b'Connection', b'keep-alive'), (b'Strict-Transport-Security', b'max-age=31536000; includeSubDomains; preload'), (b'Access-Control-Allow-Origin', b'*'), (b'Access-Control-Allow-Methods', b'GET, POST, OPTIONS'), (b'Access-Control-Expose-Headers', b'Content-Length,Content-Type,Date,Server,Connection')])
2025-07-10 14:25:43,451 - httpx - INFO - HTTP Request: POST https://api.telegram.org/bot7707158318:AAE8rWa4Q8Z_3avql6K0HAmXaooZAReoNF0/getUpdates "HTTP/1.1 200 OK"
2025-07-10 14:25:43,454 - httpcore.http11 - DEBUG - receive_response_body.started request=<Request [b'POST']>
2025-07-10 14:25:43,454 - httpcore.http11 - DEBUG - receive_response_body.complete
2025-07-10 14:25:43,454 - httpcore.http11 - DEBUG - response_closed.started
2025-07-10 14:25:43,456 - httpcore.http11 - DEBUG - response_closed.complete
2025-07-10 14:25:43,456 - telegram.ext.ExtBot - DEBUG - No new updates found.
2025-07-10 14:25:43,456 - telegram.ext.ExtBot - DEBUG - ()
2025-07-10 14:25:43,456 - telegram.ext.ExtBot - DEBUG - Exiting: get_updates
2025-07-10 14:25:43,456 - telegram.ext.ExtBot - DEBUG - Entering: get_updates
2025-07-10 14:25:43,460 - httpcore.http11 - DEBUG - send_request_headers.started request=<Request [b'POST']>
2025-07-10 14:25:43,462 - httpcore.http11 - DEBUG - send_request_headers.complete
2025-07-10 14:25:43,462 - httpcore.http11 - DEBUG - send_request_body.started request=<Request [b'POST']>
2025-07-10 14:25:43,463 - httpcore.http11 - DEBUG - send_request_body.complete
2025-07-10 14:25:43,463 - httpcore.http11 - DEBUG - receive_response_headers.started request=<Request [b'POST']>
2025-07-10 14:25:53,539 - httpcore.http11 - DEBUG - receive_response_headers.complete return_value=(b'HTTP/1.1', 200, b'OK', [(b'Server', b'nginx/1.18.0'), (b'Date', b'Thu, 10 Jul 2025 13:25:54 GMT'), (b'Content-Type', b'application/json'), (b'Content-Length', b'23'), (b'Connection', b'keep-alive'), (b'Strict-Transport-Security', b'max-age=31536000; includeSubDomains; preload'), (b'Access-Control-Allow-Origin', b'*'), (b'Access-Control-Allow-Methods', b'GET, POST, OPTIONS'), (b'Access-Control-Expose-Headers', b'Content-Length,Content-Type,Date,Server,Connection')])
2025-07-10 14:25:53,539 - httpx - INFO - HTTP Request: POST https://api.telegram.org/bot7707158318:AAE8rWa4Q8Z_3avql6K0HAmXaooZAReoNF0/getUpdates "HTTP/1.1 200 OK"
2025-07-10 14:25:53,564 - httpcore.http11 - DEBUG - receive_response_body.started request=<Request [b'POST']>
2025-07-10 14:25:53,564 - httpcore.http11 - DEBUG - receive_response_body.complete
2025-07-10 14:25:53,566 - httpcore.http11 - DEBUG - response_closed.started
2025-07-10 14:25:53,566 - httpcore.http11 - DEBUG - response_closed.complete
2025-07-10 14:25:53,566 - telegram.ext.ExtBot - DEBUG - No new updates found.
2025-07-10 14:25:53,566 - telegram.ext.ExtBot - DEBUG - ()
2025-07-10 14:25:53,566 - telegram.ext.ExtBot - DEBUG - Exiting: get_updates
2025-07-10 14:25:53,566 - telegram.ext.ExtBot - DEBUG - Entering: get_updates
2025-07-10 14:25:53,570 - httpcore.http11 - DEBUG - send_request_headers.started request=<Request [b'POST']>
2025-07-10 14:25:53,572 - httpcore.http11 - DEBUG - send_request_headers.complete
2025-07-10 14:25:53,572 - httpcore.http11 - DEBUG - send_request_body.started request=<Request [b'POST']>
2025-07-10 14:25:53,574 - httpcore.http11 - DEBUG - send_request_body.complete
2025-07-10 14:25:53,574 - httpcore.http11 - DEBUG - receive_response_headers.started request=<Request [b'POST']>
2025-07-10 14:26:03,623 - httpcore.http11 - DEBUG - receive_response_headers.complete return_value=(b'HTTP/1.1', 200, b'OK', [(b'Server', b'nginx/1.18.0'), (b'Date', b'Thu, 10 Jul 2025 13:26:04 GMT'), (b'Content-Type', b'application/json'), (b'Content-Length', b'23'), (b'Connection', b'keep-alive'), (b'Strict-Transport-Security', b'max-age=31536000; includeSubDomains; preload'), (b'Access-Control-Allow-Origin', b'*'), (b'Access-Control-Allow-Methods', b'GET, POST, OPTIONS'), (b'Access-Control-Expose-Headers', b'Content-Length,Content-Type,Date,Server,Connection')])
2025-07-10 14:26:03,625 - httpx - INFO - HTTP Request: POST https://api.telegram.org/bot7707158318:AAE8rWa4Q8Z_3avql6K0HAmXaooZAReoNF0/getUpdates "HTTP/1.1 200 OK"
2025-07-10 14:26:03,628 - httpcore.http11 - DEBUG - receive_response_body.started request=<Request [b'POST']>
2025-07-10 14:26:03,628 - httpcore.http11 - DEBUG - receive_response_body.complete
2025-07-10 14:26:03,629 - httpcore.http11 - DEBUG - response_closed.started
2025-07-10 14:26:03,629 - httpcore.http11 - DEBUG - response_closed.complete
2025-07-10 14:26:03,629 - telegram.ext.ExtBot - DEBUG - No new updates found.
2025-07-10 14:26:03,631 - telegram.ext.ExtBot - DEBUG - ()
2025-07-10 14:26:03,631 - telegram.ext.ExtBot - DEBUG - Exiting: get_updates
2025-07-10 14:26:03,631 - telegram.ext.ExtBot - DEBUG - Entering: get_updates
2025-07-10 14:26:03,636 - httpcore.http11 - DEBUG - send_request_headers.started request=<Request [b'POST']>
2025-07-10 14:26:03,638 - httpcore.http11 - DEBUG - send_request_headers.complete
2025-07-10 14:26:03,640 - httpcore.http11 - DEBUG - send_request_body.started request=<Request [b'POST']>
2025-07-10 14:26:03,640 - httpcore.http11 - DEBUG - send_request_body.complete
2025-07-10 14:26:03,640 - httpcore.http11 - DEBUG - receive_response_headers.started request=<Request [b'POST']>
2025-07-10 14:26:13,690 - httpcore.http11 - DEBUG - receive_response_headers.complete return_value=(b'HTTP/1.1', 200, b'OK', [(b'Server', b'nginx/1.18.0'), (b'Date', b'Thu, 10 Jul 2025 13:26:14 GMT'), (b'Content-Type', b'application/json'), (b'Content-Length', b'23'), (b'Connection', b'keep-alive'), (b'Strict-Transport-Security', b'max-age=31536000; includeSubDomains; preload'), (b'Access-Control-Allow-Origin', b'*'), (b'Access-Control-Allow-Methods', b'GET, POST, OPTIONS'), (b'Access-Control-Expose-Headers', b'Content-Length,Content-Type,Date,Server,Connection')])
2025-07-10 14:26:13,691 - httpx - INFO - HTTP Request: POST https://api.telegram.org/bot7707158318:AAE8rWa4Q8Z_3avql6K0HAmXaooZAReoNF0/getUpdates "HTTP/1.1 200 OK"
2025-07-10 14:26:13,693 - httpcore.http11 - DEBUG - receive_response_body.started request=<Request [b'POST']>
2025-07-10 14:26:13,693 - httpcore.http11 - DEBUG - receive_response_body.complete
2025-07-10 14:26:13,694 - httpcore.http11 - DEBUG - response_closed.started
2025-07-10 14:26:13,694 - httpcore.http11 - DEBUG - response_closed.complete
2025-07-10 14:26:13,696 - telegram.ext.ExtBot - DEBUG - No new updates found.
2025-07-10 14:26:13,696 - telegram.ext.ExtBot - DEBUG - ()
2025-07-10 14:26:13,696 - telegram.ext.ExtBot - DEBUG - Exiting: get_updates
2025-07-10 14:26:13,697 - telegram.ext.ExtBot - DEBUG - Entering: get_updates
2025-07-10 14:26:13,700 - httpcore.http11 - DEBUG - send_request_headers.started request=<Request [b'POST']>
2025-07-10 14:26:13,702 - httpcore.http11 - DEBUG - send_request_headers.complete
2025-07-10 14:26:13,702 - httpcore.http11 - DEBUG - send_request_body.started request=<Request [b'POST']>
2025-07-10 14:26:13,703 - httpcore.http11 - DEBUG - send_request_body.complete
2025-07-10 14:26:13,703 - httpcore.http11 - DEBUG - receive_response_headers.started request=<Request [b'POST']>
2025-07-10 14:26:23,753 - httpcore.http11 - DEBUG - receive_response_headers.complete return_value=(b'HTTP/1.1', 200, b'OK', [(b'Server', b'nginx/1.18.0'), (b'Date', b'Thu, 10 Jul 2025 13:26:24 GMT'), (b'Content-Type', b'application/json'), (b'Content-Length', b'23'), (b'Connection', b'keep-alive'), (b'Strict-Transport-Security', b'max-age=31536000; includeSubDomains; preload'), (b'Access-Control-Allow-Origin', b'*'), (b'Access-Control-Allow-Methods', b'GET, POST, OPTIONS'), (b'Access-Control-Expose-Headers', b'Content-Length,Content-Type,Date,Server,Connection')])
2025-07-10 14:26:23,753 - httpx - INFO - HTTP Request: POST https://api.telegram.org/bot7707158318:AAE8rWa4Q8Z_3avql6K0HAmXaooZAReoNF0/getUpdates "HTTP/1.1 200 OK"
2025-07-10 14:26:23,753 - httpcore.http11 - DEBUG - receive_response_body.started request=<Request [b'POST']>
2025-07-10 14:26:23,756 - httpcore.http11 - DEBUG - receive_response_body.complete
2025-07-10 14:26:23,756 - httpcore.http11 - DEBUG - response_closed.started
2025-07-10 14:26:23,757 - httpcore.http11 - DEBUG - response_closed.complete
2025-07-10 14:26:23,760 - telegram.ext.ExtBot - DEBUG - No new updates found.
2025-07-10 14:26:23,760 - telegram.ext.ExtBot - DEBUG - ()
2025-07-10 14:26:23,760 - telegram.ext.ExtBot - DEBUG - Exiting: get_updates
2025-07-10 14:26:23,760 - telegram.ext.ExtBot - DEBUG - Entering: get_updates
2025-07-10 14:26:23,764 - httpcore.http11 - DEBUG - send_request_headers.started request=<Request [b'POST']>
2025-07-10 14:26:23,764 - httpcore.http11 - DEBUG - send_request_headers.complete
2025-07-10 14:26:23,764 - httpcore.http11 - DEBUG - send_request_body.started request=<Request [b'POST']>
2025-07-10 14:26:23,766 - httpcore.http11 - DEBUG - send_request_body.complete
2025-07-10 14:26:23,766 - httpcore.http11 - DEBUG - receive_response_headers.started request=<Request [b'POST']>
2025-07-10 14:26:33,816 - httpcore.http11 - DEBUG - receive_response_headers.complete return_value=(b'HTTP/1.1', 200, b'OK', [(b'Server', b'nginx/1.18.0'), (b'Date', b'Thu, 10 Jul 2025 13:26:34 GMT'), (b'Content-Type', b'application/json'), (b'Content-Length', b'23'), (b'Connection', b'keep-alive'), (b'Strict-Transport-Security', b'max-age=31536000; includeSubDomains; preload'), (b'Access-Control-Allow-Origin', b'*'), (b'Access-Control-Allow-Methods', b'GET, POST, OPTIONS'), (b'Access-Control-Expose-Headers', b'Content-Length,Content-Type,Date,Server,Connection')])
2025-07-10 14:26:33,816 - httpx - INFO - HTTP Request: POST https://api.telegram.org/bot7707158318:AAE8rWa4Q8Z_3avql6K0HAmXaooZAReoNF0/getUpdates "HTTP/1.1 200 OK"
2025-07-10 14:26:33,818 - httpcore.http11 - DEBUG - receive_response_body.started request=<Request [b'POST']>
2025-07-10 14:26:33,819 - httpcore.http11 - DEBUG - receive_response_body.complete
2025-07-10 14:26:33,819 - httpcore.http11 - DEBUG - response_closed.started
2025-07-10 14:26:33,819 - httpcore.http11 - DEBUG - response_closed.complete
2025-07-10 14:26:33,819 - telegram.ext.ExtBot - DEBUG - No new updates found.
2025-07-10 14:26:33,819 - telegram.ext.ExtBot - DEBUG - ()
2025-07-10 14:26:33,819 - telegram.ext.ExtBot - DEBUG - Exiting: get_updates
2025-07-10 14:26:33,819 - telegram.ext.ExtBot - DEBUG - Entering: get_updates
2025-07-10 14:26:33,822 - httpcore.http11 - DEBUG - send_request_headers.started request=<Request [b'POST']>
2025-07-10 14:26:33,824 - httpcore.http11 - DEBUG - send_request_headers.complete
2025-07-10 14:26:33,824 - httpcore.http11 - DEBUG - send_request_body.started request=<Request [b'POST']>
2025-07-10 14:26:33,824 - httpcore.http11 - DEBUG - send_request_body.complete
2025-07-10 14:26:33,824 - httpcore.http11 - DEBUG - receive_response_headers.started request=<Request [b'POST']>
2025-07-10 14:26:43,884 - httpcore.http11 - DEBUG - receive_response_headers.complete return_value=(b'HTTP/1.1', 200, b'OK', [(b'Server', b'nginx/1.18.0'), (b'Date', b'Thu, 10 Jul 2025 13:26:44 GMT'), (b'Content-Type', b'application/json'), (b'Content-Length', b'23'), (b'Connection', b'keep-alive'), (b'Strict-Transport-Security', b'max-age=31536000; includeSubDomains; preload'), (b'Access-Control-Allow-Origin', b'*'), (b'Access-Control-Allow-Methods', b'GET, POST, OPTIONS'), (b'Access-Control-Expose-Headers', b'Content-Length,Content-Type,Date,Server,Connection')])
2025-07-10 14:26:43,886 - httpx - INFO - HTTP Request: POST https://api.telegram.org/bot7707158318:AAE8rWa4Q8Z_3avql6K0HAmXaooZAReoNF0/getUpdates "HTTP/1.1 200 OK"
2025-07-10 14:26:43,887 - httpcore.http11 - DEBUG - receive_response_body.started request=<Request [b'POST']>
2025-07-10 14:26:43,888 - httpcore.http11 - DEBUG - receive_response_body.complete
2025-07-10 14:26:43,888 - httpcore.http11 - DEBUG - response_closed.started
2025-07-10 14:26:43,888 - httpcore.http11 - DEBUG - response_closed.complete
2025-07-10 14:26:43,889 - telegram.ext.ExtBot - DEBUG - No new updates found.
2025-07-10 14:26:43,890 - telegram.ext.ExtBot - DEBUG - ()
2025-07-10 14:26:43,890 - telegram.ext.ExtBot - DEBUG - Exiting: get_updates
2025-07-10 14:26:43,890 - telegram.ext.ExtBot - DEBUG - Entering: get_updates
2025-07-10 14:26:43,893 - httpcore.http11 - DEBUG - send_request_headers.started request=<Request [b'POST']>
2025-07-10 14:26:43,893 - httpcore.http11 - DEBUG - send_request_headers.complete
2025-07-10 14:26:43,895 - httpcore.http11 - DEBUG - send_request_body.started request=<Request [b'POST']>
2025-07-10 14:26:43,895 - httpcore.http11 - DEBUG - send_request_body.complete
2025-07-10 14:26:43,895 - httpcore.http11 - DEBUG - receive_response_headers.started request=<Request [b'POST']>
2025-07-10 14:26:53,961 - httpcore.http11 - DEBUG - receive_response_headers.complete return_value=(b'HTTP/1.1', 200, b'OK', [(b'Server', b'nginx/1.18.0'), (b'Date', b'Thu, 10 Jul 2025 13:26:54 GMT'), (b'Content-Type', b'application/json'), (b'Content-Length', b'23'), (b'Connection', b'keep-alive'), (b'Strict-Transport-Security', b'max-age=31536000; includeSubDomains; preload'), (b'Access-Control-Allow-Origin', b'*'), (b'Access-Control-Allow-Methods', b'GET, POST, OPTIONS'), (b'Access-Control-Expose-Headers', b'Content-Length,Content-Type,Date,Server,Connection')])
2025-07-10 14:26:53,961 - httpx - INFO - HTTP Request: POST https://api.telegram.org/bot7707158318:AAE8rWa4Q8Z_3avql6K0HAmXaooZAReoNF0/getUpdates "HTTP/1.1 200 OK"
2025-07-10 14:26:53,964 - httpcore.http11 - DEBUG - receive_response_body.started request=<Request [b'POST']>
2025-07-10 14:26:53,964 - httpcore.http11 - DEBUG - receive_response_body.complete
2025-07-10 14:26:53,964 - httpcore.http11 - DEBUG - response_closed.started
2025-07-10 14:26:53,964 - httpcore.http11 - DEBUG - response_closed.complete
2025-07-10 14:26:53,966 - telegram.ext.ExtBot - DEBUG - No new updates found.
2025-07-10 14:26:53,967 - telegram.ext.ExtBot - DEBUG - ()
2025-07-10 14:26:53,967 - telegram.ext.ExtBot - DEBUG - Exiting: get_updates
2025-07-10 14:26:53,967 - telegram.ext.ExtBot - DEBUG - Entering: get_updates
2025-07-10 14:26:53,969 - httpcore.http11 - DEBUG - send_request_headers.started request=<Request [b'POST']>
2025-07-10 14:26:53,969 - httpcore.http11 - DEBUG - send_request_headers.complete
2025-07-10 14:26:53,969 - httpcore.http11 - DEBUG - send_request_body.started request=<Request [b'POST']>
2025-07-10 14:26:53,969 - httpcore.http11 - DEBUG - send_request_body.complete
2025-07-10 14:26:53,969 - httpcore.http11 - DEBUG - receive_response_headers.started request=<Request [b'POST']>
2025-07-10 14:27:04,021 - httpcore.http11 - DEBUG - receive_response_headers.complete return_value=(b'HTTP/1.1', 200, b'OK', [(b'Server', b'nginx/1.18.0'), (b'Date', b'Thu, 10 Jul 2025 13:27:04 GMT'), (b'Content-Type', b'application/json'), (b'Content-Length', b'23'), (b'Connection', b'keep-alive'), (b'Strict-Transport-Security', b'max-age=31536000; includeSubDomains; preload'), (b'Access-Control-Allow-Origin', b'*'), (b'Access-Control-Allow-Methods', b'GET, POST, OPTIONS'), (b'Access-Control-Expose-Headers', b'Content-Length,Content-Type,Date,Server,Connection')])
2025-07-10 14:27:04,022 - httpx - INFO - HTTP Request: POST https://api.telegram.org/bot7707158318:AAE8rWa4Q8Z_3avql6K0HAmXaooZAReoNF0/getUpdates "HTTP/1.1 200 OK"
2025-07-10 14:27:04,022 - httpcore.http11 - DEBUG - receive_response_body.started request=<Request [b'POST']>
2025-07-10 14:27:04,024 - httpcore.http11 - DEBUG - receive_response_body.complete
2025-07-10 14:27:04,024 - httpcore.http11 - DEBUG - response_closed.started
2025-07-10 14:27:04,024 - httpcore.http11 - DEBUG - response_closed.complete
2025-07-10 14:27:04,024 - telegram.ext.ExtBot - DEBUG - No new updates found.
2025-07-10 14:27:04,024 - telegram.ext.ExtBot - DEBUG - ()
2025-07-10 14:27:04,024 - telegram.ext.ExtBot - DEBUG - Exiting: get_updates
2025-07-10 14:27:04,024 - telegram.ext.ExtBot - DEBUG - Entering: get_updates
2025-07-10 14:27:04,027 - httpcore.http11 - DEBUG - send_request_headers.started request=<Request [b'POST']>
2025-07-10 14:27:04,027 - httpcore.http11 - DEBUG - send_request_headers.complete
2025-07-10 14:27:04,027 - httpcore.http11 - DEBUG - send_request_body.started request=<Request [b'POST']>
2025-07-10 14:27:04,030 - httpcore.http11 - DEBUG - send_request_body.complete
2025-07-10 14:27:04,030 - httpcore.http11 - DEBUG - receive_response_headers.started request=<Request [b'POST']>
2025-07-10 14:27:14,086 - httpcore.http11 - DEBUG - receive_response_headers.complete return_value=(b'HTTP/1.1', 200, b'OK', [(b'Server', b'nginx/1.18.0'), (b'Date', b'Thu, 10 Jul 2025 13:27:14 GMT'), (b'Content-Type', b'application/json'), (b'Content-Length', b'23'), (b'Connection', b'keep-alive'), (b'Strict-Transport-Security', b'max-age=31536000; includeSubDomains; preload'), (b'Access-Control-Allow-Origin', b'*'), (b'Access-Control-Allow-Methods', b'GET, POST, OPTIONS'), (b'Access-Control-Expose-Headers', b'Content-Length,Content-Type,Date,Server,Connection')])
2025-07-10 14:27:14,087 - httpx - INFO - HTTP Request: POST https://api.telegram.org/bot7707158318:AAE8rWa4Q8Z_3avql6K0HAmXaooZAReoNF0/getUpdates "HTTP/1.1 200 OK"
2025-07-10 14:27:14,088 - httpcore.http11 - DEBUG - receive_response_body.started request=<Request [b'POST']>
2025-07-10 14:27:14,088 - httpcore.http11 - DEBUG - receive_response_body.complete
2025-07-10 14:27:14,088 - httpcore.http11 - DEBUG - response_closed.started
2025-07-10 14:27:14,089 - httpcore.http11 - DEBUG - response_closed.complete
2025-07-10 14:27:14,090 - telegram.ext.ExtBot - DEBUG - No new updates found.
2025-07-10 14:27:14,090 - telegram.ext.ExtBot - DEBUG - ()
2025-07-10 14:27:14,090 - telegram.ext.ExtBot - DEBUG - Exiting: get_updates
2025-07-10 14:27:14,090 - telegram.ext.ExtBot - DEBUG - Entering: get_updates
2025-07-10 14:27:14,090 - httpcore.http11 - DEBUG - send_request_headers.started request=<Request [b'POST']>
2025-07-10 14:27:14,090 - httpcore.http11 - DEBUG - send_request_headers.complete
2025-07-10 14:27:14,090 - httpcore.http11 - DEBUG - send_request_body.started request=<Request [b'POST']>
2025-07-10 14:27:14,090 - httpcore.http11 - DEBUG - send_request_body.complete
2025-07-10 14:27:14,090 - httpcore.http11 - DEBUG - receive_response_headers.started request=<Request [b'POST']>
2025-07-10 14:27:24,145 - httpcore.http11 - DEBUG - receive_response_headers.complete return_value=(b'HTTP/1.1', 200, b'OK', [(b'Server', b'nginx/1.18.0'), (b'Date', b'Thu, 10 Jul 2025 13:27:24 GMT'), (b'Content-Type', b'application/json'), (b'Content-Length', b'23'), (b'Connection', b'keep-alive'), (b'Strict-Transport-Security', b'max-age=31536000; includeSubDomains; preload'), (b'Access-Control-Allow-Origin', b'*'), (b'Access-Control-Allow-Methods', b'GET, POST, OPTIONS'), (b'Access-Control-Expose-Headers', b'Content-Length,Content-Type,Date,Server,Connection')])
2025-07-10 14:27:24,147 - httpx - INFO - HTTP Request: POST https://api.telegram.org/bot7707158318:AAE8rWa4Q8Z_3avql6K0HAmXaooZAReoNF0/getUpdates "HTTP/1.1 200 OK"
2025-07-10 14:27:24,148 - httpcore.http11 - DEBUG - receive_response_body.started request=<Request [b'POST']>
2025-07-10 14:27:24,148 - httpcore.http11 - DEBUG - receive_response_body.complete
2025-07-10 14:27:24,148 - httpcore.http11 - DEBUG - response_closed.started
2025-07-10 14:27:24,149 - httpcore.http11 - DEBUG - response_closed.complete
2025-07-10 14:27:24,150 - telegram.ext.ExtBot - DEBUG - No new updates found.
2025-07-10 14:27:24,150 - telegram.ext.ExtBot - DEBUG - ()
2025-07-10 14:27:24,150 - telegram.ext.ExtBot - DEBUG - Exiting: get_updates
2025-07-10 14:27:24,151 - telegram.ext.ExtBot - DEBUG - Entering: get_updates
2025-07-10 14:27:24,156 - httpcore.http11 - DEBUG - send_request_headers.started request=<Request [b'POST']>
2025-07-10 14:27:24,158 - httpcore.http11 - DEBUG - send_request_headers.complete
2025-07-10 14:27:24,158 - httpcore.http11 - DEBUG - send_request_body.started request=<Request [b'POST']>
2025-07-10 14:27:24,160 - httpcore.http11 - DEBUG - send_request_body.complete
2025-07-10 14:27:24,160 - httpcore.http11 - DEBUG - receive_response_headers.started request=<Request [b'POST']>
2025-07-10 14:27:34,242 - httpcore.http11 - DEBUG - receive_response_headers.complete return_value=(b'HTTP/1.1', 200, b'OK', [(b'Server', b'nginx/1.18.0'), (b'Date', b'Thu, 10 Jul 2025 13:27:34 GMT'), (b'Content-Type', b'application/json'), (b'Content-Length', b'23'), (b'Connection', b'keep-alive'), (b'Strict-Transport-Security', b'max-age=31536000; includeSubDomains; preload'), (b'Access-Control-Allow-Origin', b'*'), (b'Access-Control-Allow-Methods', b'GET, POST, OPTIONS'), (b'Access-Control-Expose-Headers', b'Content-Length,Content-Type,Date,Server,Connection')])
2025-07-10 14:27:34,242 - httpx - INFO - HTTP Request: POST https://api.telegram.org/bot7707158318:AAE8rWa4Q8Z_3avql6K0HAmXaooZAReoNF0/getUpdates "HTTP/1.1 200 OK"
2025-07-10 14:27:34,246 - httpcore.http11 - DEBUG - receive_response_body.started request=<Request [b'POST']>
2025-07-10 14:27:34,247 - httpcore.http11 - DEBUG - receive_response_body.complete
2025-07-10 14:27:34,247 - httpcore.http11 - DEBUG - response_closed.started
2025-07-10 14:27:34,248 - httpcore.http11 - DEBUG - response_closed.complete
2025-07-10 14:27:34,250 - telegram.ext.ExtBot - DEBUG - No new updates found.
2025-07-10 14:27:34,250 - telegram.ext.ExtBot - DEBUG - ()
2025-07-10 14:27:34,250 - telegram.ext.ExtBot - DEBUG - Exiting: get_updates
2025-07-10 14:27:34,250 - telegram.ext.ExtBot - DEBUG - Entering: get_updates
2025-07-10 14:27:34,254 - httpcore.http11 - DEBUG - send_request_headers.started request=<Request [b'POST']>
2025-07-10 14:27:34,255 - httpcore.http11 - DEBUG - send_request_headers.complete
2025-07-10 14:27:34,256 - httpcore.http11 - DEBUG - send_request_body.started request=<Request [b'POST']>
2025-07-10 14:27:34,257 - httpcore.http11 - DEBUG - send_request_body.complete
2025-07-10 14:27:34,257 - httpcore.http11 - DEBUG - receive_response_headers.started request=<Request [b'POST']>
2025-07-10 14:27:44,309 - httpcore.http11 - DEBUG - receive_response_headers.complete return_value=(b'HTTP/1.1', 200, b'OK', [(b'Server', b'nginx/1.18.0'), (b'Date', b'Thu, 10 Jul 2025 13:27:44 GMT'), (b'Content-Type', b'application/json'), (b'Content-Length', b'23'), (b'Connection', b'keep-alive'), (b'Strict-Transport-Security', b'max-age=31536000; includeSubDomains; preload'), (b'Access-Control-Allow-Origin', b'*'), (b'Access-Control-Allow-Methods', b'GET, POST, OPTIONS'), (b'Access-Control-Expose-Headers', b'Content-Length,Content-Type,Date,Server,Connection')])
2025-07-10 14:27:44,311 - httpx - INFO - HTTP Request: POST https://api.telegram.org/bot7707158318:AAE8rWa4Q8Z_3avql6K0HAmXaooZAReoNF0/getUpdates "HTTP/1.1 200 OK"
2025-07-10 14:27:44,311 - httpcore.http11 - DEBUG - receive_response_body.started request=<Request [b'POST']>
2025-07-10 14:27:44,311 - httpcore.http11 - DEBUG - receive_response_body.complete
2025-07-10 14:27:44,311 - httpcore.http11 - DEBUG - response_closed.started
2025-07-10 14:27:44,313 - httpcore.http11 - DEBUG - response_closed.complete
2025-07-10 14:27:44,313 - telegram.ext.ExtBot - DEBUG - No new updates found.
2025-07-10 14:27:44,313 - telegram.ext.ExtBot - DEBUG - ()
2025-07-10 14:27:44,313 - telegram.ext.ExtBot - DEBUG - Exiting: get_updates
2025-07-10 14:27:44,313 - telegram.ext.ExtBot - DEBUG - Entering: get_updates
2025-07-10 14:27:44,316 - httpcore.http11 - DEBUG - send_request_headers.started request=<Request [b'POST']>
2025-07-10 14:27:44,319 - httpcore.http11 - DEBUG - send_request_headers.complete
2025-07-10 14:27:44,319 - httpcore.http11 - DEBUG - send_request_body.started request=<Request [b'POST']>
2025-07-10 14:27:44,319 - httpcore.http11 - DEBUG - send_request_body.complete
2025-07-10 14:27:44,319 - httpcore.http11 - DEBUG - receive_response_headers.started request=<Request [b'POST']>
2025-07-10 14:27:54,373 - httpcore.http11 - DEBUG - receive_response_headers.complete return_value=(b'HTTP/1.1', 200, b'OK', [(b'Server', b'nginx/1.18.0'), (b'Date', b'Thu, 10 Jul 2025 13:27:54 GMT'), (b'Content-Type', b'application/json'), (b'Content-Length', b'23'), (b'Connection', b'keep-alive'), (b'Strict-Transport-Security', b'max-age=31536000; includeSubDomains; preload'), (b'Access-Control-Allow-Origin', b'*'), (b'Access-Control-Allow-Methods', b'GET, POST, OPTIONS'), (b'Access-Control-Expose-Headers', b'Content-Length,Content-Type,Date,Server,Connection')])
2025-07-10 14:27:54,374 - httpx - INFO - HTTP Request: POST https://api.telegram.org/bot7707158318:AAE8rWa4Q8Z_3avql6K0HAmXaooZAReoNF0/getUpdates "HTTP/1.1 200 OK"
2025-07-10 14:27:54,376 - httpcore.http11 - DEBUG - receive_response_body.started request=<Request [b'POST']>
2025-07-10 14:27:54,376 - httpcore.http11 - DEBUG - receive_response_body.complete
2025-07-10 14:27:54,377 - httpcore.http11 - DEBUG - response_closed.started
2025-07-10 14:27:54,378 - httpcore.http11 - DEBUG - response_closed.complete
2025-07-10 14:27:54,378 - telegram.ext.ExtBot - DEBUG - No new updates found.
2025-07-10 14:27:54,378 - telegram.ext.ExtBot - DEBUG - ()
2025-07-10 14:27:54,378 - telegram.ext.ExtBot - DEBUG - Exiting: get_updates
2025-07-10 14:27:54,380 - telegram.ext.ExtBot - DEBUG - Entering: get_updates
2025-07-10 14:27:54,385 - httpcore.http11 - DEBUG - send_request_headers.started request=<Request [b'POST']>
2025-07-10 14:27:54,386 - httpcore.http11 - DEBUG - send_request_headers.complete
2025-07-10 14:27:54,388 - httpcore.http11 - DEBUG - send_request_body.started request=<Request [b'POST']>
2025-07-10 14:27:54,390 - httpcore.http11 - DEBUG - send_request_body.complete
2025-07-10 14:27:54,390 - httpcore.http11 - DEBUG - receive_response_headers.started request=<Request [b'POST']>
2025-07-10 14:28:04,444 - httpcore.http11 - DEBUG - receive_response_headers.complete return_value=(b'HTTP/1.1', 200, b'OK', [(b'Server', b'nginx/1.18.0'), (b'Date', b'Thu, 10 Jul 2025 13:28:05 GMT'), (b'Content-Type', b'application/json'), (b'Content-Length', b'23'), (b'Connection', b'keep-alive'), (b'Strict-Transport-Security', b'max-age=31536000; includeSubDomains; preload'), (b'Access-Control-Allow-Origin', b'*'), (b'Access-Control-Allow-Methods', b'GET, POST, OPTIONS'), (b'Access-Control-Expose-Headers', b'Content-Length,Content-Type,Date,Server,Connection')])
2025-07-10 14:28:04,444 - httpx - INFO - HTTP Request: POST https://api.telegram.org/bot7707158318:AAE8rWa4Q8Z_3avql6K0HAmXaooZAReoNF0/getUpdates "HTTP/1.1 200 OK"
2025-07-10 14:28:04,447 - httpcore.http11 - DEBUG - receive_response_body.started request=<Request [b'POST']>
2025-07-10 14:28:04,449 - httpcore.http11 - DEBUG - receive_response_body.complete
2025-07-10 14:28:04,449 - httpcore.http11 - DEBUG - response_closed.started
2025-07-10 14:28:04,449 - httpcore.http11 - DEBUG - response_closed.complete
2025-07-10 14:28:04,453 - telegram.ext.ExtBot - DEBUG - No new updates found.
2025-07-10 14:28:04,453 - telegram.ext.ExtBot - DEBUG - ()
2025-07-10 14:28:04,453 - telegram.ext.ExtBot - DEBUG - Exiting: get_updates
2025-07-10 14:28:04,453 - telegram.ext.ExtBot - DEBUG - Entering: get_updates
2025-07-10 14:28:04,456 - httpcore.http11 - DEBUG - send_request_headers.started request=<Request [b'POST']>
2025-07-10 14:28:04,456 - httpcore.http11 - DEBUG - send_request_headers.complete
2025-07-10 14:28:04,456 - httpcore.http11 - DEBUG - send_request_body.started request=<Request [b'POST']>
2025-07-10 14:28:04,460 - httpcore.http11 - DEBUG - send_request_body.complete
2025-07-10 14:28:04,460 - httpcore.http11 - DEBUG - receive_response_headers.started request=<Request [b'POST']>
