2025-07-09 23:10:36,579 - asyncio - DEBUG - Using proactor: IocpProactor
2025-07-09 23:10:36,585 - httpx - DEBUG - load_ssl_context verify=True cert=None trust_env=True http2=False
2025-07-09 23:10:36,589 - httpx - DEBUG - load_verify_locations cafile='c:\\Users\\Rachid Aitali\\OneDrive - 4JM Solutions Limited\\Desktop\\SniperX-V3-Best-Version-at-now\\.venv\\lib\\site-packages\\certifi\\cacert.pem'
2025-07-09 23:10:36,624 - httpx - DEBUG - load_ssl_context verify=True cert=None trust_env=True http2=False
2025-07-09 23:10:36,624 - httpx - DEBUG - load_verify_locations cafile='c:\\Users\\Rachid Aitali\\OneDrive - 4JM Solutions Limited\\Desktop\\SniperX-V3-Best-Version-at-now\\.venv\\lib\\site-packages\\certifi\\cacert.pem'
2025-07-09 23:10:36,650 - __main__ - INFO - Telegram Manager Bot started. Send /menu to interact.
2025-07-09 23:10:36,651 - telegram.ext.ExtBot - DEBUG - Entering: send_message
2025-07-09 23:10:36,672 - httpcore.connection - DEBUG - connect_tcp.started host='api.telegram.org' port=443 local_address=None timeout=5.0 socket_options=None
2025-07-09 23:10:37,138 - httpcore.connection - DEBUG - connect_tcp.complete return_value=<httpcore._backends.anyio.AnyIOStream object at 0x000001CF20E0B610>
2025-07-09 23:10:37,138 - httpcore.connection - DEBUG - start_tls.started ssl_context=<ssl.SSLContext object at 0x000001CF20DC8340> server_hostname='api.telegram.org' timeout=5.0
2025-07-09 23:10:37,261 - httpcore.connection - DEBUG - start_tls.complete return_value=<httpcore._backends.anyio.AnyIOStream object at 0x000001CF20E0ACB0>
2025-07-09 23:10:37,263 - httpcore.http11 - DEBUG - send_request_headers.started request=<Request [b'POST']>
2025-07-09 23:10:37,266 - httpcore.http11 - DEBUG - send_request_headers.complete
2025-07-09 23:10:37,266 - httpcore.http11 - DEBUG - send_request_body.started request=<Request [b'POST']>
2025-07-09 23:10:37,268 - httpcore.http11 - DEBUG - send_request_body.complete
2025-07-09 23:10:37,268 - httpcore.http11 - DEBUG - receive_response_headers.started request=<Request [b'POST']>
2025-07-09 23:10:37,403 - httpcore.http11 - DEBUG - receive_response_headers.complete return_value=(b'HTTP/1.1', 200, b'OK', [(b'Server', b'nginx/1.18.0'), (b'Date', b'Wed, 09 Jul 2025 22:10:37 GMT'), (b'Content-Type', b'application/json'), (b'Content-Length', b'352'), (b'Connection', b'keep-alive'), (b'Strict-Transport-Security', b'max-age=31536000; includeSubDomains; preload'), (b'Access-Control-Allow-Origin', b'*'), (b'Access-Control-Allow-Methods', b'GET, POST, OPTIONS'), (b'Access-Control-Expose-Headers', b'Content-Length,Content-Type,Date,Server,Connection')])
2025-07-09 23:10:37,408 - httpx - INFO - HTTP Request: POST https://api.telegram.org/bot7707158318:AAE8rWa4Q8Z_3avql6K0HAmXaooZAReoNF0/sendMessage "HTTP/1.1 200 OK"
2025-07-09 23:10:37,419 - httpcore.http11 - DEBUG - receive_response_body.started request=<Request [b'POST']>
2025-07-09 23:10:37,419 - httpcore.http11 - DEBUG - receive_response_body.complete
2025-07-09 23:10:37,421 - httpcore.http11 - DEBUG - response_closed.started
2025-07-09 23:10:37,421 - httpcore.http11 - DEBUG - response_closed.complete
2025-07-09 23:10:37,428 - telegram.ext.ExtBot - DEBUG - Message(channel_chat_created=False, chat=Chat(first_name='Ghost', id=7049055170, last_name='Number1', type=<ChatType.PRIVATE>), date=datetime.datetime(2025, 7, 9, 22, 10, 37, tzinfo=<UTC>), delete_chat_photo=False, entities=(MessageEntity(length=5, offset=36, type=<MessageEntityType.BOT_COMMAND>),), from_user=User(first_name='SPRD', id=7707158318, is_bot=True, username='tizi91Bot'), group_chat_created=False, message_id=13431, supergroup_chat_created=False, text='SniperX Control Bot is online! Send /menu to see options.')
2025-07-09 23:10:37,432 - telegram.ext.ExtBot - DEBUG - Exiting: send_message
2025-07-09 23:10:37,433 - telegram.ext.ExtBot - DEBUG - Entering: get_me
2025-07-09 23:10:37,437 - httpcore.http11 - DEBUG - send_request_headers.started request=<Request [b'POST']>
2025-07-09 23:10:37,437 - httpcore.http11 - DEBUG - send_request_headers.complete
2025-07-09 23:10:37,437 - httpcore.http11 - DEBUG - send_request_body.started request=<Request [b'POST']>
2025-07-09 23:10:37,439 - httpcore.http11 - DEBUG - send_request_body.complete
2025-07-09 23:10:37,439 - httpcore.http11 - DEBUG - receive_response_headers.started request=<Request [b'POST']>
2025-07-09 23:10:37,537 - httpcore.http11 - DEBUG - receive_response_headers.complete return_value=(b'HTTP/1.1', 200, b'OK', [(b'Server', b'nginx/1.18.0'), (b'Date', b'Wed, 09 Jul 2025 22:10:37 GMT'), (b'Content-Type', b'application/json'), (b'Content-Length', b'243'), (b'Connection', b'keep-alive'), (b'Strict-Transport-Security', b'max-age=31536000; includeSubDomains; preload'), (b'Access-Control-Allow-Origin', b'*'), (b'Access-Control-Allow-Methods', b'GET, POST, OPTIONS'), (b'Access-Control-Expose-Headers', b'Content-Length,Content-Type,Date,Server,Connection')])
2025-07-09 23:10:37,537 - httpx - INFO - HTTP Request: POST https://api.telegram.org/bot7707158318:AAE8rWa4Q8Z_3avql6K0HAmXaooZAReoNF0/getMe "HTTP/1.1 200 OK"
2025-07-09 23:10:37,537 - httpcore.http11 - DEBUG - receive_response_body.started request=<Request [b'POST']>
2025-07-09 23:10:37,541 - httpcore.http11 - DEBUG - receive_response_body.complete
2025-07-09 23:10:37,542 - httpcore.http11 - DEBUG - response_closed.started
2025-07-09 23:10:37,542 - httpcore.http11 - DEBUG - response_closed.complete
2025-07-09 23:10:37,543 - telegram.ext.ExtBot - DEBUG - User(api_kwargs={'can_connect_to_business': False, 'has_main_web_app': False}, can_join_groups=True, can_read_all_group_messages=False, first_name='SPRD', id=7707158318, is_bot=True, supports_inline_queries=False, username='tizi91Bot')
2025-07-09 23:10:37,543 - telegram.ext.ExtBot - DEBUG - Exiting: get_me
2025-07-09 23:10:37,543 - telegram.ext.ExtBot - DEBUG - This Bot is already initialized.
2025-07-09 23:10:37,543 - telegram.ext.Updater - DEBUG - Updater started (polling)
2025-07-09 23:10:37,543 - telegram.ext.Updater - DEBUG - Start network loop retry bootstrap del webhook
2025-07-09 23:10:37,543 - telegram.ext.Updater - DEBUG - Deleting webhook
2025-07-09 23:10:37,543 - telegram.ext.ExtBot - DEBUG - Entering: delete_webhook
2025-07-09 23:10:37,546 - httpcore.http11 - DEBUG - send_request_headers.started request=<Request [b'POST']>
2025-07-09 23:10:37,546 - httpcore.http11 - DEBUG - send_request_headers.complete
2025-07-09 23:10:37,546 - httpcore.http11 - DEBUG - send_request_body.started request=<Request [b'POST']>
2025-07-09 23:10:37,546 - httpcore.http11 - DEBUG - send_request_body.complete
2025-07-09 23:10:37,546 - httpcore.http11 - DEBUG - receive_response_headers.started request=<Request [b'POST']>
2025-07-09 23:10:37,658 - httpcore.http11 - DEBUG - receive_response_headers.complete return_value=(b'HTTP/1.1', 200, b'OK', [(b'Server', b'nginx/1.18.0'), (b'Date', b'Wed, 09 Jul 2025 22:10:37 GMT'), (b'Content-Type', b'application/json'), (b'Content-Length', b'68'), (b'Connection', b'keep-alive'), (b'Strict-Transport-Security', b'max-age=31536000; includeSubDomains; preload'), (b'Access-Control-Allow-Origin', b'*'), (b'Access-Control-Allow-Methods', b'GET, POST, OPTIONS'), (b'Access-Control-Expose-Headers', b'Content-Length,Content-Type,Date,Server,Connection')])
2025-07-09 23:10:37,658 - httpx - INFO - HTTP Request: POST https://api.telegram.org/bot7707158318:AAE8rWa4Q8Z_3avql6K0HAmXaooZAReoNF0/deleteWebhook "HTTP/1.1 200 OK"
2025-07-09 23:10:37,658 - httpcore.http11 - DEBUG - receive_response_body.started request=<Request [b'POST']>
2025-07-09 23:10:37,658 - httpcore.http11 - DEBUG - receive_response_body.complete
2025-07-09 23:10:37,658 - httpcore.http11 - DEBUG - response_closed.started
2025-07-09 23:10:37,658 - httpcore.http11 - DEBUG - response_closed.complete
2025-07-09 23:10:37,663 - telegram.ext.ExtBot - DEBUG - True
2025-07-09 23:10:37,663 - telegram.ext.ExtBot - DEBUG - Exiting: delete_webhook
2025-07-09 23:10:37,663 - telegram.ext.Updater - DEBUG - Bootstrap done
2025-07-09 23:10:37,663 - telegram.ext.Updater - DEBUG - Waiting for polling to start
2025-07-09 23:10:37,663 - telegram.ext.Updater - DEBUG - Polling updates from Telegram started
2025-07-09 23:10:37,664 - telegram.ext.Updater - DEBUG - Start network loop retry getting Updates
2025-07-09 23:10:37,664 - telegram.ext.ExtBot - DEBUG - Entering: get_updates
2025-07-09 23:10:37,666 - telegram.ext.Application - INFO - Application started
2025-07-09 23:10:37,666 - httpcore.connection - DEBUG - connect_tcp.started host='api.telegram.org' port=443 local_address=None timeout=5.0 socket_options=None
2025-07-09 23:10:37,773 - httpcore.connection - DEBUG - connect_tcp.complete return_value=<httpcore._backends.anyio.AnyIOStream object at 0x000001CF20E5B160>
2025-07-09 23:10:37,775 - httpcore.connection - DEBUG - start_tls.started ssl_context=<ssl.SSLContext object at 0x000001CF20DC8240> server_hostname='api.telegram.org' timeout=5.0
2025-07-09 23:10:37,911 - httpcore.connection - DEBUG - start_tls.complete return_value=<httpcore._backends.anyio.AnyIOStream object at 0x000001CF20E5B010>
2025-07-09 23:10:37,911 - httpcore.http11 - DEBUG - send_request_headers.started request=<Request [b'POST']>
2025-07-09 23:10:37,913 - httpcore.http11 - DEBUG - send_request_headers.complete
2025-07-09 23:10:37,914 - httpcore.http11 - DEBUG - send_request_body.started request=<Request [b'POST']>
2025-07-09 23:10:37,914 - httpcore.http11 - DEBUG - send_request_body.complete
2025-07-09 23:10:37,914 - httpcore.http11 - DEBUG - receive_response_headers.started request=<Request [b'POST']>
2025-07-09 23:10:47,992 - httpcore.http11 - DEBUG - receive_response_headers.complete return_value=(b'HTTP/1.1', 200, b'OK', [(b'Server', b'nginx/1.18.0'), (b'Date', b'Wed, 09 Jul 2025 22:10:47 GMT'), (b'Content-Type', b'application/json'), (b'Content-Length', b'23'), (b'Connection', b'keep-alive'), (b'Strict-Transport-Security', b'max-age=31536000; includeSubDomains; preload'), (b'Access-Control-Allow-Origin', b'*'), (b'Access-Control-Allow-Methods', b'GET, POST, OPTIONS'), (b'Access-Control-Expose-Headers', b'Content-Length,Content-Type,Date,Server,Connection')])
2025-07-09 23:10:47,993 - httpx - INFO - HTTP Request: POST https://api.telegram.org/bot7707158318:AAE8rWa4Q8Z_3avql6K0HAmXaooZAReoNF0/getUpdates "HTTP/1.1 200 OK"
2025-07-09 23:10:47,994 - httpcore.http11 - DEBUG - receive_response_body.started request=<Request [b'POST']>
2025-07-09 23:10:47,996 - httpcore.http11 - DEBUG - receive_response_body.complete
2025-07-09 23:10:47,996 - httpcore.http11 - DEBUG - response_closed.started
2025-07-09 23:10:47,996 - httpcore.http11 - DEBUG - response_closed.complete
2025-07-09 23:10:47,996 - telegram.ext.ExtBot - DEBUG - No new updates found.
2025-07-09 23:10:47,996 - telegram.ext.ExtBot - DEBUG - ()
2025-07-09 23:10:47,996 - telegram.ext.ExtBot - DEBUG - Exiting: get_updates
2025-07-09 23:10:47,999 - telegram.ext.ExtBot - DEBUG - Entering: get_updates
2025-07-09 23:10:48,001 - httpcore.http11 - DEBUG - send_request_headers.started request=<Request [b'POST']>
2025-07-09 23:10:48,003 - httpcore.http11 - DEBUG - send_request_headers.complete
2025-07-09 23:10:48,003 - httpcore.http11 - DEBUG - send_request_body.started request=<Request [b'POST']>
2025-07-09 23:10:48,006 - httpcore.http11 - DEBUG - send_request_body.complete
2025-07-09 23:10:48,006 - httpcore.http11 - DEBUG - receive_response_headers.started request=<Request [b'POST']>
2025-07-09 23:10:52,716 - httpcore.http11 - DEBUG - receive_response_headers.complete return_value=(b'HTTP/1.1', 200, b'OK', [(b'Server', b'nginx/1.18.0'), (b'Date', b'Wed, 09 Jul 2025 22:10:52 GMT'), (b'Content-Type', b'application/json'), (b'Content-Length', b'357'), (b'Connection', b'keep-alive'), (b'Strict-Transport-Security', b'max-age=31536000; includeSubDomains; preload'), (b'Access-Control-Allow-Origin', b'*'), (b'Access-Control-Allow-Methods', b'GET, POST, OPTIONS'), (b'Access-Control-Expose-Headers', b'Content-Length,Content-Type,Date,Server,Connection')])
2025-07-09 23:10:52,717 - httpx - INFO - HTTP Request: POST https://api.telegram.org/bot7707158318:AAE8rWa4Q8Z_3avql6K0HAmXaooZAReoNF0/getUpdates "HTTP/1.1 200 OK"
2025-07-09 23:10:52,721 - httpcore.http11 - DEBUG - receive_response_body.started request=<Request [b'POST']>
2025-07-09 23:10:52,721 - httpcore.http11 - DEBUG - receive_response_body.complete
2025-07-09 23:10:52,721 - httpcore.http11 - DEBUG - response_closed.started
2025-07-09 23:10:52,723 - httpcore.http11 - DEBUG - response_closed.complete
2025-07-09 23:10:52,724 - telegram.ext.ExtBot - DEBUG - Getting updates: [37530798]
2025-07-09 23:10:52,726 - telegram.ext.ExtBot - DEBUG - (Update(message=Message(channel_chat_created=False, chat=Chat(first_name='Ghost', id=7049055170, last_name='Number1', type=<ChatType.PRIVATE>), date=datetime.datetime(2025, 7, 9, 22, 10, 52, tzinfo=<UTC>), delete_chat_photo=False, entities=(MessageEntity(length=5, offset=0, type=<MessageEntityType.BOT_COMMAND>),), from_user=User(first_name='Ghost', id=7049055170, is_bot=False, language_code='en', last_name='Number1'), group_chat_created=False, message_id=13432, supergroup_chat_created=False, text='/menu'), update_id=37530798),)
2025-07-09 23:10:52,727 - telegram.ext.ExtBot - DEBUG - Exiting: get_updates
2025-07-09 23:10:52,729 - telegram.ext.ExtBot - DEBUG - Entering: get_updates
2025-07-09 23:10:52,732 - telegram.ext.Application - DEBUG - Processing update Update(message=Message(channel_chat_created=False, chat=Chat(first_name='Ghost', id=7049055170, last_name='Number1', type=<ChatType.PRIVATE>), date=datetime.datetime(2025, 7, 9, 22, 10, 52, tzinfo=<UTC>), delete_chat_photo=False, entities=(MessageEntity(length=5, offset=0, type=<MessageEntityType.BOT_COMMAND>),), from_user=User(first_name='Ghost', id=7049055170, is_bot=False, language_code='en', last_name='Number1'), group_chat_created=False, message_id=13432, supergroup_chat_created=False, text='/menu'), update_id=37530798)
2025-07-09 23:10:52,737 - telegram.ext.ExtBot - DEBUG - Entering: send_message
2025-07-09 23:10:52,742 - httpcore.connection - DEBUG - close.started
2025-07-09 23:10:52,744 - httpcore.connection - DEBUG - close.complete
2025-07-09 23:10:52,745 - httpcore.http11 - DEBUG - send_request_headers.started request=<Request [b'POST']>
2025-07-09 23:10:52,747 - httpcore.connection - DEBUG - connect_tcp.started host='api.telegram.org' port=443 local_address=None timeout=5.0 socket_options=None
2025-07-09 23:10:52,749 - httpcore.http11 - DEBUG - send_request_headers.complete
2025-07-09 23:10:52,750 - httpcore.http11 - DEBUG - send_request_body.started request=<Request [b'POST']>
2025-07-09 23:10:52,757 - httpcore.http11 - DEBUG - send_request_body.complete
2025-07-09 23:10:52,758 - httpcore.http11 - DEBUG - receive_response_headers.started request=<Request [b'POST']>
2025-07-09 23:10:52,868 - httpcore.connection - DEBUG - connect_tcp.complete return_value=<httpcore._backends.anyio.AnyIOStream object at 0x000001CF20E59510>
2025-07-09 23:10:52,868 - httpcore.connection - DEBUG - start_tls.started ssl_context=<ssl.SSLContext object at 0x000001CF20DC8340> server_hostname='api.telegram.org' timeout=5.0
2025-07-09 23:10:52,975 - httpcore.connection - DEBUG - start_tls.complete return_value=<httpcore._backends.anyio.AnyIOStream object at 0x000001CF20E5A440>
2025-07-09 23:10:52,976 - httpcore.http11 - DEBUG - send_request_headers.started request=<Request [b'POST']>
2025-07-09 23:10:52,977 - httpcore.http11 - DEBUG - send_request_headers.complete
2025-07-09 23:10:52,977 - httpcore.http11 - DEBUG - send_request_body.started request=<Request [b'POST']>
2025-07-09 23:10:52,981 - httpcore.http11 - DEBUG - send_request_body.complete
2025-07-09 23:10:52,981 - httpcore.http11 - DEBUG - receive_response_headers.started request=<Request [b'POST']>
2025-07-09 23:10:53,074 - httpcore.http11 - DEBUG - receive_response_headers.complete return_value=(b'HTTP/1.1', 200, b'OK', [(b'Server', b'nginx/1.18.0'), (b'Date', b'Wed, 09 Jul 2025 22:10:53 GMT'), (b'Content-Type', b'application/json'), (b'Content-Length', b'570'), (b'Connection', b'keep-alive'), (b'Strict-Transport-Security', b'max-age=31536000; includeSubDomains; preload'), (b'Access-Control-Allow-Origin', b'*'), (b'Access-Control-Allow-Methods', b'GET, POST, OPTIONS'), (b'Access-Control-Expose-Headers', b'Content-Length,Content-Type,Date,Server,Connection')])
2025-07-09 23:10:53,077 - httpx - INFO - HTTP Request: POST https://api.telegram.org/bot7707158318:AAE8rWa4Q8Z_3avql6K0HAmXaooZAReoNF0/sendMessage "HTTP/1.1 200 OK"
2025-07-09 23:10:53,077 - httpcore.http11 - DEBUG - receive_response_body.started request=<Request [b'POST']>
2025-07-09 23:10:53,078 - httpcore.http11 - DEBUG - receive_response_body.complete
2025-07-09 23:10:53,078 - httpcore.http11 - DEBUG - response_closed.started
2025-07-09 23:10:53,078 - httpcore.http11 - DEBUG - response_closed.complete
2025-07-09 23:10:53,081 - telegram.ext.ExtBot - DEBUG - Message(channel_chat_created=False, chat=Chat(first_name='Ghost', id=7049055170, last_name='Number1', type=<ChatType.PRIVATE>), date=datetime.datetime(2025, 7, 9, 22, 10, 53, tzinfo=<UTC>), delete_chat_photo=False, from_user=User(first_name='SPRD', id=7707158318, is_bot=True, username='tizi91Bot'), group_chat_created=False, message_id=13433, reply_markup=InlineKeyboardMarkup(inline_keyboard=((InlineKeyboardButton(callback_data='start_sniperx', text='🚀 Start SniperX'),), (InlineKeyboardButton(callback_data='stop_sniperx', text='🛑 Stop SniperX'), InlineKeyboardButton(callback_data='status_sniperx', text='📊 Status')), (InlineKeyboardButton(callback_data='show_balance', text='💰 Balance'),))), supergroup_chat_created=False, text='SniperX Bot Control Panel:')
2025-07-09 23:10:53,082 - telegram.ext.ExtBot - DEBUG - Exiting: send_message
2025-07-09 23:10:55,388 - httpcore.http11 - DEBUG - receive_response_headers.complete return_value=(b'HTTP/1.1', 200, b'OK', [(b'Server', b'nginx/1.18.0'), (b'Date', b'Wed, 09 Jul 2025 22:10:55 GMT'), (b'Content-Type', b'application/json'), (b'Content-Length', b'818'), (b'Connection', b'keep-alive'), (b'Strict-Transport-Security', b'max-age=31536000; includeSubDomains; preload'), (b'Access-Control-Allow-Origin', b'*'), (b'Access-Control-Allow-Methods', b'GET, POST, OPTIONS'), (b'Access-Control-Expose-Headers', b'Content-Length,Content-Type,Date,Server,Connection')])
2025-07-09 23:10:55,389 - httpx - INFO - HTTP Request: POST https://api.telegram.org/bot7707158318:AAE8rWa4Q8Z_3avql6K0HAmXaooZAReoNF0/getUpdates "HTTP/1.1 200 OK"
2025-07-09 23:10:55,391 - httpcore.http11 - DEBUG - receive_response_body.started request=<Request [b'POST']>
2025-07-09 23:10:55,391 - httpcore.http11 - DEBUG - receive_response_body.complete
2025-07-09 23:10:55,392 - httpcore.http11 - DEBUG - response_closed.started
2025-07-09 23:10:55,393 - httpcore.http11 - DEBUG - response_closed.complete
2025-07-09 23:10:55,394 - telegram.ext.ExtBot - DEBUG - Getting updates: [37530799]
2025-07-09 23:10:55,395 - telegram.ext.ExtBot - DEBUG - (Update(callback_query=CallbackQuery(chat_instance='-1307310250263184334', data='start_sniperx', from_user=User(first_name='Ghost', id=7049055170, is_bot=False, language_code='en', last_name='Number1'), id='2605345312660212980', message=Message(channel_chat_created=False, chat=Chat(first_name='Ghost', id=7049055170, last_name='Number1', type=<ChatType.PRIVATE>), date=datetime.datetime(2025, 7, 9, 22, 10, 53, tzinfo=<UTC>), delete_chat_photo=False, from_user=User(first_name='SPRD', id=7707158318, is_bot=True, username='tizi91Bot'), group_chat_created=False, message_id=13433, reply_markup=InlineKeyboardMarkup(inline_keyboard=((InlineKeyboardButton(callback_data='start_sniperx', text='🚀 Start SniperX'),), (InlineKeyboardButton(callback_data='stop_sniperx', text='🛑 Stop SniperX'), InlineKeyboardButton(callback_data='status_sniperx', text='📊 Status')), (InlineKeyboardButton(callback_data='show_balance', text='💰 Balance'),))), supergroup_chat_created=False, text='SniperX Bot Control Panel:')), update_id=37530799),)
2025-07-09 23:10:55,397 - telegram.ext.ExtBot - DEBUG - Exiting: get_updates
2025-07-09 23:10:55,397 - telegram.ext.ExtBot - DEBUG - Entering: get_updates
2025-07-09 23:10:55,400 - telegram.ext.Application - DEBUG - Processing update Update(callback_query=CallbackQuery(chat_instance='-1307310250263184334', data='start_sniperx', from_user=User(first_name='Ghost', id=7049055170, is_bot=False, language_code='en', last_name='Number1'), id='2605345312660212980', message=Message(channel_chat_created=False, chat=Chat(first_name='Ghost', id=7049055170, last_name='Number1', type=<ChatType.PRIVATE>), date=datetime.datetime(2025, 7, 9, 22, 10, 53, tzinfo=<UTC>), delete_chat_photo=False, from_user=User(first_name='SPRD', id=7707158318, is_bot=True, username='tizi91Bot'), group_chat_created=False, message_id=13433, reply_markup=InlineKeyboardMarkup(inline_keyboard=((InlineKeyboardButton(callback_data='start_sniperx', text='🚀 Start SniperX'),), (InlineKeyboardButton(callback_data='stop_sniperx', text='🛑 Stop SniperX'), InlineKeyboardButton(callback_data='status_sniperx', text='📊 Status')), (InlineKeyboardButton(callback_data='show_balance', text='💰 Balance'),))), supergroup_chat_created=False, text='SniperX Bot Control Panel:')), update_id=37530799)
2025-07-09 23:10:55,410 - __main__ - INFO - Button callback received: Update(callback_query=CallbackQuery(chat_instance='-1307310250263184334', data='start_sniperx', from_user=User(first_name='Ghost', id=7049055170, is_bot=False, language_code='en', last_name='Number1'), id='2605345312660212980', message=Message(channel_chat_created=False, chat=Chat(first_name='Ghost', id=7049055170, last_name='Number1', type=<ChatType.PRIVATE>), date=datetime.datetime(2025, 7, 9, 22, 10, 53, tzinfo=<UTC>), delete_chat_photo=False, from_user=User(first_name='SPRD', id=7707158318, is_bot=True, username='tizi91Bot'), group_chat_created=False, message_id=13433, reply_markup=InlineKeyboardMarkup(inline_keyboard=((InlineKeyboardButton(callback_data='start_sniperx', text='🚀 Start SniperX'),), (InlineKeyboardButton(callback_data='stop_sniperx', text='🛑 Stop SniperX'), InlineKeyboardButton(callback_data='status_sniperx', text='📊 Status')), (InlineKeyboardButton(callback_data='show_balance', text='💰 Balance'),))), supergroup_chat_created=False, text='SniperX Bot Control Panel:')), update_id=37530799)
2025-07-09 23:10:55,421 - telegram.ext.ExtBot - DEBUG - Entering: answer_callback_query
2025-07-09 23:10:55,447 - httpcore.http11 - DEBUG - send_request_headers.started request=<Request [b'POST']>
2025-07-09 23:10:55,453 - httpcore.http11 - DEBUG - send_request_headers.started request=<Request [b'POST']>
2025-07-09 23:10:55,463 - httpcore.http11 - DEBUG - send_request_headers.complete
2025-07-09 23:10:55,464 - httpcore.http11 - DEBUG - send_request_body.started request=<Request [b'POST']>
2025-07-09 23:10:55,471 - httpcore.http11 - DEBUG - send_request_headers.complete
2025-07-09 23:10:55,473 - httpcore.http11 - DEBUG - send_request_body.started request=<Request [b'POST']>
2025-07-09 23:10:55,476 - httpcore.http11 - DEBUG - send_request_body.complete
2025-07-09 23:10:55,476 - httpcore.http11 - DEBUG - receive_response_headers.started request=<Request [b'POST']>
2025-07-09 23:10:55,478 - httpcore.http11 - DEBUG - send_request_body.complete
2025-07-09 23:10:55,478 - httpcore.http11 - DEBUG - receive_response_headers.started request=<Request [b'POST']>
2025-07-09 23:10:55,637 - httpcore.http11 - DEBUG - receive_response_headers.complete return_value=(b'HTTP/1.1', 200, b'OK', [(b'Server', b'nginx/1.18.0'), (b'Date', b'Wed, 09 Jul 2025 22:10:55 GMT'), (b'Content-Type', b'application/json'), (b'Content-Length', b'25'), (b'Connection', b'keep-alive'), (b'Strict-Transport-Security', b'max-age=31536000; includeSubDomains; preload'), (b'Access-Control-Allow-Origin', b'*'), (b'Access-Control-Allow-Methods', b'GET, POST, OPTIONS'), (b'Access-Control-Expose-Headers', b'Content-Length,Content-Type,Date,Server,Connection')])
2025-07-09 23:10:55,639 - httpx - INFO - HTTP Request: POST https://api.telegram.org/bot7707158318:AAE8rWa4Q8Z_3avql6K0HAmXaooZAReoNF0/answerCallbackQuery "HTTP/1.1 200 OK"
2025-07-09 23:10:55,640 - httpcore.http11 - DEBUG - receive_response_body.started request=<Request [b'POST']>
2025-07-09 23:10:55,641 - httpcore.http11 - DEBUG - receive_response_body.complete
2025-07-09 23:10:55,641 - httpcore.http11 - DEBUG - response_closed.started
2025-07-09 23:10:55,642 - httpcore.http11 - DEBUG - response_closed.complete
2025-07-09 23:10:55,643 - telegram.ext.ExtBot - DEBUG - True
2025-07-09 23:10:55,644 - telegram.ext.ExtBot - DEBUG - Exiting: answer_callback_query
2025-07-09 23:10:55,644 - __main__ - INFO - Processing action: start_sniperx
2025-07-09 23:10:55,650 - telegram.ext.ExtBot - DEBUG - Entering: send_message
2025-07-09 23:10:55,660 - httpcore.http11 - DEBUG - send_request_headers.started request=<Request [b'POST']>
2025-07-09 23:10:55,661 - httpcore.http11 - DEBUG - send_request_headers.complete
2025-07-09 23:10:55,662 - httpcore.http11 - DEBUG - send_request_body.started request=<Request [b'POST']>
2025-07-09 23:10:55,663 - httpcore.http11 - DEBUG - send_request_body.complete
2025-07-09 23:10:55,663 - httpcore.http11 - DEBUG - receive_response_headers.started request=<Request [b'POST']>
2025-07-09 23:10:55,823 - httpcore.http11 - DEBUG - receive_response_headers.complete return_value=(b'HTTP/1.1', 200, b'OK', [(b'Server', b'nginx/1.18.0'), (b'Date', b'Wed, 09 Jul 2025 22:10:55 GMT'), (b'Content-Type', b'application/json'), (b'Content-Length', b'262'), (b'Connection', b'keep-alive'), (b'Strict-Transport-Security', b'max-age=31536000; includeSubDomains; preload'), (b'Access-Control-Allow-Origin', b'*'), (b'Access-Control-Allow-Methods', b'GET, POST, OPTIONS'), (b'Access-Control-Expose-Headers', b'Content-Length,Content-Type,Date,Server,Connection')])
2025-07-09 23:10:55,826 - httpx - INFO - HTTP Request: POST https://api.telegram.org/bot7707158318:AAE8rWa4Q8Z_3avql6K0HAmXaooZAReoNF0/sendMessage "HTTP/1.1 200 OK"
2025-07-09 23:10:55,828 - httpcore.http11 - DEBUG - receive_response_body.started request=<Request [b'POST']>
2025-07-09 23:10:55,828 - httpcore.http11 - DEBUG - receive_response_body.complete
2025-07-09 23:10:55,830 - httpcore.http11 - DEBUG - response_closed.started
2025-07-09 23:10:55,831 - httpcore.http11 - DEBUG - response_closed.complete
2025-07-09 23:10:55,832 - telegram.ext.ExtBot - DEBUG - Message(channel_chat_created=False, chat=Chat(first_name='Ghost', id=7049055170, last_name='Number1', type=<ChatType.PRIVATE>), date=datetime.datetime(2025, 7, 9, 22, 10, 55, tzinfo=<UTC>), delete_chat_photo=False, from_user=User(first_name='SPRD', id=7707158318, is_bot=True, username='tizi91Bot'), group_chat_created=False, message_id=13434, supergroup_chat_created=False, text='Starting wallet manager...')
2025-07-09 23:10:55,834 - telegram.ext.ExtBot - DEBUG - Exiting: send_message
2025-07-09 23:10:57,973 - telegram.ext.ExtBot - DEBUG - Entering: send_message
2025-07-09 23:10:57,979 - httpcore.http11 - DEBUG - send_request_headers.started request=<Request [b'POST']>
2025-07-09 23:10:57,983 - httpcore.http11 - DEBUG - send_request_headers.complete
2025-07-09 23:10:57,987 - httpcore.http11 - DEBUG - send_request_body.started request=<Request [b'POST']>
2025-07-09 23:10:57,991 - httpcore.http11 - DEBUG - send_request_body.complete
2025-07-09 23:10:57,992 - httpcore.http11 - DEBUG - receive_response_headers.started request=<Request [b'POST']>
2025-07-09 23:10:58,122 - httpcore.http11 - DEBUG - receive_response_headers.complete return_value=(b'HTTP/1.1', 200, b'OK', [(b'Server', b'nginx/1.18.0'), (b'Date', b'Wed, 09 Jul 2025 22:10:58 GMT'), (b'Content-Type', b'application/json'), (b'Content-Length', b'323'), (b'Connection', b'keep-alive'), (b'Strict-Transport-Security', b'max-age=31536000; includeSubDomains; preload'), (b'Access-Control-Allow-Origin', b'*'), (b'Access-Control-Allow-Methods', b'GET, POST, OPTIONS'), (b'Access-Control-Expose-Headers', b'Content-Length,Content-Type,Date,Server,Connection')])
2025-07-09 23:10:58,123 - httpx - INFO - HTTP Request: POST https://api.telegram.org/bot7707158318:AAE8rWa4Q8Z_3avql6K0HAmXaooZAReoNF0/sendMessage "HTTP/1.1 200 OK"
2025-07-09 23:10:58,124 - httpcore.http11 - DEBUG - receive_response_body.started request=<Request [b'POST']>
2025-07-09 23:10:58,124 - httpcore.http11 - DEBUG - receive_response_body.complete
2025-07-09 23:10:58,124 - httpcore.http11 - DEBUG - response_closed.started
2025-07-09 23:10:58,126 - httpcore.http11 - DEBUG - response_closed.complete
2025-07-09 23:10:58,127 - telegram.ext.ExtBot - DEBUG - Message(channel_chat_created=False, chat=Chat(first_name='Ghost', id=7049055170, last_name='Number1', type=<ChatType.PRIVATE>), date=datetime.datetime(2025, 7, 9, 22, 10, 58, tzinfo=<UTC>), delete_chat_photo=False, entities=(MessageEntity(length=5, offset=8, type=<MessageEntityType.URL>),), from_user=User(first_name='SPRD', id=7707158318, is_bot=True, username='tizi91Bot'), group_chat_created=False, message_id=13435, supergroup_chat_created=False, text='SniperX V2.py started with PID 24324.')
2025-07-09 23:10:58,129 - telegram.ext.ExtBot - DEBUG - Exiting: send_message
2025-07-09 23:10:58,129 - __main__ - INFO - SniperX V2.py started with PID 24324 by user tizi91Bot
2025-07-09 23:10:58,130 - telegram.ext.ExtBot - DEBUG - Entering: edit_message_text
2025-07-09 23:10:58,136 - httpcore.http11 - DEBUG - send_request_headers.started request=<Request [b'POST']>
2025-07-09 23:10:58,141 - httpcore.http11 - DEBUG - send_request_headers.complete
2025-07-09 23:10:58,141 - httpcore.http11 - DEBUG - send_request_body.started request=<Request [b'POST']>
2025-07-09 23:10:58,143 - httpcore.http11 - DEBUG - send_request_body.complete
2025-07-09 23:10:58,143 - httpcore.http11 - DEBUG - receive_response_headers.started request=<Request [b'POST']>
2025-07-09 23:10:58,264 - httpcore.http11 - DEBUG - receive_response_headers.complete return_value=(b'HTTP/1.1', 400, b'Bad Request', [(b'Server', b'nginx/1.18.0'), (b'Date', b'Wed, 09 Jul 2025 22:10:58 GMT'), (b'Content-Type', b'application/json'), (b'Content-Length', b'204'), (b'Connection', b'keep-alive'), (b'Strict-Transport-Security', b'max-age=31536000; includeSubDomains; preload'), (b'Access-Control-Allow-Origin', b'*'), (b'Access-Control-Expose-Headers', b'Content-Length,Content-Type,Date,Server,Connection')])
2025-07-09 23:10:58,265 - httpx - INFO - HTTP Request: POST https://api.telegram.org/bot7707158318:AAE8rWa4Q8Z_3avql6K0HAmXaooZAReoNF0/editMessageText "HTTP/1.1 400 Bad Request"
2025-07-09 23:10:58,266 - httpcore.http11 - DEBUG - receive_response_body.started request=<Request [b'POST']>
2025-07-09 23:10:58,267 - httpcore.http11 - DEBUG - receive_response_body.complete
2025-07-09 23:10:58,267 - httpcore.http11 - DEBUG - response_closed.started
2025-07-09 23:10:58,268 - httpcore.http11 - DEBUG - response_closed.complete
2025-07-09 23:10:58,270 - __main__ - ERROR - Error showing menu: Message is not modified: specified new message content and reply markup are exactly the same as a current content and reply markup of the message
2025-07-09 23:10:58,270 - telegram.ext.ExtBot - DEBUG - Entering: send_message
2025-07-09 23:10:58,274 - httpcore.http11 - DEBUG - send_request_headers.started request=<Request [b'POST']>
2025-07-09 23:10:58,276 - httpcore.http11 - DEBUG - send_request_headers.complete
2025-07-09 23:10:58,276 - httpcore.http11 - DEBUG - send_request_body.started request=<Request [b'POST']>
2025-07-09 23:10:58,278 - httpcore.http11 - DEBUG - send_request_body.complete
2025-07-09 23:10:58,278 - httpcore.http11 - DEBUG - receive_response_headers.started request=<Request [b'POST']>
2025-07-09 23:10:58,490 - httpcore.http11 - DEBUG - receive_response_headers.complete return_value=(b'HTTP/1.1', 200, b'OK', [(b'Server', b'nginx/1.18.0'), (b'Date', b'Wed, 09 Jul 2025 22:10:58 GMT'), (b'Content-Type', b'application/json'), (b'Content-Length', b'570'), (b'Connection', b'keep-alive'), (b'Strict-Transport-Security', b'max-age=31536000; includeSubDomains; preload'), (b'Access-Control-Allow-Origin', b'*'), (b'Access-Control-Allow-Methods', b'GET, POST, OPTIONS'), (b'Access-Control-Expose-Headers', b'Content-Length,Content-Type,Date,Server,Connection')])
2025-07-09 23:10:58,491 - httpx - INFO - HTTP Request: POST https://api.telegram.org/bot7707158318:AAE8rWa4Q8Z_3avql6K0HAmXaooZAReoNF0/sendMessage "HTTP/1.1 200 OK"
2025-07-09 23:10:58,493 - httpcore.http11 - DEBUG - receive_response_body.started request=<Request [b'POST']>
2025-07-09 23:10:58,496 - httpcore.http11 - DEBUG - receive_response_body.complete
2025-07-09 23:10:58,497 - httpcore.http11 - DEBUG - response_closed.started
2025-07-09 23:10:58,499 - httpcore.http11 - DEBUG - response_closed.complete
2025-07-09 23:10:58,512 - telegram.ext.ExtBot - DEBUG - Message(channel_chat_created=False, chat=Chat(first_name='Ghost', id=7049055170, last_name='Number1', type=<ChatType.PRIVATE>), date=datetime.datetime(2025, 7, 9, 22, 10, 58, tzinfo=<UTC>), delete_chat_photo=False, from_user=User(first_name='SPRD', id=7707158318, is_bot=True, username='tizi91Bot'), group_chat_created=False, message_id=13436, reply_markup=InlineKeyboardMarkup(inline_keyboard=((InlineKeyboardButton(callback_data='start_sniperx', text='🚀 Start SniperX'),), (InlineKeyboardButton(callback_data='stop_sniperx', text='🛑 Stop SniperX'), InlineKeyboardButton(callback_data='status_sniperx', text='📊 Status')), (InlineKeyboardButton(callback_data='show_balance', text='💰 Balance'),))), supergroup_chat_created=False, text='SniperX Bot Control Panel:')
2025-07-09 23:10:58,514 - telegram.ext.ExtBot - DEBUG - Exiting: send_message
2025-07-09 23:11:05,681 - httpcore.http11 - DEBUG - receive_response_headers.complete return_value=(b'HTTP/1.1', 200, b'OK', [(b'Server', b'nginx/1.18.0'), (b'Date', b'Wed, 09 Jul 2025 22:11:05 GMT'), (b'Content-Type', b'application/json'), (b'Content-Length', b'23'), (b'Connection', b'keep-alive'), (b'Strict-Transport-Security', b'max-age=31536000; includeSubDomains; preload'), (b'Access-Control-Allow-Origin', b'*'), (b'Access-Control-Allow-Methods', b'GET, POST, OPTIONS'), (b'Access-Control-Expose-Headers', b'Content-Length,Content-Type,Date,Server,Connection')])
2025-07-09 23:11:05,683 - httpx - INFO - HTTP Request: POST https://api.telegram.org/bot7707158318:AAE8rWa4Q8Z_3avql6K0HAmXaooZAReoNF0/getUpdates "HTTP/1.1 200 OK"
2025-07-09 23:11:05,684 - httpcore.http11 - DEBUG - receive_response_body.started request=<Request [b'POST']>
2025-07-09 23:11:05,685 - httpcore.http11 - DEBUG - receive_response_body.complete
2025-07-09 23:11:05,685 - httpcore.http11 - DEBUG - response_closed.started
2025-07-09 23:11:05,685 - httpcore.http11 - DEBUG - response_closed.complete
2025-07-09 23:11:05,687 - telegram.ext.ExtBot - DEBUG - No new updates found.
2025-07-09 23:11:05,687 - telegram.ext.ExtBot - DEBUG - ()
2025-07-09 23:11:05,687 - telegram.ext.ExtBot - DEBUG - Exiting: get_updates
2025-07-09 23:11:05,687 - telegram.ext.ExtBot - DEBUG - Entering: get_updates
2025-07-09 23:11:05,692 - httpcore.http11 - DEBUG - send_request_headers.started request=<Request [b'POST']>
2025-07-09 23:11:05,694 - httpcore.http11 - DEBUG - send_request_headers.complete
2025-07-09 23:11:05,694 - httpcore.http11 - DEBUG - send_request_body.started request=<Request [b'POST']>
2025-07-09 23:11:05,696 - httpcore.http11 - DEBUG - send_request_body.complete
2025-07-09 23:11:05,696 - httpcore.http11 - DEBUG - receive_response_headers.started request=<Request [b'POST']>
2025-07-09 23:11:15,772 - httpcore.http11 - DEBUG - receive_response_headers.complete return_value=(b'HTTP/1.1', 200, b'OK', [(b'Server', b'nginx/1.18.0'), (b'Date', b'Wed, 09 Jul 2025 22:11:15 GMT'), (b'Content-Type', b'application/json'), (b'Content-Length', b'23'), (b'Connection', b'keep-alive'), (b'Strict-Transport-Security', b'max-age=31536000; includeSubDomains; preload'), (b'Access-Control-Allow-Origin', b'*'), (b'Access-Control-Allow-Methods', b'GET, POST, OPTIONS'), (b'Access-Control-Expose-Headers', b'Content-Length,Content-Type,Date,Server,Connection')])
2025-07-09 23:11:15,772 - httpx - INFO - HTTP Request: POST https://api.telegram.org/bot7707158318:AAE8rWa4Q8Z_3avql6K0HAmXaooZAReoNF0/getUpdates "HTTP/1.1 200 OK"
2025-07-09 23:11:15,772 - httpcore.http11 - DEBUG - receive_response_body.started request=<Request [b'POST']>
2025-07-09 23:11:15,772 - httpcore.http11 - DEBUG - receive_response_body.complete
2025-07-09 23:11:15,776 - httpcore.http11 - DEBUG - response_closed.started
2025-07-09 23:11:15,776 - httpcore.http11 - DEBUG - response_closed.complete
2025-07-09 23:11:15,776 - telegram.ext.ExtBot - DEBUG - No new updates found.
2025-07-09 23:11:15,776 - telegram.ext.ExtBot - DEBUG - ()
2025-07-09 23:11:15,776 - telegram.ext.ExtBot - DEBUG - Exiting: get_updates
2025-07-09 23:11:15,776 - telegram.ext.ExtBot - DEBUG - Entering: get_updates
2025-07-09 23:11:15,778 - httpcore.http11 - DEBUG - send_request_headers.started request=<Request [b'POST']>
2025-07-09 23:11:15,782 - httpcore.http11 - DEBUG - send_request_headers.complete
2025-07-09 23:11:15,782 - httpcore.http11 - DEBUG - send_request_body.started request=<Request [b'POST']>
2025-07-09 23:11:15,783 - httpcore.http11 - DEBUG - send_request_body.complete
2025-07-09 23:11:15,783 - httpcore.http11 - DEBUG - receive_response_headers.started request=<Request [b'POST']>
2025-07-09 23:11:26,010 - httpcore.http11 - DEBUG - receive_response_headers.complete return_value=(b'HTTP/1.1', 200, b'OK', [(b'Server', b'nginx/1.18.0'), (b'Date', b'Wed, 09 Jul 2025 22:11:25 GMT'), (b'Content-Type', b'application/json'), (b'Content-Length', b'23'), (b'Connection', b'keep-alive'), (b'Strict-Transport-Security', b'max-age=31536000; includeSubDomains; preload'), (b'Access-Control-Allow-Origin', b'*'), (b'Access-Control-Allow-Methods', b'GET, POST, OPTIONS'), (b'Access-Control-Expose-Headers', b'Content-Length,Content-Type,Date,Server,Connection')])
2025-07-09 23:11:26,013 - httpx - INFO - HTTP Request: POST https://api.telegram.org/bot7707158318:AAE8rWa4Q8Z_3avql6K0HAmXaooZAReoNF0/getUpdates "HTTP/1.1 200 OK"
2025-07-09 23:11:26,014 - httpcore.http11 - DEBUG - receive_response_body.started request=<Request [b'POST']>
2025-07-09 23:11:26,014 - httpcore.http11 - DEBUG - receive_response_body.complete
2025-07-09 23:11:26,014 - httpcore.http11 - DEBUG - response_closed.started
2025-07-09 23:11:26,016 - httpcore.http11 - DEBUG - response_closed.complete
2025-07-09 23:11:26,016 - telegram.ext.ExtBot - DEBUG - No new updates found.
2025-07-09 23:11:26,016 - telegram.ext.ExtBot - DEBUG - ()
2025-07-09 23:11:26,016 - telegram.ext.ExtBot - DEBUG - Exiting: get_updates
2025-07-09 23:11:26,016 - telegram.ext.ExtBot - DEBUG - Entering: get_updates
2025-07-09 23:11:26,018 - httpcore.http11 - DEBUG - send_request_headers.started request=<Request [b'POST']>
2025-07-09 23:11:26,020 - httpcore.http11 - DEBUG - send_request_headers.complete
2025-07-09 23:11:26,020 - httpcore.http11 - DEBUG - send_request_body.started request=<Request [b'POST']>
2025-07-09 23:11:26,021 - httpcore.http11 - DEBUG - send_request_body.complete
2025-07-09 23:11:26,021 - httpcore.http11 - DEBUG - receive_response_headers.started request=<Request [b'POST']>
2025-07-09 23:11:36,149 - httpcore.http11 - DEBUG - receive_response_headers.complete return_value=(b'HTTP/1.1', 200, b'OK', [(b'Server', b'nginx/1.18.0'), (b'Date', b'Wed, 09 Jul 2025 22:11:36 GMT'), (b'Content-Type', b'application/json'), (b'Content-Length', b'23'), (b'Connection', b'keep-alive'), (b'Strict-Transport-Security', b'max-age=31536000; includeSubDomains; preload'), (b'Access-Control-Allow-Origin', b'*'), (b'Access-Control-Allow-Methods', b'GET, POST, OPTIONS'), (b'Access-Control-Expose-Headers', b'Content-Length,Content-Type,Date,Server,Connection')])
2025-07-09 23:11:36,149 - httpx - INFO - HTTP Request: POST https://api.telegram.org/bot7707158318:AAE8rWa4Q8Z_3avql6K0HAmXaooZAReoNF0/getUpdates "HTTP/1.1 200 OK"
2025-07-09 23:11:36,151 - httpcore.http11 - DEBUG - receive_response_body.started request=<Request [b'POST']>
2025-07-09 23:11:36,151 - httpcore.http11 - DEBUG - receive_response_body.complete
2025-07-09 23:11:36,153 - httpcore.http11 - DEBUG - response_closed.started
2025-07-09 23:11:36,153 - httpcore.http11 - DEBUG - response_closed.complete
2025-07-09 23:11:36,153 - telegram.ext.ExtBot - DEBUG - No new updates found.
2025-07-09 23:11:36,153 - telegram.ext.ExtBot - DEBUG - ()
2025-07-09 23:11:36,153 - telegram.ext.ExtBot - DEBUG - Exiting: get_updates
2025-07-09 23:11:36,153 - telegram.ext.ExtBot - DEBUG - Entering: get_updates
2025-07-09 23:11:36,155 - httpcore.http11 - DEBUG - send_request_headers.started request=<Request [b'POST']>
2025-07-09 23:11:36,158 - httpcore.http11 - DEBUG - send_request_headers.complete
2025-07-09 23:11:36,158 - httpcore.http11 - DEBUG - send_request_body.started request=<Request [b'POST']>
2025-07-09 23:11:36,160 - httpcore.http11 - DEBUG - send_request_body.complete
2025-07-09 23:11:36,160 - httpcore.http11 - DEBUG - receive_response_headers.started request=<Request [b'POST']>
