2025-07-08 12:45:46,248 - asyncio - DEBUG - Using proactor: IocpProactor
2025-07-08 12:45:46,257 - httpx - DEBUG - load_ssl_context verify=True cert=None trust_env=True http2=False
2025-07-08 12:45:46,275 - httpx - DEBUG - load_verify_locations cafile='c:\\Users\\Rachid Aitali\\OneDrive - 4JM Solutions Limited\\Desktop\\SniperX-V3-Best-Version-at-now\\.venv\\lib\\site-packages\\certifi\\cacert.pem'
2025-07-08 12:45:46,302 - httpx - DEBUG - load_ssl_context verify=True cert=None trust_env=True http2=False
2025-07-08 12:45:46,303 - httpx - DEBUG - load_verify_locations cafile='c:\\Users\\Rachid Aitali\\OneDrive - 4JM Solutions Limited\\Desktop\\SniperX-V3-Best-Version-at-now\\.venv\\lib\\site-packages\\certifi\\cacert.pem'
2025-07-08 12:45:46,330 - __main__ - INFO - Telegram Manager Bot started. Send /menu to interact.
2025-07-08 12:45:46,333 - telegram.ext.ExtBot - DEBUG - Entering: send_message
2025-07-08 12:45:46,374 - httpcore.connection - DEBUG - connect_tcp.started host='api.telegram.org' port=443 local_address=None timeout=5.0 socket_options=None
2025-07-08 12:45:46,533 - httpcore.connection - DEBUG - connect_tcp.complete return_value=<httpcore._backends.anyio.AnyIOStream object at 0x0000018BD6682D40>
2025-07-08 12:45:46,534 - httpcore.connection - DEBUG - start_tls.started ssl_context=<ssl.SSLContext object at 0x0000018BD6638340> server_hostname='api.telegram.org' timeout=5.0
2025-07-08 12:45:46,650 - httpcore.connection - DEBUG - start_tls.complete return_value=<httpcore._backends.anyio.AnyIOStream object at 0x0000018BD6682C80>
2025-07-08 12:45:46,652 - httpcore.http11 - DEBUG - send_request_headers.started request=<Request [b'POST']>
2025-07-08 12:45:46,655 - httpcore.http11 - DEBUG - send_request_headers.complete
2025-07-08 12:45:46,655 - httpcore.http11 - DEBUG - send_request_body.started request=<Request [b'POST']>
2025-07-08 12:45:46,657 - httpcore.http11 - DEBUG - send_request_body.complete
2025-07-08 12:45:46,657 - httpcore.http11 - DEBUG - receive_response_headers.started request=<Request [b'POST']>
2025-07-08 12:45:46,812 - httpcore.http11 - DEBUG - receive_response_headers.complete return_value=(b'HTTP/1.1', 200, b'OK', [(b'Server', b'nginx/1.18.0'), (b'Date', b'Tue, 08 Jul 2025 11:45:48 GMT'), (b'Content-Type', b'application/json'), (b'Content-Length', b'352'), (b'Connection', b'keep-alive'), (b'Strict-Transport-Security', b'max-age=31536000; includeSubDomains; preload'), (b'Access-Control-Allow-Origin', b'*'), (b'Access-Control-Allow-Methods', b'GET, POST, OPTIONS'), (b'Access-Control-Expose-Headers', b'Content-Length,Content-Type,Date,Server,Connection')])
2025-07-08 12:45:46,816 - httpx - INFO - HTTP Request: POST https://api.telegram.org/bot7707158318:AAE8rWa4Q8Z_3avql6K0HAmXaooZAReoNF0/sendMessage "HTTP/1.1 200 OK"
2025-07-08 12:45:46,819 - httpcore.http11 - DEBUG - receive_response_body.started request=<Request [b'POST']>
2025-07-08 12:45:46,821 - httpcore.http11 - DEBUG - receive_response_body.complete
2025-07-08 12:45:46,822 - httpcore.http11 - DEBUG - response_closed.started
2025-07-08 12:45:46,823 - httpcore.http11 - DEBUG - response_closed.complete
2025-07-08 12:45:46,828 - telegram.ext.ExtBot - DEBUG - Message(channel_chat_created=False, chat=Chat(first_name='Ghost', id=7049055170, last_name='Number1', type=<ChatType.PRIVATE>), date=datetime.datetime(2025, 7, 8, 11, 45, 48, tzinfo=<UTC>), delete_chat_photo=False, entities=(MessageEntity(length=5, offset=36, type=<MessageEntityType.BOT_COMMAND>),), from_user=User(first_name='SPRD', id=7707158318, is_bot=True, username='tizi91Bot'), group_chat_created=False, message_id=13214, supergroup_chat_created=False, text='SniperX Control Bot is online! Send /menu to see options.')
2025-07-08 12:45:46,833 - telegram.ext.ExtBot - DEBUG - Exiting: send_message
2025-07-08 12:45:46,833 - telegram.ext.ExtBot - DEBUG - Entering: get_me
2025-07-08 12:45:46,837 - httpcore.http11 - DEBUG - send_request_headers.started request=<Request [b'POST']>
2025-07-08 12:45:46,838 - httpcore.http11 - DEBUG - send_request_headers.complete
2025-07-08 12:45:46,839 - httpcore.http11 - DEBUG - send_request_body.started request=<Request [b'POST']>
2025-07-08 12:45:46,839 - httpcore.http11 - DEBUG - send_request_body.complete
2025-07-08 12:45:46,840 - httpcore.http11 - DEBUG - receive_response_headers.started request=<Request [b'POST']>
2025-07-08 12:45:46,921 - httpcore.http11 - DEBUG - receive_response_headers.complete return_value=(b'HTTP/1.1', 200, b'OK', [(b'Server', b'nginx/1.18.0'), (b'Date', b'Tue, 08 Jul 2025 11:45:48 GMT'), (b'Content-Type', b'application/json'), (b'Content-Length', b'243'), (b'Connection', b'keep-alive'), (b'Strict-Transport-Security', b'max-age=31536000; includeSubDomains; preload'), (b'Access-Control-Allow-Origin', b'*'), (b'Access-Control-Allow-Methods', b'GET, POST, OPTIONS'), (b'Access-Control-Expose-Headers', b'Content-Length,Content-Type,Date,Server,Connection')])
2025-07-08 12:45:46,922 - httpx - INFO - HTTP Request: POST https://api.telegram.org/bot7707158318:AAE8rWa4Q8Z_3avql6K0HAmXaooZAReoNF0/getMe "HTTP/1.1 200 OK"
2025-07-08 12:45:46,922 - httpcore.http11 - DEBUG - receive_response_body.started request=<Request [b'POST']>
2025-07-08 12:45:46,924 - httpcore.http11 - DEBUG - receive_response_body.complete
2025-07-08 12:45:46,924 - httpcore.http11 - DEBUG - response_closed.started
2025-07-08 12:45:46,924 - httpcore.http11 - DEBUG - response_closed.complete
2025-07-08 12:45:46,926 - telegram.ext.ExtBot - DEBUG - User(api_kwargs={'can_connect_to_business': False, 'has_main_web_app': False}, can_join_groups=True, can_read_all_group_messages=False, first_name='SPRD', id=7707158318, is_bot=True, supports_inline_queries=False, username='tizi91Bot')
2025-07-08 12:45:46,927 - telegram.ext.ExtBot - DEBUG - Exiting: get_me
2025-07-08 12:45:46,927 - telegram.ext.ExtBot - DEBUG - This Bot is already initialized.
2025-07-08 12:45:46,927 - telegram.ext.Updater - DEBUG - Updater started (polling)
2025-07-08 12:45:46,927 - telegram.ext.Updater - DEBUG - Start network loop retry bootstrap del webhook
2025-07-08 12:45:46,927 - telegram.ext.Updater - DEBUG - Deleting webhook
2025-07-08 12:45:46,928 - telegram.ext.ExtBot - DEBUG - Entering: delete_webhook
2025-07-08 12:45:46,929 - httpcore.http11 - DEBUG - send_request_headers.started request=<Request [b'POST']>
2025-07-08 12:45:46,931 - httpcore.http11 - DEBUG - send_request_headers.complete
2025-07-08 12:45:46,931 - httpcore.http11 - DEBUG - send_request_body.started request=<Request [b'POST']>
2025-07-08 12:45:46,932 - httpcore.http11 - DEBUG - send_request_body.complete
2025-07-08 12:45:46,932 - httpcore.http11 - DEBUG - receive_response_headers.started request=<Request [b'POST']>
2025-07-08 12:45:47,000 - httpcore.http11 - DEBUG - receive_response_headers.complete return_value=(b'HTTP/1.1', 200, b'OK', [(b'Server', b'nginx/1.18.0'), (b'Date', b'Tue, 08 Jul 2025 11:45:48 GMT'), (b'Content-Type', b'application/json'), (b'Content-Length', b'68'), (b'Connection', b'keep-alive'), (b'Strict-Transport-Security', b'max-age=31536000; includeSubDomains; preload'), (b'Access-Control-Allow-Origin', b'*'), (b'Access-Control-Allow-Methods', b'GET, POST, OPTIONS'), (b'Access-Control-Expose-Headers', b'Content-Length,Content-Type,Date,Server,Connection')])
2025-07-08 12:45:47,001 - httpx - INFO - HTTP Request: POST https://api.telegram.org/bot7707158318:AAE8rWa4Q8Z_3avql6K0HAmXaooZAReoNF0/deleteWebhook "HTTP/1.1 200 OK"
2025-07-08 12:45:47,002 - httpcore.http11 - DEBUG - receive_response_body.started request=<Request [b'POST']>
2025-07-08 12:45:47,002 - httpcore.http11 - DEBUG - receive_response_body.complete
2025-07-08 12:45:47,002 - httpcore.http11 - DEBUG - response_closed.started
2025-07-08 12:45:47,003 - httpcore.http11 - DEBUG - response_closed.complete
2025-07-08 12:45:47,004 - telegram.ext.ExtBot - DEBUG - True
2025-07-08 12:45:47,004 - telegram.ext.ExtBot - DEBUG - Exiting: delete_webhook
2025-07-08 12:45:47,004 - telegram.ext.Updater - DEBUG - Bootstrap done
2025-07-08 12:45:47,004 - telegram.ext.Updater - DEBUG - Waiting for polling to start
2025-07-08 12:45:47,004 - telegram.ext.Updater - DEBUG - Polling updates from Telegram started
2025-07-08 12:45:47,004 - telegram.ext.Updater - DEBUG - Start network loop retry getting Updates
2025-07-08 12:45:47,004 - telegram.ext.ExtBot - DEBUG - Entering: get_updates
2025-07-08 12:45:47,007 - telegram.ext.Application - INFO - Application started
2025-07-08 12:45:47,008 - httpcore.connection - DEBUG - connect_tcp.started host='api.telegram.org' port=443 local_address=None timeout=5.0 socket_options=None
2025-07-08 12:45:47,071 - httpcore.connection - DEBUG - connect_tcp.complete return_value=<httpcore._backends.anyio.AnyIOStream object at 0x0000018BD66C7190>
2025-07-08 12:45:47,071 - httpcore.connection - DEBUG - start_tls.started ssl_context=<ssl.SSLContext object at 0x0000018BD6638240> server_hostname='api.telegram.org' timeout=5.0
2025-07-08 12:45:47,169 - httpcore.connection - DEBUG - start_tls.complete return_value=<httpcore._backends.anyio.AnyIOStream object at 0x0000018BD66C7040>
2025-07-08 12:45:47,171 - httpcore.http11 - DEBUG - send_request_headers.started request=<Request [b'POST']>
2025-07-08 12:45:47,172 - httpcore.http11 - DEBUG - send_request_headers.complete
2025-07-08 12:45:47,172 - httpcore.http11 - DEBUG - send_request_body.started request=<Request [b'POST']>
2025-07-08 12:45:47,174 - httpcore.http11 - DEBUG - send_request_body.complete
2025-07-08 12:45:47,175 - httpcore.http11 - DEBUG - receive_response_headers.started request=<Request [b'POST']>
2025-07-08 12:45:52,800 - httpcore.http11 - DEBUG - receive_response_headers.complete return_value=(b'HTTP/1.1', 200, b'OK', [(b'Server', b'nginx/1.18.0'), (b'Date', b'Tue, 08 Jul 2025 11:45:54 GMT'), (b'Content-Type', b'application/json'), (b'Content-Length', b'357'), (b'Connection', b'keep-alive'), (b'Strict-Transport-Security', b'max-age=31536000; includeSubDomains; preload'), (b'Access-Control-Allow-Origin', b'*'), (b'Access-Control-Allow-Methods', b'GET, POST, OPTIONS'), (b'Access-Control-Expose-Headers', b'Content-Length,Content-Type,Date,Server,Connection')])
2025-07-08 12:45:52,802 - httpx - INFO - HTTP Request: POST https://api.telegram.org/bot7707158318:AAE8rWa4Q8Z_3avql6K0HAmXaooZAReoNF0/getUpdates "HTTP/1.1 200 OK"
2025-07-08 12:45:52,817 - httpcore.http11 - DEBUG - receive_response_body.started request=<Request [b'POST']>
2025-07-08 12:45:52,817 - httpcore.http11 - DEBUG - receive_response_body.complete
2025-07-08 12:45:52,818 - httpcore.http11 - DEBUG - response_closed.started
2025-07-08 12:45:52,818 - httpcore.http11 - DEBUG - response_closed.complete
2025-07-08 12:45:52,820 - telegram.ext.ExtBot - DEBUG - Getting updates: [37530696]
2025-07-08 12:45:52,823 - telegram.ext.ExtBot - DEBUG - (Update(message=Message(channel_chat_created=False, chat=Chat(first_name='Ghost', id=7049055170, last_name='Number1', type=<ChatType.PRIVATE>), date=datetime.datetime(2025, 7, 8, 11, 45, 54, tzinfo=<UTC>), delete_chat_photo=False, entities=(MessageEntity(length=5, offset=0, type=<MessageEntityType.BOT_COMMAND>),), from_user=User(first_name='Ghost', id=7049055170, is_bot=False, language_code='en', last_name='Number1'), group_chat_created=False, message_id=13215, supergroup_chat_created=False, text='/menu'), update_id=37530696),)
2025-07-08 12:45:52,825 - telegram.ext.ExtBot - DEBUG - Exiting: get_updates
2025-07-08 12:45:52,825 - telegram.ext.ExtBot - DEBUG - Entering: get_updates
2025-07-08 12:45:52,828 - telegram.ext.Application - DEBUG - Processing update Update(message=Message(channel_chat_created=False, chat=Chat(first_name='Ghost', id=7049055170, last_name='Number1', type=<ChatType.PRIVATE>), date=datetime.datetime(2025, 7, 8, 11, 45, 54, tzinfo=<UTC>), delete_chat_photo=False, entities=(MessageEntity(length=5, offset=0, type=<MessageEntityType.BOT_COMMAND>),), from_user=User(first_name='Ghost', id=7049055170, is_bot=False, language_code='en', last_name='Number1'), group_chat_created=False, message_id=13215, supergroup_chat_created=False, text='/menu'), update_id=37530696)
2025-07-08 12:45:52,832 - telegram.ext.ExtBot - DEBUG - Entering: send_message
2025-07-08 12:45:52,836 - httpcore.connection - DEBUG - close.started
2025-07-08 12:45:52,840 - httpcore.connection - DEBUG - close.complete
2025-07-08 12:45:52,842 - httpcore.http11 - DEBUG - send_request_headers.started request=<Request [b'POST']>
2025-07-08 12:45:52,842 - httpcore.connection - DEBUG - connect_tcp.started host='api.telegram.org' port=443 local_address=None timeout=5.0 socket_options=None
2025-07-08 12:45:52,844 - httpcore.http11 - DEBUG - send_request_headers.complete
2025-07-08 12:45:52,844 - httpcore.http11 - DEBUG - send_request_body.started request=<Request [b'POST']>
2025-07-08 12:45:52,853 - httpcore.http11 - DEBUG - send_request_body.complete
2025-07-08 12:45:52,853 - httpcore.http11 - DEBUG - receive_response_headers.started request=<Request [b'POST']>
2025-07-08 12:45:53,013 - httpcore.connection - DEBUG - connect_tcp.complete return_value=<httpcore._backends.anyio.AnyIOStream object at 0x0000018BD66C6B00>
2025-07-08 12:45:53,014 - httpcore.connection - DEBUG - start_tls.started ssl_context=<ssl.SSLContext object at 0x0000018BD6638340> server_hostname='api.telegram.org' timeout=5.0
2025-07-08 12:45:53,094 - httpcore.connection - DEBUG - start_tls.complete return_value=<httpcore._backends.anyio.AnyIOStream object at 0x0000018BD66C78B0>
2025-07-08 12:45:53,095 - httpcore.http11 - DEBUG - send_request_headers.started request=<Request [b'POST']>
2025-07-08 12:45:53,096 - httpcore.http11 - DEBUG - send_request_headers.complete
2025-07-08 12:45:53,096 - httpcore.http11 - DEBUG - send_request_body.started request=<Request [b'POST']>
2025-07-08 12:45:53,097 - httpcore.http11 - DEBUG - send_request_body.complete
2025-07-08 12:45:53,097 - httpcore.http11 - DEBUG - receive_response_headers.started request=<Request [b'POST']>
2025-07-08 12:45:53,196 - httpcore.http11 - DEBUG - receive_response_headers.complete return_value=(b'HTTP/1.1', 200, b'OK', [(b'Server', b'nginx/1.18.0'), (b'Date', b'Tue, 08 Jul 2025 11:45:54 GMT'), (b'Content-Type', b'application/json'), (b'Content-Length', b'570'), (b'Connection', b'keep-alive'), (b'Strict-Transport-Security', b'max-age=31536000; includeSubDomains; preload'), (b'Access-Control-Allow-Origin', b'*'), (b'Access-Control-Allow-Methods', b'GET, POST, OPTIONS'), (b'Access-Control-Expose-Headers', b'Content-Length,Content-Type,Date,Server,Connection')])
2025-07-08 12:45:53,197 - httpx - INFO - HTTP Request: POST https://api.telegram.org/bot7707158318:AAE8rWa4Q8Z_3avql6K0HAmXaooZAReoNF0/sendMessage "HTTP/1.1 200 OK"
2025-07-08 12:45:53,198 - httpcore.http11 - DEBUG - receive_response_body.started request=<Request [b'POST']>
2025-07-08 12:45:53,200 - httpcore.http11 - DEBUG - receive_response_body.complete
2025-07-08 12:45:53,201 - httpcore.http11 - DEBUG - response_closed.started
2025-07-08 12:45:53,202 - httpcore.http11 - DEBUG - response_closed.complete
2025-07-08 12:45:53,206 - telegram.ext.ExtBot - DEBUG - Message(channel_chat_created=False, chat=Chat(first_name='Ghost', id=7049055170, last_name='Number1', type=<ChatType.PRIVATE>), date=datetime.datetime(2025, 7, 8, 11, 45, 54, tzinfo=<UTC>), delete_chat_photo=False, from_user=User(first_name='SPRD', id=7707158318, is_bot=True, username='tizi91Bot'), group_chat_created=False, message_id=13216, reply_markup=InlineKeyboardMarkup(inline_keyboard=((InlineKeyboardButton(callback_data='start_sniperx', text='🚀 Start SniperX'),), (InlineKeyboardButton(callback_data='stop_sniperx', text='🛑 Stop SniperX'), InlineKeyboardButton(callback_data='status_sniperx', text='📊 Status')), (InlineKeyboardButton(callback_data='show_balance', text='💰 Balance'),))), supergroup_chat_created=False, text='SniperX Bot Control Panel:')
2025-07-08 12:45:53,209 - telegram.ext.ExtBot - DEBUG - Exiting: send_message
2025-07-08 12:45:54,580 - httpcore.http11 - DEBUG - receive_response_headers.complete return_value=(b'HTTP/1.1', 200, b'OK', [(b'Server', b'nginx/1.18.0'), (b'Date', b'Tue, 08 Jul 2025 11:45:56 GMT'), (b'Content-Type', b'application/json'), (b'Content-Length', b'818'), (b'Connection', b'keep-alive'), (b'Strict-Transport-Security', b'max-age=31536000; includeSubDomains; preload'), (b'Access-Control-Allow-Origin', b'*'), (b'Access-Control-Allow-Methods', b'GET, POST, OPTIONS'), (b'Access-Control-Expose-Headers', b'Content-Length,Content-Type,Date,Server,Connection')])
2025-07-08 12:45:54,581 - httpx - INFO - HTTP Request: POST https://api.telegram.org/bot7707158318:AAE8rWa4Q8Z_3avql6K0HAmXaooZAReoNF0/getUpdates "HTTP/1.1 200 OK"
2025-07-08 12:45:54,583 - httpcore.http11 - DEBUG - receive_response_body.started request=<Request [b'POST']>
2025-07-08 12:45:54,583 - httpcore.http11 - DEBUG - receive_response_body.complete
2025-07-08 12:45:54,583 - httpcore.http11 - DEBUG - response_closed.started
2025-07-08 12:45:54,584 - httpcore.http11 - DEBUG - response_closed.complete
2025-07-08 12:45:54,584 - telegram.ext.ExtBot - DEBUG - Getting updates: [37530697]
2025-07-08 12:45:54,587 - telegram.ext.ExtBot - DEBUG - (Update(callback_query=CallbackQuery(chat_instance='-1307310250263184334', data='start_sniperx', from_user=User(first_name='Ghost', id=7049055170, is_bot=False, language_code='en', last_name='Number1'), id='2605345315542141397', message=Message(channel_chat_created=False, chat=Chat(first_name='Ghost', id=7049055170, last_name='Number1', type=<ChatType.PRIVATE>), date=datetime.datetime(2025, 7, 8, 11, 45, 54, tzinfo=<UTC>), delete_chat_photo=False, from_user=User(first_name='SPRD', id=7707158318, is_bot=True, username='tizi91Bot'), group_chat_created=False, message_id=13216, reply_markup=InlineKeyboardMarkup(inline_keyboard=((InlineKeyboardButton(callback_data='start_sniperx', text='🚀 Start SniperX'),), (InlineKeyboardButton(callback_data='stop_sniperx', text='🛑 Stop SniperX'), InlineKeyboardButton(callback_data='status_sniperx', text='📊 Status')), (InlineKeyboardButton(callback_data='show_balance', text='💰 Balance'),))), supergroup_chat_created=False, text='SniperX Bot Control Panel:')), update_id=37530697),)
2025-07-08 12:45:54,588 - telegram.ext.ExtBot - DEBUG - Exiting: get_updates
2025-07-08 12:45:54,589 - telegram.ext.ExtBot - DEBUG - Entering: get_updates
2025-07-08 12:45:54,590 - telegram.ext.Application - DEBUG - Processing update Update(callback_query=CallbackQuery(chat_instance='-1307310250263184334', data='start_sniperx', from_user=User(first_name='Ghost', id=7049055170, is_bot=False, language_code='en', last_name='Number1'), id='2605345315542141397', message=Message(channel_chat_created=False, chat=Chat(first_name='Ghost', id=7049055170, last_name='Number1', type=<ChatType.PRIVATE>), date=datetime.datetime(2025, 7, 8, 11, 45, 54, tzinfo=<UTC>), delete_chat_photo=False, from_user=User(first_name='SPRD', id=7707158318, is_bot=True, username='tizi91Bot'), group_chat_created=False, message_id=13216, reply_markup=InlineKeyboardMarkup(inline_keyboard=((InlineKeyboardButton(callback_data='start_sniperx', text='🚀 Start SniperX'),), (InlineKeyboardButton(callback_data='stop_sniperx', text='🛑 Stop SniperX'), InlineKeyboardButton(callback_data='status_sniperx', text='📊 Status')), (InlineKeyboardButton(callback_data='show_balance', text='💰 Balance'),))), supergroup_chat_created=False, text='SniperX Bot Control Panel:')), update_id=37530697)
2025-07-08 12:45:54,593 - __main__ - INFO - Button callback received: Update(callback_query=CallbackQuery(chat_instance='-1307310250263184334', data='start_sniperx', from_user=User(first_name='Ghost', id=7049055170, is_bot=False, language_code='en', last_name='Number1'), id='2605345315542141397', message=Message(channel_chat_created=False, chat=Chat(first_name='Ghost', id=7049055170, last_name='Number1', type=<ChatType.PRIVATE>), date=datetime.datetime(2025, 7, 8, 11, 45, 54, tzinfo=<UTC>), delete_chat_photo=False, from_user=User(first_name='SPRD', id=7707158318, is_bot=True, username='tizi91Bot'), group_chat_created=False, message_id=13216, reply_markup=InlineKeyboardMarkup(inline_keyboard=((InlineKeyboardButton(callback_data='start_sniperx', text='🚀 Start SniperX'),), (InlineKeyboardButton(callback_data='stop_sniperx', text='🛑 Stop SniperX'), InlineKeyboardButton(callback_data='status_sniperx', text='📊 Status')), (InlineKeyboardButton(callback_data='show_balance', text='💰 Balance'),))), supergroup_chat_created=False, text='SniperX Bot Control Panel:')), update_id=37530697)
2025-07-08 12:45:54,596 - telegram.ext.ExtBot - DEBUG - Entering: answer_callback_query
2025-07-08 12:45:54,606 - httpcore.http11 - DEBUG - send_request_headers.started request=<Request [b'POST']>
2025-07-08 12:45:54,606 - httpcore.http11 - DEBUG - send_request_headers.started request=<Request [b'POST']>
2025-07-08 12:45:54,608 - httpcore.http11 - DEBUG - send_request_headers.complete
2025-07-08 12:45:54,609 - httpcore.http11 - DEBUG - send_request_body.started request=<Request [b'POST']>
2025-07-08 12:45:54,609 - httpcore.http11 - DEBUG - send_request_headers.complete
2025-07-08 12:45:54,610 - httpcore.http11 - DEBUG - send_request_body.started request=<Request [b'POST']>
2025-07-08 12:45:54,611 - httpcore.http11 - DEBUG - send_request_body.complete
2025-07-08 12:45:54,611 - httpcore.http11 - DEBUG - receive_response_headers.started request=<Request [b'POST']>
2025-07-08 12:45:54,615 - httpcore.http11 - DEBUG - send_request_body.complete
2025-07-08 12:45:54,617 - httpcore.http11 - DEBUG - receive_response_headers.started request=<Request [b'POST']>
2025-07-08 12:45:54,773 - httpcore.http11 - DEBUG - receive_response_headers.complete return_value=(b'HTTP/1.1', 200, b'OK', [(b'Server', b'nginx/1.18.0'), (b'Date', b'Tue, 08 Jul 2025 11:45:56 GMT'), (b'Content-Type', b'application/json'), (b'Content-Length', b'25'), (b'Connection', b'keep-alive'), (b'Strict-Transport-Security', b'max-age=31536000; includeSubDomains; preload'), (b'Access-Control-Allow-Origin', b'*'), (b'Access-Control-Allow-Methods', b'GET, POST, OPTIONS'), (b'Access-Control-Expose-Headers', b'Content-Length,Content-Type,Date,Server,Connection')])
2025-07-08 12:45:54,774 - httpx - INFO - HTTP Request: POST https://api.telegram.org/bot7707158318:AAE8rWa4Q8Z_3avql6K0HAmXaooZAReoNF0/answerCallbackQuery "HTTP/1.1 200 OK"
2025-07-08 12:45:54,775 - httpcore.http11 - DEBUG - receive_response_body.started request=<Request [b'POST']>
2025-07-08 12:45:54,776 - httpcore.http11 - DEBUG - receive_response_body.complete
2025-07-08 12:45:54,776 - httpcore.http11 - DEBUG - response_closed.started
2025-07-08 12:45:54,777 - httpcore.http11 - DEBUG - response_closed.complete
2025-07-08 12:45:54,779 - telegram.ext.ExtBot - DEBUG - True
2025-07-08 12:45:54,779 - telegram.ext.ExtBot - DEBUG - Exiting: answer_callback_query
2025-07-08 12:45:54,779 - __main__ - INFO - Processing action: start_sniperx
2025-07-08 12:45:54,786 - telegram.ext.ExtBot - DEBUG - Entering: send_message
2025-07-08 12:45:54,791 - httpcore.http11 - DEBUG - send_request_headers.started request=<Request [b'POST']>
2025-07-08 12:45:54,792 - httpcore.http11 - DEBUG - send_request_headers.complete
2025-07-08 12:45:54,793 - httpcore.http11 - DEBUG - send_request_body.started request=<Request [b'POST']>
2025-07-08 12:45:54,794 - httpcore.http11 - DEBUG - send_request_body.complete
2025-07-08 12:45:54,794 - httpcore.http11 - DEBUG - receive_response_headers.started request=<Request [b'POST']>
2025-07-08 12:45:54,963 - httpcore.http11 - DEBUG - receive_response_headers.complete return_value=(b'HTTP/1.1', 200, b'OK', [(b'Server', b'nginx/1.18.0'), (b'Date', b'Tue, 08 Jul 2025 11:45:56 GMT'), (b'Content-Type', b'application/json'), (b'Content-Length', b'262'), (b'Connection', b'keep-alive'), (b'Strict-Transport-Security', b'max-age=31536000; includeSubDomains; preload'), (b'Access-Control-Allow-Origin', b'*'), (b'Access-Control-Allow-Methods', b'GET, POST, OPTIONS'), (b'Access-Control-Expose-Headers', b'Content-Length,Content-Type,Date,Server,Connection')])
2025-07-08 12:45:54,965 - httpx - INFO - HTTP Request: POST https://api.telegram.org/bot7707158318:AAE8rWa4Q8Z_3avql6K0HAmXaooZAReoNF0/sendMessage "HTTP/1.1 200 OK"
2025-07-08 12:45:54,971 - httpcore.http11 - DEBUG - receive_response_body.started request=<Request [b'POST']>
2025-07-08 12:45:54,971 - httpcore.http11 - DEBUG - receive_response_body.complete
2025-07-08 12:45:54,972 - httpcore.http11 - DEBUG - response_closed.started
2025-07-08 12:45:54,972 - httpcore.http11 - DEBUG - response_closed.complete
2025-07-08 12:45:54,974 - telegram.ext.ExtBot - DEBUG - Message(channel_chat_created=False, chat=Chat(first_name='Ghost', id=7049055170, last_name='Number1', type=<ChatType.PRIVATE>), date=datetime.datetime(2025, 7, 8, 11, 45, 56, tzinfo=<UTC>), delete_chat_photo=False, from_user=User(first_name='SPRD', id=7707158318, is_bot=True, username='tizi91Bot'), group_chat_created=False, message_id=13217, supergroup_chat_created=False, text='Starting wallet manager...')
2025-07-08 12:45:54,975 - telegram.ext.ExtBot - DEBUG - Exiting: send_message
2025-07-08 12:45:57,345 - telegram.ext.ExtBot - DEBUG - Entering: send_message
2025-07-08 12:45:57,349 - httpcore.http11 - DEBUG - send_request_headers.started request=<Request [b'POST']>
2025-07-08 12:45:57,351 - httpcore.http11 - DEBUG - send_request_headers.complete
2025-07-08 12:45:57,351 - httpcore.http11 - DEBUG - send_request_body.started request=<Request [b'POST']>
2025-07-08 12:45:57,354 - httpcore.http11 - DEBUG - send_request_body.complete
2025-07-08 12:45:57,355 - httpcore.http11 - DEBUG - receive_response_headers.started request=<Request [b'POST']>
2025-07-08 12:45:57,602 - httpcore.http11 - DEBUG - receive_response_headers.complete return_value=(b'HTTP/1.1', 200, b'OK', [(b'Server', b'nginx/1.18.0'), (b'Date', b'Tue, 08 Jul 2025 11:45:59 GMT'), (b'Content-Type', b'application/json'), (b'Content-Length', b'322'), (b'Connection', b'keep-alive'), (b'Strict-Transport-Security', b'max-age=31536000; includeSubDomains; preload'), (b'Access-Control-Allow-Origin', b'*'), (b'Access-Control-Allow-Methods', b'GET, POST, OPTIONS'), (b'Access-Control-Expose-Headers', b'Content-Length,Content-Type,Date,Server,Connection')])
2025-07-08 12:45:57,604 - httpx - INFO - HTTP Request: POST https://api.telegram.org/bot7707158318:AAE8rWa4Q8Z_3avql6K0HAmXaooZAReoNF0/sendMessage "HTTP/1.1 200 OK"
2025-07-08 12:45:57,606 - httpcore.http11 - DEBUG - receive_response_body.started request=<Request [b'POST']>
2025-07-08 12:45:57,607 - httpcore.http11 - DEBUG - receive_response_body.complete
2025-07-08 12:45:57,607 - httpcore.http11 - DEBUG - response_closed.started
2025-07-08 12:45:57,607 - httpcore.http11 - DEBUG - response_closed.complete
2025-07-08 12:45:57,610 - telegram.ext.ExtBot - DEBUG - Message(channel_chat_created=False, chat=Chat(first_name='Ghost', id=7049055170, last_name='Number1', type=<ChatType.PRIVATE>), date=datetime.datetime(2025, 7, 8, 11, 45, 59, tzinfo=<UTC>), delete_chat_photo=False, entities=(MessageEntity(length=5, offset=8, type=<MessageEntityType.URL>),), from_user=User(first_name='SPRD', id=7707158318, is_bot=True, username='tizi91Bot'), group_chat_created=False, message_id=13218, supergroup_chat_created=False, text='SniperX V2.py started with PID 5908.')
2025-07-08 12:45:57,611 - telegram.ext.ExtBot - DEBUG - Exiting: send_message
2025-07-08 12:45:57,612 - __main__ - INFO - SniperX V2.py started with PID 5908 by user tizi91Bot
2025-07-08 12:45:57,613 - telegram.ext.ExtBot - DEBUG - Entering: edit_message_text
2025-07-08 12:45:57,621 - httpcore.http11 - DEBUG - send_request_headers.started request=<Request [b'POST']>
2025-07-08 12:45:57,625 - httpcore.http11 - DEBUG - send_request_headers.complete
2025-07-08 12:45:57,625 - httpcore.http11 - DEBUG - send_request_body.started request=<Request [b'POST']>
2025-07-08 12:45:57,627 - httpcore.http11 - DEBUG - send_request_body.complete
2025-07-08 12:45:57,627 - httpcore.http11 - DEBUG - receive_response_headers.started request=<Request [b'POST']>
2025-07-08 12:45:58,120 - httpcore.http11 - DEBUG - receive_response_headers.complete return_value=(b'HTTP/1.1', 400, b'Bad Request', [(b'Server', b'nginx/1.18.0'), (b'Date', b'Tue, 08 Jul 2025 11:45:59 GMT'), (b'Content-Type', b'application/json'), (b'Content-Length', b'204'), (b'Connection', b'keep-alive'), (b'Strict-Transport-Security', b'max-age=31536000; includeSubDomains; preload'), (b'Access-Control-Allow-Origin', b'*'), (b'Access-Control-Expose-Headers', b'Content-Length,Content-Type,Date,Server,Connection')])
2025-07-08 12:45:58,121 - httpx - INFO - HTTP Request: POST https://api.telegram.org/bot7707158318:AAE8rWa4Q8Z_3avql6K0HAmXaooZAReoNF0/editMessageText "HTTP/1.1 400 Bad Request"
2025-07-08 12:45:58,122 - httpcore.http11 - DEBUG - receive_response_body.started request=<Request [b'POST']>
2025-07-08 12:45:58,123 - httpcore.http11 - DEBUG - receive_response_body.complete
2025-07-08 12:45:58,123 - httpcore.http11 - DEBUG - response_closed.started
2025-07-08 12:45:58,125 - httpcore.http11 - DEBUG - response_closed.complete
2025-07-08 12:45:58,126 - __main__ - ERROR - Error showing menu: Message is not modified: specified new message content and reply markup are exactly the same as a current content and reply markup of the message
2025-07-08 12:45:58,128 - telegram.ext.ExtBot - DEBUG - Entering: send_message
2025-07-08 12:45:58,132 - httpcore.http11 - DEBUG - send_request_headers.started request=<Request [b'POST']>
2025-07-08 12:45:58,134 - httpcore.http11 - DEBUG - send_request_headers.complete
2025-07-08 12:45:58,134 - httpcore.http11 - DEBUG - send_request_body.started request=<Request [b'POST']>
2025-07-08 12:45:58,138 - httpcore.http11 - DEBUG - send_request_body.complete
2025-07-08 12:45:58,138 - httpcore.http11 - DEBUG - receive_response_headers.started request=<Request [b'POST']>
2025-07-08 12:45:58,578 - httpcore.http11 - DEBUG - receive_response_headers.complete return_value=(b'HTTP/1.1', 200, b'OK', [(b'Server', b'nginx/1.18.0'), (b'Date', b'Tue, 08 Jul 2025 11:45:59 GMT'), (b'Content-Type', b'application/json'), (b'Content-Length', b'570'), (b'Connection', b'keep-alive'), (b'Strict-Transport-Security', b'max-age=31536000; includeSubDomains; preload'), (b'Access-Control-Allow-Origin', b'*'), (b'Access-Control-Allow-Methods', b'GET, POST, OPTIONS'), (b'Access-Control-Expose-Headers', b'Content-Length,Content-Type,Date,Server,Connection')])
2025-07-08 12:45:58,580 - httpx - INFO - HTTP Request: POST https://api.telegram.org/bot7707158318:AAE8rWa4Q8Z_3avql6K0HAmXaooZAReoNF0/sendMessage "HTTP/1.1 200 OK"
2025-07-08 12:45:58,581 - httpcore.http11 - DEBUG - receive_response_body.started request=<Request [b'POST']>
2025-07-08 12:45:58,583 - httpcore.http11 - DEBUG - receive_response_body.complete
2025-07-08 12:45:58,583 - httpcore.http11 - DEBUG - response_closed.started
2025-07-08 12:45:58,585 - httpcore.http11 - DEBUG - response_closed.complete
2025-07-08 12:45:58,588 - telegram.ext.ExtBot - DEBUG - Message(channel_chat_created=False, chat=Chat(first_name='Ghost', id=7049055170, last_name='Number1', type=<ChatType.PRIVATE>), date=datetime.datetime(2025, 7, 8, 11, 45, 59, tzinfo=<UTC>), delete_chat_photo=False, from_user=User(first_name='SPRD', id=7707158318, is_bot=True, username='tizi91Bot'), group_chat_created=False, message_id=13219, reply_markup=InlineKeyboardMarkup(inline_keyboard=((InlineKeyboardButton(callback_data='start_sniperx', text='🚀 Start SniperX'),), (InlineKeyboardButton(callback_data='stop_sniperx', text='🛑 Stop SniperX'), InlineKeyboardButton(callback_data='status_sniperx', text='📊 Status')), (InlineKeyboardButton(callback_data='show_balance', text='💰 Balance'),))), supergroup_chat_created=False, text='SniperX Bot Control Panel:')
2025-07-08 12:45:58,589 - telegram.ext.ExtBot - DEBUG - Exiting: send_message
2025-07-08 12:46:04,696 - httpcore.http11 - DEBUG - receive_response_headers.complete return_value=(b'HTTP/1.1', 200, b'OK', [(b'Server', b'nginx/1.18.0'), (b'Date', b'Tue, 08 Jul 2025 11:46:06 GMT'), (b'Content-Type', b'application/json'), (b'Content-Length', b'23'), (b'Connection', b'keep-alive'), (b'Strict-Transport-Security', b'max-age=31536000; includeSubDomains; preload'), (b'Access-Control-Allow-Origin', b'*'), (b'Access-Control-Allow-Methods', b'GET, POST, OPTIONS'), (b'Access-Control-Expose-Headers', b'Content-Length,Content-Type,Date,Server,Connection')])
2025-07-08 12:46:04,698 - httpx - INFO - HTTP Request: POST https://api.telegram.org/bot7707158318:AAE8rWa4Q8Z_3avql6K0HAmXaooZAReoNF0/getUpdates "HTTP/1.1 200 OK"
2025-07-08 12:46:04,700 - httpcore.http11 - DEBUG - receive_response_body.started request=<Request [b'POST']>
2025-07-08 12:46:04,700 - httpcore.http11 - DEBUG - receive_response_body.complete
2025-07-08 12:46:04,702 - httpcore.http11 - DEBUG - response_closed.started
2025-07-08 12:46:04,702 - httpcore.http11 - DEBUG - response_closed.complete
2025-07-08 12:46:04,704 - telegram.ext.ExtBot - DEBUG - No new updates found.
2025-07-08 12:46:04,704 - telegram.ext.ExtBot - DEBUG - ()
2025-07-08 12:46:04,704 - telegram.ext.ExtBot - DEBUG - Exiting: get_updates
2025-07-08 12:46:04,704 - telegram.ext.ExtBot - DEBUG - Entering: get_updates
2025-07-08 12:46:04,707 - httpcore.http11 - DEBUG - send_request_headers.started request=<Request [b'POST']>
2025-07-08 12:46:04,710 - httpcore.http11 - DEBUG - send_request_headers.complete
2025-07-08 12:46:04,710 - httpcore.http11 - DEBUG - send_request_body.started request=<Request [b'POST']>
2025-07-08 12:46:04,711 - httpcore.http11 - DEBUG - send_request_body.complete
2025-07-08 12:46:04,711 - httpcore.http11 - DEBUG - receive_response_headers.started request=<Request [b'POST']>
2025-07-08 12:46:15,088 - httpcore.http11 - DEBUG - receive_response_headers.complete return_value=(b'HTTP/1.1', 200, b'OK', [(b'Server', b'nginx/1.18.0'), (b'Date', b'Tue, 08 Jul 2025 11:46:16 GMT'), (b'Content-Type', b'application/json'), (b'Content-Length', b'23'), (b'Connection', b'keep-alive'), (b'Strict-Transport-Security', b'max-age=31536000; includeSubDomains; preload'), (b'Access-Control-Allow-Origin', b'*'), (b'Access-Control-Allow-Methods', b'GET, POST, OPTIONS'), (b'Access-Control-Expose-Headers', b'Content-Length,Content-Type,Date,Server,Connection')])
2025-07-08 12:46:15,090 - httpx - INFO - HTTP Request: POST https://api.telegram.org/bot7707158318:AAE8rWa4Q8Z_3avql6K0HAmXaooZAReoNF0/getUpdates "HTTP/1.1 200 OK"
2025-07-08 12:46:15,091 - httpcore.http11 - DEBUG - receive_response_body.started request=<Request [b'POST']>
2025-07-08 12:46:15,091 - httpcore.http11 - DEBUG - receive_response_body.complete
2025-07-08 12:46:15,091 - httpcore.http11 - DEBUG - response_closed.started
2025-07-08 12:46:15,093 - httpcore.http11 - DEBUG - response_closed.complete
2025-07-08 12:46:15,094 - telegram.ext.ExtBot - DEBUG - No new updates found.
2025-07-08 12:46:15,094 - telegram.ext.ExtBot - DEBUG - ()
2025-07-08 12:46:15,094 - telegram.ext.ExtBot - DEBUG - Exiting: get_updates
2025-07-08 12:46:15,094 - telegram.ext.ExtBot - DEBUG - Entering: get_updates
2025-07-08 12:46:15,098 - httpcore.http11 - DEBUG - send_request_headers.started request=<Request [b'POST']>
2025-07-08 12:46:15,098 - httpcore.http11 - DEBUG - send_request_headers.complete
2025-07-08 12:46:15,100 - httpcore.http11 - DEBUG - send_request_body.started request=<Request [b'POST']>
2025-07-08 12:46:15,100 - httpcore.http11 - DEBUG - send_request_body.complete
2025-07-08 12:46:15,100 - httpcore.http11 - DEBUG - receive_response_headers.started request=<Request [b'POST']>
2025-07-08 12:46:25,183 - httpcore.http11 - DEBUG - receive_response_headers.complete return_value=(b'HTTP/1.1', 200, b'OK', [(b'Server', b'nginx/1.18.0'), (b'Date', b'Tue, 08 Jul 2025 11:46:26 GMT'), (b'Content-Type', b'application/json'), (b'Content-Length', b'23'), (b'Connection', b'keep-alive'), (b'Strict-Transport-Security', b'max-age=31536000; includeSubDomains; preload'), (b'Access-Control-Allow-Origin', b'*'), (b'Access-Control-Allow-Methods', b'GET, POST, OPTIONS'), (b'Access-Control-Expose-Headers', b'Content-Length,Content-Type,Date,Server,Connection')])
2025-07-08 12:46:25,185 - httpx - INFO - HTTP Request: POST https://api.telegram.org/bot7707158318:AAE8rWa4Q8Z_3avql6K0HAmXaooZAReoNF0/getUpdates "HTTP/1.1 200 OK"
2025-07-08 12:46:25,186 - httpcore.http11 - DEBUG - receive_response_body.started request=<Request [b'POST']>
2025-07-08 12:46:25,188 - httpcore.http11 - DEBUG - receive_response_body.complete
2025-07-08 12:46:25,188 - httpcore.http11 - DEBUG - response_closed.started
2025-07-08 12:46:25,189 - httpcore.http11 - DEBUG - response_closed.complete
2025-07-08 12:46:25,189 - telegram.ext.ExtBot - DEBUG - No new updates found.
2025-07-08 12:46:25,191 - telegram.ext.ExtBot - DEBUG - ()
2025-07-08 12:46:25,191 - telegram.ext.ExtBot - DEBUG - Exiting: get_updates
2025-07-08 12:46:25,191 - telegram.ext.ExtBot - DEBUG - Entering: get_updates
2025-07-08 12:46:25,195 - httpcore.http11 - DEBUG - send_request_headers.started request=<Request [b'POST']>
2025-07-08 12:46:25,195 - httpcore.http11 - DEBUG - send_request_headers.complete
2025-07-08 12:46:25,197 - httpcore.http11 - DEBUG - send_request_body.started request=<Request [b'POST']>
2025-07-08 12:46:25,197 - httpcore.http11 - DEBUG - send_request_body.complete
2025-07-08 12:46:25,197 - httpcore.http11 - DEBUG - receive_response_headers.started request=<Request [b'POST']>
2025-07-08 12:46:35,302 - httpcore.http11 - DEBUG - receive_response_headers.complete return_value=(b'HTTP/1.1', 200, b'OK', [(b'Server', b'nginx/1.18.0'), (b'Date', b'Tue, 08 Jul 2025 11:46:36 GMT'), (b'Content-Type', b'application/json'), (b'Content-Length', b'23'), (b'Connection', b'keep-alive'), (b'Strict-Transport-Security', b'max-age=31536000; includeSubDomains; preload'), (b'Access-Control-Allow-Origin', b'*'), (b'Access-Control-Allow-Methods', b'GET, POST, OPTIONS'), (b'Access-Control-Expose-Headers', b'Content-Length,Content-Type,Date,Server,Connection')])
2025-07-08 12:46:35,304 - httpx - INFO - HTTP Request: POST https://api.telegram.org/bot7707158318:AAE8rWa4Q8Z_3avql6K0HAmXaooZAReoNF0/getUpdates "HTTP/1.1 200 OK"
2025-07-08 12:46:35,359 - httpcore.http11 - DEBUG - receive_response_body.started request=<Request [b'POST']>
2025-07-08 12:46:35,360 - httpcore.http11 - DEBUG - receive_response_body.complete
2025-07-08 12:46:35,360 - httpcore.http11 - DEBUG - response_closed.started
2025-07-08 12:46:35,361 - httpcore.http11 - DEBUG - response_closed.complete
2025-07-08 12:46:35,362 - telegram.ext.ExtBot - DEBUG - No new updates found.
2025-07-08 12:46:35,363 - telegram.ext.ExtBot - DEBUG - ()
2025-07-08 12:46:35,363 - telegram.ext.ExtBot - DEBUG - Exiting: get_updates
2025-07-08 12:46:35,363 - telegram.ext.ExtBot - DEBUG - Entering: get_updates
2025-07-08 12:46:35,366 - httpcore.http11 - DEBUG - send_request_headers.started request=<Request [b'POST']>
2025-07-08 12:46:35,368 - httpcore.http11 - DEBUG - send_request_headers.complete
2025-07-08 12:46:35,368 - httpcore.http11 - DEBUG - send_request_body.started request=<Request [b'POST']>
2025-07-08 12:46:35,371 - httpcore.http11 - DEBUG - send_request_body.complete
2025-07-08 12:46:35,372 - httpcore.http11 - DEBUG - receive_response_headers.started request=<Request [b'POST']>
