2025-07-10 17:27:05,282 - asyncio - DEBUG - Using proactor: IocpProactor
2025-07-10 17:27:05,285 - httpx - DEBUG - load_ssl_context verify=True cert=None trust_env=True http2=False
2025-07-10 17:27:05,286 - httpx - DEBUG - load_verify_locations cafile='c:\\Users\\Rachid Aitali\\OneDrive - 4JM Solutions Limited\\Desktop\\SniperX-V3-Best-Version-at-now\\.venv\\lib\\site-packages\\certifi\\cacert.pem'
2025-07-10 17:27:05,293 - httpx - DEBUG - load_ssl_context verify=True cert=None trust_env=True http2=False
2025-07-10 17:27:05,293 - httpx - DEBUG - load_verify_locations cafile='c:\\Users\\Rachid Aitali\\OneDrive - 4JM Solutions Limited\\Desktop\\SniperX-V3-Best-Version-at-now\\.venv\\lib\\site-packages\\certifi\\cacert.pem'
2025-07-10 17:27:05,301 - __main__ - INFO - Telegram Manager Bot started. Send /menu to interact.
2025-07-10 17:27:05,303 - telegram.ext.ExtBot - DEBUG - Entering: send_message
2025-07-10 17:27:05,306 - httpcore.connection - DEBUG - connect_tcp.started host='api.telegram.org' port=443 local_address=None timeout=5.0 socket_options=None
2025-07-10 17:27:05,464 - httpcore.connection - DEBUG - connect_tcp.complete return_value=<httpcore._backends.anyio.AnyIOStream object at 0x000001C16747F610>
2025-07-10 17:27:05,464 - httpcore.connection - DEBUG - start_tls.started ssl_context=<ssl.SSLContext object at 0x000001C1674384C0> server_hostname='api.telegram.org' timeout=5.0
2025-07-10 17:27:05,583 - httpcore.connection - DEBUG - start_tls.complete return_value=<httpcore._backends.anyio.AnyIOStream object at 0x000001C16747ECB0>
2025-07-10 17:27:05,583 - httpcore.http11 - DEBUG - send_request_headers.started request=<Request [b'POST']>
2025-07-10 17:27:05,586 - httpcore.http11 - DEBUG - send_request_headers.complete
2025-07-10 17:27:05,586 - httpcore.http11 - DEBUG - send_request_body.started request=<Request [b'POST']>
2025-07-10 17:27:05,586 - httpcore.http11 - DEBUG - send_request_body.complete
2025-07-10 17:27:05,586 - httpcore.http11 - DEBUG - receive_response_headers.started request=<Request [b'POST']>
2025-07-10 17:27:05,857 - httpcore.http11 - DEBUG - receive_response_headers.complete return_value=(b'HTTP/1.1', 200, b'OK', [(b'Server', b'nginx/1.18.0'), (b'Date', b'Thu, 10 Jul 2025 16:27:06 GMT'), (b'Content-Type', b'application/json'), (b'Content-Length', b'352'), (b'Connection', b'keep-alive'), (b'Strict-Transport-Security', b'max-age=31536000; includeSubDomains; preload'), (b'Access-Control-Allow-Origin', b'*'), (b'Access-Control-Allow-Methods', b'GET, POST, OPTIONS'), (b'Access-Control-Expose-Headers', b'Content-Length,Content-Type,Date,Server,Connection')])
2025-07-10 17:27:05,862 - httpx - INFO - HTTP Request: POST https://api.telegram.org/bot7707158318:AAE8rWa4Q8Z_3avql6K0HAmXaooZAReoNF0/sendMessage "HTTP/1.1 200 OK"
2025-07-10 17:27:05,867 - httpcore.http11 - DEBUG - receive_response_body.started request=<Request [b'POST']>
2025-07-10 17:27:05,868 - httpcore.http11 - DEBUG - receive_response_body.complete
2025-07-10 17:27:05,868 - httpcore.http11 - DEBUG - response_closed.started
2025-07-10 17:27:05,868 - httpcore.http11 - DEBUG - response_closed.complete
2025-07-10 17:27:05,872 - telegram.ext.ExtBot - DEBUG - Message(channel_chat_created=False, chat=Chat(first_name='Ghost', id=7049055170, last_name='Number1', type=<ChatType.PRIVATE>), date=datetime.datetime(2025, 7, 10, 16, 27, 6, tzinfo=<UTC>), delete_chat_photo=False, entities=(MessageEntity(length=5, offset=36, type=<MessageEntityType.BOT_COMMAND>),), from_user=User(first_name='SPRD', id=7707158318, is_bot=True, username='tizi91Bot'), group_chat_created=False, message_id=13503, supergroup_chat_created=False, text='SniperX Control Bot is online! Send /menu to see options.')
2025-07-10 17:27:05,876 - telegram.ext.ExtBot - DEBUG - Exiting: send_message
2025-07-10 17:27:05,877 - telegram.ext.ExtBot - DEBUG - Entering: get_me
2025-07-10 17:27:05,878 - httpcore.http11 - DEBUG - send_request_headers.started request=<Request [b'POST']>
2025-07-10 17:27:05,879 - httpcore.http11 - DEBUG - send_request_headers.complete
2025-07-10 17:27:05,879 - httpcore.http11 - DEBUG - send_request_body.started request=<Request [b'POST']>
2025-07-10 17:27:05,879 - httpcore.http11 - DEBUG - send_request_body.complete
2025-07-10 17:27:05,879 - httpcore.http11 - DEBUG - receive_response_headers.started request=<Request [b'POST']>
2025-07-10 17:27:05,969 - httpcore.http11 - DEBUG - receive_response_headers.complete return_value=(b'HTTP/1.1', 200, b'OK', [(b'Server', b'nginx/1.18.0'), (b'Date', b'Thu, 10 Jul 2025 16:27:06 GMT'), (b'Content-Type', b'application/json'), (b'Content-Length', b'243'), (b'Connection', b'keep-alive'), (b'Strict-Transport-Security', b'max-age=31536000; includeSubDomains; preload'), (b'Access-Control-Allow-Origin', b'*'), (b'Access-Control-Allow-Methods', b'GET, POST, OPTIONS'), (b'Access-Control-Expose-Headers', b'Content-Length,Content-Type,Date,Server,Connection')])
2025-07-10 17:27:05,974 - httpx - INFO - HTTP Request: POST https://api.telegram.org/bot7707158318:AAE8rWa4Q8Z_3avql6K0HAmXaooZAReoNF0/getMe "HTTP/1.1 200 OK"
2025-07-10 17:27:05,976 - httpcore.http11 - DEBUG - receive_response_body.started request=<Request [b'POST']>
2025-07-10 17:27:05,976 - httpcore.http11 - DEBUG - receive_response_body.complete
2025-07-10 17:27:05,977 - httpcore.http11 - DEBUG - response_closed.started
2025-07-10 17:27:05,977 - httpcore.http11 - DEBUG - response_closed.complete
2025-07-10 17:27:05,978 - telegram.ext.ExtBot - DEBUG - User(api_kwargs={'can_connect_to_business': False, 'has_main_web_app': False}, can_join_groups=True, can_read_all_group_messages=False, first_name='SPRD', id=7707158318, is_bot=True, supports_inline_queries=False, username='tizi91Bot')
2025-07-10 17:27:05,979 - telegram.ext.ExtBot - DEBUG - Exiting: get_me
2025-07-10 17:27:05,979 - telegram.ext.ExtBot - DEBUG - This Bot is already initialized.
2025-07-10 17:27:05,979 - telegram.ext.Updater - DEBUG - Updater started (polling)
2025-07-10 17:27:05,979 - telegram.ext.Updater - DEBUG - Start network loop retry bootstrap del webhook
2025-07-10 17:27:05,979 - telegram.ext.Updater - DEBUG - Deleting webhook
2025-07-10 17:27:05,979 - telegram.ext.ExtBot - DEBUG - Entering: delete_webhook
2025-07-10 17:27:05,982 - httpcore.http11 - DEBUG - send_request_headers.started request=<Request [b'POST']>
2025-07-10 17:27:05,982 - httpcore.http11 - DEBUG - send_request_headers.complete
2025-07-10 17:27:05,982 - httpcore.http11 - DEBUG - send_request_body.started request=<Request [b'POST']>
2025-07-10 17:27:05,982 - httpcore.http11 - DEBUG - send_request_body.complete
2025-07-10 17:27:05,982 - httpcore.http11 - DEBUG - receive_response_headers.started request=<Request [b'POST']>
2025-07-10 17:27:06,067 - httpcore.http11 - DEBUG - receive_response_headers.complete return_value=(b'HTTP/1.1', 200, b'OK', [(b'Server', b'nginx/1.18.0'), (b'Date', b'Thu, 10 Jul 2025 16:27:06 GMT'), (b'Content-Type', b'application/json'), (b'Content-Length', b'68'), (b'Connection', b'keep-alive'), (b'Strict-Transport-Security', b'max-age=31536000; includeSubDomains; preload'), (b'Access-Control-Allow-Origin', b'*'), (b'Access-Control-Allow-Methods', b'GET, POST, OPTIONS'), (b'Access-Control-Expose-Headers', b'Content-Length,Content-Type,Date,Server,Connection')])
2025-07-10 17:27:06,067 - httpx - INFO - HTTP Request: POST https://api.telegram.org/bot7707158318:AAE8rWa4Q8Z_3avql6K0HAmXaooZAReoNF0/deleteWebhook "HTTP/1.1 200 OK"
2025-07-10 17:27:06,068 - httpcore.http11 - DEBUG - receive_response_body.started request=<Request [b'POST']>
2025-07-10 17:27:06,068 - httpcore.http11 - DEBUG - receive_response_body.complete
2025-07-10 17:27:06,068 - httpcore.http11 - DEBUG - response_closed.started
2025-07-10 17:27:06,068 - httpcore.http11 - DEBUG - response_closed.complete
2025-07-10 17:27:06,069 - telegram.ext.ExtBot - DEBUG - True
2025-07-10 17:27:06,069 - telegram.ext.ExtBot - DEBUG - Exiting: delete_webhook
2025-07-10 17:27:06,069 - telegram.ext.Updater - DEBUG - Bootstrap done
2025-07-10 17:27:06,069 - telegram.ext.Updater - DEBUG - Waiting for polling to start
2025-07-10 17:27:06,069 - telegram.ext.Updater - DEBUG - Polling updates from Telegram started
2025-07-10 17:27:06,069 - telegram.ext.Updater - DEBUG - Start network loop retry getting Updates
2025-07-10 17:27:06,069 - telegram.ext.ExtBot - DEBUG - Entering: get_updates
2025-07-10 17:27:06,071 - telegram.ext.Application - INFO - Application started
2025-07-10 17:27:06,072 - httpcore.connection - DEBUG - connect_tcp.started host='api.telegram.org' port=443 local_address=None timeout=5.0 socket_options=None
2025-07-10 17:27:06,140 - httpcore.connection - DEBUG - connect_tcp.complete return_value=<httpcore._backends.anyio.AnyIOStream object at 0x000001C1674CB160>
2025-07-10 17:27:06,140 - httpcore.connection - DEBUG - start_tls.started ssl_context=<ssl.SSLContext object at 0x000001C1674383C0> server_hostname='api.telegram.org' timeout=5.0
2025-07-10 17:27:06,232 - httpcore.connection - DEBUG - start_tls.complete return_value=<httpcore._backends.anyio.AnyIOStream object at 0x000001C1674CB010>
2025-07-10 17:27:06,232 - httpcore.http11 - DEBUG - send_request_headers.started request=<Request [b'POST']>
2025-07-10 17:27:06,234 - httpcore.http11 - DEBUG - send_request_headers.complete
2025-07-10 17:27:06,234 - httpcore.http11 - DEBUG - send_request_body.started request=<Request [b'POST']>
2025-07-10 17:27:06,234 - httpcore.http11 - DEBUG - send_request_body.complete
2025-07-10 17:27:06,234 - httpcore.http11 - DEBUG - receive_response_headers.started request=<Request [b'POST']>
2025-07-10 17:27:09,550 - httpcore.http11 - DEBUG - receive_response_headers.complete return_value=(b'HTTP/1.1', 200, b'OK', [(b'Server', b'nginx/1.18.0'), (b'Date', b'Thu, 10 Jul 2025 16:27:10 GMT'), (b'Content-Type', b'application/json'), (b'Content-Length', b'357'), (b'Connection', b'keep-alive'), (b'Strict-Transport-Security', b'max-age=31536000; includeSubDomains; preload'), (b'Access-Control-Allow-Origin', b'*'), (b'Access-Control-Allow-Methods', b'GET, POST, OPTIONS'), (b'Access-Control-Expose-Headers', b'Content-Length,Content-Type,Date,Server,Connection')])
2025-07-10 17:27:09,551 - httpx - INFO - HTTP Request: POST https://api.telegram.org/bot7707158318:AAE8rWa4Q8Z_3avql6K0HAmXaooZAReoNF0/getUpdates "HTTP/1.1 200 OK"
2025-07-10 17:27:09,552 - httpcore.http11 - DEBUG - receive_response_body.started request=<Request [b'POST']>
2025-07-10 17:27:09,552 - httpcore.http11 - DEBUG - receive_response_body.complete
2025-07-10 17:27:09,552 - httpcore.http11 - DEBUG - response_closed.started
2025-07-10 17:27:09,552 - httpcore.http11 - DEBUG - response_closed.complete
2025-07-10 17:27:09,553 - telegram.ext.ExtBot - DEBUG - Getting updates: [37530827]
2025-07-10 17:27:09,553 - telegram.ext.ExtBot - DEBUG - (Update(message=Message(channel_chat_created=False, chat=Chat(first_name='Ghost', id=7049055170, last_name='Number1', type=<ChatType.PRIVATE>), date=datetime.datetime(2025, 7, 10, 16, 27, 10, tzinfo=<UTC>), delete_chat_photo=False, entities=(MessageEntity(length=5, offset=0, type=<MessageEntityType.BOT_COMMAND>),), from_user=User(first_name='Ghost', id=7049055170, is_bot=False, language_code='en', last_name='Number1'), group_chat_created=False, message_id=13504, supergroup_chat_created=False, text='/menu'), update_id=37530827),)
2025-07-10 17:27:09,553 - telegram.ext.ExtBot - DEBUG - Exiting: get_updates
2025-07-10 17:27:09,553 - telegram.ext.ExtBot - DEBUG - Entering: get_updates
2025-07-10 17:27:09,554 - telegram.ext.Application - DEBUG - Processing update Update(message=Message(channel_chat_created=False, chat=Chat(first_name='Ghost', id=7049055170, last_name='Number1', type=<ChatType.PRIVATE>), date=datetime.datetime(2025, 7, 10, 16, 27, 10, tzinfo=<UTC>), delete_chat_photo=False, entities=(MessageEntity(length=5, offset=0, type=<MessageEntityType.BOT_COMMAND>),), from_user=User(first_name='Ghost', id=7049055170, is_bot=False, language_code='en', last_name='Number1'), group_chat_created=False, message_id=13504, supergroup_chat_created=False, text='/menu'), update_id=37530827)
2025-07-10 17:27:09,556 - telegram.ext.ExtBot - DEBUG - Entering: send_message
2025-07-10 17:27:09,557 - httpcore.http11 - DEBUG - send_request_headers.started request=<Request [b'POST']>
2025-07-10 17:27:09,558 - httpcore.http11 - DEBUG - send_request_headers.started request=<Request [b'POST']>
2025-07-10 17:27:09,558 - httpcore.http11 - DEBUG - send_request_headers.complete
2025-07-10 17:27:09,558 - httpcore.http11 - DEBUG - send_request_body.started request=<Request [b'POST']>
2025-07-10 17:27:09,558 - httpcore.http11 - DEBUG - send_request_headers.complete
2025-07-10 17:27:09,558 - httpcore.http11 - DEBUG - send_request_body.started request=<Request [b'POST']>
2025-07-10 17:27:09,559 - httpcore.http11 - DEBUG - send_request_body.complete
2025-07-10 17:27:09,559 - httpcore.http11 - DEBUG - receive_response_headers.started request=<Request [b'POST']>
2025-07-10 17:27:09,560 - httpcore.http11 - DEBUG - send_request_body.complete
2025-07-10 17:27:09,560 - httpcore.http11 - DEBUG - receive_response_headers.started request=<Request [b'POST']>
2025-07-10 17:27:09,692 - httpcore.http11 - DEBUG - receive_response_headers.complete return_value=(b'HTTP/1.1', 200, b'OK', [(b'Server', b'nginx/1.18.0'), (b'Date', b'Thu, 10 Jul 2025 16:27:10 GMT'), (b'Content-Type', b'application/json'), (b'Content-Length', b'570'), (b'Connection', b'keep-alive'), (b'Strict-Transport-Security', b'max-age=31536000; includeSubDomains; preload'), (b'Access-Control-Allow-Origin', b'*'), (b'Access-Control-Allow-Methods', b'GET, POST, OPTIONS'), (b'Access-Control-Expose-Headers', b'Content-Length,Content-Type,Date,Server,Connection')])
2025-07-10 17:27:09,692 - httpx - INFO - HTTP Request: POST https://api.telegram.org/bot7707158318:AAE8rWa4Q8Z_3avql6K0HAmXaooZAReoNF0/sendMessage "HTTP/1.1 200 OK"
2025-07-10 17:27:09,693 - httpcore.http11 - DEBUG - receive_response_body.started request=<Request [b'POST']>
2025-07-10 17:27:09,693 - httpcore.http11 - DEBUG - receive_response_body.complete
2025-07-10 17:27:09,693 - httpcore.http11 - DEBUG - response_closed.started
2025-07-10 17:27:09,694 - httpcore.http11 - DEBUG - response_closed.complete
2025-07-10 17:27:09,694 - telegram.ext.ExtBot - DEBUG - Message(channel_chat_created=False, chat=Chat(first_name='Ghost', id=7049055170, last_name='Number1', type=<ChatType.PRIVATE>), date=datetime.datetime(2025, 7, 10, 16, 27, 10, tzinfo=<UTC>), delete_chat_photo=False, from_user=User(first_name='SPRD', id=7707158318, is_bot=True, username='tizi91Bot'), group_chat_created=False, message_id=13505, reply_markup=InlineKeyboardMarkup(inline_keyboard=((InlineKeyboardButton(callback_data='start_sniperx', text='🚀 Start SniperX'),), (InlineKeyboardButton(callback_data='stop_sniperx', text='🛑 Stop SniperX'), InlineKeyboardButton(callback_data='status_sniperx', text='📊 Status')), (InlineKeyboardButton(callback_data='show_balance', text='💰 Balance'),))), supergroup_chat_created=False, text='SniperX Bot Control Panel:')
2025-07-10 17:27:09,695 - telegram.ext.ExtBot - DEBUG - Exiting: send_message
2025-07-10 17:27:11,420 - httpcore.http11 - DEBUG - receive_response_headers.complete return_value=(b'HTTP/1.1', 200, b'OK', [(b'Server', b'nginx/1.18.0'), (b'Date', b'Thu, 10 Jul 2025 16:27:12 GMT'), (b'Content-Type', b'application/json'), (b'Content-Length', b'818'), (b'Connection', b'keep-alive'), (b'Strict-Transport-Security', b'max-age=31536000; includeSubDomains; preload'), (b'Access-Control-Allow-Origin', b'*'), (b'Access-Control-Allow-Methods', b'GET, POST, OPTIONS'), (b'Access-Control-Expose-Headers', b'Content-Length,Content-Type,Date,Server,Connection')])
2025-07-10 17:27:11,421 - httpx - INFO - HTTP Request: POST https://api.telegram.org/bot7707158318:AAE8rWa4Q8Z_3avql6K0HAmXaooZAReoNF0/getUpdates "HTTP/1.1 200 OK"
2025-07-10 17:27:11,421 - httpcore.http11 - DEBUG - receive_response_body.started request=<Request [b'POST']>
2025-07-10 17:27:11,422 - httpcore.http11 - DEBUG - receive_response_body.complete
2025-07-10 17:27:11,422 - httpcore.http11 - DEBUG - response_closed.started
2025-07-10 17:27:11,423 - httpcore.http11 - DEBUG - response_closed.complete
2025-07-10 17:27:11,423 - telegram.ext.ExtBot - DEBUG - Getting updates: [37530828]
2025-07-10 17:27:11,424 - telegram.ext.ExtBot - DEBUG - (Update(callback_query=CallbackQuery(chat_instance='-1307310250263184334', data='start_sniperx', from_user=User(first_name='Ghost', id=7049055170, is_bot=False, language_code='en', last_name='Number1'), id='2605345314901842526', message=Message(channel_chat_created=False, chat=Chat(first_name='Ghost', id=7049055170, last_name='Number1', type=<ChatType.PRIVATE>), date=datetime.datetime(2025, 7, 10, 16, 27, 10, tzinfo=<UTC>), delete_chat_photo=False, from_user=User(first_name='SPRD', id=7707158318, is_bot=True, username='tizi91Bot'), group_chat_created=False, message_id=13505, reply_markup=InlineKeyboardMarkup(inline_keyboard=((InlineKeyboardButton(callback_data='start_sniperx', text='🚀 Start SniperX'),), (InlineKeyboardButton(callback_data='stop_sniperx', text='🛑 Stop SniperX'), InlineKeyboardButton(callback_data='status_sniperx', text='📊 Status')), (InlineKeyboardButton(callback_data='show_balance', text='💰 Balance'),))), supergroup_chat_created=False, text='SniperX Bot Control Panel:')), update_id=37530828),)
2025-07-10 17:27:11,425 - telegram.ext.ExtBot - DEBUG - Exiting: get_updates
2025-07-10 17:27:11,425 - telegram.ext.ExtBot - DEBUG - Entering: get_updates
2025-07-10 17:27:11,426 - telegram.ext.Application - DEBUG - Processing update Update(callback_query=CallbackQuery(chat_instance='-1307310250263184334', data='start_sniperx', from_user=User(first_name='Ghost', id=7049055170, is_bot=False, language_code='en', last_name='Number1'), id='2605345314901842526', message=Message(channel_chat_created=False, chat=Chat(first_name='Ghost', id=7049055170, last_name='Number1', type=<ChatType.PRIVATE>), date=datetime.datetime(2025, 7, 10, 16, 27, 10, tzinfo=<UTC>), delete_chat_photo=False, from_user=User(first_name='SPRD', id=7707158318, is_bot=True, username='tizi91Bot'), group_chat_created=False, message_id=13505, reply_markup=InlineKeyboardMarkup(inline_keyboard=((InlineKeyboardButton(callback_data='start_sniperx', text='🚀 Start SniperX'),), (InlineKeyboardButton(callback_data='stop_sniperx', text='🛑 Stop SniperX'), InlineKeyboardButton(callback_data='status_sniperx', text='📊 Status')), (InlineKeyboardButton(callback_data='show_balance', text='💰 Balance'),))), supergroup_chat_created=False, text='SniperX Bot Control Panel:')), update_id=37530828)
2025-07-10 17:27:11,428 - __main__ - INFO - Button callback received: Update(callback_query=CallbackQuery(chat_instance='-1307310250263184334', data='start_sniperx', from_user=User(first_name='Ghost', id=7049055170, is_bot=False, language_code='en', last_name='Number1'), id='2605345314901842526', message=Message(channel_chat_created=False, chat=Chat(first_name='Ghost', id=7049055170, last_name='Number1', type=<ChatType.PRIVATE>), date=datetime.datetime(2025, 7, 10, 16, 27, 10, tzinfo=<UTC>), delete_chat_photo=False, from_user=User(first_name='SPRD', id=7707158318, is_bot=True, username='tizi91Bot'), group_chat_created=False, message_id=13505, reply_markup=InlineKeyboardMarkup(inline_keyboard=((InlineKeyboardButton(callback_data='start_sniperx', text='🚀 Start SniperX'),), (InlineKeyboardButton(callback_data='stop_sniperx', text='🛑 Stop SniperX'), InlineKeyboardButton(callback_data='status_sniperx', text='📊 Status')), (InlineKeyboardButton(callback_data='show_balance', text='💰 Balance'),))), supergroup_chat_created=False, text='SniperX Bot Control Panel:')), update_id=37530828)
2025-07-10 17:27:11,428 - telegram.ext.ExtBot - DEBUG - Entering: answer_callback_query
2025-07-10 17:27:11,434 - httpcore.http11 - DEBUG - send_request_headers.started request=<Request [b'POST']>
2025-07-10 17:27:11,435 - httpcore.http11 - DEBUG - send_request_headers.started request=<Request [b'POST']>
2025-07-10 17:27:11,435 - httpcore.http11 - DEBUG - send_request_headers.complete
2025-07-10 17:27:11,435 - httpcore.http11 - DEBUG - send_request_body.started request=<Request [b'POST']>
2025-07-10 17:27:11,436 - httpcore.http11 - DEBUG - send_request_headers.complete
2025-07-10 17:27:11,436 - httpcore.http11 - DEBUG - send_request_body.started request=<Request [b'POST']>
2025-07-10 17:27:11,437 - httpcore.http11 - DEBUG - send_request_body.complete
2025-07-10 17:27:11,437 - httpcore.http11 - DEBUG - receive_response_headers.started request=<Request [b'POST']>
2025-07-10 17:27:11,437 - httpcore.http11 - DEBUG - send_request_body.complete
2025-07-10 17:27:11,437 - httpcore.http11 - DEBUG - receive_response_headers.started request=<Request [b'POST']>
2025-07-10 17:27:11,544 - httpcore.http11 - DEBUG - receive_response_headers.complete return_value=(b'HTTP/1.1', 200, b'OK', [(b'Server', b'nginx/1.18.0'), (b'Date', b'Thu, 10 Jul 2025 16:27:12 GMT'), (b'Content-Type', b'application/json'), (b'Content-Length', b'25'), (b'Connection', b'keep-alive'), (b'Strict-Transport-Security', b'max-age=31536000; includeSubDomains; preload'), (b'Access-Control-Allow-Origin', b'*'), (b'Access-Control-Allow-Methods', b'GET, POST, OPTIONS'), (b'Access-Control-Expose-Headers', b'Content-Length,Content-Type,Date,Server,Connection')])
2025-07-10 17:27:11,544 - httpx - INFO - HTTP Request: POST https://api.telegram.org/bot7707158318:AAE8rWa4Q8Z_3avql6K0HAmXaooZAReoNF0/answerCallbackQuery "HTTP/1.1 200 OK"
2025-07-10 17:27:11,545 - httpcore.http11 - DEBUG - receive_response_body.started request=<Request [b'POST']>
2025-07-10 17:27:11,545 - httpcore.http11 - DEBUG - receive_response_body.complete
2025-07-10 17:27:11,545 - httpcore.http11 - DEBUG - response_closed.started
2025-07-10 17:27:11,546 - httpcore.http11 - DEBUG - response_closed.complete
2025-07-10 17:27:11,546 - telegram.ext.ExtBot - DEBUG - True
2025-07-10 17:27:11,546 - telegram.ext.ExtBot - DEBUG - Exiting: answer_callback_query
2025-07-10 17:27:11,546 - __main__ - INFO - Processing action: start_sniperx
2025-07-10 17:27:11,547 - telegram.ext.ExtBot - DEBUG - Entering: send_message
2025-07-10 17:27:11,549 - httpcore.http11 - DEBUG - send_request_headers.started request=<Request [b'POST']>
2025-07-10 17:27:11,549 - httpcore.http11 - DEBUG - send_request_headers.complete
2025-07-10 17:27:11,549 - httpcore.http11 - DEBUG - send_request_body.started request=<Request [b'POST']>
2025-07-10 17:27:11,550 - httpcore.http11 - DEBUG - send_request_body.complete
2025-07-10 17:27:11,550 - httpcore.http11 - DEBUG - receive_response_headers.started request=<Request [b'POST']>
2025-07-10 17:27:11,709 - httpcore.http11 - DEBUG - receive_response_headers.complete return_value=(b'HTTP/1.1', 200, b'OK', [(b'Server', b'nginx/1.18.0'), (b'Date', b'Thu, 10 Jul 2025 16:27:12 GMT'), (b'Content-Type', b'application/json'), (b'Content-Length', b'262'), (b'Connection', b'keep-alive'), (b'Strict-Transport-Security', b'max-age=31536000; includeSubDomains; preload'), (b'Access-Control-Allow-Origin', b'*'), (b'Access-Control-Allow-Methods', b'GET, POST, OPTIONS'), (b'Access-Control-Expose-Headers', b'Content-Length,Content-Type,Date,Server,Connection')])
2025-07-10 17:27:11,709 - httpx - INFO - HTTP Request: POST https://api.telegram.org/bot7707158318:AAE8rWa4Q8Z_3avql6K0HAmXaooZAReoNF0/sendMessage "HTTP/1.1 200 OK"
2025-07-10 17:27:11,711 - httpcore.http11 - DEBUG - receive_response_body.started request=<Request [b'POST']>
2025-07-10 17:27:11,711 - httpcore.http11 - DEBUG - receive_response_body.complete
2025-07-10 17:27:11,711 - httpcore.http11 - DEBUG - response_closed.started
2025-07-10 17:27:11,711 - httpcore.http11 - DEBUG - response_closed.complete
2025-07-10 17:27:11,712 - telegram.ext.ExtBot - DEBUG - Message(channel_chat_created=False, chat=Chat(first_name='Ghost', id=7049055170, last_name='Number1', type=<ChatType.PRIVATE>), date=datetime.datetime(2025, 7, 10, 16, 27, 12, tzinfo=<UTC>), delete_chat_photo=False, from_user=User(first_name='SPRD', id=7707158318, is_bot=True, username='tizi91Bot'), group_chat_created=False, message_id=13506, supergroup_chat_created=False, text='Starting wallet manager...')
2025-07-10 17:27:11,712 - telegram.ext.ExtBot - DEBUG - Exiting: send_message
2025-07-10 17:27:13,781 - telegram.ext.ExtBot - DEBUG - Entering: send_message
2025-07-10 17:27:13,782 - httpcore.http11 - DEBUG - send_request_headers.started request=<Request [b'POST']>
2025-07-10 17:27:13,784 - httpcore.http11 - DEBUG - send_request_headers.complete
2025-07-10 17:27:13,784 - httpcore.http11 - DEBUG - send_request_body.started request=<Request [b'POST']>
2025-07-10 17:27:13,785 - httpcore.http11 - DEBUG - send_request_body.complete
2025-07-10 17:27:13,785 - httpcore.http11 - DEBUG - receive_response_headers.started request=<Request [b'POST']>
2025-07-10 17:27:13,960 - httpcore.http11 - DEBUG - receive_response_headers.complete return_value=(b'HTTP/1.1', 200, b'OK', [(b'Server', b'nginx/1.18.0'), (b'Date', b'Thu, 10 Jul 2025 16:27:14 GMT'), (b'Content-Type', b'application/json'), (b'Content-Length', b'323'), (b'Connection', b'keep-alive'), (b'Strict-Transport-Security', b'max-age=31536000; includeSubDomains; preload'), (b'Access-Control-Allow-Origin', b'*'), (b'Access-Control-Allow-Methods', b'GET, POST, OPTIONS'), (b'Access-Control-Expose-Headers', b'Content-Length,Content-Type,Date,Server,Connection')])
2025-07-10 17:27:13,961 - httpx - INFO - HTTP Request: POST https://api.telegram.org/bot7707158318:AAE8rWa4Q8Z_3avql6K0HAmXaooZAReoNF0/sendMessage "HTTP/1.1 200 OK"
2025-07-10 17:27:13,961 - httpcore.http11 - DEBUG - receive_response_body.started request=<Request [b'POST']>
2025-07-10 17:27:13,961 - httpcore.http11 - DEBUG - receive_response_body.complete
2025-07-10 17:27:13,962 - httpcore.http11 - DEBUG - response_closed.started
2025-07-10 17:27:13,962 - httpcore.http11 - DEBUG - response_closed.complete
2025-07-10 17:27:13,962 - telegram.ext.ExtBot - DEBUG - Message(channel_chat_created=False, chat=Chat(first_name='Ghost', id=7049055170, last_name='Number1', type=<ChatType.PRIVATE>), date=datetime.datetime(2025, 7, 10, 16, 27, 14, tzinfo=<UTC>), delete_chat_photo=False, entities=(MessageEntity(length=5, offset=8, type=<MessageEntityType.URL>),), from_user=User(first_name='SPRD', id=7707158318, is_bot=True, username='tizi91Bot'), group_chat_created=False, message_id=13507, supergroup_chat_created=False, text='SniperX V2.py started with PID 22832.')
2025-07-10 17:27:13,962 - telegram.ext.ExtBot - DEBUG - Exiting: send_message
2025-07-10 17:27:13,962 - __main__ - INFO - SniperX V2.py started with PID 22832 by user tizi91Bot
2025-07-10 17:27:13,963 - telegram.ext.ExtBot - DEBUG - Entering: edit_message_text
2025-07-10 17:27:13,964 - httpcore.http11 - DEBUG - send_request_headers.started request=<Request [b'POST']>
2025-07-10 17:27:13,966 - httpcore.http11 - DEBUG - send_request_headers.complete
2025-07-10 17:27:13,966 - httpcore.http11 - DEBUG - send_request_body.started request=<Request [b'POST']>
2025-07-10 17:27:13,967 - httpcore.http11 - DEBUG - send_request_body.complete
2025-07-10 17:27:13,967 - httpcore.http11 - DEBUG - receive_response_headers.started request=<Request [b'POST']>
2025-07-10 17:27:14,080 - httpcore.http11 - DEBUG - receive_response_headers.complete return_value=(b'HTTP/1.1', 400, b'Bad Request', [(b'Server', b'nginx/1.18.0'), (b'Date', b'Thu, 10 Jul 2025 16:27:14 GMT'), (b'Content-Type', b'application/json'), (b'Content-Length', b'204'), (b'Connection', b'keep-alive'), (b'Strict-Transport-Security', b'max-age=31536000; includeSubDomains; preload'), (b'Access-Control-Allow-Origin', b'*'), (b'Access-Control-Expose-Headers', b'Content-Length,Content-Type,Date,Server,Connection')])
2025-07-10 17:27:14,082 - httpx - INFO - HTTP Request: POST https://api.telegram.org/bot7707158318:AAE8rWa4Q8Z_3avql6K0HAmXaooZAReoNF0/editMessageText "HTTP/1.1 400 Bad Request"
2025-07-10 17:27:14,082 - httpcore.http11 - DEBUG - receive_response_body.started request=<Request [b'POST']>
2025-07-10 17:27:14,082 - httpcore.http11 - DEBUG - receive_response_body.complete
2025-07-10 17:27:14,083 - httpcore.http11 - DEBUG - response_closed.started
2025-07-10 17:27:14,083 - httpcore.http11 - DEBUG - response_closed.complete
2025-07-10 17:27:14,083 - __main__ - ERROR - Error showing menu: Message is not modified: specified new message content and reply markup are exactly the same as a current content and reply markup of the message
2025-07-10 17:27:14,084 - telegram.ext.ExtBot - DEBUG - Entering: send_message
2025-07-10 17:27:14,085 - httpcore.http11 - DEBUG - send_request_headers.started request=<Request [b'POST']>
2025-07-10 17:27:14,086 - httpcore.http11 - DEBUG - send_request_headers.complete
2025-07-10 17:27:14,086 - httpcore.http11 - DEBUG - send_request_body.started request=<Request [b'POST']>
2025-07-10 17:27:14,086 - httpcore.http11 - DEBUG - send_request_body.complete
2025-07-10 17:27:14,086 - httpcore.http11 - DEBUG - receive_response_headers.started request=<Request [b'POST']>
2025-07-10 17:27:14,206 - httpcore.http11 - DEBUG - receive_response_headers.complete return_value=(b'HTTP/1.1', 200, b'OK', [(b'Server', b'nginx/1.18.0'), (b'Date', b'Thu, 10 Jul 2025 16:27:14 GMT'), (b'Content-Type', b'application/json'), (b'Content-Length', b'570'), (b'Connection', b'keep-alive'), (b'Strict-Transport-Security', b'max-age=31536000; includeSubDomains; preload'), (b'Access-Control-Allow-Origin', b'*'), (b'Access-Control-Allow-Methods', b'GET, POST, OPTIONS'), (b'Access-Control-Expose-Headers', b'Content-Length,Content-Type,Date,Server,Connection')])
2025-07-10 17:27:14,207 - httpx - INFO - HTTP Request: POST https://api.telegram.org/bot7707158318:AAE8rWa4Q8Z_3avql6K0HAmXaooZAReoNF0/sendMessage "HTTP/1.1 200 OK"
2025-07-10 17:27:14,208 - httpcore.http11 - DEBUG - receive_response_body.started request=<Request [b'POST']>
2025-07-10 17:27:14,208 - httpcore.http11 - DEBUG - receive_response_body.complete
2025-07-10 17:27:14,208 - httpcore.http11 - DEBUG - response_closed.started
2025-07-10 17:27:14,208 - httpcore.http11 - DEBUG - response_closed.complete
2025-07-10 17:27:14,210 - telegram.ext.ExtBot - DEBUG - Message(channel_chat_created=False, chat=Chat(first_name='Ghost', id=7049055170, last_name='Number1', type=<ChatType.PRIVATE>), date=datetime.datetime(2025, 7, 10, 16, 27, 14, tzinfo=<UTC>), delete_chat_photo=False, from_user=User(first_name='SPRD', id=7707158318, is_bot=True, username='tizi91Bot'), group_chat_created=False, message_id=13508, reply_markup=InlineKeyboardMarkup(inline_keyboard=((InlineKeyboardButton(callback_data='start_sniperx', text='🚀 Start SniperX'),), (InlineKeyboardButton(callback_data='stop_sniperx', text='🛑 Stop SniperX'), InlineKeyboardButton(callback_data='status_sniperx', text='📊 Status')), (InlineKeyboardButton(callback_data='show_balance', text='💰 Balance'),))), supergroup_chat_created=False, text='SniperX Bot Control Panel:')
2025-07-10 17:27:14,211 - telegram.ext.ExtBot - DEBUG - Exiting: send_message
2025-07-10 17:27:21,515 - httpcore.http11 - DEBUG - receive_response_headers.complete return_value=(b'HTTP/1.1', 200, b'OK', [(b'Server', b'nginx/1.18.0'), (b'Date', b'Thu, 10 Jul 2025 16:27:22 GMT'), (b'Content-Type', b'application/json'), (b'Content-Length', b'23'), (b'Connection', b'keep-alive'), (b'Strict-Transport-Security', b'max-age=31536000; includeSubDomains; preload'), (b'Access-Control-Allow-Origin', b'*'), (b'Access-Control-Allow-Methods', b'GET, POST, OPTIONS'), (b'Access-Control-Expose-Headers', b'Content-Length,Content-Type,Date,Server,Connection')])
2025-07-10 17:27:21,517 - httpx - INFO - HTTP Request: POST https://api.telegram.org/bot7707158318:AAE8rWa4Q8Z_3avql6K0HAmXaooZAReoNF0/getUpdates "HTTP/1.1 200 OK"
2025-07-10 17:27:21,518 - httpcore.http11 - DEBUG - receive_response_body.started request=<Request [b'POST']>
2025-07-10 17:27:21,520 - httpcore.http11 - DEBUG - receive_response_body.complete
2025-07-10 17:27:21,520 - httpcore.http11 - DEBUG - response_closed.started
2025-07-10 17:27:21,521 - httpcore.http11 - DEBUG - response_closed.complete
2025-07-10 17:27:21,521 - telegram.ext.ExtBot - DEBUG - No new updates found.
2025-07-10 17:27:21,522 - telegram.ext.ExtBot - DEBUG - ()
2025-07-10 17:27:21,522 - telegram.ext.ExtBot - DEBUG - Exiting: get_updates
2025-07-10 17:27:21,522 - telegram.ext.ExtBot - DEBUG - Entering: get_updates
2025-07-10 17:27:21,523 - httpcore.http11 - DEBUG - send_request_headers.started request=<Request [b'POST']>
2025-07-10 17:27:21,524 - httpcore.http11 - DEBUG - send_request_headers.complete
2025-07-10 17:27:21,524 - httpcore.http11 - DEBUG - send_request_body.started request=<Request [b'POST']>
2025-07-10 17:27:21,525 - httpcore.http11 - DEBUG - send_request_body.complete
2025-07-10 17:27:21,525 - httpcore.http11 - DEBUG - receive_response_headers.started request=<Request [b'POST']>
2025-07-10 17:27:31,598 - httpcore.http11 - DEBUG - receive_response_headers.complete return_value=(b'HTTP/1.1', 200, b'OK', [(b'Server', b'nginx/1.18.0'), (b'Date', b'Thu, 10 Jul 2025 16:27:32 GMT'), (b'Content-Type', b'application/json'), (b'Content-Length', b'23'), (b'Connection', b'keep-alive'), (b'Strict-Transport-Security', b'max-age=31536000; includeSubDomains; preload'), (b'Access-Control-Allow-Origin', b'*'), (b'Access-Control-Allow-Methods', b'GET, POST, OPTIONS'), (b'Access-Control-Expose-Headers', b'Content-Length,Content-Type,Date,Server,Connection')])
2025-07-10 17:27:31,598 - httpx - INFO - HTTP Request: POST https://api.telegram.org/bot7707158318:AAE8rWa4Q8Z_3avql6K0HAmXaooZAReoNF0/getUpdates "HTTP/1.1 200 OK"
2025-07-10 17:27:31,599 - httpcore.http11 - DEBUG - receive_response_body.started request=<Request [b'POST']>
2025-07-10 17:27:31,599 - httpcore.http11 - DEBUG - receive_response_body.complete
2025-07-10 17:27:31,599 - httpcore.http11 - DEBUG - response_closed.started
2025-07-10 17:27:31,599 - httpcore.http11 - DEBUG - response_closed.complete
2025-07-10 17:27:31,600 - telegram.ext.ExtBot - DEBUG - No new updates found.
2025-07-10 17:27:31,600 - telegram.ext.ExtBot - DEBUG - ()
2025-07-10 17:27:31,600 - telegram.ext.ExtBot - DEBUG - Exiting: get_updates
2025-07-10 17:27:31,600 - telegram.ext.ExtBot - DEBUG - Entering: get_updates
2025-07-10 17:27:31,601 - httpcore.http11 - DEBUG - send_request_headers.started request=<Request [b'POST']>
2025-07-10 17:27:31,601 - httpcore.http11 - DEBUG - send_request_headers.complete
2025-07-10 17:27:31,601 - httpcore.http11 - DEBUG - send_request_body.started request=<Request [b'POST']>
2025-07-10 17:27:31,603 - httpcore.http11 - DEBUG - send_request_body.complete
2025-07-10 17:27:31,603 - httpcore.http11 - DEBUG - receive_response_headers.started request=<Request [b'POST']>
